2023-07-03 16:18:10,892: [11] m.main:INFO: Registered plugins: IntrospectionAPIPlugin, <class 'manticore.ethereum.plugins.SkipRevertBasicBlocks'>, <class 'manticore.ethereum.plugins.FilterFunctions'>
2023-07-03 16:18:10,892: [11] m.main:INFO: Beginning analysis
2023-07-03 16:18:10,895: [11] m.e.manticore:INFO: Starting symbolic create contract
2023-07-03 16:18:10,927: [11] m.e.manticore:INFO: Failed to build contract /sb/YearnVaultAdapter_1.sol:705:9: Errors : Invalid solc compilation Error: Wrong argument count for function call: 0 arguments given but expected 1.
   --> sb/YearnVaultAdapter_1.sol:705:9:
    |
705 |         updateApproval();
    |         ^^^^^^^^^^^^^^^^


. Solidity failed to generate bytecode for your contract. Check if all the abstract functions are implemented. 
Process Process-1:
Traceback (most recent call last):
  File "/usr/lib/python3.7/multiprocessing/process.py", line 297, in _bootstrap
    self.run()
  File "/usr/lib/python3.7/multiprocessing/process.py", line 99, in run
    self._target(*self._args, **self._kwargs)
  File "/usr/local/lib/python3.7/dist-packages/manticore/ethereum/manticore.py", line 1766, in worker_finalize
    finalizer(q.get_nowait())
  File "/usr/local/lib/python3.7/dist-packages/manticore/ethereum/manticore.py", line 1757, in finalizer
    if only_alive_states and last_tx.result in {"REVERT", "THROW", "TXERROR"}:
AttributeError: 'NoneType' object has no attribute 'result'
2023-07-03 16:18:11,004: [11] m.c.manticore:INFO: Results in /mcore_fnltb9d6
2023-07-03 16:18:11,004: [11] m.c.manticore:WARNING: Manticore failed to run
2023-07-03 16:18:11,693: [36] m.main:INFO: Registered plugins: IntrospectionAPIPlugin, <class 'manticore.ethereum.plugins.SkipRevertBasicBlocks'>, <class 'manticore.ethereum.plugins.FilterFunctions'>
2023-07-03 16:18:11,693: [36] m.main:INFO: Beginning analysis
2023-07-03 16:18:11,696: [36] m.e.manticore:INFO: Starting symbolic create contract
2023-07-03 16:18:11,730: [36] m.e.manticore:INFO: Failed to build contract TypeError: Errors : Invalid solc compilation Error: Wrong argument count for function call: 0 arguments given but expected 1.
   --> sb/YearnVaultAdapter_1.sol:705:9:
    |
705 |         updateApproval();
    |         ^^^^^^^^^^^^^^^^


. Solidity failed to generate bytecode for your contract. Check if all the abstract functions are implemented. 
Process Process-1:
Traceback (most recent call last):
  File "/usr/lib/python3.7/multiprocessing/process.py", line 297, in _bootstrap
    self.run()
  File "/usr/lib/python3.7/multiprocessing/process.py", line 99, in run
    self._target(*self._args, **self._kwargs)
  File "/usr/local/lib/python3.7/dist-packages/manticore/ethereum/manticore.py", line 1766, in worker_finalize
    finalizer(q.get_nowait())
  File "/usr/local/lib/python3.7/dist-packages/manticore/ethereum/manticore.py", line 1757, in finalizer
    if only_alive_states and last_tx.result in {"REVERT", "THROW", "TXERROR"}:
AttributeError: 'NoneType' object has no attribute 'result'
2023-07-03 16:18:11,797: [36] m.c.manticore:INFO: Results in /mcore_pgmnr9cn
2023-07-03 16:18:11,797: [36] m.c.manticore:WARNING: Manticore failed to run
2023-07-03 16:18:12,540: [61] m.main:INFO: Registered plugins: IntrospectionAPIPlugin, <class 'manticore.ethereum.plugins.SkipRevertBasicBlocks'>, <class 'manticore.ethereum.plugins.FilterFunctions'>
2023-07-03 16:18:12,540: [61] m.main:INFO: Beginning analysis
2023-07-03 16:18:12,543: [61] m.e.manticore:INFO: Starting symbolic create contract
2023-07-03 16:18:12,582: [61] m.e.manticore:INFO: Failed to build contract Wrong Errors : Invalid solc compilation Error: Wrong argument count for function call: 0 arguments given but expected 1.
   --> sb/YearnVaultAdapter_1.sol:705:9:
    |
705 |         updateApproval();
    |         ^^^^^^^^^^^^^^^^


. Solidity failed to generate bytecode for your contract. Check if all the abstract functions are implemented. 
Process Process-1:
Traceback (most recent call last):
  File "/usr/lib/python3.7/multiprocessing/process.py", line 297, in _bootstrap
    self.run()
  File "/usr/lib/python3.7/multiprocessing/process.py", line 99, in run
    self._target(*self._args, **self._kwargs)
  File "/usr/local/lib/python3.7/dist-packages/manticore/ethereum/manticore.py", line 1766, in worker_finalize
    finalizer(q.get_nowait())
  File "/usr/local/lib/python3.7/dist-packages/manticore/ethereum/manticore.py", line 1757, in finalizer
    if only_alive_states and last_tx.result in {"REVERT", "THROW", "TXERROR"}:
AttributeError: 'NoneType' object has no attribute 'result'
2023-07-03 16:18:12,661: [61] m.c.manticore:INFO: Results in /mcore_oyp6reuj
2023-07-03 16:18:12,662: [61] m.c.manticore:WARNING: Manticore failed to run
2023-07-03 16:18:13,458: [86] m.main:INFO: Registered plugins: IntrospectionAPIPlugin, <class 'manticore.ethereum.plugins.SkipRevertBasicBlocks'>, <class 'manticore.ethereum.plugins.FilterFunctions'>
2023-07-03 16:18:13,459: [86] m.main:INFO: Beginning analysis
2023-07-03 16:18:13,461: [86] m.e.manticore:INFO: Starting symbolic create contract
2023-07-03 16:18:13,500: [86] m.e.manticore:INFO: Failed to build contract argument Errors : Invalid solc compilation Error: Wrong argument count for function call: 0 arguments given but expected 1.
   --> sb/YearnVaultAdapter_1.sol:705:9:
    |
705 |         updateApproval();
    |         ^^^^^^^^^^^^^^^^


. Solidity failed to generate bytecode for your contract. Check if all the abstract functions are implemented. 
Process Process-1:
Traceback (most recent call last):
  File "/usr/lib/python3.7/multiprocessing/process.py", line 297, in _bootstrap
    self.run()
  File "/usr/lib/python3.7/multiprocessing/process.py", line 99, in run
    self._target(*self._args, **self._kwargs)
  File "/usr/local/lib/python3.7/dist-packages/manticore/ethereum/manticore.py", line 1766, in worker_finalize
    finalizer(q.get_nowait())
  File "/usr/local/lib/python3.7/dist-packages/manticore/ethereum/manticore.py", line 1757, in finalizer
    if only_alive_states and last_tx.result in {"REVERT", "THROW", "TXERROR"}:
AttributeError: 'NoneType' object has no attribute 'result'
2023-07-03 16:18:13,571: [86] m.c.manticore:INFO: Results in /mcore_yed9irog
2023-07-03 16:18:13,572: [86] m.c.manticore:WARNING: Manticore failed to run
2023-07-03 16:18:14,382: [111] m.main:INFO: Registered plugins: IntrospectionAPIPlugin, <class 'manticore.ethereum.plugins.SkipRevertBasicBlocks'>, <class 'manticore.ethereum.plugins.FilterFunctions'>
2023-07-03 16:18:14,382: [111] m.main:INFO: Beginning analysis
2023-07-03 16:18:14,384: [111] m.e.manticore:INFO: Starting symbolic create contract
2023-07-03 16:18:14,418: [111] m.e.manticore:INFO: Failed to build contract count Errors : Invalid solc compilation Error: Wrong argument count for function call: 0 arguments given but expected 1.
   --> sb/YearnVaultAdapter_1.sol:705:9:
    |
705 |         updateApproval();
    |         ^^^^^^^^^^^^^^^^


. Solidity failed to generate bytecode for your contract. Check if all the abstract functions are implemented. 
Process Process-1:
Traceback (most recent call last):
  File "/usr/lib/python3.7/multiprocessing/process.py", line 297, in _bootstrap
    self.run()
  File "/usr/lib/python3.7/multiprocessing/process.py", line 99, in run
    self._target(*self._args, **self._kwargs)
  File "/usr/local/lib/python3.7/dist-packages/manticore/ethereum/manticore.py", line 1766, in worker_finalize
    finalizer(q.get_nowait())
  File "/usr/local/lib/python3.7/dist-packages/manticore/ethereum/manticore.py", line 1757, in finalizer
    if only_alive_states and last_tx.result in {"REVERT", "THROW", "TXERROR"}:
AttributeError: 'NoneType' object has no attribute 'result'
2023-07-03 16:18:14,489: [111] m.c.manticore:INFO: Results in /mcore_nd4b89h6
2023-07-03 16:18:14,490: [111] m.c.manticore:WARNING: Manticore failed to run
2023-07-03 16:18:15,193: [136] m.main:INFO: Registered plugins: IntrospectionAPIPlugin, <class 'manticore.ethereum.plugins.SkipRevertBasicBlocks'>, <class 'manticore.ethereum.plugins.FilterFunctions'>
2023-07-03 16:18:15,193: [136] m.main:INFO: Beginning analysis
2023-07-03 16:18:15,196: [136] m.e.manticore:INFO: Starting symbolic create contract
2023-07-03 16:18:15,230: [136] m.e.manticore:INFO: Failed to build contract for Errors : Invalid solc compilation Error: Wrong argument count for function call: 0 arguments given but expected 1.
   --> sb/YearnVaultAdapter_1.sol:705:9:
    |
705 |         updateApproval();
    |         ^^^^^^^^^^^^^^^^


. Solidity failed to generate bytecode for your contract. Check if all the abstract functions are implemented. 
Process Process-1:
Traceback (most recent call last):
  File "/usr/lib/python3.7/multiprocessing/process.py", line 297, in _bootstrap
    self.run()
  File "/usr/lib/python3.7/multiprocessing/process.py", line 99, in run
    self._target(*self._args, **self._kwargs)
  File "/usr/local/lib/python3.7/dist-packages/manticore/ethereum/manticore.py", line 1766, in worker_finalize
    finalizer(q.get_nowait())
  File "/usr/local/lib/python3.7/dist-packages/manticore/ethereum/manticore.py", line 1757, in finalizer
    if only_alive_states and last_tx.result in {"REVERT", "THROW", "TXERROR"}:
AttributeError: 'NoneType' object has no attribute 'result'
2023-07-03 16:18:15,312: [136] m.c.manticore:INFO: Results in /mcore_oq5iedfh
2023-07-03 16:18:15,313: [136] m.c.manticore:WARNING: Manticore failed to run
2023-07-03 16:18:16,058: [161] m.main:INFO: Registered plugins: IntrospectionAPIPlugin, <class 'manticore.ethereum.plugins.SkipRevertBasicBlocks'>, <class 'manticore.ethereum.plugins.FilterFunctions'>
2023-07-03 16:18:16,058: [161] m.main:INFO: Beginning analysis
2023-07-03 16:18:16,061: [161] m.e.manticore:INFO: Starting symbolic create contract
2023-07-03 16:18:16,107: [161] m.e.manticore:INFO: Failed to build contract function Errors : Invalid solc compilation Error: Wrong argument count for function call: 0 arguments given but expected 1.
   --> sb/YearnVaultAdapter_1.sol:705:9:
    |
705 |         updateApproval();
    |         ^^^^^^^^^^^^^^^^


. Solidity failed to generate bytecode for your contract. Check if all the abstract functions are implemented. 
Process Process-1:
Traceback (most recent call last):
  File "/usr/lib/python3.7/multiprocessing/process.py", line 297, in _bootstrap
    self.run()
  File "/usr/lib/python3.7/multiprocessing/process.py", line 99, in run
    self._target(*self._args, **self._kwargs)
  File "/usr/local/lib/python3.7/dist-packages/manticore/ethereum/manticore.py", line 1766, in worker_finalize
    finalizer(q.get_nowait())
  File "/usr/local/lib/python3.7/dist-packages/manticore/ethereum/manticore.py", line 1757, in finalizer
    if only_alive_states and last_tx.result in {"REVERT", "THROW", "TXERROR"}:
AttributeError: 'NoneType' object has no attribute 'result'
2023-07-03 16:18:16,191: [161] m.c.manticore:INFO: Results in /mcore_w39cdg19
2023-07-03 16:18:16,191: [161] m.c.manticore:WARNING: Manticore failed to run
2023-07-03 16:18:16,908: [186] m.main:INFO: Registered plugins: IntrospectionAPIPlugin, <class 'manticore.ethereum.plugins.SkipRevertBasicBlocks'>, <class 'manticore.ethereum.plugins.FilterFunctions'>
2023-07-03 16:18:16,908: [186] m.main:INFO: Beginning analysis
2023-07-03 16:18:16,912: [186] m.e.manticore:INFO: Starting symbolic create contract
2023-07-03 16:18:16,950: [186] m.e.manticore:INFO: Failed to build contract call: Errors : Invalid solc compilation Error: Wrong argument count for function call: 0 arguments given but expected 1.
   --> sb/YearnVaultAdapter_1.sol:705:9:
    |
705 |         updateApproval();
    |         ^^^^^^^^^^^^^^^^


. Solidity failed to generate bytecode for your contract. Check if all the abstract functions are implemented. 
Process Process-1:
Traceback (most recent call last):
  File "/usr/lib/python3.7/multiprocessing/process.py", line 297, in _bootstrap
    self.run()
  File "/usr/lib/python3.7/multiprocessing/process.py", line 99, in run
    self._target(*self._args, **self._kwargs)
  File "/usr/local/lib/python3.7/dist-packages/manticore/ethereum/manticore.py", line 1766, in worker_finalize
    finalizer(q.get_nowait())
  File "/usr/local/lib/python3.7/dist-packages/manticore/ethereum/manticore.py", line 1757, in finalizer
    if only_alive_states and last_tx.result in {"REVERT", "THROW", "TXERROR"}:
AttributeError: 'NoneType' object has no attribute 'result'
2023-07-03 16:18:17,019: [186] m.c.manticore:INFO: Results in /mcore_okpkrk96
2023-07-03 16:18:17,019: [186] m.c.manticore:WARNING: Manticore failed to run
2023-07-03 16:18:17,754: [211] m.main:INFO: Registered plugins: IntrospectionAPIPlugin, <class 'manticore.ethereum.plugins.SkipRevertBasicBlocks'>, <class 'manticore.ethereum.plugins.FilterFunctions'>
2023-07-03 16:18:17,754: [211] m.main:INFO: Beginning analysis
2023-07-03 16:18:17,756: [211] m.e.manticore:INFO: Starting symbolic create contract
2023-07-03 16:18:17,789: [211] m.e.manticore:INFO: Failed to build contract 0 Errors : Invalid solc compilation Error: Wrong argument count for function call: 0 arguments given but expected 1.
   --> sb/YearnVaultAdapter_1.sol:705:9:
    |
705 |         updateApproval();
    |         ^^^^^^^^^^^^^^^^


. Solidity failed to generate bytecode for your contract. Check if all the abstract functions are implemented. 
Process Process-1:
Traceback (most recent call last):
  File "/usr/lib/python3.7/multiprocessing/process.py", line 297, in _bootstrap
    self.run()
  File "/usr/lib/python3.7/multiprocessing/process.py", line 99, in run
    self._target(*self._args, **self._kwargs)
  File "/usr/local/lib/python3.7/dist-packages/manticore/ethereum/manticore.py", line 1766, in worker_finalize
    finalizer(q.get_nowait())
  File "/usr/local/lib/python3.7/dist-packages/manticore/ethereum/manticore.py", line 1757, in finalizer
    if only_alive_states and last_tx.result in {"REVERT", "THROW", "TXERROR"}:
AttributeError: 'NoneType' object has no attribute 'result'
2023-07-03 16:18:17,872: [211] m.c.manticore:INFO: Results in /mcore_k_h7ojyg
2023-07-03 16:18:17,872: [211] m.c.manticore:WARNING: Manticore failed to run
2023-07-03 16:18:18,517: [236] m.main:INFO: Registered plugins: IntrospectionAPIPlugin, <class 'manticore.ethereum.plugins.SkipRevertBasicBlocks'>, <class 'manticore.ethereum.plugins.FilterFunctions'>
2023-07-03 16:18:18,517: [236] m.main:INFO: Beginning analysis
2023-07-03 16:18:18,521: [236] m.e.manticore:INFO: Starting symbolic create contract
2023-07-03 16:18:18,568: [236] m.e.manticore:INFO: Failed to build contract arguments Errors : Invalid solc compilation Error: Wrong argument count for function call: 0 arguments given but expected 1.
   --> sb/YearnVaultAdapter_1.sol:705:9:
    |
705 |         updateApproval();
    |         ^^^^^^^^^^^^^^^^


. Solidity failed to generate bytecode for your contract. Check if all the abstract functions are implemented. 
Process Process-1:
Traceback (most recent call last):
  File "/usr/lib/python3.7/multiprocessing/process.py", line 297, in _bootstrap
    self.run()
  File "/usr/lib/python3.7/multiprocessing/process.py", line 99, in run
    self._target(*self._args, **self._kwargs)
  File "/usr/local/lib/python3.7/dist-packages/manticore/ethereum/manticore.py", line 1766, in worker_finalize
    finalizer(q.get_nowait())
  File "/usr/local/lib/python3.7/dist-packages/manticore/ethereum/manticore.py", line 1757, in finalizer
    if only_alive_states and last_tx.result in {"REVERT", "THROW", "TXERROR"}:
AttributeError: 'NoneType' object has no attribute 'result'
2023-07-03 16:18:18,657: [236] m.c.manticore:INFO: Results in /mcore_69y9ou_p
2023-07-03 16:18:18,657: [236] m.c.manticore:WARNING: Manticore failed to run
2023-07-03 16:18:19,338: [261] m.main:INFO: Registered plugins: IntrospectionAPIPlugin, <class 'manticore.ethereum.plugins.SkipRevertBasicBlocks'>, <class 'manticore.ethereum.plugins.FilterFunctions'>
2023-07-03 16:18:19,339: [261] m.main:INFO: Beginning analysis
2023-07-03 16:18:19,343: [261] m.e.manticore:INFO: Starting symbolic create contract
2023-07-03 16:18:19,390: [261] m.e.manticore:INFO: Failed to build contract given Errors : Invalid solc compilation Error: Wrong argument count for function call: 0 arguments given but expected 1.
   --> sb/YearnVaultAdapter_1.sol:705:9:
    |
705 |         updateApproval();
    |         ^^^^^^^^^^^^^^^^


. Solidity failed to generate bytecode for your contract. Check if all the abstract functions are implemented. 
Process Process-1:
Traceback (most recent call last):
  File "/usr/lib/python3.7/multiprocessing/process.py", line 297, in _bootstrap
    self.run()
  File "/usr/lib/python3.7/multiprocessing/process.py", line 99, in run
    self._target(*self._args, **self._kwargs)
  File "/usr/local/lib/python3.7/dist-packages/manticore/ethereum/manticore.py", line 1766, in worker_finalize
    finalizer(q.get_nowait())
  File "/usr/local/lib/python3.7/dist-packages/manticore/ethereum/manticore.py", line 1757, in finalizer
    if only_alive_states and last_tx.result in {"REVERT", "THROW", "TXERROR"}:
AttributeError: 'NoneType' object has no attribute 'result'
2023-07-03 16:18:19,474: [261] m.c.manticore:INFO: Results in /mcore_j2tlm0gn
2023-07-03 16:18:19,474: [261] m.c.manticore:WARNING: Manticore failed to run
2023-07-03 16:18:20,156: [286] m.main:INFO: Registered plugins: IntrospectionAPIPlugin, <class 'manticore.ethereum.plugins.SkipRevertBasicBlocks'>, <class 'manticore.ethereum.plugins.FilterFunctions'>
2023-07-03 16:18:20,156: [286] m.main:INFO: Beginning analysis
2023-07-03 16:18:20,158: [286] m.e.manticore:INFO: Starting symbolic create contract
2023-07-03 16:18:20,194: [286] m.e.manticore:INFO: Failed to build contract but Errors : Invalid solc compilation Error: Wrong argument count for function call: 0 arguments given but expected 1.
   --> sb/YearnVaultAdapter_1.sol:705:9:
    |
705 |         updateApproval();
    |         ^^^^^^^^^^^^^^^^


. Solidity failed to generate bytecode for your contract. Check if all the abstract functions are implemented. 
Process Process-1:
Traceback (most recent call last):
  File "/usr/lib/python3.7/multiprocessing/process.py", line 297, in _bootstrap
    self.run()
  File "/usr/lib/python3.7/multiprocessing/process.py", line 99, in run
    self._target(*self._args, **self._kwargs)
  File "/usr/local/lib/python3.7/dist-packages/manticore/ethereum/manticore.py", line 1766, in worker_finalize
    finalizer(q.get_nowait())
  File "/usr/local/lib/python3.7/dist-packages/manticore/ethereum/manticore.py", line 1757, in finalizer
    if only_alive_states and last_tx.result in {"REVERT", "THROW", "TXERROR"}:
AttributeError: 'NoneType' object has no attribute 'result'
2023-07-03 16:18:20,283: [286] m.c.manticore:INFO: Results in /mcore_u9q7tius
2023-07-03 16:18:20,284: [286] m.c.manticore:WARNING: Manticore failed to run
2023-07-03 16:18:20,993: [311] m.main:INFO: Registered plugins: IntrospectionAPIPlugin, <class 'manticore.ethereum.plugins.SkipRevertBasicBlocks'>, <class 'manticore.ethereum.plugins.FilterFunctions'>
2023-07-03 16:18:20,993: [311] m.main:INFO: Beginning analysis
2023-07-03 16:18:20,996: [311] m.e.manticore:INFO: Starting symbolic create contract
2023-07-03 16:18:21,038: [311] m.e.manticore:INFO: Failed to build contract expected Errors : Invalid solc compilation Error: Wrong argument count for function call: 0 arguments given but expected 1.
   --> sb/YearnVaultAdapter_1.sol:705:9:
    |
705 |         updateApproval();
    |         ^^^^^^^^^^^^^^^^


. Solidity failed to generate bytecode for your contract. Check if all the abstract functions are implemented. 
Process Process-1:
Traceback (most recent call last):
  File "/usr/lib/python3.7/multiprocessing/process.py", line 297, in _bootstrap
    self.run()
  File "/usr/lib/python3.7/multiprocessing/process.py", line 99, in run
    self._target(*self._args, **self._kwargs)
  File "/usr/local/lib/python3.7/dist-packages/manticore/ethereum/manticore.py", line 1766, in worker_finalize
    finalizer(q.get_nowait())
  File "/usr/local/lib/python3.7/dist-packages/manticore/ethereum/manticore.py", line 1757, in finalizer
    if only_alive_states and last_tx.result in {"REVERT", "THROW", "TXERROR"}:
AttributeError: 'NoneType' object has no attribute 'result'
2023-07-03 16:18:21,123: [311] m.c.manticore:INFO: Results in /mcore_2clp0g6p
2023-07-03 16:18:21,124: [311] m.c.manticore:WARNING: Manticore failed to run
2023-07-03 16:18:21,832: [336] m.main:INFO: Registered plugins: IntrospectionAPIPlugin, <class 'manticore.ethereum.plugins.SkipRevertBasicBlocks'>, <class 'manticore.ethereum.plugins.FilterFunctions'>
2023-07-03 16:18:21,832: [336] m.main:INFO: Beginning analysis
2023-07-03 16:18:21,835: [336] m.e.manticore:INFO: Starting symbolic create contract
2023-07-03 16:18:21,865: [336] m.e.manticore:INFO: Failed to build contract 1. Errors : Invalid solc compilation Error: Wrong argument count for function call: 0 arguments given but expected 1.
   --> sb/YearnVaultAdapter_1.sol:705:9:
    |
705 |         updateApproval();
    |         ^^^^^^^^^^^^^^^^


. Solidity failed to generate bytecode for your contract. Check if all the abstract functions are implemented. 
Process Process-1:
Traceback (most recent call last):
  File "/usr/lib/python3.7/multiprocessing/process.py", line 297, in _bootstrap
    self.run()
  File "/usr/lib/python3.7/multiprocessing/process.py", line 99, in run
    self._target(*self._args, **self._kwargs)
  File "/usr/local/lib/python3.7/dist-packages/manticore/ethereum/manticore.py", line 1766, in worker_finalize
    finalizer(q.get_nowait())
  File "/usr/local/lib/python3.7/dist-packages/manticore/ethereum/manticore.py", line 1757, in finalizer
    if only_alive_states and last_tx.result in {"REVERT", "THROW", "TXERROR"}:
AttributeError: 'NoneType' object has no attribute 'result'
2023-07-03 16:18:21,935: [336] m.c.manticore:INFO: Results in /mcore_7ctry97_
2023-07-03 16:18:21,936: [336] m.c.manticore:WARNING: Manticore failed to run
2023-07-03 16:18:22,625: [361] m.main:INFO: Registered plugins: IntrospectionAPIPlugin, <class 'manticore.ethereum.plugins.SkipRevertBasicBlocks'>, <class 'manticore.ethereum.plugins.FilterFunctions'>
2023-07-03 16:18:22,626: [361] m.main:INFO: Beginning analysis
2023-07-03 16:18:22,628: [361] m.e.manticore:INFO: Starting symbolic create contract
2023-07-03 16:18:22,669: [361] m.e.manticore:INFO: Failed to build contract updateApproval(); Errors : Invalid solc compilation Error: Wrong argument count for function call: 0 arguments given but expected 1.
   --> sb/YearnVaultAdapter_1.sol:705:9:
    |
705 |         updateApproval();
    |         ^^^^^^^^^^^^^^^^


. Solidity failed to generate bytecode for your contract. Check if all the abstract functions are implemented. 
Process Process-1:
Traceback (most recent call last):
  File "/usr/lib/python3.7/multiprocessing/process.py", line 297, in _bootstrap
    self.run()
  File "/usr/lib/python3.7/multiprocessing/process.py", line 99, in run
    self._target(*self._args, **self._kwargs)
  File "/usr/local/lib/python3.7/dist-packages/manticore/ethereum/manticore.py", line 1766, in worker_finalize
    finalizer(q.get_nowait())
  File "/usr/local/lib/python3.7/dist-packages/manticore/ethereum/manticore.py", line 1757, in finalizer
    if only_alive_states and last_tx.result in {"REVERT", "THROW", "TXERROR"}:
AttributeError: 'NoneType' object has no attribute 'result'
2023-07-03 16:18:22,756: [361] m.c.manticore:INFO: Results in /mcore_6568bpj5
2023-07-03 16:18:22,757: [361] m.c.manticore:WARNING: Manticore failed to run
2023-07-03 16:18:23,423: [386] m.main:INFO: Registered plugins: IntrospectionAPIPlugin, <class 'manticore.ethereum.plugins.SkipRevertBasicBlocks'>, <class 'manticore.ethereum.plugins.FilterFunctions'>
2023-07-03 16:18:23,423: [386] m.main:INFO: Beginning analysis
2023-07-03 16:18:23,425: [386] m.e.manticore:INFO: Starting symbolic create contract
2023-07-03 16:18:23,469: [386] m.e.manticore:INFO: Failed to build contract ^--------------^ Errors : Invalid solc compilation Error: Wrong argument count for function call: 0 arguments given but expected 1.
   --> sb/YearnVaultAdapter_1.sol:705:9:
    |
705 |         updateApproval();
    |         ^^^^^^^^^^^^^^^^


. Solidity failed to generate bytecode for your contract. Check if all the abstract functions are implemented. 
Process Process-1:
Traceback (most recent call last):
  File "/usr/lib/python3.7/multiprocessing/process.py", line 297, in _bootstrap
    self.run()
  File "/usr/lib/python3.7/multiprocessing/process.py", line 99, in run
    self._target(*self._args, **self._kwargs)
  File "/usr/local/lib/python3.7/dist-packages/manticore/ethereum/manticore.py", line 1766, in worker_finalize
    finalizer(q.get_nowait())
  File "/usr/local/lib/python3.7/dist-packages/manticore/ethereum/manticore.py", line 1757, in finalizer
    if only_alive_states and last_tx.result in {"REVERT", "THROW", "TXERROR"}:
AttributeError: 'NoneType' object has no attribute 'result'
2023-07-03 16:18:23,581: [386] m.c.manticore:INFO: Results in /mcore_i62ulwxn
2023-07-03 16:18:23,582: [386] m.c.manticore:WARNING: Manticore failed to run
