2023-07-03 16:32:04,475: [11] m.main:INFO: Registered plugins: IntrospectionAPIPlugin, <class 'manticore.ethereum.plugins.SkipRevertBasicBlocks'>, <class 'manticore.ethereum.plugins.FilterFunctions'>
2023-07-03 16:32:04,475: [11] m.main:INFO: Beginning analysis
2023-07-03 16:32:04,479: [11] m.e.manticore:INFO: Starting symbolic create contract
2023-07-03 16:32:04,507: [11] m.e.manticore:INFO: Failed to build contract /sb/PrimitiveEngine_3.sol:287:22: Errors : Invalid solc compilation sb/PrimitiveEngine_3.sol:287:22: Error: Expected ';' but got '('
    error LockedError();
                     ^

. Solidity failed to generate bytecode for your contract. Check if all the abstract functions are implemented. 
Process Process-1:
Traceback (most recent call last):
  File "/usr/lib/python3.7/multiprocessing/process.py", line 297, in _bootstrap
    self.run()
  File "/usr/lib/python3.7/multiprocessing/process.py", line 99, in run
    self._target(*self._args, **self._kwargs)
  File "/usr/local/lib/python3.7/dist-packages/manticore/ethereum/manticore.py", line 1766, in worker_finalize
    finalizer(q.get_nowait())
  File "/usr/local/lib/python3.7/dist-packages/manticore/ethereum/manticore.py", line 1757, in finalizer
    if only_alive_states and last_tx.result in {"REVERT", "THROW", "TXERROR"}:
AttributeError: 'NoneType' object has no attribute 'result'
2023-07-03 16:32:04,589: [11] m.c.manticore:INFO: Results in /mcore_5xyj35p8
2023-07-03 16:32:04,589: [11] m.c.manticore:WARNING: Manticore failed to run
2023-07-03 16:32:05,320: [36] m.main:INFO: Registered plugins: IntrospectionAPIPlugin, <class 'manticore.ethereum.plugins.SkipRevertBasicBlocks'>, <class 'manticore.ethereum.plugins.FilterFunctions'>
2023-07-03 16:32:05,321: [36] m.main:INFO: Beginning analysis
2023-07-03 16:32:05,323: [36] m.e.manticore:INFO: Starting symbolic create contract
2023-07-03 16:32:05,358: [36] m.e.manticore:INFO: Failed to build contract ParserError: Errors : Invalid solc compilation sb/PrimitiveEngine_3.sol:287:22: Error: Expected ';' but got '('
    error LockedError();
                     ^

. Solidity failed to generate bytecode for your contract. Check if all the abstract functions are implemented. 
Process Process-2:
Traceback (most recent call last):
  File "/usr/lib/python3.7/multiprocessing/process.py", line 297, in _bootstrap
    self.run()
  File "/usr/lib/python3.7/multiprocessing/process.py", line 99, in run
    self._target(*self._args, **self._kwargs)
  File "/usr/local/lib/python3.7/dist-packages/manticore/ethereum/manticore.py", line 1766, in worker_finalize
    finalizer(q.get_nowait())
  File "/usr/local/lib/python3.7/dist-packages/manticore/ethereum/manticore.py", line 1757, in finalizer
    if only_alive_states and last_tx.result in {"REVERT", "THROW", "TXERROR"}:
AttributeError: 'NoneType' object has no attribute 'result'
2023-07-03 16:32:05,425: [36] m.c.manticore:INFO: Results in /mcore_z3mp7fgh
2023-07-03 16:32:05,425: [36] m.c.manticore:WARNING: Manticore failed to run
2023-07-03 16:32:06,072: [61] m.main:INFO: Registered plugins: IntrospectionAPIPlugin, <class 'manticore.ethereum.plugins.SkipRevertBasicBlocks'>, <class 'manticore.ethereum.plugins.FilterFunctions'>
2023-07-03 16:32:06,072: [61] m.main:INFO: Beginning analysis
2023-07-03 16:32:06,075: [61] m.e.manticore:INFO: Starting symbolic create contract
2023-07-03 16:32:06,099: [61] m.e.manticore:INFO: Failed to build contract Expected Errors : Invalid solc compilation sb/PrimitiveEngine_3.sol:287:22: Error: Expected ';' but got '('
    error LockedError();
                     ^

. Solidity failed to generate bytecode for your contract. Check if all the abstract functions are implemented. 
Process Process-1:
Traceback (most recent call last):
  File "/usr/lib/python3.7/multiprocessing/process.py", line 297, in _bootstrap
    self.run()
  File "/usr/lib/python3.7/multiprocessing/process.py", line 99, in run
    self._target(*self._args, **self._kwargs)
  File "/usr/local/lib/python3.7/dist-packages/manticore/ethereum/manticore.py", line 1766, in worker_finalize
    finalizer(q.get_nowait())
  File "/usr/local/lib/python3.7/dist-packages/manticore/ethereum/manticore.py", line 1757, in finalizer
    if only_alive_states and last_tx.result in {"REVERT", "THROW", "TXERROR"}:
AttributeError: 'NoneType' object has no attribute 'result'
2023-07-03 16:32:06,182: [61] m.c.manticore:INFO: Results in /mcore_e1ii4k1b
2023-07-03 16:32:06,182: [61] m.c.manticore:WARNING: Manticore failed to run
2023-07-03 16:32:06,790: [86] m.main:INFO: Registered plugins: IntrospectionAPIPlugin, <class 'manticore.ethereum.plugins.SkipRevertBasicBlocks'>, <class 'manticore.ethereum.plugins.FilterFunctions'>
2023-07-03 16:32:06,790: [86] m.main:INFO: Beginning analysis
2023-07-03 16:32:06,793: [86] m.e.manticore:INFO: Starting symbolic create contract
2023-07-03 16:32:06,833: [86] m.e.manticore:INFO: Failed to build contract ';' Errors : Invalid solc compilation sb/PrimitiveEngine_3.sol:287:22: Error: Expected ';' but got '('
    error LockedError();
                     ^

. Solidity failed to generate bytecode for your contract. Check if all the abstract functions are implemented. 
Process Process-1:
Traceback (most recent call last):
  File "/usr/lib/python3.7/multiprocessing/process.py", line 297, in _bootstrap
    self.run()
  File "/usr/lib/python3.7/multiprocessing/process.py", line 99, in run
    self._target(*self._args, **self._kwargs)
  File "/usr/local/lib/python3.7/dist-packages/manticore/ethereum/manticore.py", line 1766, in worker_finalize
    finalizer(q.get_nowait())
  File "/usr/local/lib/python3.7/dist-packages/manticore/ethereum/manticore.py", line 1757, in finalizer
    if only_alive_states and last_tx.result in {"REVERT", "THROW", "TXERROR"}:
AttributeError: 'NoneType' object has no attribute 'result'
2023-07-03 16:32:06,912: [86] m.c.manticore:INFO: Results in /mcore_g8j0fx8h
2023-07-03 16:32:06,912: [86] m.c.manticore:WARNING: Manticore failed to run
2023-07-03 16:32:07,512: [111] m.main:INFO: Registered plugins: IntrospectionAPIPlugin, <class 'manticore.ethereum.plugins.SkipRevertBasicBlocks'>, <class 'manticore.ethereum.plugins.FilterFunctions'>
2023-07-03 16:32:07,513: [111] m.main:INFO: Beginning analysis
2023-07-03 16:32:07,518: [111] m.e.manticore:INFO: Starting symbolic create contract
2023-07-03 16:32:07,565: [111] m.e.manticore:INFO: Failed to build contract but Errors : Invalid solc compilation sb/PrimitiveEngine_3.sol:287:22: Error: Expected ';' but got '('
    error LockedError();
                     ^

. Solidity failed to generate bytecode for your contract. Check if all the abstract functions are implemented. 
Process Process-1:
Traceback (most recent call last):
  File "/usr/lib/python3.7/multiprocessing/process.py", line 297, in _bootstrap
    self.run()
  File "/usr/lib/python3.7/multiprocessing/process.py", line 99, in run
    self._target(*self._args, **self._kwargs)
  File "/usr/local/lib/python3.7/dist-packages/manticore/ethereum/manticore.py", line 1766, in worker_finalize
    finalizer(q.get_nowait())
  File "/usr/local/lib/python3.7/dist-packages/manticore/ethereum/manticore.py", line 1757, in finalizer
    if only_alive_states and last_tx.result in {"REVERT", "THROW", "TXERROR"}:
AttributeError: 'NoneType' object has no attribute 'result'
2023-07-03 16:32:07,646: [111] m.c.manticore:INFO: Results in /mcore_678n0cra
2023-07-03 16:32:07,646: [111] m.c.manticore:WARNING: Manticore failed to run
2023-07-03 16:32:08,355: [136] m.main:INFO: Registered plugins: IntrospectionAPIPlugin, <class 'manticore.ethereum.plugins.SkipRevertBasicBlocks'>, <class 'manticore.ethereum.plugins.FilterFunctions'>
2023-07-03 16:32:08,356: [136] m.main:INFO: Beginning analysis
2023-07-03 16:32:08,358: [136] m.e.manticore:INFO: Starting symbolic create contract
2023-07-03 16:32:08,384: [136] m.e.manticore:INFO: Failed to build contract got Errors : Invalid solc compilation sb/PrimitiveEngine_3.sol:287:22: Error: Expected ';' but got '('
    error LockedError();
                     ^

. Solidity failed to generate bytecode for your contract. Check if all the abstract functions are implemented. 
Process Process-1:
Traceback (most recent call last):
  File "/usr/lib/python3.7/multiprocessing/process.py", line 297, in _bootstrap
    self.run()
  File "/usr/lib/python3.7/multiprocessing/process.py", line 99, in run
    self._target(*self._args, **self._kwargs)
  File "/usr/local/lib/python3.7/dist-packages/manticore/ethereum/manticore.py", line 1766, in worker_finalize
    finalizer(q.get_nowait())
  File "/usr/local/lib/python3.7/dist-packages/manticore/ethereum/manticore.py", line 1757, in finalizer
    if only_alive_states and last_tx.result in {"REVERT", "THROW", "TXERROR"}:
AttributeError: 'NoneType' object has no attribute 'result'
2023-07-03 16:32:08,449: [136] m.c.manticore:INFO: Results in /mcore_x1sbgyr4
2023-07-03 16:32:08,449: [136] m.c.manticore:WARNING: Manticore failed to run
2023-07-03 16:32:09,154: [161] m.main:INFO: Registered plugins: IntrospectionAPIPlugin, <class 'manticore.ethereum.plugins.SkipRevertBasicBlocks'>, <class 'manticore.ethereum.plugins.FilterFunctions'>
2023-07-03 16:32:09,154: [161] m.main:INFO: Beginning analysis
2023-07-03 16:32:09,157: [161] m.e.manticore:INFO: Starting symbolic create contract
2023-07-03 16:32:09,177: [161] m.e.manticore:INFO: Failed to build contract '(' Errors : Invalid solc compilation sb/PrimitiveEngine_3.sol:287:22: Error: Expected ';' but got '('
    error LockedError();
                     ^

. Solidity failed to generate bytecode for your contract. Check if all the abstract functions are implemented. 
Process Process-1:
Traceback (most recent call last):
  File "/usr/lib/python3.7/multiprocessing/process.py", line 297, in _bootstrap
    self.run()
  File "/usr/lib/python3.7/multiprocessing/process.py", line 99, in run
    self._target(*self._args, **self._kwargs)
  File "/usr/local/lib/python3.7/dist-packages/manticore/ethereum/manticore.py", line 1766, in worker_finalize
    finalizer(q.get_nowait())
  File "/usr/local/lib/python3.7/dist-packages/manticore/ethereum/manticore.py", line 1757, in finalizer
    if only_alive_states and last_tx.result in {"REVERT", "THROW", "TXERROR"}:
AttributeError: 'NoneType' object has no attribute 'result'
2023-07-03 16:32:09,242: [161] m.c.manticore:INFO: Results in /mcore_a820a316
2023-07-03 16:32:09,243: [161] m.c.manticore:WARNING: Manticore failed to run
2023-07-03 16:32:09,967: [186] m.main:INFO: Registered plugins: IntrospectionAPIPlugin, <class 'manticore.ethereum.plugins.SkipRevertBasicBlocks'>, <class 'manticore.ethereum.plugins.FilterFunctions'>
2023-07-03 16:32:09,967: [186] m.main:INFO: Beginning analysis
2023-07-03 16:32:09,971: [186] m.e.manticore:INFO: Starting symbolic create contract
2023-07-03 16:32:09,993: [186] m.e.manticore:INFO: Failed to build contract error Errors : Invalid solc compilation sb/PrimitiveEngine_3.sol:287:22: Error: Expected ';' but got '('
    error LockedError();
                     ^

. Solidity failed to generate bytecode for your contract. Check if all the abstract functions are implemented. 
Process Process-1:
Traceback (most recent call last):
  File "/usr/lib/python3.7/multiprocessing/process.py", line 297, in _bootstrap
    self.run()
  File "/usr/lib/python3.7/multiprocessing/process.py", line 99, in run
    self._target(*self._args, **self._kwargs)
  File "/usr/local/lib/python3.7/dist-packages/manticore/ethereum/manticore.py", line 1766, in worker_finalize
    finalizer(q.get_nowait())
  File "/usr/local/lib/python3.7/dist-packages/manticore/ethereum/manticore.py", line 1757, in finalizer
    if only_alive_states and last_tx.result in {"REVERT", "THROW", "TXERROR"}:
AttributeError: 'NoneType' object has no attribute 'result'
2023-07-03 16:32:10,065: [186] m.c.manticore:INFO: Results in /mcore_kw4dppb_
2023-07-03 16:32:10,065: [186] m.c.manticore:WARNING: Manticore failed to run
2023-07-03 16:32:10,832: [211] m.main:INFO: Registered plugins: IntrospectionAPIPlugin, <class 'manticore.ethereum.plugins.SkipRevertBasicBlocks'>, <class 'manticore.ethereum.plugins.FilterFunctions'>
2023-07-03 16:32:10,832: [211] m.main:INFO: Beginning analysis
2023-07-03 16:32:10,836: [211] m.e.manticore:INFO: Starting symbolic create contract
2023-07-03 16:32:10,869: [211] m.e.manticore:INFO: Failed to build contract LockedError(); Errors : Invalid solc compilation sb/PrimitiveEngine_3.sol:287:22: Error: Expected ';' but got '('
    error LockedError();
                     ^

. Solidity failed to generate bytecode for your contract. Check if all the abstract functions are implemented. 
Process Process-1:
Traceback (most recent call last):
  File "/usr/lib/python3.7/multiprocessing/process.py", line 297, in _bootstrap
    self.run()
  File "/usr/lib/python3.7/multiprocessing/process.py", line 99, in run
    self._target(*self._args, **self._kwargs)
  File "/usr/local/lib/python3.7/dist-packages/manticore/ethereum/manticore.py", line 1766, in worker_finalize
    finalizer(q.get_nowait())
  File "/usr/local/lib/python3.7/dist-packages/manticore/ethereum/manticore.py", line 1757, in finalizer
    if only_alive_states and last_tx.result in {"REVERT", "THROW", "TXERROR"}:
AttributeError: 'NoneType' object has no attribute 'result'
2023-07-03 16:32:10,961: [211] m.c.manticore:INFO: Results in /mcore_3ldbu5et
2023-07-03 16:32:10,961: [211] m.c.manticore:WARNING: Manticore failed to run
2023-07-03 16:32:11,690: [236] m.main:INFO: Registered plugins: IntrospectionAPIPlugin, <class 'manticore.ethereum.plugins.SkipRevertBasicBlocks'>, <class 'manticore.ethereum.plugins.FilterFunctions'>
2023-07-03 16:32:11,691: [236] m.main:INFO: Beginning analysis
2023-07-03 16:32:11,693: [236] m.e.manticore:INFO: Starting symbolic create contract
2023-07-03 16:32:11,733: [236] m.e.manticore:INFO: Failed to build contract ^ Errors : Invalid solc compilation sb/PrimitiveEngine_3.sol:287:22: Error: Expected ';' but got '('
    error LockedError();
                     ^

. Solidity failed to generate bytecode for your contract. Check if all the abstract functions are implemented. 
Process Process-2:
Traceback (most recent call last):
  File "/usr/lib/python3.7/multiprocessing/process.py", line 297, in _bootstrap
    self.run()
  File "/usr/lib/python3.7/multiprocessing/process.py", line 99, in run
    self._target(*self._args, **self._kwargs)
  File "/usr/local/lib/python3.7/dist-packages/manticore/ethereum/manticore.py", line 1766, in worker_finalize
    finalizer(q.get_nowait())
  File "/usr/local/lib/python3.7/dist-packages/manticore/ethereum/manticore.py", line 1757, in finalizer
    if only_alive_states and last_tx.result in {"REVERT", "THROW", "TXERROR"}:
AttributeError: 'NoneType' object has no attribute 'result'
2023-07-03 16:32:11,808: [236] m.c.manticore:INFO: Results in /mcore_xt_ekjbr
2023-07-03 16:32:11,808: [236] m.c.manticore:WARNING: Manticore failed to run
