2023-07-03 16:05:59,704: [11] m.main:INFO: Registered plugins: IntrospectionAPIPlugin, <class 'manticore.ethereum.plugins.SkipRevertBasicBlocks'>, <class 'manticore.ethereum.plugins.FilterFunctions'>
2023-07-03 16:05:59,704: [11] m.main:INFO: Beginning analysis
2023-07-03 16:05:59,708: [11] m.e.manticore:INFO: Starting symbolic create contract
2023-07-03 16:05:59,732: [11] m.e.manticore:INFO: Failed to build contract ParserError: Errors : Invalid solc compilation Error: Expected identifier but got '}'
    --> sb/xMPH_5.sol:2269:1:
     |
2269 | } from "@openzeppelin/contracts-upgradeable/token/ERC20/ERC20Upgradeable.sol";
     | ^


. Solidity failed to generate bytecode for your contract. Check if all the abstract functions are implemented. 
Process Process-1:
Traceback (most recent call last):
  File "/usr/lib/python3.7/multiprocessing/process.py", line 297, in _bootstrap
    self.run()
  File "/usr/lib/python3.7/multiprocessing/process.py", line 99, in run
    self._target(*self._args, **self._kwargs)
  File "/usr/local/lib/python3.7/dist-packages/manticore/ethereum/manticore.py", line 1766, in worker_finalize
    finalizer(q.get_nowait())
  File "/usr/local/lib/python3.7/dist-packages/manticore/ethereum/manticore.py", line 1757, in finalizer
    if only_alive_states and last_tx.result in {"REVERT", "THROW", "TXERROR"}:
AttributeError: 'NoneType' object has no attribute 'result'
2023-07-03 16:05:59,807: [11] m.c.manticore:INFO: Results in /mcore_pprjp4_t
2023-07-03 16:05:59,807: [11] m.c.manticore:WARNING: Manticore failed to run
2023-07-03 16:06:00,464: [36] m.main:INFO: Registered plugins: IntrospectionAPIPlugin, <class 'manticore.ethereum.plugins.SkipRevertBasicBlocks'>, <class 'manticore.ethereum.plugins.FilterFunctions'>
2023-07-03 16:06:00,465: [36] m.main:INFO: Beginning analysis
2023-07-03 16:06:00,470: [36] m.e.manticore:INFO: Starting symbolic create contract
2023-07-03 16:06:00,492: [36] m.e.manticore:INFO: Failed to build contract Expected Errors : Invalid solc compilation Error: Expected identifier but got '}'
    --> sb/xMPH_5.sol:2269:1:
     |
2269 | } from "@openzeppelin/contracts-upgradeable/token/ERC20/ERC20Upgradeable.sol";
     | ^


. Solidity failed to generate bytecode for your contract. Check if all the abstract functions are implemented. 
Process Process-1:
Traceback (most recent call last):
  File "/usr/lib/python3.7/multiprocessing/process.py", line 297, in _bootstrap
    self.run()
  File "/usr/lib/python3.7/multiprocessing/process.py", line 99, in run
    self._target(*self._args, **self._kwargs)
  File "/usr/local/lib/python3.7/dist-packages/manticore/ethereum/manticore.py", line 1766, in worker_finalize
    finalizer(q.get_nowait())
  File "/usr/local/lib/python3.7/dist-packages/manticore/ethereum/manticore.py", line 1757, in finalizer
    if only_alive_states and last_tx.result in {"REVERT", "THROW", "TXERROR"}:
AttributeError: 'NoneType' object has no attribute 'result'
2023-07-03 16:06:00,559: [36] m.c.manticore:INFO: Results in /mcore_1fo925lm
2023-07-03 16:06:00,560: [36] m.c.manticore:WARNING: Manticore failed to run
2023-07-03 16:06:01,267: [61] m.main:INFO: Registered plugins: IntrospectionAPIPlugin, <class 'manticore.ethereum.plugins.SkipRevertBasicBlocks'>, <class 'manticore.ethereum.plugins.FilterFunctions'>
2023-07-03 16:06:01,267: [61] m.main:INFO: Beginning analysis
2023-07-03 16:06:01,270: [61] m.e.manticore:INFO: Starting symbolic create contract
2023-07-03 16:06:01,309: [61] m.e.manticore:INFO: Failed to build contract identifier Errors : Invalid solc compilation Error: Expected identifier but got '}'
    --> sb/xMPH_5.sol:2269:1:
     |
2269 | } from "@openzeppelin/contracts-upgradeable/token/ERC20/ERC20Upgradeable.sol";
     | ^


. Solidity failed to generate bytecode for your contract. Check if all the abstract functions are implemented. 
Process Process-1:
Traceback (most recent call last):
  File "/usr/lib/python3.7/multiprocessing/process.py", line 297, in _bootstrap
    self.run()
  File "/usr/lib/python3.7/multiprocessing/process.py", line 99, in run
    self._target(*self._args, **self._kwargs)
  File "/usr/local/lib/python3.7/dist-packages/manticore/ethereum/manticore.py", line 1766, in worker_finalize
    finalizer(q.get_nowait())
  File "/usr/local/lib/python3.7/dist-packages/manticore/ethereum/manticore.py", line 1757, in finalizer
    if only_alive_states and last_tx.result in {"REVERT", "THROW", "TXERROR"}:
AttributeError: 'NoneType' object has no attribute 'result'
2023-07-03 16:06:01,387: [61] m.c.manticore:INFO: Results in /mcore_1a8nzn72
2023-07-03 16:06:01,387: [61] m.c.manticore:WARNING: Manticore failed to run
2023-07-03 16:06:02,102: [86] m.main:INFO: Registered plugins: IntrospectionAPIPlugin, <class 'manticore.ethereum.plugins.SkipRevertBasicBlocks'>, <class 'manticore.ethereum.plugins.FilterFunctions'>
2023-07-03 16:06:02,102: [86] m.main:INFO: Beginning analysis
2023-07-03 16:06:02,104: [86] m.e.manticore:INFO: Starting symbolic create contract
2023-07-03 16:06:02,139: [86] m.e.manticore:INFO: Failed to build contract but Errors : Invalid solc compilation Error: Expected identifier but got '}'
    --> sb/xMPH_5.sol:2269:1:
     |
2269 | } from "@openzeppelin/contracts-upgradeable/token/ERC20/ERC20Upgradeable.sol";
     | ^


. Solidity failed to generate bytecode for your contract. Check if all the abstract functions are implemented. 
Process Process-1:
Traceback (most recent call last):
  File "/usr/lib/python3.7/multiprocessing/process.py", line 297, in _bootstrap
    self.run()
  File "/usr/lib/python3.7/multiprocessing/process.py", line 99, in run
    self._target(*self._args, **self._kwargs)
  File "/usr/local/lib/python3.7/dist-packages/manticore/ethereum/manticore.py", line 1766, in worker_finalize
    finalizer(q.get_nowait())
  File "/usr/local/lib/python3.7/dist-packages/manticore/ethereum/manticore.py", line 1757, in finalizer
    if only_alive_states and last_tx.result in {"REVERT", "THROW", "TXERROR"}:
AttributeError: 'NoneType' object has no attribute 'result'
2023-07-03 16:06:02,213: [86] m.c.manticore:INFO: Results in /mcore_4vq59xbp
2023-07-03 16:06:02,213: [86] m.c.manticore:WARNING: Manticore failed to run
2023-07-03 16:06:02,853: [111] m.main:INFO: Registered plugins: IntrospectionAPIPlugin, <class 'manticore.ethereum.plugins.SkipRevertBasicBlocks'>, <class 'manticore.ethereum.plugins.FilterFunctions'>
2023-07-03 16:06:02,853: [111] m.main:INFO: Beginning analysis
2023-07-03 16:06:02,856: [111] m.e.manticore:INFO: Starting symbolic create contract
2023-07-03 16:06:02,881: [111] m.e.manticore:INFO: Failed to build contract got Errors : Invalid solc compilation Error: Expected identifier but got '}'
    --> sb/xMPH_5.sol:2269:1:
     |
2269 | } from "@openzeppelin/contracts-upgradeable/token/ERC20/ERC20Upgradeable.sol";
     | ^


. Solidity failed to generate bytecode for your contract. Check if all the abstract functions are implemented. 
Process Process-1:
Traceback (most recent call last):
  File "/usr/lib/python3.7/multiprocessing/process.py", line 297, in _bootstrap
    self.run()
  File "/usr/lib/python3.7/multiprocessing/process.py", line 99, in run
    self._target(*self._args, **self._kwargs)
  File "/usr/local/lib/python3.7/dist-packages/manticore/ethereum/manticore.py", line 1766, in worker_finalize
    finalizer(q.get_nowait())
  File "/usr/local/lib/python3.7/dist-packages/manticore/ethereum/manticore.py", line 1757, in finalizer
    if only_alive_states and last_tx.result in {"REVERT", "THROW", "TXERROR"}:
AttributeError: 'NoneType' object has no attribute 'result'
2023-07-03 16:06:02,966: [111] m.c.manticore:INFO: Results in /mcore_5m40fvep
2023-07-03 16:06:02,966: [111] m.c.manticore:WARNING: Manticore failed to run
2023-07-03 16:06:03,649: [136] m.main:INFO: Registered plugins: IntrospectionAPIPlugin, <class 'manticore.ethereum.plugins.SkipRevertBasicBlocks'>, <class 'manticore.ethereum.plugins.FilterFunctions'>
2023-07-03 16:06:03,650: [136] m.main:INFO: Beginning analysis
2023-07-03 16:06:03,652: [136] m.e.manticore:INFO: Starting symbolic create contract
2023-07-03 16:06:03,678: [136] m.e.manticore:INFO: Failed to build contract '}' Errors : Invalid solc compilation Error: Expected identifier but got '}'
    --> sb/xMPH_5.sol:2269:1:
     |
2269 | } from "@openzeppelin/contracts-upgradeable/token/ERC20/ERC20Upgradeable.sol";
     | ^


. Solidity failed to generate bytecode for your contract. Check if all the abstract functions are implemented. 
Process Process-1:
Traceback (most recent call last):
  File "/usr/lib/python3.7/multiprocessing/process.py", line 297, in _bootstrap
    self.run()
  File "/usr/lib/python3.7/multiprocessing/process.py", line 99, in run
    self._target(*self._args, **self._kwargs)
  File "/usr/local/lib/python3.7/dist-packages/manticore/ethereum/manticore.py", line 1766, in worker_finalize
    finalizer(q.get_nowait())
  File "/usr/local/lib/python3.7/dist-packages/manticore/ethereum/manticore.py", line 1757, in finalizer
    if only_alive_states and last_tx.result in {"REVERT", "THROW", "TXERROR"}:
AttributeError: 'NoneType' object has no attribute 'result'
2023-07-03 16:06:03,743: [136] m.c.manticore:INFO: Results in /mcore__kctif30
2023-07-03 16:06:03,743: [136] m.c.manticore:WARNING: Manticore failed to run
usage: manticore [-h] [--compile-force-framework COMPILE_FORCE_FRAMEWORK]
                 [--compile-remove-metadata]
                 [--compile-custom-build COMPILE_CUSTOM_BUILD]
                 [--ignore-compile] [--solc SOLC] [--solc-remaps SOLC_REMAPS]
                 [--solc-args SOLC_ARGS] [--solc-disable-warnings]
                 [--solc-working-dir SOLC_WORKING_DIR]
                 [--solc-solcs-select SOLC_SOLCS_SELECT]
                 [--solc-solcs-bin SOLC_SOLCS_BIN] [--solc-standard-json]
                 [--solc-force-legacy-json] [--truffle-ignore-compile]
                 [--truffle-build-directory TRUFFLE_BUILD_DIRECTORY]
                 [--truffle-version TRUFFLE_VERSION]
                 [--truffle-overwrite-config]
                 [--truffle-overwrite-version TRUFFLE_OVERWRITE_VERSION]
                 [--embark-ignore-compile] [--embark-overwrite-config]
                 [--dapp-ignore-compile] [--etherlime-ignore-compile]
                 [--etherlime-compile-arguments]
                 [--etherscan-only-source-code] [--etherscan-only-bytecode]
                 [--etherscan-apikey ETHERSCAN_API_KEY]
                 [--arbiscan-apikey ARBISCAN_API_KEY]
                 [--polygonscan-apikey POLYGONSCAN_API_KEY]
                 [--avax-apikey AVAX_API_KEY]
                 [--ftmscan-apikey FTMSCAN_API_KEY]
                 [--bscan-apikey BSCAN_API_KEY]
                 [--etherscan-export-directory ETHERSCAN_EXPORT_DIR]
                 [--waffle-ignore-compile]
                 [--waffle-config-file WAFFLE_CONFIG_FILE] [--npx-disable]
                 [--buidler-ignore-compile]
                 [--buidler-cache-directory BUIDLER_CACHE_DIRECTORY]
                 [--buidler-skip-directory-name-fix]
                 [--hardhat-ignore-compile]
                 [--hardhat-cache-directory HARDHAT_CACHE_DIRECTORY]
                 [--hardhat-artifacts-directory HARDHAT_ARTIFACTS_DIRECTORY]
                 [--coverage COVERAGE] [--no-colors] [--policy POLICY] [-v]
                 [--workspace WORKSPACE] [--version] [--config CONFIG]
                 [--entrysymbol ENTRYSYMBOL] [--data DATA] [--file FILES]
                 [--env ENV] [--pure-symbolic] [--verbose-trace]
                 [--txlimit TXLIMIT] [--txnocoverage] [--txnoether]
                 [--txaccount TXACCOUNT] [--txpreconstrain]
                 [--contract CONTRACT] [--list-detectors]
                 [--exclude DETECTORS_TO_EXCLUDE] [--exclude-all]
                 [--avoid-constant] [--limit-loops] [--no-testcases]
                 [--only-alive-testcases] [--thorough-mode]
                 [--core.compress_states CORE.COMPRESS_STATES]
                 [--core.execs_per_intermittent_cb CORE.EXECS_PER_INTERMITTENT_CB]
                 [--core.HOST CORE.HOST] [--core.PORT CORE.PORT]
                 [--core.fast_fail CORE.FAST_FAIL]
                 [--core.timeout CORE.TIMEOUT] [--core.cluster CORE.CLUSTER]
                 [--core.procs CORE.PROCS]
                 [--core.mprocessing CORE.MPROCESSING] [--core.seed CORE.SEED]
                 [--smt.timeout SMT.TIMEOUT] [--smt.memory SMT.MEMORY]
                 [--smt.maxsolutions SMT.MAXSOLUTIONS]
                 [--smt.z3_bin SMT.Z3_BIN] [--smt.cvc4_bin SMT.CVC4_BIN]
                 [--smt.yices_bin SMT.YICES_BIN]
                 [--smt.boolector_bin SMT.BOOLECTOR_BIN]
                 [--smt.defaultunsat SMT.DEFAULTUNSAT]
                 [--smt.optimize SMT.OPTIMIZE] [--smt.solver SMT.SOLVER]
                 [--workspace.prefix WORKSPACE.PREFIX]
                 [--workspace.dir WORKSPACE.DIR] [--evm.oog EVM.OOG]
                 [--evm.txfail EVM.TXFAIL]
                 [--evm.calldata_max_offset EVM.CALLDATA_MAX_OFFSET]
                 [--evm.calldata_max_size EVM.CALLDATA_MAX_SIZE]
                 [--evm.ignore_balance EVM.IGNORE_BALANCE]
                 [--evm.defaultgas EVM.DEFAULTGAS] [--evm.sha3 EVM.SHA3]
                 [--evm.sha3timeout EVM.SHA3TIMEOUT] [--evm.events EVM.EVENTS]
                 [--cli.profile CLI.PROFILE]
                 [--cli.explore_balance CLI.EXPLORE_BALANCE]
                 [--cli.skip_reverts CLI.SKIP_REVERTS]
                 [--cli.target_func CLI.TARGET_FUNC]
                 [--wasm.decode_names WASM.DECODE_NAMES]
                 [--main.recursionlimit MAIN.RECURSIONLIMIT]
                 [--native.fast_crash NATIVE.FAST_CRASH]
                 [--native.stdin_size NATIVE.STDIN_SIZE]
                 [argv [argv ...]]
manticore: error: argument --contract: expected one argument
mv: cannot stat '/mcore_*': No such file or directory
2023-07-03 16:06:05,048: [165] m.main:INFO: Registered plugins: IntrospectionAPIPlugin, <class 'manticore.ethereum.plugins.SkipRevertBasicBlocks'>, <class 'manticore.ethereum.plugins.FilterFunctions'>
2023-07-03 16:06:05,048: [165] m.main:INFO: Beginning analysis
2023-07-03 16:06:05,051: [165] m.e.manticore:INFO: Starting symbolic create contract
2023-07-03 16:06:05,071: [165] m.e.manticore:INFO: Failed to build contract /sb/xMPH_5.sol:2269:1: Errors : Invalid solc compilation Error: Expected identifier but got '}'
    --> sb/xMPH_5.sol:2269:1:
     |
2269 | } from "@openzeppelin/contracts-upgradeable/token/ERC20/ERC20Upgradeable.sol";
     | ^


. Solidity failed to generate bytecode for your contract. Check if all the abstract functions are implemented. 
Process Process-1:
Traceback (most recent call last):
  File "/usr/lib/python3.7/multiprocessing/process.py", line 297, in _bootstrap
    self.run()
  File "/usr/lib/python3.7/multiprocessing/process.py", line 99, in run
    self._target(*self._args, **self._kwargs)
  File "/usr/local/lib/python3.7/dist-packages/manticore/ethereum/manticore.py", line 1766, in worker_finalize
    finalizer(q.get_nowait())
  File "/usr/local/lib/python3.7/dist-packages/manticore/ethereum/manticore.py", line 1757, in finalizer
    if only_alive_states and last_tx.result in {"REVERT", "THROW", "TXERROR"}:
AttributeError: 'NoneType' object has no attribute 'result'
2023-07-03 16:06:05,137: [165] m.c.manticore:INFO: Results in /mcore_zeu_3vw5
2023-07-03 16:06:05,137: [165] m.c.manticore:WARNING: Manticore failed to run
2023-07-03 16:06:05,734: [190] m.main:INFO: Registered plugins: IntrospectionAPIPlugin, <class 'manticore.ethereum.plugins.SkipRevertBasicBlocks'>, <class 'manticore.ethereum.plugins.FilterFunctions'>
2023-07-03 16:06:05,734: [190] m.main:INFO: Beginning analysis
2023-07-03 16:06:05,736: [190] m.e.manticore:INFO: Starting symbolic create contract
2023-07-03 16:06:05,757: [190] m.e.manticore:INFO: Failed to build contract | Errors : Invalid solc compilation Error: Expected identifier but got '}'
    --> sb/xMPH_5.sol:2269:1:
     |
2269 | } from "@openzeppelin/contracts-upgradeable/token/ERC20/ERC20Upgradeable.sol";
     | ^


. Solidity failed to generate bytecode for your contract. Check if all the abstract functions are implemented. 
Process Process-1:
Traceback (most recent call last):
  File "/usr/lib/python3.7/multiprocessing/process.py", line 297, in _bootstrap
    self.run()
  File "/usr/lib/python3.7/multiprocessing/process.py", line 99, in run
    self._target(*self._args, **self._kwargs)
  File "/usr/local/lib/python3.7/dist-packages/manticore/ethereum/manticore.py", line 1766, in worker_finalize
    finalizer(q.get_nowait())
  File "/usr/local/lib/python3.7/dist-packages/manticore/ethereum/manticore.py", line 1757, in finalizer
    if only_alive_states and last_tx.result in {"REVERT", "THROW", "TXERROR"}:
AttributeError: 'NoneType' object has no attribute 'result'
2023-07-03 16:06:05,832: [190] m.c.manticore:INFO: Results in /mcore_1gd3bnha
2023-07-03 16:06:05,832: [190] m.c.manticore:WARNING: Manticore failed to run
2023-07-03 16:06:06,504: [215] m.main:INFO: Registered plugins: IntrospectionAPIPlugin, <class 'manticore.ethereum.plugins.SkipRevertBasicBlocks'>, <class 'manticore.ethereum.plugins.FilterFunctions'>
2023-07-03 16:06:06,505: [215] m.main:INFO: Beginning analysis
2023-07-03 16:06:06,507: [215] m.e.manticore:INFO: Starting symbolic create contract
2023-07-03 16:06:06,539: [215] m.e.manticore:INFO: Failed to build contract 2269 Errors : Invalid solc compilation Error: Expected identifier but got '}'
    --> sb/xMPH_5.sol:2269:1:
     |
2269 | } from "@openzeppelin/contracts-upgradeable/token/ERC20/ERC20Upgradeable.sol";
     | ^


. Solidity failed to generate bytecode for your contract. Check if all the abstract functions are implemented. 
Process Process-1:
Traceback (most recent call last):
  File "/usr/lib/python3.7/multiprocessing/process.py", line 297, in _bootstrap
    self.run()
  File "/usr/lib/python3.7/multiprocessing/process.py", line 99, in run
    self._target(*self._args, **self._kwargs)
  File "/usr/local/lib/python3.7/dist-packages/manticore/ethereum/manticore.py", line 1766, in worker_finalize
    finalizer(q.get_nowait())
  File "/usr/local/lib/python3.7/dist-packages/manticore/ethereum/manticore.py", line 1757, in finalizer
    if only_alive_states and last_tx.result in {"REVERT", "THROW", "TXERROR"}:
AttributeError: 'NoneType' object has no attribute 'result'
2023-07-03 16:06:06,621: [215] m.c.manticore:INFO: Results in /mcore_htaqzjg_
2023-07-03 16:06:06,622: [215] m.c.manticore:WARNING: Manticore failed to run
2023-07-03 16:06:07,277: [240] m.main:INFO: Registered plugins: IntrospectionAPIPlugin, <class 'manticore.ethereum.plugins.SkipRevertBasicBlocks'>, <class 'manticore.ethereum.plugins.FilterFunctions'>
2023-07-03 16:06:07,277: [240] m.main:INFO: Beginning analysis
2023-07-03 16:06:07,279: [240] m.e.manticore:INFO: Starting symbolic create contract
2023-07-03 16:06:07,315: [240] m.e.manticore:INFO: Failed to build contract | Errors : Invalid solc compilation Error: Expected identifier but got '}'
    --> sb/xMPH_5.sol:2269:1:
     |
2269 | } from "@openzeppelin/contracts-upgradeable/token/ERC20/ERC20Upgradeable.sol";
     | ^


. Solidity failed to generate bytecode for your contract. Check if all the abstract functions are implemented. 
Process Process-1:
Traceback (most recent call last):
  File "/usr/lib/python3.7/multiprocessing/process.py", line 297, in _bootstrap
    self.run()
  File "/usr/lib/python3.7/multiprocessing/process.py", line 99, in run
    self._target(*self._args, **self._kwargs)
  File "/usr/local/lib/python3.7/dist-packages/manticore/ethereum/manticore.py", line 1766, in worker_finalize
    finalizer(q.get_nowait())
  File "/usr/local/lib/python3.7/dist-packages/manticore/ethereum/manticore.py", line 1757, in finalizer
    if only_alive_states and last_tx.result in {"REVERT", "THROW", "TXERROR"}:
AttributeError: 'NoneType' object has no attribute 'result'
2023-07-03 16:06:07,395: [240] m.c.manticore:INFO: Results in /mcore_ht0s8yxr
2023-07-03 16:06:07,395: [240] m.c.manticore:WARNING: Manticore failed to run
2023-07-03 16:06:08,047: [265] m.main:INFO: Registered plugins: IntrospectionAPIPlugin, <class 'manticore.ethereum.plugins.SkipRevertBasicBlocks'>, <class 'manticore.ethereum.plugins.FilterFunctions'>
2023-07-03 16:06:08,047: [265] m.main:INFO: Beginning analysis
2023-07-03 16:06:08,050: [265] m.e.manticore:INFO: Starting symbolic create contract
2023-07-03 16:06:08,069: [265] m.e.manticore:INFO: Failed to build contract } Errors : Invalid solc compilation Error: Expected identifier but got '}'
    --> sb/xMPH_5.sol:2269:1:
     |
2269 | } from "@openzeppelin/contracts-upgradeable/token/ERC20/ERC20Upgradeable.sol";
     | ^


. Solidity failed to generate bytecode for your contract. Check if all the abstract functions are implemented. 
Process Process-1:
Traceback (most recent call last):
  File "/usr/lib/python3.7/multiprocessing/process.py", line 297, in _bootstrap
    self.run()
  File "/usr/lib/python3.7/multiprocessing/process.py", line 99, in run
    self._target(*self._args, **self._kwargs)
  File "/usr/local/lib/python3.7/dist-packages/manticore/ethereum/manticore.py", line 1766, in worker_finalize
    finalizer(q.get_nowait())
  File "/usr/local/lib/python3.7/dist-packages/manticore/ethereum/manticore.py", line 1757, in finalizer
    if only_alive_states and last_tx.result in {"REVERT", "THROW", "TXERROR"}:
AttributeError: 'NoneType' object has no attribute 'result'
2023-07-03 16:06:08,144: [265] m.c.manticore:INFO: Results in /mcore_rsxqz7v_
2023-07-03 16:06:08,144: [265] m.c.manticore:WARNING: Manticore failed to run
2023-07-03 16:06:08,772: [290] m.main:INFO: Registered plugins: IntrospectionAPIPlugin, <class 'manticore.ethereum.plugins.SkipRevertBasicBlocks'>, <class 'manticore.ethereum.plugins.FilterFunctions'>
2023-07-03 16:06:08,773: [290] m.main:INFO: Beginning analysis
2023-07-03 16:06:08,774: [290] m.e.manticore:INFO: Starting symbolic create contract
2023-07-03 16:06:08,803: [290] m.e.manticore:INFO: Failed to build contract from Errors : Invalid solc compilation Error: Expected identifier but got '}'
    --> sb/xMPH_5.sol:2269:1:
     |
2269 | } from "@openzeppelin/contracts-upgradeable/token/ERC20/ERC20Upgradeable.sol";
     | ^


. Solidity failed to generate bytecode for your contract. Check if all the abstract functions are implemented. 
Process Process-1:
Traceback (most recent call last):
  File "/usr/lib/python3.7/multiprocessing/process.py", line 297, in _bootstrap
    self.run()
  File "/usr/lib/python3.7/multiprocessing/process.py", line 99, in run
    self._target(*self._args, **self._kwargs)
  File "/usr/local/lib/python3.7/dist-packages/manticore/ethereum/manticore.py", line 1766, in worker_finalize
    finalizer(q.get_nowait())
  File "/usr/local/lib/python3.7/dist-packages/manticore/ethereum/manticore.py", line 1757, in finalizer
    if only_alive_states and last_tx.result in {"REVERT", "THROW", "TXERROR"}:
AttributeError: 'NoneType' object has no attribute 'result'
2023-07-03 16:06:08,868: [290] m.c.manticore:INFO: Results in /mcore_urtjska4
2023-07-03 16:06:08,868: [290] m.c.manticore:WARNING: Manticore failed to run
2023-07-03 16:06:09,488: [315] m.main:INFO: Registered plugins: IntrospectionAPIPlugin, <class 'manticore.ethereum.plugins.SkipRevertBasicBlocks'>, <class 'manticore.ethereum.plugins.FilterFunctions'>
2023-07-03 16:06:09,488: [315] m.main:INFO: Beginning analysis
2023-07-03 16:06:09,491: [315] m.e.manticore:INFO: Starting symbolic create contract
2023-07-03 16:06:09,513: [315] m.e.manticore:INFO: Failed to build contract "@openzeppelin/contracts-upgradeable/token/ERC20/ERC20Upgradeable.sol"; Errors : Invalid solc compilation Error: Expected identifier but got '}'
    --> sb/xMPH_5.sol:2269:1:
     |
2269 | } from "@openzeppelin/contracts-upgradeable/token/ERC20/ERC20Upgradeable.sol";
     | ^


. Solidity failed to generate bytecode for your contract. Check if all the abstract functions are implemented. 
Process Process-1:
Traceback (most recent call last):
  File "/usr/lib/python3.7/multiprocessing/process.py", line 297, in _bootstrap
    self.run()
  File "/usr/lib/python3.7/multiprocessing/process.py", line 99, in run
    self._target(*self._args, **self._kwargs)
  File "/usr/local/lib/python3.7/dist-packages/manticore/ethereum/manticore.py", line 1766, in worker_finalize
    finalizer(q.get_nowait())
  File "/usr/local/lib/python3.7/dist-packages/manticore/ethereum/manticore.py", line 1757, in finalizer
    if only_alive_states and last_tx.result in {"REVERT", "THROW", "TXERROR"}:
AttributeError: 'NoneType' object has no attribute 'result'
2023-07-03 16:06:09,586: [315] m.c.manticore:INFO: Results in /mcore__bzibxf8
2023-07-03 16:06:09,586: [315] m.c.manticore:WARNING: Manticore failed to run
2023-07-03 16:06:10,221: [340] m.main:INFO: Registered plugins: IntrospectionAPIPlugin, <class 'manticore.ethereum.plugins.SkipRevertBasicBlocks'>, <class 'manticore.ethereum.plugins.FilterFunctions'>
2023-07-03 16:06:10,221: [340] m.main:INFO: Beginning analysis
2023-07-03 16:06:10,225: [340] m.e.manticore:INFO: Starting symbolic create contract
2023-07-03 16:06:10,263: [340] m.e.manticore:INFO: Failed to build contract | Errors : Invalid solc compilation Error: Expected identifier but got '}'
    --> sb/xMPH_5.sol:2269:1:
     |
2269 | } from "@openzeppelin/contracts-upgradeable/token/ERC20/ERC20Upgradeable.sol";
     | ^


. Solidity failed to generate bytecode for your contract. Check if all the abstract functions are implemented. 
Process Process-1:
Traceback (most recent call last):
  File "/usr/lib/python3.7/multiprocessing/process.py", line 297, in _bootstrap
    self.run()
  File "/usr/lib/python3.7/multiprocessing/process.py", line 99, in run
    self._target(*self._args, **self._kwargs)
  File "/usr/local/lib/python3.7/dist-packages/manticore/ethereum/manticore.py", line 1766, in worker_finalize
    finalizer(q.get_nowait())
  File "/usr/local/lib/python3.7/dist-packages/manticore/ethereum/manticore.py", line 1757, in finalizer
    if only_alive_states and last_tx.result in {"REVERT", "THROW", "TXERROR"}:
AttributeError: 'NoneType' object has no attribute 'result'
2023-07-03 16:06:10,350: [340] m.c.manticore:INFO: Results in /mcore_1_npcc6c
2023-07-03 16:06:10,351: [340] m.c.manticore:WARNING: Manticore failed to run
2023-07-03 16:06:10,962: [365] m.main:INFO: Registered plugins: IntrospectionAPIPlugin, <class 'manticore.ethereum.plugins.SkipRevertBasicBlocks'>, <class 'manticore.ethereum.plugins.FilterFunctions'>
2023-07-03 16:06:10,962: [365] m.main:INFO: Beginning analysis
2023-07-03 16:06:10,964: [365] m.e.manticore:INFO: Starting symbolic create contract
2023-07-03 16:06:10,998: [365] m.e.manticore:INFO: Failed to build contract ^ Errors : Invalid solc compilation Error: Expected identifier but got '}'
    --> sb/xMPH_5.sol:2269:1:
     |
2269 | } from "@openzeppelin/contracts-upgradeable/token/ERC20/ERC20Upgradeable.sol";
     | ^


. Solidity failed to generate bytecode for your contract. Check if all the abstract functions are implemented. 
Process Process-1:
Traceback (most recent call last):
  File "/usr/lib/python3.7/multiprocessing/process.py", line 297, in _bootstrap
    self.run()
  File "/usr/lib/python3.7/multiprocessing/process.py", line 99, in run
    self._target(*self._args, **self._kwargs)
  File "/usr/local/lib/python3.7/dist-packages/manticore/ethereum/manticore.py", line 1766, in worker_finalize
    finalizer(q.get_nowait())
  File "/usr/local/lib/python3.7/dist-packages/manticore/ethereum/manticore.py", line 1757, in finalizer
    if only_alive_states and last_tx.result in {"REVERT", "THROW", "TXERROR"}:
AttributeError: 'NoneType' object has no attribute 'result'
2023-07-03 16:06:11,061: [365] m.c.manticore:INFO: Results in /mcore_808rl_uq
2023-07-03 16:06:11,061: [365] m.c.manticore:WARNING: Manticore failed to run
