2023-07-03 16:16:34,147: [11] m.main:INFO: Registered plugins: IntrospectionAPIPlugin, <class 'manticore.ethereum.plugins.SkipRevertBasicBlocks'>, <class 'manticore.ethereum.plugins.FilterFunctions'>
2023-07-03 16:16:34,148: [11] m.main:INFO: Beginning analysis
2023-07-03 16:16:34,150: [11] m.e.manticore:INFO: Starting symbolic create contract
2023-07-03 16:16:34,188: [11] m.e.manticore:INFO: Failed to build contract /sb/SwapUtils_1.sol:350:42: Errors : Invalid solc compilation sb/SwapUtils_1.sol:350:42: Error: Expected ';' but got '{'
        (bool success, ) = recipient.call{ value: amount }("");
                                         ^

. Solidity failed to generate bytecode for your contract. Check if all the abstract functions are implemented. 
Process Process-1:
Traceback (most recent call last):
  File "/usr/lib/python3.7/multiprocessing/process.py", line 297, in _bootstrap
    self.run()
  File "/usr/lib/python3.7/multiprocessing/process.py", line 99, in run
    self._target(*self._args, **self._kwargs)
  File "/usr/local/lib/python3.7/dist-packages/manticore/ethereum/manticore.py", line 1766, in worker_finalize
    finalizer(q.get_nowait())
  File "/usr/local/lib/python3.7/dist-packages/manticore/ethereum/manticore.py", line 1757, in finalizer
    if only_alive_states and last_tx.result in {"REVERT", "THROW", "TXERROR"}:
AttributeError: 'NoneType' object has no attribute 'result'
2023-07-03 16:16:34,264: [11] m.c.manticore:INFO: Results in /mcore_x4dvrcvu
2023-07-03 16:16:34,265: [11] m.c.manticore:WARNING: Manticore failed to run
2023-07-03 16:16:34,984: [36] m.main:INFO: Registered plugins: IntrospectionAPIPlugin, <class 'manticore.ethereum.plugins.SkipRevertBasicBlocks'>, <class 'manticore.ethereum.plugins.FilterFunctions'>
2023-07-03 16:16:34,984: [36] m.main:INFO: Beginning analysis
2023-07-03 16:16:34,986: [36] m.e.manticore:INFO: Starting symbolic create contract
2023-07-03 16:16:35,010: [36] m.e.manticore:INFO: Failed to build contract ParserError: Errors : Invalid solc compilation sb/SwapUtils_1.sol:350:42: Error: Expected ';' but got '{'
        (bool success, ) = recipient.call{ value: amount }("");
                                         ^

. Solidity failed to generate bytecode for your contract. Check if all the abstract functions are implemented. 
Process Process-1:
Traceback (most recent call last):
  File "/usr/lib/python3.7/multiprocessing/process.py", line 297, in _bootstrap
    self.run()
  File "/usr/lib/python3.7/multiprocessing/process.py", line 99, in run
    self._target(*self._args, **self._kwargs)
  File "/usr/local/lib/python3.7/dist-packages/manticore/ethereum/manticore.py", line 1766, in worker_finalize
    finalizer(q.get_nowait())
  File "/usr/local/lib/python3.7/dist-packages/manticore/ethereum/manticore.py", line 1757, in finalizer
    if only_alive_states and last_tx.result in {"REVERT", "THROW", "TXERROR"}:
AttributeError: 'NoneType' object has no attribute 'result'
2023-07-03 16:16:35,096: [36] m.c.manticore:INFO: Results in /mcore_y89p75gh
2023-07-03 16:16:35,096: [36] m.c.manticore:WARNING: Manticore failed to run
2023-07-03 16:16:35,855: [61] m.main:INFO: Registered plugins: IntrospectionAPIPlugin, <class 'manticore.ethereum.plugins.SkipRevertBasicBlocks'>, <class 'manticore.ethereum.plugins.FilterFunctions'>
2023-07-03 16:16:35,855: [61] m.main:INFO: Beginning analysis
2023-07-03 16:16:35,857: [61] m.e.manticore:INFO: Starting symbolic create contract
2023-07-03 16:16:35,893: [61] m.e.manticore:INFO: Failed to build contract Expected Errors : Invalid solc compilation sb/SwapUtils_1.sol:350:42: Error: Expected ';' but got '{'
        (bool success, ) = recipient.call{ value: amount }("");
                                         ^

. Solidity failed to generate bytecode for your contract. Check if all the abstract functions are implemented. 
Process Process-1:
Traceback (most recent call last):
  File "/usr/lib/python3.7/multiprocessing/process.py", line 297, in _bootstrap
    self.run()
  File "/usr/lib/python3.7/multiprocessing/process.py", line 99, in run
    self._target(*self._args, **self._kwargs)
  File "/usr/local/lib/python3.7/dist-packages/manticore/ethereum/manticore.py", line 1766, in worker_finalize
    finalizer(q.get_nowait())
  File "/usr/local/lib/python3.7/dist-packages/manticore/ethereum/manticore.py", line 1757, in finalizer
    if only_alive_states and last_tx.result in {"REVERT", "THROW", "TXERROR"}:
AttributeError: 'NoneType' object has no attribute 'result'
2023-07-03 16:16:35,980: [61] m.c.manticore:INFO: Results in /mcore_rlgxxkqh
2023-07-03 16:16:35,981: [61] m.c.manticore:WARNING: Manticore failed to run
2023-07-03 16:16:36,633: [86] m.main:INFO: Registered plugins: IntrospectionAPIPlugin, <class 'manticore.ethereum.plugins.SkipRevertBasicBlocks'>, <class 'manticore.ethereum.plugins.FilterFunctions'>
2023-07-03 16:16:36,634: [86] m.main:INFO: Beginning analysis
2023-07-03 16:16:36,635: [86] m.e.manticore:INFO: Starting symbolic create contract
2023-07-03 16:16:36,654: [86] m.e.manticore:INFO: Failed to build contract ';' Errors : Invalid solc compilation sb/SwapUtils_1.sol:350:42: Error: Expected ';' but got '{'
        (bool success, ) = recipient.call{ value: amount }("");
                                         ^

. Solidity failed to generate bytecode for your contract. Check if all the abstract functions are implemented. 
Process Process-1:
Traceback (most recent call last):
  File "/usr/lib/python3.7/multiprocessing/process.py", line 297, in _bootstrap
    self.run()
  File "/usr/lib/python3.7/multiprocessing/process.py", line 99, in run
    self._target(*self._args, **self._kwargs)
  File "/usr/local/lib/python3.7/dist-packages/manticore/ethereum/manticore.py", line 1766, in worker_finalize
    finalizer(q.get_nowait())
  File "/usr/local/lib/python3.7/dist-packages/manticore/ethereum/manticore.py", line 1757, in finalizer
    if only_alive_states and last_tx.result in {"REVERT", "THROW", "TXERROR"}:
AttributeError: 'NoneType' object has no attribute 'result'
2023-07-03 16:16:36,731: [86] m.c.manticore:INFO: Results in /mcore_efq29mtw
2023-07-03 16:16:36,731: [86] m.c.manticore:WARNING: Manticore failed to run
2023-07-03 16:16:37,423: [111] m.main:INFO: Registered plugins: IntrospectionAPIPlugin, <class 'manticore.ethereum.plugins.SkipRevertBasicBlocks'>, <class 'manticore.ethereum.plugins.FilterFunctions'>
2023-07-03 16:16:37,423: [111] m.main:INFO: Beginning analysis
2023-07-03 16:16:37,427: [111] m.e.manticore:INFO: Starting symbolic create contract
2023-07-03 16:16:37,465: [111] m.e.manticore:INFO: Failed to build contract but Errors : Invalid solc compilation sb/SwapUtils_1.sol:350:42: Error: Expected ';' but got '{'
        (bool success, ) = recipient.call{ value: amount }("");
                                         ^

. Solidity failed to generate bytecode for your contract. Check if all the abstract functions are implemented. 
Process Process-1:
Traceback (most recent call last):
  File "/usr/lib/python3.7/multiprocessing/process.py", line 297, in _bootstrap
    self.run()
  File "/usr/lib/python3.7/multiprocessing/process.py", line 99, in run
    self._target(*self._args, **self._kwargs)
  File "/usr/local/lib/python3.7/dist-packages/manticore/ethereum/manticore.py", line 1766, in worker_finalize
    finalizer(q.get_nowait())
  File "/usr/local/lib/python3.7/dist-packages/manticore/ethereum/manticore.py", line 1757, in finalizer
    if only_alive_states and last_tx.result in {"REVERT", "THROW", "TXERROR"}:
AttributeError: 'NoneType' object has no attribute 'result'
2023-07-03 16:16:37,537: [111] m.c.manticore:INFO: Results in /mcore_a_rzzaru
2023-07-03 16:16:37,538: [111] m.c.manticore:WARNING: Manticore failed to run
2023-07-03 16:16:38,200: [136] m.main:INFO: Registered plugins: IntrospectionAPIPlugin, <class 'manticore.ethereum.plugins.SkipRevertBasicBlocks'>, <class 'manticore.ethereum.plugins.FilterFunctions'>
2023-07-03 16:16:38,200: [136] m.main:INFO: Beginning analysis
2023-07-03 16:16:38,202: [136] m.e.manticore:INFO: Starting symbolic create contract
2023-07-03 16:16:38,226: [136] m.e.manticore:INFO: Failed to build contract got Errors : Invalid solc compilation sb/SwapUtils_1.sol:350:42: Error: Expected ';' but got '{'
        (bool success, ) = recipient.call{ value: amount }("");
                                         ^

. Solidity failed to generate bytecode for your contract. Check if all the abstract functions are implemented. 
Process Process-1:
Traceback (most recent call last):
  File "/usr/lib/python3.7/multiprocessing/process.py", line 297, in _bootstrap
    self.run()
  File "/usr/lib/python3.7/multiprocessing/process.py", line 99, in run
    self._target(*self._args, **self._kwargs)
  File "/usr/local/lib/python3.7/dist-packages/manticore/ethereum/manticore.py", line 1766, in worker_finalize
    finalizer(q.get_nowait())
  File "/usr/local/lib/python3.7/dist-packages/manticore/ethereum/manticore.py", line 1757, in finalizer
    if only_alive_states and last_tx.result in {"REVERT", "THROW", "TXERROR"}:
AttributeError: 'NoneType' object has no attribute 'result'
2023-07-03 16:16:38,295: [136] m.c.manticore:INFO: Results in /mcore_l7qnp2ns
2023-07-03 16:16:38,296: [136] m.c.manticore:WARNING: Manticore failed to run
2023-07-03 16:16:38,974: [161] m.main:INFO: Registered plugins: IntrospectionAPIPlugin, <class 'manticore.ethereum.plugins.SkipRevertBasicBlocks'>, <class 'manticore.ethereum.plugins.FilterFunctions'>
2023-07-03 16:16:38,974: [161] m.main:INFO: Beginning analysis
2023-07-03 16:16:38,976: [161] m.e.manticore:INFO: Starting symbolic create contract
2023-07-03 16:16:39,005: [161] m.e.manticore:INFO: Failed to build contract '{' Errors : Invalid solc compilation sb/SwapUtils_1.sol:350:42: Error: Expected ';' but got '{'
        (bool success, ) = recipient.call{ value: amount }("");
                                         ^

. Solidity failed to generate bytecode for your contract. Check if all the abstract functions are implemented. 
Process Process-1:
Traceback (most recent call last):
  File "/usr/lib/python3.7/multiprocessing/process.py", line 297, in _bootstrap
    self.run()
  File "/usr/lib/python3.7/multiprocessing/process.py", line 99, in run
    self._target(*self._args, **self._kwargs)
  File "/usr/local/lib/python3.7/dist-packages/manticore/ethereum/manticore.py", line 1766, in worker_finalize
    finalizer(q.get_nowait())
  File "/usr/local/lib/python3.7/dist-packages/manticore/ethereum/manticore.py", line 1757, in finalizer
    if only_alive_states and last_tx.result in {"REVERT", "THROW", "TXERROR"}:
AttributeError: 'NoneType' object has no attribute 'result'
2023-07-03 16:16:39,073: [161] m.c.manticore:INFO: Results in /mcore_si6o0455
2023-07-03 16:16:39,074: [161] m.c.manticore:WARNING: Manticore failed to run
2023-07-03 16:16:39,695: [186] m.main:INFO: Registered plugins: IntrospectionAPIPlugin, <class 'manticore.ethereum.plugins.SkipRevertBasicBlocks'>, <class 'manticore.ethereum.plugins.FilterFunctions'>
2023-07-03 16:16:39,695: [186] m.main:INFO: Beginning analysis
2023-07-03 16:16:39,697: [186] m.e.manticore:INFO: Starting symbolic create contract
2023-07-03 16:16:39,733: [186] m.e.manticore:INFO: Failed to build contract (bool Errors : Invalid solc compilation sb/SwapUtils_1.sol:350:42: Error: Expected ';' but got '{'
        (bool success, ) = recipient.call{ value: amount }("");
                                         ^

. Solidity failed to generate bytecode for your contract. Check if all the abstract functions are implemented. 
Process Process-1:
Traceback (most recent call last):
  File "/usr/lib/python3.7/multiprocessing/process.py", line 297, in _bootstrap
    self.run()
  File "/usr/lib/python3.7/multiprocessing/process.py", line 99, in run
    self._target(*self._args, **self._kwargs)
  File "/usr/local/lib/python3.7/dist-packages/manticore/ethereum/manticore.py", line 1766, in worker_finalize
    finalizer(q.get_nowait())
  File "/usr/local/lib/python3.7/dist-packages/manticore/ethereum/manticore.py", line 1757, in finalizer
    if only_alive_states and last_tx.result in {"REVERT", "THROW", "TXERROR"}:
AttributeError: 'NoneType' object has no attribute 'result'
2023-07-03 16:16:39,800: [186] m.c.manticore:INFO: Results in /mcore_hehykwb3
2023-07-03 16:16:39,801: [186] m.c.manticore:WARNING: Manticore failed to run
2023-07-03 16:16:40,535: [211] m.main:INFO: Registered plugins: IntrospectionAPIPlugin, <class 'manticore.ethereum.plugins.SkipRevertBasicBlocks'>, <class 'manticore.ethereum.plugins.FilterFunctions'>
2023-07-03 16:16:40,535: [211] m.main:INFO: Beginning analysis
2023-07-03 16:16:40,540: [211] m.e.manticore:INFO: Starting symbolic create contract
2023-07-03 16:16:40,580: [211] m.e.manticore:INFO: Failed to build contract success, Errors : Invalid solc compilation sb/SwapUtils_1.sol:350:42: Error: Expected ';' but got '{'
        (bool success, ) = recipient.call{ value: amount }("");
                                         ^

. Solidity failed to generate bytecode for your contract. Check if all the abstract functions are implemented. 
Process Process-1:
Traceback (most recent call last):
  File "/usr/lib/python3.7/multiprocessing/process.py", line 297, in _bootstrap
    self.run()
  File "/usr/lib/python3.7/multiprocessing/process.py", line 99, in run
    self._target(*self._args, **self._kwargs)
  File "/usr/local/lib/python3.7/dist-packages/manticore/ethereum/manticore.py", line 1766, in worker_finalize
    finalizer(q.get_nowait())
  File "/usr/local/lib/python3.7/dist-packages/manticore/ethereum/manticore.py", line 1757, in finalizer
    if only_alive_states and last_tx.result in {"REVERT", "THROW", "TXERROR"}:
AttributeError: 'NoneType' object has no attribute 'result'
2023-07-03 16:16:40,706: [211] m.c.manticore:INFO: Results in /mcore_2txzyim7
2023-07-03 16:16:40,707: [211] m.c.manticore:WARNING: Manticore failed to run
2023-07-03 16:16:41,380: [236] m.main:INFO: Registered plugins: IntrospectionAPIPlugin, <class 'manticore.ethereum.plugins.SkipRevertBasicBlocks'>, <class 'manticore.ethereum.plugins.FilterFunctions'>
2023-07-03 16:16:41,380: [236] m.main:INFO: Beginning analysis
2023-07-03 16:16:41,382: [236] m.e.manticore:INFO: Starting symbolic create contract
2023-07-03 16:16:41,421: [236] m.e.manticore:INFO: Failed to build contract ) Errors : Invalid solc compilation sb/SwapUtils_1.sol:350:42: Error: Expected ';' but got '{'
        (bool success, ) = recipient.call{ value: amount }("");
                                         ^

. Solidity failed to generate bytecode for your contract. Check if all the abstract functions are implemented. 
Process Process-1:
Traceback (most recent call last):
  File "/usr/lib/python3.7/multiprocessing/process.py", line 297, in _bootstrap
    self.run()
  File "/usr/lib/python3.7/multiprocessing/process.py", line 99, in run
    self._target(*self._args, **self._kwargs)
  File "/usr/local/lib/python3.7/dist-packages/manticore/ethereum/manticore.py", line 1766, in worker_finalize
    finalizer(q.get_nowait())
  File "/usr/local/lib/python3.7/dist-packages/manticore/ethereum/manticore.py", line 1757, in finalizer
    if only_alive_states and last_tx.result in {"REVERT", "THROW", "TXERROR"}:
AttributeError: 'NoneType' object has no attribute 'result'
2023-07-03 16:16:41,489: [236] m.c.manticore:INFO: Results in /mcore_xyg1m87v
2023-07-03 16:16:41,489: [236] m.c.manticore:WARNING: Manticore failed to run
2023-07-03 16:16:42,086: [261] m.main:INFO: Registered plugins: IntrospectionAPIPlugin, <class 'manticore.ethereum.plugins.SkipRevertBasicBlocks'>, <class 'manticore.ethereum.plugins.FilterFunctions'>
2023-07-03 16:16:42,087: [261] m.main:INFO: Beginning analysis
2023-07-03 16:16:42,089: [261] m.e.manticore:INFO: Starting symbolic create contract
2023-07-03 16:16:42,127: [261] m.e.manticore:INFO: Failed to build contract = Errors : Invalid solc compilation sb/SwapUtils_1.sol:350:42: Error: Expected ';' but got '{'
        (bool success, ) = recipient.call{ value: amount }("");
                                         ^

. Solidity failed to generate bytecode for your contract. Check if all the abstract functions are implemented. 
Process Process-1:
Traceback (most recent call last):
  File "/usr/lib/python3.7/multiprocessing/process.py", line 297, in _bootstrap
    self.run()
  File "/usr/lib/python3.7/multiprocessing/process.py", line 99, in run
    self._target(*self._args, **self._kwargs)
  File "/usr/local/lib/python3.7/dist-packages/manticore/ethereum/manticore.py", line 1766, in worker_finalize
    finalizer(q.get_nowait())
  File "/usr/local/lib/python3.7/dist-packages/manticore/ethereum/manticore.py", line 1757, in finalizer
    if only_alive_states and last_tx.result in {"REVERT", "THROW", "TXERROR"}:
AttributeError: 'NoneType' object has no attribute 'result'
2023-07-03 16:16:42,202: [261] m.c.manticore:INFO: Results in /mcore_c2r_gxi9
2023-07-03 16:16:42,202: [261] m.c.manticore:WARNING: Manticore failed to run
2023-07-03 16:16:42,790: [286] m.main:INFO: Registered plugins: IntrospectionAPIPlugin, <class 'manticore.ethereum.plugins.SkipRevertBasicBlocks'>, <class 'manticore.ethereum.plugins.FilterFunctions'>
2023-07-03 16:16:42,790: [286] m.main:INFO: Beginning analysis
2023-07-03 16:16:42,794: [286] m.e.manticore:INFO: Starting symbolic create contract
2023-07-03 16:16:42,823: [286] m.e.manticore:INFO: Failed to build contract recipient.call{ Errors : Invalid solc compilation sb/SwapUtils_1.sol:350:42: Error: Expected ';' but got '{'
        (bool success, ) = recipient.call{ value: amount }("");
                                         ^

. Solidity failed to generate bytecode for your contract. Check if all the abstract functions are implemented. 
Process Process-1:
Traceback (most recent call last):
  File "/usr/lib/python3.7/multiprocessing/process.py", line 297, in _bootstrap
    self.run()
  File "/usr/lib/python3.7/multiprocessing/process.py", line 99, in run
    self._target(*self._args, **self._kwargs)
  File "/usr/local/lib/python3.7/dist-packages/manticore/ethereum/manticore.py", line 1766, in worker_finalize
    finalizer(q.get_nowait())
  File "/usr/local/lib/python3.7/dist-packages/manticore/ethereum/manticore.py", line 1757, in finalizer
    if only_alive_states and last_tx.result in {"REVERT", "THROW", "TXERROR"}:
AttributeError: 'NoneType' object has no attribute 'result'
2023-07-03 16:16:42,900: [286] m.c.manticore:INFO: Results in /mcore_5to1xk0p
2023-07-03 16:16:42,901: [286] m.c.manticore:WARNING: Manticore failed to run
2023-07-03 16:16:43,553: [311] m.main:INFO: Registered plugins: IntrospectionAPIPlugin, <class 'manticore.ethereum.plugins.SkipRevertBasicBlocks'>, <class 'manticore.ethereum.plugins.FilterFunctions'>
2023-07-03 16:16:43,553: [311] m.main:INFO: Beginning analysis
2023-07-03 16:16:43,555: [311] m.e.manticore:INFO: Starting symbolic create contract
2023-07-03 16:16:43,576: [311] m.e.manticore:INFO: Failed to build contract value: Errors : Invalid solc compilation sb/SwapUtils_1.sol:350:42: Error: Expected ';' but got '{'
        (bool success, ) = recipient.call{ value: amount }("");
                                         ^

. Solidity failed to generate bytecode for your contract. Check if all the abstract functions are implemented. 
Process Process-1:
Traceback (most recent call last):
  File "/usr/lib/python3.7/multiprocessing/process.py", line 297, in _bootstrap
    self.run()
  File "/usr/lib/python3.7/multiprocessing/process.py", line 99, in run
    self._target(*self._args, **self._kwargs)
  File "/usr/local/lib/python3.7/dist-packages/manticore/ethereum/manticore.py", line 1766, in worker_finalize
    finalizer(q.get_nowait())
  File "/usr/local/lib/python3.7/dist-packages/manticore/ethereum/manticore.py", line 1757, in finalizer
    if only_alive_states and last_tx.result in {"REVERT", "THROW", "TXERROR"}:
AttributeError: 'NoneType' object has no attribute 'result'
2023-07-03 16:16:43,640: [311] m.c.manticore:INFO: Results in /mcore_o9t7zmwv
2023-07-03 16:16:43,640: [311] m.c.manticore:WARNING: Manticore failed to run
2023-07-03 16:16:44,312: [336] m.main:INFO: Registered plugins: IntrospectionAPIPlugin, <class 'manticore.ethereum.plugins.SkipRevertBasicBlocks'>, <class 'manticore.ethereum.plugins.FilterFunctions'>
2023-07-03 16:16:44,312: [336] m.main:INFO: Beginning analysis
2023-07-03 16:16:44,314: [336] m.e.manticore:INFO: Starting symbolic create contract
2023-07-03 16:16:44,352: [336] m.e.manticore:INFO: Failed to build contract amount Errors : Invalid solc compilation sb/SwapUtils_1.sol:350:42: Error: Expected ';' but got '{'
        (bool success, ) = recipient.call{ value: amount }("");
                                         ^

. Solidity failed to generate bytecode for your contract. Check if all the abstract functions are implemented. 
Process Process-1:
Traceback (most recent call last):
  File "/usr/lib/python3.7/multiprocessing/process.py", line 297, in _bootstrap
    self.run()
  File "/usr/lib/python3.7/multiprocessing/process.py", line 99, in run
    self._target(*self._args, **self._kwargs)
  File "/usr/local/lib/python3.7/dist-packages/manticore/ethereum/manticore.py", line 1766, in worker_finalize
    finalizer(q.get_nowait())
  File "/usr/local/lib/python3.7/dist-packages/manticore/ethereum/manticore.py", line 1757, in finalizer
    if only_alive_states and last_tx.result in {"REVERT", "THROW", "TXERROR"}:
AttributeError: 'NoneType' object has no attribute 'result'
2023-07-03 16:16:44,441: [336] m.c.manticore:INFO: Results in /mcore_vqvs6yrc
2023-07-03 16:16:44,441: [336] m.c.manticore:WARNING: Manticore failed to run
2023-07-03 16:16:45,129: [361] m.main:INFO: Registered plugins: IntrospectionAPIPlugin, <class 'manticore.ethereum.plugins.SkipRevertBasicBlocks'>, <class 'manticore.ethereum.plugins.FilterFunctions'>
2023-07-03 16:16:45,130: [361] m.main:INFO: Beginning analysis
2023-07-03 16:16:45,133: [361] m.e.manticore:INFO: Starting symbolic create contract
2023-07-03 16:16:45,174: [361] m.e.manticore:INFO: Failed to build contract }(""); Errors : Invalid solc compilation sb/SwapUtils_1.sol:350:42: Error: Expected ';' but got '{'
        (bool success, ) = recipient.call{ value: amount }("");
                                         ^

. Solidity failed to generate bytecode for your contract. Check if all the abstract functions are implemented. 
Process Process-1:
Traceback (most recent call last):
  File "/usr/lib/python3.7/multiprocessing/process.py", line 297, in _bootstrap
    self.run()
  File "/usr/lib/python3.7/multiprocessing/process.py", line 99, in run
    self._target(*self._args, **self._kwargs)
  File "/usr/local/lib/python3.7/dist-packages/manticore/ethereum/manticore.py", line 1766, in worker_finalize
    finalizer(q.get_nowait())
  File "/usr/local/lib/python3.7/dist-packages/manticore/ethereum/manticore.py", line 1757, in finalizer
    if only_alive_states and last_tx.result in {"REVERT", "THROW", "TXERROR"}:
AttributeError: 'NoneType' object has no attribute 'result'
2023-07-03 16:16:45,313: [361] m.c.manticore:INFO: Results in /mcore_6f60_1kd
2023-07-03 16:16:45,313: [361] m.c.manticore:WARNING: Manticore failed to run
2023-07-03 16:16:45,936: [386] m.main:INFO: Registered plugins: IntrospectionAPIPlugin, <class 'manticore.ethereum.plugins.SkipRevertBasicBlocks'>, <class 'manticore.ethereum.plugins.FilterFunctions'>
2023-07-03 16:16:45,936: [386] m.main:INFO: Beginning analysis
2023-07-03 16:16:45,939: [386] m.e.manticore:INFO: Starting symbolic create contract
2023-07-03 16:16:45,959: [386] m.e.manticore:INFO: Failed to build contract ^ Errors : Invalid solc compilation sb/SwapUtils_1.sol:350:42: Error: Expected ';' but got '{'
        (bool success, ) = recipient.call{ value: amount }("");
                                         ^

. Solidity failed to generate bytecode for your contract. Check if all the abstract functions are implemented. 
Process Process-1:
Traceback (most recent call last):
  File "/usr/lib/python3.7/multiprocessing/process.py", line 297, in _bootstrap
    self.run()
  File "/usr/lib/python3.7/multiprocessing/process.py", line 99, in run
    self._target(*self._args, **self._kwargs)
  File "/usr/local/lib/python3.7/dist-packages/manticore/ethereum/manticore.py", line 1766, in worker_finalize
    finalizer(q.get_nowait())
  File "/usr/local/lib/python3.7/dist-packages/manticore/ethereum/manticore.py", line 1757, in finalizer
    if only_alive_states and last_tx.result in {"REVERT", "THROW", "TXERROR"}:
AttributeError: 'NoneType' object has no attribute 'result'
2023-07-03 16:16:46,085: [386] m.c.manticore:INFO: Results in /mcore_bte2vfov
2023-07-03 16:16:46,086: [386] m.c.manticore:WARNING: Manticore failed to run
