2023-07-03 16:41:59,397: [11] m.main:INFO: Registered plugins: IntrospectionAPIPlugin, <class 'manticore.ethereum.plugins.SkipRevertBasicBlocks'>, <class 'manticore.ethereum.plugins.FilterFunctions'>
2023-07-03 16:41:59,397: [11] m.main:INFO: Beginning analysis
2023-07-03 16:41:59,400: [11] m.e.manticore:INFO: Starting symbolic create contract
2023-07-03 16:41:59,435: [11] m.e.manticore:INFO: Failed to build contract ParserError: Errors : Invalid solc compilation Error: Expected identifier but got '}'
    --> sb/xMPH_2.sol:2269:1:
     |
2269 | } from "@openzeppelin/contracts-upgradeable/token/ERC20/ERC20Upgradeable.sol";
     | ^


. Solidity failed to generate bytecode for your contract. Check if all the abstract functions are implemented. 
Process Process-1:
Traceback (most recent call last):
  File "/usr/lib/python3.7/multiprocessing/process.py", line 297, in _bootstrap
    self.run()
  File "/usr/lib/python3.7/multiprocessing/process.py", line 99, in run
    self._target(*self._args, **self._kwargs)
  File "/usr/local/lib/python3.7/dist-packages/manticore/ethereum/manticore.py", line 1766, in worker_finalize
    finalizer(q.get_nowait())
  File "/usr/local/lib/python3.7/dist-packages/manticore/ethereum/manticore.py", line 1757, in finalizer
    if only_alive_states and last_tx.result in {"REVERT", "THROW", "TXERROR"}:
AttributeError: 'NoneType' object has no attribute 'result'
2023-07-03 16:41:59,527: [11] m.c.manticore:INFO: Results in /mcore_1xiim_l6
2023-07-03 16:41:59,527: [11] m.c.manticore:WARNING: Manticore failed to run
2023-07-03 16:42:00,154: [36] m.main:INFO: Registered plugins: IntrospectionAPIPlugin, <class 'manticore.ethereum.plugins.SkipRevertBasicBlocks'>, <class 'manticore.ethereum.plugins.FilterFunctions'>
2023-07-03 16:42:00,155: [36] m.main:INFO: Beginning analysis
2023-07-03 16:42:00,158: [36] m.e.manticore:INFO: Starting symbolic create contract
2023-07-03 16:42:00,193: [36] m.e.manticore:INFO: Failed to build contract Expected Errors : Invalid solc compilation Error: Expected identifier but got '}'
    --> sb/xMPH_2.sol:2269:1:
     |
2269 | } from "@openzeppelin/contracts-upgradeable/token/ERC20/ERC20Upgradeable.sol";
     | ^


. Solidity failed to generate bytecode for your contract. Check if all the abstract functions are implemented. 
Process Process-1:
Traceback (most recent call last):
  File "/usr/lib/python3.7/multiprocessing/process.py", line 297, in _bootstrap
    self.run()
  File "/usr/lib/python3.7/multiprocessing/process.py", line 99, in run
    self._target(*self._args, **self._kwargs)
  File "/usr/local/lib/python3.7/dist-packages/manticore/ethereum/manticore.py", line 1766, in worker_finalize
    finalizer(q.get_nowait())
  File "/usr/local/lib/python3.7/dist-packages/manticore/ethereum/manticore.py", line 1757, in finalizer
    if only_alive_states and last_tx.result in {"REVERT", "THROW", "TXERROR"}:
AttributeError: 'NoneType' object has no attribute 'result'
2023-07-03 16:42:00,289: [36] m.c.manticore:INFO: Results in /mcore_z7ejeic6
2023-07-03 16:42:00,289: [36] m.c.manticore:WARNING: Manticore failed to run
2023-07-03 16:42:00,892: [61] m.main:INFO: Registered plugins: IntrospectionAPIPlugin, <class 'manticore.ethereum.plugins.SkipRevertBasicBlocks'>, <class 'manticore.ethereum.plugins.FilterFunctions'>
2023-07-03 16:42:00,893: [61] m.main:INFO: Beginning analysis
2023-07-03 16:42:00,895: [61] m.e.manticore:INFO: Starting symbolic create contract
2023-07-03 16:42:00,926: [61] m.e.manticore:INFO: Failed to build contract identifier Errors : Invalid solc compilation Error: Expected identifier but got '}'
    --> sb/xMPH_2.sol:2269:1:
     |
2269 | } from "@openzeppelin/contracts-upgradeable/token/ERC20/ERC20Upgradeable.sol";
     | ^


. Solidity failed to generate bytecode for your contract. Check if all the abstract functions are implemented. 
Process Process-1:
Traceback (most recent call last):
  File "/usr/lib/python3.7/multiprocessing/process.py", line 297, in _bootstrap
    self.run()
  File "/usr/lib/python3.7/multiprocessing/process.py", line 99, in run
    self._target(*self._args, **self._kwargs)
  File "/usr/local/lib/python3.7/dist-packages/manticore/ethereum/manticore.py", line 1766, in worker_finalize
    finalizer(q.get_nowait())
  File "/usr/local/lib/python3.7/dist-packages/manticore/ethereum/manticore.py", line 1757, in finalizer
    if only_alive_states and last_tx.result in {"REVERT", "THROW", "TXERROR"}:
AttributeError: 'NoneType' object has no attribute 'result'
2023-07-03 16:42:01,010: [61] m.c.manticore:INFO: Results in /mcore_fc10uqmb
2023-07-03 16:42:01,010: [61] m.c.manticore:WARNING: Manticore failed to run
2023-07-03 16:42:01,668: [86] m.main:INFO: Registered plugins: IntrospectionAPIPlugin, <class 'manticore.ethereum.plugins.SkipRevertBasicBlocks'>, <class 'manticore.ethereum.plugins.FilterFunctions'>
2023-07-03 16:42:01,668: [86] m.main:INFO: Beginning analysis
2023-07-03 16:42:01,671: [86] m.e.manticore:INFO: Starting symbolic create contract
2023-07-03 16:42:01,707: [86] m.e.manticore:INFO: Failed to build contract but Errors : Invalid solc compilation Error: Expected identifier but got '}'
    --> sb/xMPH_2.sol:2269:1:
     |
2269 | } from "@openzeppelin/contracts-upgradeable/token/ERC20/ERC20Upgradeable.sol";
     | ^


. Solidity failed to generate bytecode for your contract. Check if all the abstract functions are implemented. 
Process Process-1:
Traceback (most recent call last):
  File "/usr/lib/python3.7/multiprocessing/process.py", line 297, in _bootstrap
    self.run()
  File "/usr/lib/python3.7/multiprocessing/process.py", line 99, in run
    self._target(*self._args, **self._kwargs)
  File "/usr/local/lib/python3.7/dist-packages/manticore/ethereum/manticore.py", line 1766, in worker_finalize
    finalizer(q.get_nowait())
  File "/usr/local/lib/python3.7/dist-packages/manticore/ethereum/manticore.py", line 1757, in finalizer
    if only_alive_states and last_tx.result in {"REVERT", "THROW", "TXERROR"}:
AttributeError: 'NoneType' object has no attribute 'result'
2023-07-03 16:42:01,782: [86] m.c.manticore:INFO: Results in /mcore_4estf18u
2023-07-03 16:42:01,782: [86] m.c.manticore:WARNING: Manticore failed to run
2023-07-03 16:42:02,507: [111] m.main:INFO: Registered plugins: IntrospectionAPIPlugin, <class 'manticore.ethereum.plugins.SkipRevertBasicBlocks'>, <class 'manticore.ethereum.plugins.FilterFunctions'>
2023-07-03 16:42:02,508: [111] m.main:INFO: Beginning analysis
2023-07-03 16:42:02,511: [111] m.e.manticore:INFO: Starting symbolic create contract
2023-07-03 16:42:02,530: [111] m.e.manticore:INFO: Failed to build contract got Errors : Invalid solc compilation Error: Expected identifier but got '}'
    --> sb/xMPH_2.sol:2269:1:
     |
2269 | } from "@openzeppelin/contracts-upgradeable/token/ERC20/ERC20Upgradeable.sol";
     | ^


. Solidity failed to generate bytecode for your contract. Check if all the abstract functions are implemented. 
Process Process-1:
Traceback (most recent call last):
  File "/usr/lib/python3.7/multiprocessing/process.py", line 297, in _bootstrap
    self.run()
  File "/usr/lib/python3.7/multiprocessing/process.py", line 99, in run
    self._target(*self._args, **self._kwargs)
  File "/usr/local/lib/python3.7/dist-packages/manticore/ethereum/manticore.py", line 1766, in worker_finalize
    finalizer(q.get_nowait())
  File "/usr/local/lib/python3.7/dist-packages/manticore/ethereum/manticore.py", line 1757, in finalizer
    if only_alive_states and last_tx.result in {"REVERT", "THROW", "TXERROR"}:
AttributeError: 'NoneType' object has no attribute 'result'
2023-07-03 16:42:02,647: [111] m.c.manticore:INFO: Results in /mcore_lr3qblyi
2023-07-03 16:42:02,647: [111] m.c.manticore:WARNING: Manticore failed to run
2023-07-03 16:42:03,263: [136] m.main:INFO: Registered plugins: IntrospectionAPIPlugin, <class 'manticore.ethereum.plugins.SkipRevertBasicBlocks'>, <class 'manticore.ethereum.plugins.FilterFunctions'>
2023-07-03 16:42:03,263: [136] m.main:INFO: Beginning analysis
2023-07-03 16:42:03,267: [136] m.e.manticore:INFO: Starting symbolic create contract
2023-07-03 16:42:03,304: [136] m.e.manticore:INFO: Failed to build contract '}' Errors : Invalid solc compilation Error: Expected identifier but got '}'
    --> sb/xMPH_2.sol:2269:1:
     |
2269 | } from "@openzeppelin/contracts-upgradeable/token/ERC20/ERC20Upgradeable.sol";
     | ^


. Solidity failed to generate bytecode for your contract. Check if all the abstract functions are implemented. 
Process Process-1:
Traceback (most recent call last):
  File "/usr/lib/python3.7/multiprocessing/process.py", line 297, in _bootstrap
    self.run()
  File "/usr/lib/python3.7/multiprocessing/process.py", line 99, in run
    self._target(*self._args, **self._kwargs)
  File "/usr/local/lib/python3.7/dist-packages/manticore/ethereum/manticore.py", line 1766, in worker_finalize
    finalizer(q.get_nowait())
  File "/usr/local/lib/python3.7/dist-packages/manticore/ethereum/manticore.py", line 1757, in finalizer
    if only_alive_states and last_tx.result in {"REVERT", "THROW", "TXERROR"}:
AttributeError: 'NoneType' object has no attribute 'result'
2023-07-03 16:42:03,392: [136] m.c.manticore:INFO: Results in /mcore_sdaail0y
2023-07-03 16:42:03,392: [136] m.c.manticore:WARNING: Manticore failed to run
usage: manticore [-h] [--compile-force-framework COMPILE_FORCE_FRAMEWORK]
                 [--compile-remove-metadata]
                 [--compile-custom-build COMPILE_CUSTOM_BUILD]
                 [--ignore-compile] [--solc SOLC] [--solc-remaps SOLC_REMAPS]
                 [--solc-args SOLC_ARGS] [--solc-disable-warnings]
                 [--solc-working-dir SOLC_WORKING_DIR]
                 [--solc-solcs-select SOLC_SOLCS_SELECT]
                 [--solc-solcs-bin SOLC_SOLCS_BIN] [--solc-standard-json]
                 [--solc-force-legacy-json] [--truffle-ignore-compile]
                 [--truffle-build-directory TRUFFLE_BUILD_DIRECTORY]
                 [--truffle-version TRUFFLE_VERSION]
                 [--truffle-overwrite-config]
                 [--truffle-overwrite-version TRUFFLE_OVERWRITE_VERSION]
                 [--embark-ignore-compile] [--embark-overwrite-config]
                 [--dapp-ignore-compile] [--etherlime-ignore-compile]
                 [--etherlime-compile-arguments]
                 [--etherscan-only-source-code] [--etherscan-only-bytecode]
                 [--etherscan-apikey ETHERSCAN_API_KEY]
                 [--arbiscan-apikey ARBISCAN_API_KEY]
                 [--polygonscan-apikey POLYGONSCAN_API_KEY]
                 [--avax-apikey AVAX_API_KEY]
                 [--ftmscan-apikey FTMSCAN_API_KEY]
                 [--bscan-apikey BSCAN_API_KEY]
                 [--etherscan-export-directory ETHERSCAN_EXPORT_DIR]
                 [--waffle-ignore-compile]
                 [--waffle-config-file WAFFLE_CONFIG_FILE] [--npx-disable]
                 [--buidler-ignore-compile]
                 [--buidler-cache-directory BUIDLER_CACHE_DIRECTORY]
                 [--buidler-skip-directory-name-fix]
                 [--hardhat-ignore-compile]
                 [--hardhat-cache-directory HARDHAT_CACHE_DIRECTORY]
                 [--hardhat-artifacts-directory HARDHAT_ARTIFACTS_DIRECTORY]
                 [--coverage COVERAGE] [--no-colors] [--policy POLICY] [-v]
                 [--workspace WORKSPACE] [--version] [--config CONFIG]
                 [--entrysymbol ENTRYSYMBOL] [--data DATA] [--file FILES]
                 [--env ENV] [--pure-symbolic] [--verbose-trace]
                 [--txlimit TXLIMIT] [--txnocoverage] [--txnoether]
                 [--txaccount TXACCOUNT] [--txpreconstrain]
                 [--contract CONTRACT] [--list-detectors]
                 [--exclude DETECTORS_TO_EXCLUDE] [--exclude-all]
                 [--avoid-constant] [--limit-loops] [--no-testcases]
                 [--only-alive-testcases] [--thorough-mode]
                 [--core.compress_states CORE.COMPRESS_STATES]
                 [--core.execs_per_intermittent_cb CORE.EXECS_PER_INTERMITTENT_CB]
                 [--core.HOST CORE.HOST] [--core.PORT CORE.PORT]
                 [--core.fast_fail CORE.FAST_FAIL]
                 [--core.timeout CORE.TIMEOUT] [--core.cluster CORE.CLUSTER]
                 [--core.procs CORE.PROCS]
                 [--core.mprocessing CORE.MPROCESSING] [--core.seed CORE.SEED]
                 [--smt.timeout SMT.TIMEOUT] [--smt.memory SMT.MEMORY]
                 [--smt.maxsolutions SMT.MAXSOLUTIONS]
                 [--smt.z3_bin SMT.Z3_BIN] [--smt.cvc4_bin SMT.CVC4_BIN]
                 [--smt.yices_bin SMT.YICES_BIN]
                 [--smt.boolector_bin SMT.BOOLECTOR_BIN]
                 [--smt.defaultunsat SMT.DEFAULTUNSAT]
                 [--smt.optimize SMT.OPTIMIZE] [--smt.solver SMT.SOLVER]
                 [--workspace.prefix WORKSPACE.PREFIX]
                 [--workspace.dir WORKSPACE.DIR] [--evm.oog EVM.OOG]
                 [--evm.txfail EVM.TXFAIL]
                 [--evm.calldata_max_offset EVM.CALLDATA_MAX_OFFSET]
                 [--evm.calldata_max_size EVM.CALLDATA_MAX_SIZE]
                 [--evm.ignore_balance EVM.IGNORE_BALANCE]
                 [--evm.defaultgas EVM.DEFAULTGAS] [--evm.sha3 EVM.SHA3]
                 [--evm.sha3timeout EVM.SHA3TIMEOUT] [--evm.events EVM.EVENTS]
                 [--cli.profile CLI.PROFILE]
                 [--cli.explore_balance CLI.EXPLORE_BALANCE]
                 [--cli.skip_reverts CLI.SKIP_REVERTS]
                 [--cli.target_func CLI.TARGET_FUNC]
                 [--wasm.decode_names WASM.DECODE_NAMES]
                 [--main.recursionlimit MAIN.RECURSIONLIMIT]
                 [--native.fast_crash NATIVE.FAST_CRASH]
                 [--native.stdin_size NATIVE.STDIN_SIZE]
                 [argv [argv ...]]
manticore: error: argument --contract: expected one argument
mv: cannot stat '/mcore_*': No such file or directory
2023-07-03 16:42:04,800: [165] m.main:INFO: Registered plugins: IntrospectionAPIPlugin, <class 'manticore.ethereum.plugins.SkipRevertBasicBlocks'>, <class 'manticore.ethereum.plugins.FilterFunctions'>
2023-07-03 16:42:04,801: [165] m.main:INFO: Beginning analysis
2023-07-03 16:42:04,803: [165] m.e.manticore:INFO: Starting symbolic create contract
2023-07-03 16:42:04,833: [165] m.e.manticore:INFO: Failed to build contract /sb/xMPH_2.sol:2269:1: Errors : Invalid solc compilation Error: Expected identifier but got '}'
    --> sb/xMPH_2.sol:2269:1:
     |
2269 | } from "@openzeppelin/contracts-upgradeable/token/ERC20/ERC20Upgradeable.sol";
     | ^


. Solidity failed to generate bytecode for your contract. Check if all the abstract functions are implemented. 
Process Process-1:
Traceback (most recent call last):
  File "/usr/lib/python3.7/multiprocessing/process.py", line 297, in _bootstrap
    self.run()
  File "/usr/lib/python3.7/multiprocessing/process.py", line 99, in run
    self._target(*self._args, **self._kwargs)
  File "/usr/local/lib/python3.7/dist-packages/manticore/ethereum/manticore.py", line 1766, in worker_finalize
    finalizer(q.get_nowait())
  File "/usr/local/lib/python3.7/dist-packages/manticore/ethereum/manticore.py", line 1757, in finalizer
    if only_alive_states and last_tx.result in {"REVERT", "THROW", "TXERROR"}:
AttributeError: 'NoneType' object has no attribute 'result'
2023-07-03 16:42:04,908: [165] m.c.manticore:INFO: Results in /mcore_bk26kutr
2023-07-03 16:42:04,908: [165] m.c.manticore:WARNING: Manticore failed to run
2023-07-03 16:42:05,653: [190] m.main:INFO: Registered plugins: IntrospectionAPIPlugin, <class 'manticore.ethereum.plugins.SkipRevertBasicBlocks'>, <class 'manticore.ethereum.plugins.FilterFunctions'>
2023-07-03 16:42:05,653: [190] m.main:INFO: Beginning analysis
2023-07-03 16:42:05,656: [190] m.e.manticore:INFO: Starting symbolic create contract
2023-07-03 16:42:05,692: [190] m.e.manticore:INFO: Failed to build contract | Errors : Invalid solc compilation Error: Expected identifier but got '}'
    --> sb/xMPH_2.sol:2269:1:
     |
2269 | } from "@openzeppelin/contracts-upgradeable/token/ERC20/ERC20Upgradeable.sol";
     | ^


. Solidity failed to generate bytecode for your contract. Check if all the abstract functions are implemented. 
Process Process-1:
Traceback (most recent call last):
  File "/usr/lib/python3.7/multiprocessing/process.py", line 297, in _bootstrap
    self.run()
  File "/usr/lib/python3.7/multiprocessing/process.py", line 99, in run
    self._target(*self._args, **self._kwargs)
  File "/usr/local/lib/python3.7/dist-packages/manticore/ethereum/manticore.py", line 1766, in worker_finalize
    finalizer(q.get_nowait())
  File "/usr/local/lib/python3.7/dist-packages/manticore/ethereum/manticore.py", line 1757, in finalizer
    if only_alive_states and last_tx.result in {"REVERT", "THROW", "TXERROR"}:
AttributeError: 'NoneType' object has no attribute 'result'
2023-07-03 16:42:05,766: [190] m.c.manticore:INFO: Results in /mcore_u6lebg_7
2023-07-03 16:42:05,767: [190] m.c.manticore:WARNING: Manticore failed to run
2023-07-03 16:42:06,457: [215] m.main:INFO: Registered plugins: IntrospectionAPIPlugin, <class 'manticore.ethereum.plugins.SkipRevertBasicBlocks'>, <class 'manticore.ethereum.plugins.FilterFunctions'>
2023-07-03 16:42:06,458: [215] m.main:INFO: Beginning analysis
2023-07-03 16:42:06,461: [215] m.e.manticore:INFO: Starting symbolic create contract
2023-07-03 16:42:06,504: [215] m.e.manticore:INFO: Failed to build contract 2269 Errors : Invalid solc compilation Error: Expected identifier but got '}'
    --> sb/xMPH_2.sol:2269:1:
     |
2269 | } from "@openzeppelin/contracts-upgradeable/token/ERC20/ERC20Upgradeable.sol";
     | ^


. Solidity failed to generate bytecode for your contract. Check if all the abstract functions are implemented. 
Process Process-1:
Traceback (most recent call last):
  File "/usr/lib/python3.7/multiprocessing/process.py", line 297, in _bootstrap
    self.run()
  File "/usr/lib/python3.7/multiprocessing/process.py", line 99, in run
    self._target(*self._args, **self._kwargs)
  File "/usr/local/lib/python3.7/dist-packages/manticore/ethereum/manticore.py", line 1766, in worker_finalize
    finalizer(q.get_nowait())
  File "/usr/local/lib/python3.7/dist-packages/manticore/ethereum/manticore.py", line 1757, in finalizer
    if only_alive_states and last_tx.result in {"REVERT", "THROW", "TXERROR"}:
AttributeError: 'NoneType' object has no attribute 'result'
2023-07-03 16:42:06,575: [215] m.c.manticore:INFO: Results in /mcore_i07rcc3s
2023-07-03 16:42:06,576: [215] m.c.manticore:WARNING: Manticore failed to run
2023-07-03 16:42:07,344: [240] m.main:INFO: Registered plugins: IntrospectionAPIPlugin, <class 'manticore.ethereum.plugins.SkipRevertBasicBlocks'>, <class 'manticore.ethereum.plugins.FilterFunctions'>
2023-07-03 16:42:07,344: [240] m.main:INFO: Beginning analysis
2023-07-03 16:42:07,346: [240] m.e.manticore:INFO: Starting symbolic create contract
2023-07-03 16:42:07,371: [240] m.e.manticore:INFO: Failed to build contract | Errors : Invalid solc compilation Error: Expected identifier but got '}'
    --> sb/xMPH_2.sol:2269:1:
     |
2269 | } from "@openzeppelin/contracts-upgradeable/token/ERC20/ERC20Upgradeable.sol";
     | ^


. Solidity failed to generate bytecode for your contract. Check if all the abstract functions are implemented. 
Process Process-1:
Traceback (most recent call last):
  File "/usr/lib/python3.7/multiprocessing/process.py", line 297, in _bootstrap
    self.run()
  File "/usr/lib/python3.7/multiprocessing/process.py", line 99, in run
    self._target(*self._args, **self._kwargs)
  File "/usr/local/lib/python3.7/dist-packages/manticore/ethereum/manticore.py", line 1766, in worker_finalize
    finalizer(q.get_nowait())
  File "/usr/local/lib/python3.7/dist-packages/manticore/ethereum/manticore.py", line 1757, in finalizer
    if only_alive_states and last_tx.result in {"REVERT", "THROW", "TXERROR"}:
AttributeError: 'NoneType' object has no attribute 'result'
2023-07-03 16:42:07,441: [240] m.c.manticore:INFO: Results in /mcore_yeygxt4f
2023-07-03 16:42:07,442: [240] m.c.manticore:WARNING: Manticore failed to run
2023-07-03 16:42:08,260: [265] m.main:INFO: Registered plugins: IntrospectionAPIPlugin, <class 'manticore.ethereum.plugins.SkipRevertBasicBlocks'>, <class 'manticore.ethereum.plugins.FilterFunctions'>
2023-07-03 16:42:08,260: [265] m.main:INFO: Beginning analysis
2023-07-03 16:42:08,263: [265] m.e.manticore:INFO: Starting symbolic create contract
2023-07-03 16:42:08,299: [265] m.e.manticore:INFO: Failed to build contract } Errors : Invalid solc compilation Error: Expected identifier but got '}'
    --> sb/xMPH_2.sol:2269:1:
     |
2269 | } from "@openzeppelin/contracts-upgradeable/token/ERC20/ERC20Upgradeable.sol";
     | ^


. Solidity failed to generate bytecode for your contract. Check if all the abstract functions are implemented. 
Process Process-1:
Traceback (most recent call last):
  File "/usr/lib/python3.7/multiprocessing/process.py", line 297, in _bootstrap
    self.run()
  File "/usr/lib/python3.7/multiprocessing/process.py", line 99, in run
    self._target(*self._args, **self._kwargs)
  File "/usr/local/lib/python3.7/dist-packages/manticore/ethereum/manticore.py", line 1766, in worker_finalize
    finalizer(q.get_nowait())
  File "/usr/local/lib/python3.7/dist-packages/manticore/ethereum/manticore.py", line 1757, in finalizer
    if only_alive_states and last_tx.result in {"REVERT", "THROW", "TXERROR"}:
AttributeError: 'NoneType' object has no attribute 'result'
2023-07-03 16:42:08,382: [265] m.c.manticore:INFO: Results in /mcore_tyj4yg51
2023-07-03 16:42:08,382: [265] m.c.manticore:WARNING: Manticore failed to run
2023-07-03 16:42:09,071: [290] m.main:INFO: Registered plugins: IntrospectionAPIPlugin, <class 'manticore.ethereum.plugins.SkipRevertBasicBlocks'>, <class 'manticore.ethereum.plugins.FilterFunctions'>
2023-07-03 16:42:09,071: [290] m.main:INFO: Beginning analysis
2023-07-03 16:42:09,073: [290] m.e.manticore:INFO: Starting symbolic create contract
2023-07-03 16:42:09,092: [290] m.e.manticore:INFO: Failed to build contract from Errors : Invalid solc compilation Error: Expected identifier but got '}'
    --> sb/xMPH_2.sol:2269:1:
     |
2269 | } from "@openzeppelin/contracts-upgradeable/token/ERC20/ERC20Upgradeable.sol";
     | ^


. Solidity failed to generate bytecode for your contract. Check if all the abstract functions are implemented. 
Process Process-1:
Traceback (most recent call last):
  File "/usr/lib/python3.7/multiprocessing/process.py", line 297, in _bootstrap
    self.run()
  File "/usr/lib/python3.7/multiprocessing/process.py", line 99, in run
    self._target(*self._args, **self._kwargs)
  File "/usr/local/lib/python3.7/dist-packages/manticore/ethereum/manticore.py", line 1766, in worker_finalize
    finalizer(q.get_nowait())
  File "/usr/local/lib/python3.7/dist-packages/manticore/ethereum/manticore.py", line 1757, in finalizer
    if only_alive_states and last_tx.result in {"REVERT", "THROW", "TXERROR"}:
AttributeError: 'NoneType' object has no attribute 'result'
2023-07-03 16:42:09,186: [290] m.c.manticore:INFO: Results in /mcore_2o2e46ij
2023-07-03 16:42:09,186: [290] m.c.manticore:WARNING: Manticore failed to run
2023-07-03 16:42:09,850: [315] m.main:INFO: Registered plugins: IntrospectionAPIPlugin, <class 'manticore.ethereum.plugins.SkipRevertBasicBlocks'>, <class 'manticore.ethereum.plugins.FilterFunctions'>
2023-07-03 16:42:09,851: [315] m.main:INFO: Beginning analysis
2023-07-03 16:42:09,853: [315] m.e.manticore:INFO: Starting symbolic create contract
2023-07-03 16:42:09,878: [315] m.e.manticore:INFO: Failed to build contract "@openzeppelin/contracts-upgradeable/token/ERC20/ERC20Upgradeable.sol"; Errors : Invalid solc compilation Error: Expected identifier but got '}'
    --> sb/xMPH_2.sol:2269:1:
     |
2269 | } from "@openzeppelin/contracts-upgradeable/token/ERC20/ERC20Upgradeable.sol";
     | ^


. Solidity failed to generate bytecode for your contract. Check if all the abstract functions are implemented. 
Process Process-1:
Traceback (most recent call last):
  File "/usr/lib/python3.7/multiprocessing/process.py", line 297, in _bootstrap
    self.run()
  File "/usr/lib/python3.7/multiprocessing/process.py", line 99, in run
    self._target(*self._args, **self._kwargs)
  File "/usr/local/lib/python3.7/dist-packages/manticore/ethereum/manticore.py", line 1766, in worker_finalize
    finalizer(q.get_nowait())
  File "/usr/local/lib/python3.7/dist-packages/manticore/ethereum/manticore.py", line 1757, in finalizer
    if only_alive_states and last_tx.result in {"REVERT", "THROW", "TXERROR"}:
AttributeError: 'NoneType' object has no attribute 'result'
2023-07-03 16:42:09,956: [315] m.c.manticore:INFO: Results in /mcore_2tcq1yka
2023-07-03 16:42:09,957: [315] m.c.manticore:WARNING: Manticore failed to run
2023-07-03 16:42:10,661: [340] m.main:INFO: Registered plugins: IntrospectionAPIPlugin, <class 'manticore.ethereum.plugins.SkipRevertBasicBlocks'>, <class 'manticore.ethereum.plugins.FilterFunctions'>
2023-07-03 16:42:10,661: [340] m.main:INFO: Beginning analysis
2023-07-03 16:42:10,665: [340] m.e.manticore:INFO: Starting symbolic create contract
2023-07-03 16:42:10,693: [340] m.e.manticore:INFO: Failed to build contract | Errors : Invalid solc compilation Error: Expected identifier but got '}'
    --> sb/xMPH_2.sol:2269:1:
     |
2269 | } from "@openzeppelin/contracts-upgradeable/token/ERC20/ERC20Upgradeable.sol";
     | ^


. Solidity failed to generate bytecode for your contract. Check if all the abstract functions are implemented. 
Process Process-1:
Traceback (most recent call last):
  File "/usr/lib/python3.7/multiprocessing/process.py", line 297, in _bootstrap
    self.run()
  File "/usr/lib/python3.7/multiprocessing/process.py", line 99, in run
    self._target(*self._args, **self._kwargs)
  File "/usr/local/lib/python3.7/dist-packages/manticore/ethereum/manticore.py", line 1766, in worker_finalize
    finalizer(q.get_nowait())
  File "/usr/local/lib/python3.7/dist-packages/manticore/ethereum/manticore.py", line 1757, in finalizer
    if only_alive_states and last_tx.result in {"REVERT", "THROW", "TXERROR"}:
AttributeError: 'NoneType' object has no attribute 'result'
2023-07-03 16:42:10,766: [340] m.c.manticore:INFO: Results in /mcore_g6qg7t7o
2023-07-03 16:42:10,767: [340] m.c.manticore:WARNING: Manticore failed to run
2023-07-03 16:42:11,650: [365] m.main:INFO: Registered plugins: IntrospectionAPIPlugin, <class 'manticore.ethereum.plugins.SkipRevertBasicBlocks'>, <class 'manticore.ethereum.plugins.FilterFunctions'>
2023-07-03 16:42:11,650: [365] m.main:INFO: Beginning analysis
2023-07-03 16:42:11,653: [365] m.e.manticore:INFO: Starting symbolic create contract
2023-07-03 16:42:11,687: [365] m.e.manticore:INFO: Failed to build contract ^ Errors : Invalid solc compilation Error: Expected identifier but got '}'
    --> sb/xMPH_2.sol:2269:1:
     |
2269 | } from "@openzeppelin/contracts-upgradeable/token/ERC20/ERC20Upgradeable.sol";
     | ^


. Solidity failed to generate bytecode for your contract. Check if all the abstract functions are implemented. 
Process Process-1:
Traceback (most recent call last):
  File "/usr/lib/python3.7/multiprocessing/process.py", line 297, in _bootstrap
    self.run()
  File "/usr/lib/python3.7/multiprocessing/process.py", line 99, in run
    self._target(*self._args, **self._kwargs)
  File "/usr/local/lib/python3.7/dist-packages/manticore/ethereum/manticore.py", line 1766, in worker_finalize
    finalizer(q.get_nowait())
  File "/usr/local/lib/python3.7/dist-packages/manticore/ethereum/manticore.py", line 1757, in finalizer
    if only_alive_states and last_tx.result in {"REVERT", "THROW", "TXERROR"}:
AttributeError: 'NoneType' object has no attribute 'result'
2023-07-03 16:42:11,766: [365] m.c.manticore:INFO: Results in /mcore_paqw249_
2023-07-03 16:42:11,767: [365] m.c.manticore:WARNING: Manticore failed to run
