2023-07-03 15:50:18,874: [11] m.main:INFO: Registered plugins: IntrospectionAPIPlugin, <class 'manticore.ethereum.plugins.SkipRevertBasicBlocks'>, <class 'manticore.ethereum.plugins.FilterFunctions'>
2023-07-03 15:50:18,874: [11] m.main:INFO: Beginning analysis
2023-07-03 15:50:18,877: [11] m.e.manticore:INFO: Starting symbolic create contract
2023-07-03 15:50:18,920: [11] m.e.manticore:INFO: Failed to build contract /sb/TransferHelper_2.sol:71:47: Errors : Invalid solc compilation sb/TransferHelper_2.sol:71:47: Error: Member "transfer" not found or not visible after argument-dependent lookup in type(contract IERC20Minimal).
            token.call(abi.encodeWithSelector(IERC20Minimal.transfer.selector, to, value));
                                              ^--------------------^

. Solidity failed to generate bytecode for your contract. Check if all the abstract functions are implemented. 
Process Process-1:
Traceback (most recent call last):
  File "/usr/lib/python3.7/multiprocessing/process.py", line 297, in _bootstrap
    self.run()
  File "/usr/lib/python3.7/multiprocessing/process.py", line 99, in run
    self._target(*self._args, **self._kwargs)
  File "/usr/local/lib/python3.7/dist-packages/manticore/ethereum/manticore.py", line 1766, in worker_finalize
    finalizer(q.get_nowait())
  File "/usr/local/lib/python3.7/dist-packages/manticore/ethereum/manticore.py", line 1757, in finalizer
    if only_alive_states and last_tx.result in {"REVERT", "THROW", "TXERROR"}:
AttributeError: 'NoneType' object has no attribute 'result'
2023-07-03 15:50:19,014: [11] m.c.manticore:INFO: Results in /mcore_ufklfrb9
2023-07-03 15:50:19,014: [11] m.c.manticore:WARNING: Manticore failed to run
2023-07-03 15:50:19,711: [36] m.main:INFO: Registered plugins: IntrospectionAPIPlugin, <class 'manticore.ethereum.plugins.SkipRevertBasicBlocks'>, <class 'manticore.ethereum.plugins.FilterFunctions'>
2023-07-03 15:50:19,711: [36] m.main:INFO: Beginning analysis
2023-07-03 15:50:19,714: [36] m.e.manticore:INFO: Starting symbolic create contract
2023-07-03 15:50:19,757: [36] m.e.manticore:INFO: Failed to build contract TypeError: Errors : Invalid solc compilation sb/TransferHelper_2.sol:71:47: Error: Member "transfer" not found or not visible after argument-dependent lookup in type(contract IERC20Minimal).
            token.call(abi.encodeWithSelector(IERC20Minimal.transfer.selector, to, value));
                                              ^--------------------^

. Solidity failed to generate bytecode for your contract. Check if all the abstract functions are implemented. 
Process Process-1:
Traceback (most recent call last):
  File "/usr/lib/python3.7/multiprocessing/process.py", line 297, in _bootstrap
    self.run()
  File "/usr/lib/python3.7/multiprocessing/process.py", line 99, in run
    self._target(*self._args, **self._kwargs)
  File "/usr/local/lib/python3.7/dist-packages/manticore/ethereum/manticore.py", line 1766, in worker_finalize
    finalizer(q.get_nowait())
  File "/usr/local/lib/python3.7/dist-packages/manticore/ethereum/manticore.py", line 1757, in finalizer
    if only_alive_states and last_tx.result in {"REVERT", "THROW", "TXERROR"}:
AttributeError: 'NoneType' object has no attribute 'result'
2023-07-03 15:50:19,856: [36] m.c.manticore:INFO: Results in /mcore_0k3nqrqf
2023-07-03 15:50:19,857: [36] m.c.manticore:WARNING: Manticore failed to run
2023-07-03 15:50:20,572: [61] m.main:INFO: Registered plugins: IntrospectionAPIPlugin, <class 'manticore.ethereum.plugins.SkipRevertBasicBlocks'>, <class 'manticore.ethereum.plugins.FilterFunctions'>
2023-07-03 15:50:20,573: [61] m.main:INFO: Beginning analysis
2023-07-03 15:50:20,575: [61] m.e.manticore:INFO: Starting symbolic create contract
2023-07-03 15:50:20,630: [61] m.e.manticore:INFO: Failed to build contract Member Errors : Invalid solc compilation sb/TransferHelper_2.sol:71:47: Error: Member "transfer" not found or not visible after argument-dependent lookup in type(contract IERC20Minimal).
            token.call(abi.encodeWithSelector(IERC20Minimal.transfer.selector, to, value));
                                              ^--------------------^

. Solidity failed to generate bytecode for your contract. Check if all the abstract functions are implemented. 
Process Process-1:
Traceback (most recent call last):
  File "/usr/lib/python3.7/multiprocessing/process.py", line 297, in _bootstrap
    self.run()
  File "/usr/lib/python3.7/multiprocessing/process.py", line 99, in run
    self._target(*self._args, **self._kwargs)
  File "/usr/local/lib/python3.7/dist-packages/manticore/ethereum/manticore.py", line 1766, in worker_finalize
    finalizer(q.get_nowait())
  File "/usr/local/lib/python3.7/dist-packages/manticore/ethereum/manticore.py", line 1757, in finalizer
    if only_alive_states and last_tx.result in {"REVERT", "THROW", "TXERROR"}:
AttributeError: 'NoneType' object has no attribute 'result'
2023-07-03 15:50:20,704: [61] m.c.manticore:INFO: Results in /mcore_2wzlky_j
2023-07-03 15:50:20,705: [61] m.c.manticore:WARNING: Manticore failed to run
2023-07-03 15:50:21,451: [86] m.main:INFO: Registered plugins: IntrospectionAPIPlugin, <class 'manticore.ethereum.plugins.SkipRevertBasicBlocks'>, <class 'manticore.ethereum.plugins.FilterFunctions'>
2023-07-03 15:50:21,451: [86] m.main:INFO: Beginning analysis
2023-07-03 15:50:21,454: [86] m.e.manticore:INFO: Starting symbolic create contract
2023-07-03 15:50:21,492: [86] m.e.manticore:INFO: Failed to build contract "transfer" Errors : Invalid solc compilation sb/TransferHelper_2.sol:71:47: Error: Member "transfer" not found or not visible after argument-dependent lookup in type(contract IERC20Minimal).
            token.call(abi.encodeWithSelector(IERC20Minimal.transfer.selector, to, value));
                                              ^--------------------^

. Solidity failed to generate bytecode for your contract. Check if all the abstract functions are implemented. 
Process Process-1:
Traceback (most recent call last):
  File "/usr/lib/python3.7/multiprocessing/process.py", line 297, in _bootstrap
    self.run()
  File "/usr/lib/python3.7/multiprocessing/process.py", line 99, in run
    self._target(*self._args, **self._kwargs)
  File "/usr/local/lib/python3.7/dist-packages/manticore/ethereum/manticore.py", line 1766, in worker_finalize
    finalizer(q.get_nowait())
  File "/usr/local/lib/python3.7/dist-packages/manticore/ethereum/manticore.py", line 1757, in finalizer
    if only_alive_states and last_tx.result in {"REVERT", "THROW", "TXERROR"}:
AttributeError: 'NoneType' object has no attribute 'result'
2023-07-03 15:50:21,574: [86] m.c.manticore:INFO: Results in /mcore_so8evz54
2023-07-03 15:50:21,574: [86] m.c.manticore:WARNING: Manticore failed to run
2023-07-03 15:50:22,226: [111] m.main:INFO: Registered plugins: IntrospectionAPIPlugin, <class 'manticore.ethereum.plugins.SkipRevertBasicBlocks'>, <class 'manticore.ethereum.plugins.FilterFunctions'>
2023-07-03 15:50:22,227: [111] m.main:INFO: Beginning analysis
2023-07-03 15:50:22,229: [111] m.e.manticore:INFO: Starting symbolic create contract
2023-07-03 15:50:22,247: [111] m.e.manticore:INFO: Failed to build contract not Errors : Invalid solc compilation sb/TransferHelper_2.sol:71:47: Error: Member "transfer" not found or not visible after argument-dependent lookup in type(contract IERC20Minimal).
            token.call(abi.encodeWithSelector(IERC20Minimal.transfer.selector, to, value));
                                              ^--------------------^

. Solidity failed to generate bytecode for your contract. Check if all the abstract functions are implemented. 
Process Process-1:
Traceback (most recent call last):
  File "/usr/lib/python3.7/multiprocessing/process.py", line 297, in _bootstrap
    self.run()
  File "/usr/lib/python3.7/multiprocessing/process.py", line 99, in run
    self._target(*self._args, **self._kwargs)
  File "/usr/local/lib/python3.7/dist-packages/manticore/ethereum/manticore.py", line 1766, in worker_finalize
    finalizer(q.get_nowait())
  File "/usr/local/lib/python3.7/dist-packages/manticore/ethereum/manticore.py", line 1757, in finalizer
    if only_alive_states and last_tx.result in {"REVERT", "THROW", "TXERROR"}:
AttributeError: 'NoneType' object has no attribute 'result'
2023-07-03 15:50:22,322: [111] m.c.manticore:INFO: Results in /mcore__w3za1wn
2023-07-03 15:50:22,323: [111] m.c.manticore:WARNING: Manticore failed to run
2023-07-03 15:50:23,021: [136] m.main:INFO: Registered plugins: IntrospectionAPIPlugin, <class 'manticore.ethereum.plugins.SkipRevertBasicBlocks'>, <class 'manticore.ethereum.plugins.FilterFunctions'>
2023-07-03 15:50:23,021: [136] m.main:INFO: Beginning analysis
2023-07-03 15:50:23,024: [136] m.e.manticore:INFO: Starting symbolic create contract
2023-07-03 15:50:23,056: [136] m.e.manticore:INFO: Failed to build contract found Errors : Invalid solc compilation sb/TransferHelper_2.sol:71:47: Error: Member "transfer" not found or not visible after argument-dependent lookup in type(contract IERC20Minimal).
            token.call(abi.encodeWithSelector(IERC20Minimal.transfer.selector, to, value));
                                              ^--------------------^

. Solidity failed to generate bytecode for your contract. Check if all the abstract functions are implemented. 
Process Process-1:
Traceback (most recent call last):
  File "/usr/lib/python3.7/multiprocessing/process.py", line 297, in _bootstrap
    self.run()
  File "/usr/lib/python3.7/multiprocessing/process.py", line 99, in run
    self._target(*self._args, **self._kwargs)
  File "/usr/local/lib/python3.7/dist-packages/manticore/ethereum/manticore.py", line 1766, in worker_finalize
    finalizer(q.get_nowait())
  File "/usr/local/lib/python3.7/dist-packages/manticore/ethereum/manticore.py", line 1757, in finalizer
    if only_alive_states and last_tx.result in {"REVERT", "THROW", "TXERROR"}:
AttributeError: 'NoneType' object has no attribute 'result'
2023-07-03 15:50:23,136: [136] m.c.manticore:INFO: Results in /mcore_0qxt_099
2023-07-03 15:50:23,136: [136] m.c.manticore:WARNING: Manticore failed to run
2023-07-03 15:50:23,808: [161] m.main:INFO: Registered plugins: IntrospectionAPIPlugin, <class 'manticore.ethereum.plugins.SkipRevertBasicBlocks'>, <class 'manticore.ethereum.plugins.FilterFunctions'>
2023-07-03 15:50:23,808: [161] m.main:INFO: Beginning analysis
2023-07-03 15:50:23,811: [161] m.e.manticore:INFO: Starting symbolic create contract
2023-07-03 15:50:23,842: [161] m.e.manticore:INFO: Failed to build contract or Errors : Invalid solc compilation sb/TransferHelper_2.sol:71:47: Error: Member "transfer" not found or not visible after argument-dependent lookup in type(contract IERC20Minimal).
            token.call(abi.encodeWithSelector(IERC20Minimal.transfer.selector, to, value));
                                              ^--------------------^

. Solidity failed to generate bytecode for your contract. Check if all the abstract functions are implemented. 
Process Process-1:
Traceback (most recent call last):
  File "/usr/lib/python3.7/multiprocessing/process.py", line 297, in _bootstrap
    self.run()
  File "/usr/lib/python3.7/multiprocessing/process.py", line 99, in run
    self._target(*self._args, **self._kwargs)
  File "/usr/local/lib/python3.7/dist-packages/manticore/ethereum/manticore.py", line 1766, in worker_finalize
    finalizer(q.get_nowait())
  File "/usr/local/lib/python3.7/dist-packages/manticore/ethereum/manticore.py", line 1757, in finalizer
    if only_alive_states and last_tx.result in {"REVERT", "THROW", "TXERROR"}:
AttributeError: 'NoneType' object has no attribute 'result'
2023-07-03 15:50:23,925: [161] m.c.manticore:INFO: Results in /mcore_gre8vsim
2023-07-03 15:50:23,925: [161] m.c.manticore:WARNING: Manticore failed to run
2023-07-03 15:50:24,540: [186] m.main:INFO: Registered plugins: IntrospectionAPIPlugin, <class 'manticore.ethereum.plugins.SkipRevertBasicBlocks'>, <class 'manticore.ethereum.plugins.FilterFunctions'>
2023-07-03 15:50:24,541: [186] m.main:INFO: Beginning analysis
2023-07-03 15:50:24,543: [186] m.e.manticore:INFO: Starting symbolic create contract
2023-07-03 15:50:24,584: [186] m.e.manticore:INFO: Failed to build contract not Errors : Invalid solc compilation sb/TransferHelper_2.sol:71:47: Error: Member "transfer" not found or not visible after argument-dependent lookup in type(contract IERC20Minimal).
            token.call(abi.encodeWithSelector(IERC20Minimal.transfer.selector, to, value));
                                              ^--------------------^

. Solidity failed to generate bytecode for your contract. Check if all the abstract functions are implemented. 
Process Process-2:
Traceback (most recent call last):
  File "/usr/lib/python3.7/multiprocessing/process.py", line 297, in _bootstrap
    self.run()
  File "/usr/lib/python3.7/multiprocessing/process.py", line 99, in run
    self._target(*self._args, **self._kwargs)
  File "/usr/local/lib/python3.7/dist-packages/manticore/ethereum/manticore.py", line 1766, in worker_finalize
    finalizer(q.get_nowait())
  File "/usr/local/lib/python3.7/dist-packages/manticore/ethereum/manticore.py", line 1757, in finalizer
    if only_alive_states and last_tx.result in {"REVERT", "THROW", "TXERROR"}:
AttributeError: 'NoneType' object has no attribute 'result'
2023-07-03 15:50:24,656: [186] m.c.manticore:INFO: Results in /mcore_xvbrin17
2023-07-03 15:50:24,657: [186] m.c.manticore:WARNING: Manticore failed to run
2023-07-03 15:50:25,326: [211] m.main:INFO: Registered plugins: IntrospectionAPIPlugin, <class 'manticore.ethereum.plugins.SkipRevertBasicBlocks'>, <class 'manticore.ethereum.plugins.FilterFunctions'>
2023-07-03 15:50:25,326: [211] m.main:INFO: Beginning analysis
2023-07-03 15:50:25,328: [211] m.e.manticore:INFO: Starting symbolic create contract
2023-07-03 15:50:25,350: [211] m.e.manticore:INFO: Failed to build contract visible Errors : Invalid solc compilation sb/TransferHelper_2.sol:71:47: Error: Member "transfer" not found or not visible after argument-dependent lookup in type(contract IERC20Minimal).
            token.call(abi.encodeWithSelector(IERC20Minimal.transfer.selector, to, value));
                                              ^--------------------^

. Solidity failed to generate bytecode for your contract. Check if all the abstract functions are implemented. 
Process Process-1:
Traceback (most recent call last):
  File "/usr/lib/python3.7/multiprocessing/process.py", line 297, in _bootstrap
    self.run()
  File "/usr/lib/python3.7/multiprocessing/process.py", line 99, in run
    self._target(*self._args, **self._kwargs)
  File "/usr/local/lib/python3.7/dist-packages/manticore/ethereum/manticore.py", line 1766, in worker_finalize
    finalizer(q.get_nowait())
  File "/usr/local/lib/python3.7/dist-packages/manticore/ethereum/manticore.py", line 1757, in finalizer
    if only_alive_states and last_tx.result in {"REVERT", "THROW", "TXERROR"}:
AttributeError: 'NoneType' object has no attribute 'result'
2023-07-03 15:50:25,423: [211] m.c.manticore:INFO: Results in /mcore_sdtg36ob
2023-07-03 15:50:25,423: [211] m.c.manticore:WARNING: Manticore failed to run
2023-07-03 15:50:26,158: [236] m.main:INFO: Registered plugins: IntrospectionAPIPlugin, <class 'manticore.ethereum.plugins.SkipRevertBasicBlocks'>, <class 'manticore.ethereum.plugins.FilterFunctions'>
2023-07-03 15:50:26,158: [236] m.main:INFO: Beginning analysis
2023-07-03 15:50:26,161: [236] m.e.manticore:INFO: Starting symbolic create contract
2023-07-03 15:50:26,202: [236] m.e.manticore:INFO: Failed to build contract after Errors : Invalid solc compilation sb/TransferHelper_2.sol:71:47: Error: Member "transfer" not found or not visible after argument-dependent lookup in type(contract IERC20Minimal).
            token.call(abi.encodeWithSelector(IERC20Minimal.transfer.selector, to, value));
                                              ^--------------------^

. Solidity failed to generate bytecode for your contract. Check if all the abstract functions are implemented. 
Process Process-1:
Traceback (most recent call last):
  File "/usr/lib/python3.7/multiprocessing/process.py", line 297, in _bootstrap
    self.run()
  File "/usr/lib/python3.7/multiprocessing/process.py", line 99, in run
    self._target(*self._args, **self._kwargs)
  File "/usr/local/lib/python3.7/dist-packages/manticore/ethereum/manticore.py", line 1766, in worker_finalize
    finalizer(q.get_nowait())
  File "/usr/local/lib/python3.7/dist-packages/manticore/ethereum/manticore.py", line 1757, in finalizer
    if only_alive_states and last_tx.result in {"REVERT", "THROW", "TXERROR"}:
AttributeError: 'NoneType' object has no attribute 'result'
2023-07-03 15:50:26,282: [236] m.c.manticore:INFO: Results in /mcore_q1ztsiet
2023-07-03 15:50:26,283: [236] m.c.manticore:WARNING: Manticore failed to run
2023-07-03 15:50:26,995: [261] m.main:INFO: Registered plugins: IntrospectionAPIPlugin, <class 'manticore.ethereum.plugins.SkipRevertBasicBlocks'>, <class 'manticore.ethereum.plugins.FilterFunctions'>
2023-07-03 15:50:26,995: [261] m.main:INFO: Beginning analysis
2023-07-03 15:50:26,998: [261] m.e.manticore:INFO: Starting symbolic create contract
2023-07-03 15:50:27,040: [261] m.e.manticore:INFO: Failed to build contract argument-dependent Errors : Invalid solc compilation sb/TransferHelper_2.sol:71:47: Error: Member "transfer" not found or not visible after argument-dependent lookup in type(contract IERC20Minimal).
            token.call(abi.encodeWithSelector(IERC20Minimal.transfer.selector, to, value));
                                              ^--------------------^

. Solidity failed to generate bytecode for your contract. Check if all the abstract functions are implemented. 
Process Process-1:
Traceback (most recent call last):
  File "/usr/lib/python3.7/multiprocessing/process.py", line 297, in _bootstrap
    self.run()
  File "/usr/lib/python3.7/multiprocessing/process.py", line 99, in run
    self._target(*self._args, **self._kwargs)
  File "/usr/local/lib/python3.7/dist-packages/manticore/ethereum/manticore.py", line 1766, in worker_finalize
    finalizer(q.get_nowait())
  File "/usr/local/lib/python3.7/dist-packages/manticore/ethereum/manticore.py", line 1757, in finalizer
    if only_alive_states and last_tx.result in {"REVERT", "THROW", "TXERROR"}:
AttributeError: 'NoneType' object has no attribute 'result'
2023-07-03 15:50:27,127: [261] m.c.manticore:INFO: Results in /mcore_wt6c628n
2023-07-03 15:50:27,128: [261] m.c.manticore:WARNING: Manticore failed to run
2023-07-03 15:50:27,778: [286] m.main:INFO: Registered plugins: IntrospectionAPIPlugin, <class 'manticore.ethereum.plugins.SkipRevertBasicBlocks'>, <class 'manticore.ethereum.plugins.FilterFunctions'>
2023-07-03 15:50:27,778: [286] m.main:INFO: Beginning analysis
2023-07-03 15:50:27,781: [286] m.e.manticore:INFO: Starting symbolic create contract
2023-07-03 15:50:27,818: [286] m.e.manticore:INFO: Failed to build contract lookup Errors : Invalid solc compilation sb/TransferHelper_2.sol:71:47: Error: Member "transfer" not found or not visible after argument-dependent lookup in type(contract IERC20Minimal).
            token.call(abi.encodeWithSelector(IERC20Minimal.transfer.selector, to, value));
                                              ^--------------------^

. Solidity failed to generate bytecode for your contract. Check if all the abstract functions are implemented. 
Process Process-1:
Traceback (most recent call last):
  File "/usr/lib/python3.7/multiprocessing/process.py", line 297, in _bootstrap
    self.run()
  File "/usr/lib/python3.7/multiprocessing/process.py", line 99, in run
    self._target(*self._args, **self._kwargs)
  File "/usr/local/lib/python3.7/dist-packages/manticore/ethereum/manticore.py", line 1766, in worker_finalize
    finalizer(q.get_nowait())
  File "/usr/local/lib/python3.7/dist-packages/manticore/ethereum/manticore.py", line 1757, in finalizer
    if only_alive_states and last_tx.result in {"REVERT", "THROW", "TXERROR"}:
AttributeError: 'NoneType' object has no attribute 'result'
2023-07-03 15:50:27,892: [286] m.c.manticore:INFO: Results in /mcore_xfe3nj_q
2023-07-03 15:50:27,892: [286] m.c.manticore:WARNING: Manticore failed to run
2023-07-03 15:50:28,575: [311] m.main:INFO: Registered plugins: IntrospectionAPIPlugin, <class 'manticore.ethereum.plugins.SkipRevertBasicBlocks'>, <class 'manticore.ethereum.plugins.FilterFunctions'>
2023-07-03 15:50:28,576: [311] m.main:INFO: Beginning analysis
2023-07-03 15:50:28,578: [311] m.e.manticore:INFO: Starting symbolic create contract
2023-07-03 15:50:28,615: [311] m.e.manticore:INFO: Failed to build contract in Errors : Invalid solc compilation sb/TransferHelper_2.sol:71:47: Error: Member "transfer" not found or not visible after argument-dependent lookup in type(contract IERC20Minimal).
            token.call(abi.encodeWithSelector(IERC20Minimal.transfer.selector, to, value));
                                              ^--------------------^

. Solidity failed to generate bytecode for your contract. Check if all the abstract functions are implemented. 
Process Process-1:
Traceback (most recent call last):
  File "/usr/lib/python3.7/multiprocessing/process.py", line 297, in _bootstrap
    self.run()
  File "/usr/lib/python3.7/multiprocessing/process.py", line 99, in run
    self._target(*self._args, **self._kwargs)
  File "/usr/local/lib/python3.7/dist-packages/manticore/ethereum/manticore.py", line 1766, in worker_finalize
    finalizer(q.get_nowait())
  File "/usr/local/lib/python3.7/dist-packages/manticore/ethereum/manticore.py", line 1757, in finalizer
    if only_alive_states and last_tx.result in {"REVERT", "THROW", "TXERROR"}:
AttributeError: 'NoneType' object has no attribute 'result'
2023-07-03 15:50:28,690: [311] m.c.manticore:INFO: Results in /mcore_azf_1prh
2023-07-03 15:50:28,690: [311] m.c.manticore:WARNING: Manticore failed to run
2023-07-03 15:50:29,413: [336] m.main:INFO: Registered plugins: IntrospectionAPIPlugin, <class 'manticore.ethereum.plugins.SkipRevertBasicBlocks'>, <class 'manticore.ethereum.plugins.FilterFunctions'>
2023-07-03 15:50:29,413: [336] m.main:INFO: Beginning analysis
2023-07-03 15:50:29,416: [336] m.e.manticore:INFO: Starting symbolic create contract
2023-07-03 15:50:29,454: [336] m.e.manticore:INFO: Failed to build contract type(contract Errors : Invalid solc compilation sb/TransferHelper_2.sol:71:47: Error: Member "transfer" not found or not visible after argument-dependent lookup in type(contract IERC20Minimal).
            token.call(abi.encodeWithSelector(IERC20Minimal.transfer.selector, to, value));
                                              ^--------------------^

. Solidity failed to generate bytecode for your contract. Check if all the abstract functions are implemented. 
Process Process-1:
Traceback (most recent call last):
  File "/usr/lib/python3.7/multiprocessing/process.py", line 297, in _bootstrap
    self.run()
  File "/usr/lib/python3.7/multiprocessing/process.py", line 99, in run
    self._target(*self._args, **self._kwargs)
  File "/usr/local/lib/python3.7/dist-packages/manticore/ethereum/manticore.py", line 1766, in worker_finalize
    finalizer(q.get_nowait())
  File "/usr/local/lib/python3.7/dist-packages/manticore/ethereum/manticore.py", line 1757, in finalizer
    if only_alive_states and last_tx.result in {"REVERT", "THROW", "TXERROR"}:
AttributeError: 'NoneType' object has no attribute 'result'
2023-07-03 15:50:29,528: [336] m.c.manticore:INFO: Results in /mcore_k45qctvj
2023-07-03 15:50:29,528: [336] m.c.manticore:WARNING: Manticore failed to run
2023-07-03 15:50:30,278: [361] m.main:INFO: Registered plugins: IntrospectionAPIPlugin, <class 'manticore.ethereum.plugins.SkipRevertBasicBlocks'>, <class 'manticore.ethereum.plugins.FilterFunctions'>
2023-07-03 15:50:30,278: [361] m.main:INFO: Beginning analysis
2023-07-03 15:50:30,280: [361] m.e.manticore:INFO: Starting symbolic create contract
2023-07-03 15:50:30,322: [361] m.e.manticore:INFO: Failed to build contract IERC20Minimal). Errors : Invalid solc compilation sb/TransferHelper_2.sol:71:47: Error: Member "transfer" not found or not visible after argument-dependent lookup in type(contract IERC20Minimal).
            token.call(abi.encodeWithSelector(IERC20Minimal.transfer.selector, to, value));
                                              ^--------------------^

. Solidity failed to generate bytecode for your contract. Check if all the abstract functions are implemented. 
Process Process-1:
Traceback (most recent call last):
  File "/usr/lib/python3.7/multiprocessing/process.py", line 297, in _bootstrap
    self.run()
  File "/usr/lib/python3.7/multiprocessing/process.py", line 99, in run
    self._target(*self._args, **self._kwargs)
  File "/usr/local/lib/python3.7/dist-packages/manticore/ethereum/manticore.py", line 1766, in worker_finalize
    finalizer(q.get_nowait())
  File "/usr/local/lib/python3.7/dist-packages/manticore/ethereum/manticore.py", line 1757, in finalizer
    if only_alive_states and last_tx.result in {"REVERT", "THROW", "TXERROR"}:
AttributeError: 'NoneType' object has no attribute 'result'
2023-07-03 15:50:30,408: [361] m.c.manticore:INFO: Results in /mcore_c5_sqtw3
2023-07-03 15:50:30,408: [361] m.c.manticore:WARNING: Manticore failed to run
2023-07-03 15:50:31,097: [386] m.main:INFO: Registered plugins: IntrospectionAPIPlugin, <class 'manticore.ethereum.plugins.SkipRevertBasicBlocks'>, <class 'manticore.ethereum.plugins.FilterFunctions'>
2023-07-03 15:50:31,097: [386] m.main:INFO: Beginning analysis
2023-07-03 15:50:31,100: [386] m.e.manticore:INFO: Starting symbolic create contract
2023-07-03 15:50:31,136: [386] m.e.manticore:INFO: Failed to build contract token.call(abi.encodeWithSelector(IERC20Minimal.transfer.selector, Errors : Invalid solc compilation sb/TransferHelper_2.sol:71:47: Error: Member "transfer" not found or not visible after argument-dependent lookup in type(contract IERC20Minimal).
            token.call(abi.encodeWithSelector(IERC20Minimal.transfer.selector, to, value));
                                              ^--------------------^

. Solidity failed to generate bytecode for your contract. Check if all the abstract functions are implemented. 
Process Process-1:
Traceback (most recent call last):
  File "/usr/lib/python3.7/multiprocessing/process.py", line 297, in _bootstrap
    self.run()
  File "/usr/lib/python3.7/multiprocessing/process.py", line 99, in run
    self._target(*self._args, **self._kwargs)
  File "/usr/local/lib/python3.7/dist-packages/manticore/ethereum/manticore.py", line 1766, in worker_finalize
    finalizer(q.get_nowait())
  File "/usr/local/lib/python3.7/dist-packages/manticore/ethereum/manticore.py", line 1757, in finalizer
    if only_alive_states and last_tx.result in {"REVERT", "THROW", "TXERROR"}:
AttributeError: 'NoneType' object has no attribute 'result'
2023-07-03 15:50:31,229: [386] m.c.manticore:INFO: Results in /mcore_y3fm411e
2023-07-03 15:50:31,229: [386] m.c.manticore:WARNING: Manticore failed to run
2023-07-03 15:50:31,935: [411] m.main:INFO: Registered plugins: IntrospectionAPIPlugin, <class 'manticore.ethereum.plugins.SkipRevertBasicBlocks'>, <class 'manticore.ethereum.plugins.FilterFunctions'>
2023-07-03 15:50:31,935: [411] m.main:INFO: Beginning analysis
2023-07-03 15:50:31,938: [411] m.e.manticore:INFO: Starting symbolic create contract
2023-07-03 15:50:31,984: [411] m.e.manticore:INFO: Failed to build contract to, Errors : Invalid solc compilation sb/TransferHelper_2.sol:71:47: Error: Member "transfer" not found or not visible after argument-dependent lookup in type(contract IERC20Minimal).
            token.call(abi.encodeWithSelector(IERC20Minimal.transfer.selector, to, value));
                                              ^--------------------^

. Solidity failed to generate bytecode for your contract. Check if all the abstract functions are implemented. 
Process Process-1:
Traceback (most recent call last):
  File "/usr/lib/python3.7/multiprocessing/process.py", line 297, in _bootstrap
    self.run()
  File "/usr/lib/python3.7/multiprocessing/process.py", line 99, in run
    self._target(*self._args, **self._kwargs)
  File "/usr/local/lib/python3.7/dist-packages/manticore/ethereum/manticore.py", line 1766, in worker_finalize
    finalizer(q.get_nowait())
  File "/usr/local/lib/python3.7/dist-packages/manticore/ethereum/manticore.py", line 1757, in finalizer
    if only_alive_states and last_tx.result in {"REVERT", "THROW", "TXERROR"}:
AttributeError: 'NoneType' object has no attribute 'result'
2023-07-03 15:50:32,072: [411] m.c.manticore:INFO: Results in /mcore_wa9rd3ax
2023-07-03 15:50:32,072: [411] m.c.manticore:WARNING: Manticore failed to run
2023-07-03 15:50:32,752: [436] m.main:INFO: Registered plugins: IntrospectionAPIPlugin, <class 'manticore.ethereum.plugins.SkipRevertBasicBlocks'>, <class 'manticore.ethereum.plugins.FilterFunctions'>
2023-07-03 15:50:32,752: [436] m.main:INFO: Beginning analysis
2023-07-03 15:50:32,755: [436] m.e.manticore:INFO: Starting symbolic create contract
2023-07-03 15:50:32,785: [436] m.e.manticore:INFO: Failed to build contract value)); Errors : Invalid solc compilation sb/TransferHelper_2.sol:71:47: Error: Member "transfer" not found or not visible after argument-dependent lookup in type(contract IERC20Minimal).
            token.call(abi.encodeWithSelector(IERC20Minimal.transfer.selector, to, value));
                                              ^--------------------^

. Solidity failed to generate bytecode for your contract. Check if all the abstract functions are implemented. 
Process Process-1:
Traceback (most recent call last):
  File "/usr/lib/python3.7/multiprocessing/process.py", line 297, in _bootstrap
    self.run()
  File "/usr/lib/python3.7/multiprocessing/process.py", line 99, in run
    self._target(*self._args, **self._kwargs)
  File "/usr/local/lib/python3.7/dist-packages/manticore/ethereum/manticore.py", line 1766, in worker_finalize
    finalizer(q.get_nowait())
  File "/usr/local/lib/python3.7/dist-packages/manticore/ethereum/manticore.py", line 1757, in finalizer
    if only_alive_states and last_tx.result in {"REVERT", "THROW", "TXERROR"}:
AttributeError: 'NoneType' object has no attribute 'result'
2023-07-03 15:50:32,854: [436] m.c.manticore:INFO: Results in /mcore_ku8p24q1
2023-07-03 15:50:32,854: [436] m.c.manticore:WARNING: Manticore failed to run
2023-07-03 15:50:33,497: [461] m.main:INFO: Registered plugins: IntrospectionAPIPlugin, <class 'manticore.ethereum.plugins.SkipRevertBasicBlocks'>, <class 'manticore.ethereum.plugins.FilterFunctions'>
2023-07-03 15:50:33,497: [461] m.main:INFO: Beginning analysis
2023-07-03 15:50:33,500: [461] m.e.manticore:INFO: Starting symbolic create contract
2023-07-03 15:50:33,539: [461] m.e.manticore:INFO: Failed to build contract ^--------------------^ Errors : Invalid solc compilation sb/TransferHelper_2.sol:71:47: Error: Member "transfer" not found or not visible after argument-dependent lookup in type(contract IERC20Minimal).
            token.call(abi.encodeWithSelector(IERC20Minimal.transfer.selector, to, value));
                                              ^--------------------^

. Solidity failed to generate bytecode for your contract. Check if all the abstract functions are implemented. 
Process Process-1:
Traceback (most recent call last):
  File "/usr/lib/python3.7/multiprocessing/process.py", line 297, in _bootstrap
    self.run()
  File "/usr/lib/python3.7/multiprocessing/process.py", line 99, in run
    self._target(*self._args, **self._kwargs)
  File "/usr/local/lib/python3.7/dist-packages/manticore/ethereum/manticore.py", line 1766, in worker_finalize
    finalizer(q.get_nowait())
  File "/usr/local/lib/python3.7/dist-packages/manticore/ethereum/manticore.py", line 1757, in finalizer
    if only_alive_states and last_tx.result in {"REVERT", "THROW", "TXERROR"}:
AttributeError: 'NoneType' object has no attribute 'result'
2023-07-03 15:50:33,622: [461] m.c.manticore:INFO: Results in /mcore_rwvau35m
2023-07-03 15:50:33,623: [461] m.c.manticore:WARNING: Manticore failed to run
