2023-07-03 15:49:16,574: [11] m.main:INFO: Registered plugins: IntrospectionAPIPlugin, <class 'manticore.ethereum.plugins.SkipRevertBasicBlocks'>, <class 'manticore.ethereum.plugins.FilterFunctions'>
2023-07-03 15:49:16,575: [11] m.main:INFO: Beginning analysis
2023-07-03 15:49:16,577: [11] m.e.manticore:INFO: Starting symbolic create contract
2023-07-03 15:49:16,617: [11] m.e.manticore:INFO: Failed to build contract /sb/Governor_3.sol:172:5: Errors : Invalid solc compilation sb/Governor_3.sol:172:5: Error: Expected ';' but got '}'
    }
    ^

. Solidity failed to generate bytecode for your contract. Check if all the abstract functions are implemented. 
Process Process-1:
Traceback (most recent call last):
  File "/usr/lib/python3.7/multiprocessing/process.py", line 297, in _bootstrap
    self.run()
  File "/usr/lib/python3.7/multiprocessing/process.py", line 99, in run
    self._target(*self._args, **self._kwargs)
  File "/usr/local/lib/python3.7/dist-packages/manticore/ethereum/manticore.py", line 1766, in worker_finalize
    finalizer(q.get_nowait())
  File "/usr/local/lib/python3.7/dist-packages/manticore/ethereum/manticore.py", line 1757, in finalizer
    if only_alive_states and last_tx.result in {"REVERT", "THROW", "TXERROR"}:
AttributeError: 'NoneType' object has no attribute 'result'
2023-07-03 15:49:16,705: [11] m.c.manticore:INFO: Results in /mcore_34j0myvl
2023-07-03 15:49:16,706: [11] m.c.manticore:WARNING: Manticore failed to run
2023-07-03 15:49:17,299: [36] m.main:INFO: Registered plugins: IntrospectionAPIPlugin, <class 'manticore.ethereum.plugins.SkipRevertBasicBlocks'>, <class 'manticore.ethereum.plugins.FilterFunctions'>
2023-07-03 15:49:17,300: [36] m.main:INFO: Beginning analysis
2023-07-03 15:49:17,305: [36] m.e.manticore:INFO: Starting symbolic create contract
2023-07-03 15:49:17,342: [36] m.e.manticore:INFO: Failed to build contract ParserError: Errors : Invalid solc compilation sb/Governor_3.sol:172:5: Error: Expected ';' but got '}'
    }
    ^

. Solidity failed to generate bytecode for your contract. Check if all the abstract functions are implemented. 
Process Process-1:
Traceback (most recent call last):
  File "/usr/lib/python3.7/multiprocessing/process.py", line 297, in _bootstrap
    self.run()
  File "/usr/lib/python3.7/multiprocessing/process.py", line 99, in run
    self._target(*self._args, **self._kwargs)
  File "/usr/local/lib/python3.7/dist-packages/manticore/ethereum/manticore.py", line 1766, in worker_finalize
    finalizer(q.get_nowait())
  File "/usr/local/lib/python3.7/dist-packages/manticore/ethereum/manticore.py", line 1757, in finalizer
    if only_alive_states and last_tx.result in {"REVERT", "THROW", "TXERROR"}:
AttributeError: 'NoneType' object has no attribute 'result'
2023-07-03 15:49:17,437: [36] m.c.manticore:INFO: Results in /mcore_qnps5chv
2023-07-03 15:49:17,437: [36] m.c.manticore:WARNING: Manticore failed to run
2023-07-03 15:49:18,067: [61] m.main:INFO: Registered plugins: IntrospectionAPIPlugin, <class 'manticore.ethereum.plugins.SkipRevertBasicBlocks'>, <class 'manticore.ethereum.plugins.FilterFunctions'>
2023-07-03 15:49:18,067: [61] m.main:INFO: Beginning analysis
2023-07-03 15:49:18,069: [61] m.e.manticore:INFO: Starting symbolic create contract
2023-07-03 15:49:18,096: [61] m.e.manticore:INFO: Failed to build contract Expected Errors : Invalid solc compilation sb/Governor_3.sol:172:5: Error: Expected ';' but got '}'
    }
    ^

. Solidity failed to generate bytecode for your contract. Check if all the abstract functions are implemented. 
Process Process-1:
Traceback (most recent call last):
  File "/usr/lib/python3.7/multiprocessing/process.py", line 297, in _bootstrap
    self.run()
  File "/usr/lib/python3.7/multiprocessing/process.py", line 99, in run
    self._target(*self._args, **self._kwargs)
  File "/usr/local/lib/python3.7/dist-packages/manticore/ethereum/manticore.py", line 1766, in worker_finalize
    finalizer(q.get_nowait())
  File "/usr/local/lib/python3.7/dist-packages/manticore/ethereum/manticore.py", line 1757, in finalizer
    if only_alive_states and last_tx.result in {"REVERT", "THROW", "TXERROR"}:
AttributeError: 'NoneType' object has no attribute 'result'
2023-07-03 15:49:18,168: [61] m.c.manticore:INFO: Results in /mcore_p5w09omf
2023-07-03 15:49:18,168: [61] m.c.manticore:WARNING: Manticore failed to run
2023-07-03 15:49:18,907: [86] m.main:INFO: Registered plugins: IntrospectionAPIPlugin, <class 'manticore.ethereum.plugins.SkipRevertBasicBlocks'>, <class 'manticore.ethereum.plugins.FilterFunctions'>
2023-07-03 15:49:18,907: [86] m.main:INFO: Beginning analysis
2023-07-03 15:49:18,910: [86] m.e.manticore:INFO: Starting symbolic create contract
2023-07-03 15:49:18,929: [86] m.e.manticore:INFO: Failed to build contract ';' Errors : Invalid solc compilation sb/Governor_3.sol:172:5: Error: Expected ';' but got '}'
    }
    ^

. Solidity failed to generate bytecode for your contract. Check if all the abstract functions are implemented. 
Process Process-1:
Traceback (most recent call last):
  File "/usr/lib/python3.7/multiprocessing/process.py", line 297, in _bootstrap
    self.run()
  File "/usr/lib/python3.7/multiprocessing/process.py", line 99, in run
    self._target(*self._args, **self._kwargs)
  File "/usr/local/lib/python3.7/dist-packages/manticore/ethereum/manticore.py", line 1766, in worker_finalize
    finalizer(q.get_nowait())
  File "/usr/local/lib/python3.7/dist-packages/manticore/ethereum/manticore.py", line 1757, in finalizer
    if only_alive_states and last_tx.result in {"REVERT", "THROW", "TXERROR"}:
AttributeError: 'NoneType' object has no attribute 'result'
2023-07-03 15:49:18,998: [86] m.c.manticore:INFO: Results in /mcore_l9we1z6o
2023-07-03 15:49:18,998: [86] m.c.manticore:WARNING: Manticore failed to run
2023-07-03 15:49:19,703: [111] m.main:INFO: Registered plugins: IntrospectionAPIPlugin, <class 'manticore.ethereum.plugins.SkipRevertBasicBlocks'>, <class 'manticore.ethereum.plugins.FilterFunctions'>
2023-07-03 15:49:19,704: [111] m.main:INFO: Beginning analysis
2023-07-03 15:49:19,707: [111] m.e.manticore:INFO: Starting symbolic create contract
2023-07-03 15:49:19,733: [111] m.e.manticore:INFO: Failed to build contract but Errors : Invalid solc compilation sb/Governor_3.sol:172:5: Error: Expected ';' but got '}'
    }
    ^

. Solidity failed to generate bytecode for your contract. Check if all the abstract functions are implemented. 
Process Process-1:
Traceback (most recent call last):
  File "/usr/lib/python3.7/multiprocessing/process.py", line 297, in _bootstrap
    self.run()
  File "/usr/lib/python3.7/multiprocessing/process.py", line 99, in run
    self._target(*self._args, **self._kwargs)
  File "/usr/local/lib/python3.7/dist-packages/manticore/ethereum/manticore.py", line 1766, in worker_finalize
    finalizer(q.get_nowait())
  File "/usr/local/lib/python3.7/dist-packages/manticore/ethereum/manticore.py", line 1757, in finalizer
    if only_alive_states and last_tx.result in {"REVERT", "THROW", "TXERROR"}:
AttributeError: 'NoneType' object has no attribute 'result'
2023-07-03 15:49:19,803: [111] m.c.manticore:INFO: Results in /mcore_714w6rh1
2023-07-03 15:49:19,804: [111] m.c.manticore:WARNING: Manticore failed to run
2023-07-03 15:49:20,511: [136] m.main:INFO: Registered plugins: IntrospectionAPIPlugin, <class 'manticore.ethereum.plugins.SkipRevertBasicBlocks'>, <class 'manticore.ethereum.plugins.FilterFunctions'>
2023-07-03 15:49:20,511: [136] m.main:INFO: Beginning analysis
2023-07-03 15:49:20,513: [136] m.e.manticore:INFO: Starting symbolic create contract
2023-07-03 15:49:20,548: [136] m.e.manticore:INFO: Failed to build contract got Errors : Invalid solc compilation sb/Governor_3.sol:172:5: Error: Expected ';' but got '}'
    }
    ^

. Solidity failed to generate bytecode for your contract. Check if all the abstract functions are implemented. 
Process Process-1:
Traceback (most recent call last):
  File "/usr/lib/python3.7/multiprocessing/process.py", line 297, in _bootstrap
    self.run()
  File "/usr/lib/python3.7/multiprocessing/process.py", line 99, in run
    self._target(*self._args, **self._kwargs)
  File "/usr/local/lib/python3.7/dist-packages/manticore/ethereum/manticore.py", line 1766, in worker_finalize
    finalizer(q.get_nowait())
  File "/usr/local/lib/python3.7/dist-packages/manticore/ethereum/manticore.py", line 1757, in finalizer
    if only_alive_states and last_tx.result in {"REVERT", "THROW", "TXERROR"}:
AttributeError: 'NoneType' object has no attribute 'result'
2023-07-03 15:49:20,611: [136] m.c.manticore:INFO: Results in /mcore_xc78a850
2023-07-03 15:49:20,611: [136] m.c.manticore:WARNING: Manticore failed to run
2023-07-03 15:49:21,343: [161] m.main:INFO: Registered plugins: IntrospectionAPIPlugin, <class 'manticore.ethereum.plugins.SkipRevertBasicBlocks'>, <class 'manticore.ethereum.plugins.FilterFunctions'>
2023-07-03 15:49:21,343: [161] m.main:INFO: Beginning analysis
2023-07-03 15:49:21,346: [161] m.e.manticore:INFO: Starting symbolic create contract
2023-07-03 15:49:21,372: [161] m.e.manticore:INFO: Failed to build contract '}' Errors : Invalid solc compilation sb/Governor_3.sol:172:5: Error: Expected ';' but got '}'
    }
    ^

. Solidity failed to generate bytecode for your contract. Check if all the abstract functions are implemented. 
Process Process-1:
Traceback (most recent call last):
  File "/usr/lib/python3.7/multiprocessing/process.py", line 297, in _bootstrap
    self.run()
  File "/usr/lib/python3.7/multiprocessing/process.py", line 99, in run
    self._target(*self._args, **self._kwargs)
  File "/usr/local/lib/python3.7/dist-packages/manticore/ethereum/manticore.py", line 1766, in worker_finalize
    finalizer(q.get_nowait())
  File "/usr/local/lib/python3.7/dist-packages/manticore/ethereum/manticore.py", line 1757, in finalizer
    if only_alive_states and last_tx.result in {"REVERT", "THROW", "TXERROR"}:
AttributeError: 'NoneType' object has no attribute 'result'
2023-07-03 15:49:21,437: [161] m.c.manticore:INFO: Results in /mcore_uq3t6fhp
2023-07-03 15:49:21,437: [161] m.c.manticore:WARNING: Manticore failed to run
2023-07-03 15:49:22,128: [186] m.main:INFO: Registered plugins: IntrospectionAPIPlugin, <class 'manticore.ethereum.plugins.SkipRevertBasicBlocks'>, <class 'manticore.ethereum.plugins.FilterFunctions'>
2023-07-03 15:49:22,128: [186] m.main:INFO: Beginning analysis
2023-07-03 15:49:22,131: [186] m.e.manticore:INFO: Starting symbolic create contract
2023-07-03 15:49:22,149: [186] m.e.manticore:INFO: Failed to build contract } Errors : Invalid solc compilation sb/Governor_3.sol:172:5: Error: Expected ';' but got '}'
    }
    ^

. Solidity failed to generate bytecode for your contract. Check if all the abstract functions are implemented. 
Process Process-1:
Traceback (most recent call last):
  File "/usr/lib/python3.7/multiprocessing/process.py", line 297, in _bootstrap
    self.run()
  File "/usr/lib/python3.7/multiprocessing/process.py", line 99, in run
    self._target(*self._args, **self._kwargs)
  File "/usr/local/lib/python3.7/dist-packages/manticore/ethereum/manticore.py", line 1766, in worker_finalize
    finalizer(q.get_nowait())
  File "/usr/local/lib/python3.7/dist-packages/manticore/ethereum/manticore.py", line 1757, in finalizer
    if only_alive_states and last_tx.result in {"REVERT", "THROW", "TXERROR"}:
AttributeError: 'NoneType' object has no attribute 'result'
2023-07-03 15:49:22,217: [186] m.c.manticore:INFO: Results in /mcore_brv16dgh
2023-07-03 15:49:22,218: [186] m.c.manticore:WARNING: Manticore failed to run
2023-07-03 15:49:23,031: [211] m.main:INFO: Registered plugins: IntrospectionAPIPlugin, <class 'manticore.ethereum.plugins.SkipRevertBasicBlocks'>, <class 'manticore.ethereum.plugins.FilterFunctions'>
2023-07-03 15:49:23,031: [211] m.main:INFO: Beginning analysis
2023-07-03 15:49:23,033: [211] m.e.manticore:INFO: Starting symbolic create contract
2023-07-03 15:49:23,062: [211] m.e.manticore:INFO: Failed to build contract ^ Errors : Invalid solc compilation sb/Governor_3.sol:172:5: Error: Expected ';' but got '}'
    }
    ^

. Solidity failed to generate bytecode for your contract. Check if all the abstract functions are implemented. 
Process Process-1:
Traceback (most recent call last):
  File "/usr/lib/python3.7/multiprocessing/process.py", line 297, in _bootstrap
    self.run()
  File "/usr/lib/python3.7/multiprocessing/process.py", line 99, in run
    self._target(*self._args, **self._kwargs)
  File "/usr/local/lib/python3.7/dist-packages/manticore/ethereum/manticore.py", line 1766, in worker_finalize
    finalizer(q.get_nowait())
  File "/usr/local/lib/python3.7/dist-packages/manticore/ethereum/manticore.py", line 1757, in finalizer
    if only_alive_states and last_tx.result in {"REVERT", "THROW", "TXERROR"}:
AttributeError: 'NoneType' object has no attribute 'result'
2023-07-03 15:49:23,156: [211] m.c.manticore:INFO: Results in /mcore_peo23s96
2023-07-03 15:49:23,157: [211] m.c.manticore:WARNING: Manticore failed to run
