2023-07-13 02:40:06,545: [11] m.main:INFO: Registered plugins: IntrospectionAPIPlugin, <class 'manticore.ethereum.plugins.SkipRevertBasicBlocks'>, <class 'manticore.ethereum.plugins.FilterFunctions'>
2023-07-13 02:40:06,545: [11] m.main:INFO: Beginning analysis
2023-07-13 02:40:06,548: [11] m.e.manticore:INFO: Starting symbolic create contract
2023-07-13 02:40:06,562: [11] m.e.manticore:INFO: Failed to build contract /sb/parity_wallet_bug_1.sol:267:13: Errors : Invalid solc compilation sb/parity_wallet_bug_1.sol:246:11: Warning: "throw" is deprecated in favour of "revert()", "require()" and "assert()".
          throw;
          ^---^
sb/parity_wallet_bug_1.sol:280:11: Warning: "throw" is deprecated in favour of "revert()", "require()" and "assert()".
          throw;
          ^---^
sb/parity_wallet_bug_1.sol:84:5: Warning: Variable is declared as a storage pointer. Use an explicit "storage" keyword to silence this warning.
    bytes data;
    ^--------^
sb/parity_wallet_bug_1.sol:264:3: Warning: Variable is shadowed in inline assembly by an instruction of the same name
  function create(uint _value, bytes _code) internal returns (address o_addr) {
  ^
Spanning multiple lines.
sb/parity_wallet_bug_1.sol:267:13: Error: Identifier not found.
      jumpi(invalidJumpLabel, iszero(extcodesize(o_addr)))
            ^--------------^
sb/parity_wallet_bug_1.sol:267:7: Warning: Jump instructions are low-level EVM features that can lead to incorrect stack access. Because of that they are discouraged. Please consider using "switch" or "for" statements instead.
      jumpi(invalidJumpLabel, iszero(extcodesize(o_addr)))
      ^---^
sb/parity_wallet_bug_1.sol:377:37: Warning: This looks like an address but has an invalid checksum. If this is not used as an address, please prepend '00'.
  address constant _walletLibrary = 0xcafecafecafecafecafecafecafecafecafecafe;
                                    ^----------------------------------------^
sb/parity_wallet_bug_1.sol:417:14: Error: Unbalanced stack at the end of a block: 1 surplus item(s).
    assembly {
             ^
Spanning multiple lines.
sb/parity_wallet_bug_1.sol:437:7: Warning: Return value of low-level calls not used.
      _walletLibrary.delegatecall(msg.data); //it should have whitelisted specific methods that the user is allowed to call
      ^-----------------------------------^
sb/parity_wallet_bug_1.sol:456:37: Warning: This looks like an address but has an invalid checksum. If this is not used as an address, please prepend '00'.
  address constant _walletLibrary = 0xcafecafecafecafecafecafecafecafecafecafe;
                                    ^----------------------------------------^

. Solidity failed to generate bytecode for your contract. Check if all the abstract functions are implemented. 
Process Process-1:
Traceback (most recent call last):
  File "/usr/lib/python3.7/multiprocessing/process.py", line 297, in _bootstrap
    self.run()
  File "/usr/lib/python3.7/multiprocessing/process.py", line 99, in run
    self._target(*self._args, **self._kwargs)
  File "/usr/local/lib/python3.7/dist-packages/manticore/ethereum/manticore.py", line 1766, in worker_finalize
    finalizer(q.get_nowait())
  File "/usr/local/lib/python3.7/dist-packages/manticore/ethereum/manticore.py", line 1757, in finalizer
    if only_alive_states and last_tx.result in {"REVERT", "THROW", "TXERROR"}:
AttributeError: 'NoneType' object has no attribute 'result'
2023-07-13 02:40:06,637: [11] m.c.manticore:INFO: Results in /mcore_cvlgunho
2023-07-13 02:40:06,637: [11] m.c.manticore:WARNING: Manticore failed to run
2023-07-13 02:40:07,269: [36] m.main:INFO: Registered plugins: IntrospectionAPIPlugin, <class 'manticore.ethereum.plugins.SkipRevertBasicBlocks'>, <class 'manticore.ethereum.plugins.FilterFunctions'>
2023-07-13 02:40:07,269: [36] m.main:INFO: Beginning analysis
2023-07-13 02:40:07,271: [36] m.e.manticore:INFO: Starting symbolic create contract
2023-07-13 02:40:07,296: [36] m.e.manticore:INFO: Failed to build contract DeclarationError: Errors : Invalid solc compilation sb/parity_wallet_bug_1.sol:246:11: Warning: "throw" is deprecated in favour of "revert()", "require()" and "assert()".
          throw;
          ^---^
sb/parity_wallet_bug_1.sol:280:11: Warning: "throw" is deprecated in favour of "revert()", "require()" and "assert()".
          throw;
          ^---^
sb/parity_wallet_bug_1.sol:84:5: Warning: Variable is declared as a storage pointer. Use an explicit "storage" keyword to silence this warning.
    bytes data;
    ^--------^
sb/parity_wallet_bug_1.sol:264:3: Warning: Variable is shadowed in inline assembly by an instruction of the same name
  function create(uint _value, bytes _code) internal returns (address o_addr) {
  ^
Spanning multiple lines.
sb/parity_wallet_bug_1.sol:267:13: Error: Identifier not found.
      jumpi(invalidJumpLabel, iszero(extcodesize(o_addr)))
            ^--------------^
sb/parity_wallet_bug_1.sol:267:7: Warning: Jump instructions are low-level EVM features that can lead to incorrect stack access. Because of that they are discouraged. Please consider using "switch" or "for" statements instead.
      jumpi(invalidJumpLabel, iszero(extcodesize(o_addr)))
      ^---^
sb/parity_wallet_bug_1.sol:377:37: Warning: This looks like an address but has an invalid checksum. If this is not used as an address, please prepend '00'.
  address constant _walletLibrary = 0xcafecafecafecafecafecafecafecafecafecafe;
                                    ^----------------------------------------^
sb/parity_wallet_bug_1.sol:417:14: Error: Unbalanced stack at the end of a block: 1 surplus item(s).
    assembly {
             ^
Spanning multiple lines.
sb/parity_wallet_bug_1.sol:437:7: Warning: Return value of low-level calls not used.
      _walletLibrary.delegatecall(msg.data); //it should have whitelisted specific methods that the user is allowed to call
      ^-----------------------------------^
sb/parity_wallet_bug_1.sol:456:37: Warning: This looks like an address but has an invalid checksum. If this is not used as an address, please prepend '00'.
  address constant _walletLibrary = 0xcafecafecafecafecafecafecafecafecafecafe;
                                    ^----------------------------------------^

. Solidity failed to generate bytecode for your contract. Check if all the abstract functions are implemented. 
Process Process-1:
Traceback (most recent call last):
  File "/usr/lib/python3.7/multiprocessing/process.py", line 297, in _bootstrap
    self.run()
  File "/usr/lib/python3.7/multiprocessing/process.py", line 99, in run
    self._target(*self._args, **self._kwargs)
  File "/usr/local/lib/python3.7/dist-packages/manticore/ethereum/manticore.py", line 1766, in worker_finalize
    finalizer(q.get_nowait())
  File "/usr/local/lib/python3.7/dist-packages/manticore/ethereum/manticore.py", line 1757, in finalizer
    if only_alive_states and last_tx.result in {"REVERT", "THROW", "TXERROR"}:
AttributeError: 'NoneType' object has no attribute 'result'
2023-07-13 02:40:07,379: [36] m.c.manticore:INFO: Results in /mcore_u926yhoi
2023-07-13 02:40:07,379: [36] m.c.manticore:WARNING: Manticore failed to run
2023-07-13 02:40:08,181: [61] m.main:INFO: Registered plugins: IntrospectionAPIPlugin, <class 'manticore.ethereum.plugins.SkipRevertBasicBlocks'>, <class 'manticore.ethereum.plugins.FilterFunctions'>
2023-07-13 02:40:08,182: [61] m.main:INFO: Beginning analysis
2023-07-13 02:40:08,184: [61] m.e.manticore:INFO: Starting symbolic create contract
2023-07-13 02:40:08,201: [61] m.e.manticore:INFO: Failed to build contract Identifier Errors : Invalid solc compilation sb/parity_wallet_bug_1.sol:246:11: Warning: "throw" is deprecated in favour of "revert()", "require()" and "assert()".
          throw;
          ^---^
sb/parity_wallet_bug_1.sol:280:11: Warning: "throw" is deprecated in favour of "revert()", "require()" and "assert()".
          throw;
          ^---^
sb/parity_wallet_bug_1.sol:84:5: Warning: Variable is declared as a storage pointer. Use an explicit "storage" keyword to silence this warning.
    bytes data;
    ^--------^
sb/parity_wallet_bug_1.sol:264:3: Warning: Variable is shadowed in inline assembly by an instruction of the same name
  function create(uint _value, bytes _code) internal returns (address o_addr) {
  ^
Spanning multiple lines.
sb/parity_wallet_bug_1.sol:267:13: Error: Identifier not found.
      jumpi(invalidJumpLabel, iszero(extcodesize(o_addr)))
            ^--------------^
sb/parity_wallet_bug_1.sol:267:7: Warning: Jump instructions are low-level EVM features that can lead to incorrect stack access. Because of that they are discouraged. Please consider using "switch" or "for" statements instead.
      jumpi(invalidJumpLabel, iszero(extcodesize(o_addr)))
      ^---^
sb/parity_wallet_bug_1.sol:377:37: Warning: This looks like an address but has an invalid checksum. If this is not used as an address, please prepend '00'.
  address constant _walletLibrary = 0xcafecafecafecafecafecafecafecafecafecafe;
                                    ^----------------------------------------^
sb/parity_wallet_bug_1.sol:417:14: Error: Unbalanced stack at the end of a block: 1 surplus item(s).
    assembly {
             ^
Spanning multiple lines.
sb/parity_wallet_bug_1.sol:437:7: Warning: Return value of low-level calls not used.
      _walletLibrary.delegatecall(msg.data); //it should have whitelisted specific methods that the user is allowed to call
      ^-----------------------------------^
sb/parity_wallet_bug_1.sol:456:37: Warning: This looks like an address but has an invalid checksum. If this is not used as an address, please prepend '00'.
  address constant _walletLibrary = 0xcafecafecafecafecafecafecafecafecafecafe;
                                    ^----------------------------------------^

. Solidity failed to generate bytecode for your contract. Check if all the abstract functions are implemented. 
Process Process-1:
Traceback (most recent call last):
  File "/usr/lib/python3.7/multiprocessing/process.py", line 297, in _bootstrap
    self.run()
  File "/usr/lib/python3.7/multiprocessing/process.py", line 99, in run
    self._target(*self._args, **self._kwargs)
  File "/usr/local/lib/python3.7/dist-packages/manticore/ethereum/manticore.py", line 1766, in worker_finalize
    finalizer(q.get_nowait())
  File "/usr/local/lib/python3.7/dist-packages/manticore/ethereum/manticore.py", line 1757, in finalizer
    if only_alive_states and last_tx.result in {"REVERT", "THROW", "TXERROR"}:
AttributeError: 'NoneType' object has no attribute 'result'
2023-07-13 02:40:08,262: [61] m.c.manticore:INFO: Results in /mcore_9djhcb80
2023-07-13 02:40:08,262: [61] m.c.manticore:WARNING: Manticore failed to run
2023-07-13 02:40:08,993: [86] m.main:INFO: Registered plugins: IntrospectionAPIPlugin, <class 'manticore.ethereum.plugins.SkipRevertBasicBlocks'>, <class 'manticore.ethereum.plugins.FilterFunctions'>
2023-07-13 02:40:08,993: [86] m.main:INFO: Beginning analysis
2023-07-13 02:40:08,996: [86] m.e.manticore:INFO: Starting symbolic create contract
2023-07-13 02:40:09,025: [86] m.e.manticore:INFO: Failed to build contract not Errors : Invalid solc compilation sb/parity_wallet_bug_1.sol:246:11: Warning: "throw" is deprecated in favour of "revert()", "require()" and "assert()".
          throw;
          ^---^
sb/parity_wallet_bug_1.sol:280:11: Warning: "throw" is deprecated in favour of "revert()", "require()" and "assert()".
          throw;
          ^---^
sb/parity_wallet_bug_1.sol:84:5: Warning: Variable is declared as a storage pointer. Use an explicit "storage" keyword to silence this warning.
    bytes data;
    ^--------^
sb/parity_wallet_bug_1.sol:264:3: Warning: Variable is shadowed in inline assembly by an instruction of the same name
  function create(uint _value, bytes _code) internal returns (address o_addr) {
  ^
Spanning multiple lines.
sb/parity_wallet_bug_1.sol:267:13: Error: Identifier not found.
      jumpi(invalidJumpLabel, iszero(extcodesize(o_addr)))
            ^--------------^
sb/parity_wallet_bug_1.sol:267:7: Warning: Jump instructions are low-level EVM features that can lead to incorrect stack access. Because of that they are discouraged. Please consider using "switch" or "for" statements instead.
      jumpi(invalidJumpLabel, iszero(extcodesize(o_addr)))
      ^---^
sb/parity_wallet_bug_1.sol:377:37: Warning: This looks like an address but has an invalid checksum. If this is not used as an address, please prepend '00'.
  address constant _walletLibrary = 0xcafecafecafecafecafecafecafecafecafecafe;
                                    ^----------------------------------------^
sb/parity_wallet_bug_1.sol:417:14: Error: Unbalanced stack at the end of a block: 1 surplus item(s).
    assembly {
             ^
Spanning multiple lines.
sb/parity_wallet_bug_1.sol:437:7: Warning: Return value of low-level calls not used.
      _walletLibrary.delegatecall(msg.data); //it should have whitelisted specific methods that the user is allowed to call
      ^-----------------------------------^
sb/parity_wallet_bug_1.sol:456:37: Warning: This looks like an address but has an invalid checksum. If this is not used as an address, please prepend '00'.
  address constant _walletLibrary = 0xcafecafecafecafecafecafecafecafecafecafe;
                                    ^----------------------------------------^

. Solidity failed to generate bytecode for your contract. Check if all the abstract functions are implemented. 
Process Process-1:
Traceback (most recent call last):
  File "/usr/lib/python3.7/multiprocessing/process.py", line 297, in _bootstrap
    self.run()
  File "/usr/lib/python3.7/multiprocessing/process.py", line 99, in run
    self._target(*self._args, **self._kwargs)
  File "/usr/local/lib/python3.7/dist-packages/manticore/ethereum/manticore.py", line 1766, in worker_finalize
    finalizer(q.get_nowait())
  File "/usr/local/lib/python3.7/dist-packages/manticore/ethereum/manticore.py", line 1757, in finalizer
    if only_alive_states and last_tx.result in {"REVERT", "THROW", "TXERROR"}:
AttributeError: 'NoneType' object has no attribute 'result'
2023-07-13 02:40:09,104: [86] m.c.manticore:INFO: Results in /mcore_5uuol9wu
2023-07-13 02:40:09,104: [86] m.c.manticore:WARNING: Manticore failed to run
2023-07-13 02:40:09,836: [111] m.main:INFO: Registered plugins: IntrospectionAPIPlugin, <class 'manticore.ethereum.plugins.SkipRevertBasicBlocks'>, <class 'manticore.ethereum.plugins.FilterFunctions'>
2023-07-13 02:40:09,836: [111] m.main:INFO: Beginning analysis
2023-07-13 02:40:09,838: [111] m.e.manticore:INFO: Starting symbolic create contract
2023-07-13 02:40:09,852: [111] m.e.manticore:INFO: Failed to build contract found. Errors : Invalid solc compilation sb/parity_wallet_bug_1.sol:246:11: Warning: "throw" is deprecated in favour of "revert()", "require()" and "assert()".
          throw;
          ^---^
sb/parity_wallet_bug_1.sol:280:11: Warning: "throw" is deprecated in favour of "revert()", "require()" and "assert()".
          throw;
          ^---^
sb/parity_wallet_bug_1.sol:84:5: Warning: Variable is declared as a storage pointer. Use an explicit "storage" keyword to silence this warning.
    bytes data;
    ^--------^
sb/parity_wallet_bug_1.sol:264:3: Warning: Variable is shadowed in inline assembly by an instruction of the same name
  function create(uint _value, bytes _code) internal returns (address o_addr) {
  ^
Spanning multiple lines.
sb/parity_wallet_bug_1.sol:267:13: Error: Identifier not found.
      jumpi(invalidJumpLabel, iszero(extcodesize(o_addr)))
            ^--------------^
sb/parity_wallet_bug_1.sol:267:7: Warning: Jump instructions are low-level EVM features that can lead to incorrect stack access. Because of that they are discouraged. Please consider using "switch" or "for" statements instead.
      jumpi(invalidJumpLabel, iszero(extcodesize(o_addr)))
      ^---^
sb/parity_wallet_bug_1.sol:377:37: Warning: This looks like an address but has an invalid checksum. If this is not used as an address, please prepend '00'.
  address constant _walletLibrary = 0xcafecafecafecafecafecafecafecafecafecafe;
                                    ^----------------------------------------^
sb/parity_wallet_bug_1.sol:417:14: Error: Unbalanced stack at the end of a block: 1 surplus item(s).
    assembly {
             ^
Spanning multiple lines.
sb/parity_wallet_bug_1.sol:437:7: Warning: Return value of low-level calls not used.
      _walletLibrary.delegatecall(msg.data); //it should have whitelisted specific methods that the user is allowed to call
      ^-----------------------------------^
sb/parity_wallet_bug_1.sol:456:37: Warning: This looks like an address but has an invalid checksum. If this is not used as an address, please prepend '00'.
  address constant _walletLibrary = 0xcafecafecafecafecafecafecafecafecafecafe;
                                    ^----------------------------------------^

. Solidity failed to generate bytecode for your contract. Check if all the abstract functions are implemented. 
Process Process-1:
Traceback (most recent call last):
  File "/usr/lib/python3.7/multiprocessing/process.py", line 297, in _bootstrap
    self.run()
  File "/usr/lib/python3.7/multiprocessing/process.py", line 99, in run
    self._target(*self._args, **self._kwargs)
  File "/usr/local/lib/python3.7/dist-packages/manticore/ethereum/manticore.py", line 1766, in worker_finalize
    finalizer(q.get_nowait())
  File "/usr/local/lib/python3.7/dist-packages/manticore/ethereum/manticore.py", line 1757, in finalizer
    if only_alive_states and last_tx.result in {"REVERT", "THROW", "TXERROR"}:
AttributeError: 'NoneType' object has no attribute 'result'
2023-07-13 02:40:09,907: [111] m.c.manticore:INFO: Results in /mcore_3x8lku5n
2023-07-13 02:40:09,908: [111] m.c.manticore:WARNING: Manticore failed to run
2023-07-13 02:40:10,543: [136] m.main:INFO: Registered plugins: IntrospectionAPIPlugin, <class 'manticore.ethereum.plugins.SkipRevertBasicBlocks'>, <class 'manticore.ethereum.plugins.FilterFunctions'>
2023-07-13 02:40:10,543: [136] m.main:INFO: Beginning analysis
2023-07-13 02:40:10,547: [136] m.e.manticore:INFO: Starting symbolic create contract
2023-07-13 02:40:10,565: [136] m.e.manticore:INFO: Failed to build contract jumpi(invalidJumpLabel, Errors : Invalid solc compilation sb/parity_wallet_bug_1.sol:246:11: Warning: "throw" is deprecated in favour of "revert()", "require()" and "assert()".
          throw;
          ^---^
sb/parity_wallet_bug_1.sol:280:11: Warning: "throw" is deprecated in favour of "revert()", "require()" and "assert()".
          throw;
          ^---^
sb/parity_wallet_bug_1.sol:84:5: Warning: Variable is declared as a storage pointer. Use an explicit "storage" keyword to silence this warning.
    bytes data;
    ^--------^
sb/parity_wallet_bug_1.sol:264:3: Warning: Variable is shadowed in inline assembly by an instruction of the same name
  function create(uint _value, bytes _code) internal returns (address o_addr) {
  ^
Spanning multiple lines.
sb/parity_wallet_bug_1.sol:267:13: Error: Identifier not found.
      jumpi(invalidJumpLabel, iszero(extcodesize(o_addr)))
            ^--------------^
sb/parity_wallet_bug_1.sol:267:7: Warning: Jump instructions are low-level EVM features that can lead to incorrect stack access. Because of that they are discouraged. Please consider using "switch" or "for" statements instead.
      jumpi(invalidJumpLabel, iszero(extcodesize(o_addr)))
      ^---^
sb/parity_wallet_bug_1.sol:377:37: Warning: This looks like an address but has an invalid checksum. If this is not used as an address, please prepend '00'.
  address constant _walletLibrary = 0xcafecafecafecafecafecafecafecafecafecafe;
                                    ^----------------------------------------^
sb/parity_wallet_bug_1.sol:417:14: Error: Unbalanced stack at the end of a block: 1 surplus item(s).
    assembly {
             ^
Spanning multiple lines.
sb/parity_wallet_bug_1.sol:437:7: Warning: Return value of low-level calls not used.
      _walletLibrary.delegatecall(msg.data); //it should have whitelisted specific methods that the user is allowed to call
      ^-----------------------------------^
sb/parity_wallet_bug_1.sol:456:37: Warning: This looks like an address but has an invalid checksum. If this is not used as an address, please prepend '00'.
  address constant _walletLibrary = 0xcafecafecafecafecafecafecafecafecafecafe;
                                    ^----------------------------------------^

. Solidity failed to generate bytecode for your contract. Check if all the abstract functions are implemented. 
Process Process-1:
Traceback (most recent call last):
  File "/usr/lib/python3.7/multiprocessing/process.py", line 297, in _bootstrap
    self.run()
  File "/usr/lib/python3.7/multiprocessing/process.py", line 99, in run
    self._target(*self._args, **self._kwargs)
  File "/usr/local/lib/python3.7/dist-packages/manticore/ethereum/manticore.py", line 1766, in worker_finalize
    finalizer(q.get_nowait())
  File "/usr/local/lib/python3.7/dist-packages/manticore/ethereum/manticore.py", line 1757, in finalizer
    if only_alive_states and last_tx.result in {"REVERT", "THROW", "TXERROR"}:
AttributeError: 'NoneType' object has no attribute 'result'
2023-07-13 02:40:10,622: [136] m.c.manticore:INFO: Results in /mcore_5s3b501z
2023-07-13 02:40:10,623: [136] m.c.manticore:WARNING: Manticore failed to run
2023-07-13 02:40:11,250: [161] m.main:INFO: Registered plugins: IntrospectionAPIPlugin, <class 'manticore.ethereum.plugins.SkipRevertBasicBlocks'>, <class 'manticore.ethereum.plugins.FilterFunctions'>
2023-07-13 02:40:11,251: [161] m.main:INFO: Beginning analysis
2023-07-13 02:40:11,253: [161] m.e.manticore:INFO: Starting symbolic create contract
2023-07-13 02:40:11,277: [161] m.e.manticore:INFO: Failed to build contract iszero(extcodesize(o_addr))) Errors : Invalid solc compilation sb/parity_wallet_bug_1.sol:246:11: Warning: "throw" is deprecated in favour of "revert()", "require()" and "assert()".
          throw;
          ^---^
sb/parity_wallet_bug_1.sol:280:11: Warning: "throw" is deprecated in favour of "revert()", "require()" and "assert()".
          throw;
          ^---^
sb/parity_wallet_bug_1.sol:84:5: Warning: Variable is declared as a storage pointer. Use an explicit "storage" keyword to silence this warning.
    bytes data;
    ^--------^
sb/parity_wallet_bug_1.sol:264:3: Warning: Variable is shadowed in inline assembly by an instruction of the same name
  function create(uint _value, bytes _code) internal returns (address o_addr) {
  ^
Spanning multiple lines.
sb/parity_wallet_bug_1.sol:267:13: Error: Identifier not found.
      jumpi(invalidJumpLabel, iszero(extcodesize(o_addr)))
            ^--------------^
sb/parity_wallet_bug_1.sol:267:7: Warning: Jump instructions are low-level EVM features that can lead to incorrect stack access. Because of that they are discouraged. Please consider using "switch" or "for" statements instead.
      jumpi(invalidJumpLabel, iszero(extcodesize(o_addr)))
      ^---^
sb/parity_wallet_bug_1.sol:377:37: Warning: This looks like an address but has an invalid checksum. If this is not used as an address, please prepend '00'.
  address constant _walletLibrary = 0xcafecafecafecafecafecafecafecafecafecafe;
                                    ^----------------------------------------^
sb/parity_wallet_bug_1.sol:417:14: Error: Unbalanced stack at the end of a block: 1 surplus item(s).
    assembly {
             ^
Spanning multiple lines.
sb/parity_wallet_bug_1.sol:437:7: Warning: Return value of low-level calls not used.
      _walletLibrary.delegatecall(msg.data); //it should have whitelisted specific methods that the user is allowed to call
      ^-----------------------------------^
sb/parity_wallet_bug_1.sol:456:37: Warning: This looks like an address but has an invalid checksum. If this is not used as an address, please prepend '00'.
  address constant _walletLibrary = 0xcafecafecafecafecafecafecafecafecafecafe;
                                    ^----------------------------------------^

. Solidity failed to generate bytecode for your contract. Check if all the abstract functions are implemented. 
Process Process-1:
Traceback (most recent call last):
  File "/usr/lib/python3.7/multiprocessing/process.py", line 297, in _bootstrap
    self.run()
  File "/usr/lib/python3.7/multiprocessing/process.py", line 99, in run
    self._target(*self._args, **self._kwargs)
  File "/usr/local/lib/python3.7/dist-packages/manticore/ethereum/manticore.py", line 1766, in worker_finalize
    finalizer(q.get_nowait())
  File "/usr/local/lib/python3.7/dist-packages/manticore/ethereum/manticore.py", line 1757, in finalizer
    if only_alive_states and last_tx.result in {"REVERT", "THROW", "TXERROR"}:
AttributeError: 'NoneType' object has no attribute 'result'
2023-07-13 02:40:11,388: [161] m.c.manticore:INFO: Results in /mcore_qlw9le_3
2023-07-13 02:40:11,388: [161] m.c.manticore:WARNING: Manticore failed to run
2023-07-13 02:40:11,996: [186] m.main:INFO: Registered plugins: IntrospectionAPIPlugin, <class 'manticore.ethereum.plugins.SkipRevertBasicBlocks'>, <class 'manticore.ethereum.plugins.FilterFunctions'>
2023-07-13 02:40:11,996: [186] m.main:INFO: Beginning analysis
2023-07-13 02:40:11,999: [186] m.e.manticore:INFO: Starting symbolic create contract
2023-07-13 02:40:12,018: [186] m.e.manticore:INFO: Failed to build contract ^--------------^ Errors : Invalid solc compilation sb/parity_wallet_bug_1.sol:246:11: Warning: "throw" is deprecated in favour of "revert()", "require()" and "assert()".
          throw;
          ^---^
sb/parity_wallet_bug_1.sol:280:11: Warning: "throw" is deprecated in favour of "revert()", "require()" and "assert()".
          throw;
          ^---^
sb/parity_wallet_bug_1.sol:84:5: Warning: Variable is declared as a storage pointer. Use an explicit "storage" keyword to silence this warning.
    bytes data;
    ^--------^
sb/parity_wallet_bug_1.sol:264:3: Warning: Variable is shadowed in inline assembly by an instruction of the same name
  function create(uint _value, bytes _code) internal returns (address o_addr) {
  ^
Spanning multiple lines.
sb/parity_wallet_bug_1.sol:267:13: Error: Identifier not found.
      jumpi(invalidJumpLabel, iszero(extcodesize(o_addr)))
            ^--------------^
sb/parity_wallet_bug_1.sol:267:7: Warning: Jump instructions are low-level EVM features that can lead to incorrect stack access. Because of that they are discouraged. Please consider using "switch" or "for" statements instead.
      jumpi(invalidJumpLabel, iszero(extcodesize(o_addr)))
      ^---^
sb/parity_wallet_bug_1.sol:377:37: Warning: This looks like an address but has an invalid checksum. If this is not used as an address, please prepend '00'.
  address constant _walletLibrary = 0xcafecafecafecafecafecafecafecafecafecafe;
                                    ^----------------------------------------^
sb/parity_wallet_bug_1.sol:417:14: Error: Unbalanced stack at the end of a block: 1 surplus item(s).
    assembly {
             ^
Spanning multiple lines.
sb/parity_wallet_bug_1.sol:437:7: Warning: Return value of low-level calls not used.
      _walletLibrary.delegatecall(msg.data); //it should have whitelisted specific methods that the user is allowed to call
      ^-----------------------------------^
sb/parity_wallet_bug_1.sol:456:37: Warning: This looks like an address but has an invalid checksum. If this is not used as an address, please prepend '00'.
  address constant _walletLibrary = 0xcafecafecafecafecafecafecafecafecafecafe;
                                    ^----------------------------------------^

. Solidity failed to generate bytecode for your contract. Check if all the abstract functions are implemented. 
Process Process-1:
Traceback (most recent call last):
  File "/usr/lib/python3.7/multiprocessing/process.py", line 297, in _bootstrap
    self.run()
  File "/usr/lib/python3.7/multiprocessing/process.py", line 99, in run
    self._target(*self._args, **self._kwargs)
  File "/usr/local/lib/python3.7/dist-packages/manticore/ethereum/manticore.py", line 1766, in worker_finalize
    finalizer(q.get_nowait())
  File "/usr/local/lib/python3.7/dist-packages/manticore/ethereum/manticore.py", line 1757, in finalizer
    if only_alive_states and last_tx.result in {"REVERT", "THROW", "TXERROR"}:
AttributeError: 'NoneType' object has no attribute 'result'
2023-07-13 02:40:12,080: [186] m.c.manticore:INFO: Results in /mcore_x7lco88v
2023-07-13 02:40:12,080: [186] m.c.manticore:WARNING: Manticore failed to run
