2023-07-03 16:05:30,037: [11] m.main:INFO: Registered plugins: IntrospectionAPIPlugin, <class 'manticore.ethereum.plugins.SkipRevertBasicBlocks'>, <class 'manticore.ethereum.plugins.FilterFunctions'>
2023-07-03 16:05:30,038: [11] m.main:INFO: Beginning analysis
2023-07-03 16:05:30,041: [11] m.e.manticore:INFO: Starting symbolic create contract
2023-07-03 16:05:30,095: [11] m.e.manticore:INFO: Failed to build contract /sb/PrimitiveEngine_7.sol:287:22: Errors : Invalid solc compilation sb/PrimitiveEngine_7.sol:287:22: Error: Expected ';' but got '('
    error LockedError();
                     ^

. Solidity failed to generate bytecode for your contract. Check if all the abstract functions are implemented. 
Process Process-1:
Traceback (most recent call last):
  File "/usr/lib/python3.7/multiprocessing/process.py", line 297, in _bootstrap
    self.run()
  File "/usr/lib/python3.7/multiprocessing/process.py", line 99, in run
    self._target(*self._args, **self._kwargs)
  File "/usr/local/lib/python3.7/dist-packages/manticore/ethereum/manticore.py", line 1766, in worker_finalize
    finalizer(q.get_nowait())
  File "/usr/local/lib/python3.7/dist-packages/manticore/ethereum/manticore.py", line 1757, in finalizer
    if only_alive_states and last_tx.result in {"REVERT", "THROW", "TXERROR"}:
AttributeError: 'NoneType' object has no attribute 'result'
2023-07-03 16:05:30,167: [11] m.c.manticore:INFO: Results in /mcore_eihv3_32
2023-07-03 16:05:30,167: [11] m.c.manticore:WARNING: Manticore failed to run
2023-07-03 16:05:30,817: [36] m.main:INFO: Registered plugins: IntrospectionAPIPlugin, <class 'manticore.ethereum.plugins.SkipRevertBasicBlocks'>, <class 'manticore.ethereum.plugins.FilterFunctions'>
2023-07-03 16:05:30,817: [36] m.main:INFO: Beginning analysis
2023-07-03 16:05:30,820: [36] m.e.manticore:INFO: Starting symbolic create contract
2023-07-03 16:05:30,849: [36] m.e.manticore:INFO: Failed to build contract ParserError: Errors : Invalid solc compilation sb/PrimitiveEngine_7.sol:287:22: Error: Expected ';' but got '('
    error LockedError();
                     ^

. Solidity failed to generate bytecode for your contract. Check if all the abstract functions are implemented. 
Process Process-1:
Traceback (most recent call last):
  File "/usr/lib/python3.7/multiprocessing/process.py", line 297, in _bootstrap
    self.run()
  File "/usr/lib/python3.7/multiprocessing/process.py", line 99, in run
    self._target(*self._args, **self._kwargs)
  File "/usr/local/lib/python3.7/dist-packages/manticore/ethereum/manticore.py", line 1766, in worker_finalize
    finalizer(q.get_nowait())
  File "/usr/local/lib/python3.7/dist-packages/manticore/ethereum/manticore.py", line 1757, in finalizer
    if only_alive_states and last_tx.result in {"REVERT", "THROW", "TXERROR"}:
AttributeError: 'NoneType' object has no attribute 'result'
2023-07-03 16:05:30,917: [36] m.c.manticore:INFO: Results in /mcore_rhar1qwe
2023-07-03 16:05:30,917: [36] m.c.manticore:WARNING: Manticore failed to run
2023-07-03 16:05:31,670: [61] m.main:INFO: Registered plugins: IntrospectionAPIPlugin, <class 'manticore.ethereum.plugins.SkipRevertBasicBlocks'>, <class 'manticore.ethereum.plugins.FilterFunctions'>
2023-07-03 16:05:31,671: [61] m.main:INFO: Beginning analysis
2023-07-03 16:05:31,673: [61] m.e.manticore:INFO: Starting symbolic create contract
2023-07-03 16:05:31,691: [61] m.e.manticore:INFO: Failed to build contract Expected Errors : Invalid solc compilation sb/PrimitiveEngine_7.sol:287:22: Error: Expected ';' but got '('
    error LockedError();
                     ^

. Solidity failed to generate bytecode for your contract. Check if all the abstract functions are implemented. 
Process Process-1:
Traceback (most recent call last):
  File "/usr/lib/python3.7/multiprocessing/process.py", line 297, in _bootstrap
    self.run()
  File "/usr/lib/python3.7/multiprocessing/process.py", line 99, in run
    self._target(*self._args, **self._kwargs)
  File "/usr/local/lib/python3.7/dist-packages/manticore/ethereum/manticore.py", line 1766, in worker_finalize
    finalizer(q.get_nowait())
  File "/usr/local/lib/python3.7/dist-packages/manticore/ethereum/manticore.py", line 1757, in finalizer
    if only_alive_states and last_tx.result in {"REVERT", "THROW", "TXERROR"}:
AttributeError: 'NoneType' object has no attribute 'result'
2023-07-03 16:05:31,776: [61] m.c.manticore:INFO: Results in /mcore_fnkinu1t
2023-07-03 16:05:31,777: [61] m.c.manticore:WARNING: Manticore failed to run
2023-07-03 16:05:32,545: [86] m.main:INFO: Registered plugins: IntrospectionAPIPlugin, <class 'manticore.ethereum.plugins.SkipRevertBasicBlocks'>, <class 'manticore.ethereum.plugins.FilterFunctions'>
2023-07-03 16:05:32,545: [86] m.main:INFO: Beginning analysis
2023-07-03 16:05:32,548: [86] m.e.manticore:INFO: Starting symbolic create contract
2023-07-03 16:05:32,575: [86] m.e.manticore:INFO: Failed to build contract ';' Errors : Invalid solc compilation sb/PrimitiveEngine_7.sol:287:22: Error: Expected ';' but got '('
    error LockedError();
                     ^

. Solidity failed to generate bytecode for your contract. Check if all the abstract functions are implemented. 
Process Process-1:
Traceback (most recent call last):
  File "/usr/lib/python3.7/multiprocessing/process.py", line 297, in _bootstrap
    self.run()
  File "/usr/lib/python3.7/multiprocessing/process.py", line 99, in run
    self._target(*self._args, **self._kwargs)
  File "/usr/local/lib/python3.7/dist-packages/manticore/ethereum/manticore.py", line 1766, in worker_finalize
    finalizer(q.get_nowait())
  File "/usr/local/lib/python3.7/dist-packages/manticore/ethereum/manticore.py", line 1757, in finalizer
    if only_alive_states and last_tx.result in {"REVERT", "THROW", "TXERROR"}:
AttributeError: 'NoneType' object has no attribute 'result'
2023-07-03 16:05:32,641: [86] m.c.manticore:INFO: Results in /mcore_tkj6_0wh
2023-07-03 16:05:32,641: [86] m.c.manticore:WARNING: Manticore failed to run
2023-07-03 16:05:33,357: [111] m.main:INFO: Registered plugins: IntrospectionAPIPlugin, <class 'manticore.ethereum.plugins.SkipRevertBasicBlocks'>, <class 'manticore.ethereum.plugins.FilterFunctions'>
2023-07-03 16:05:33,358: [111] m.main:INFO: Beginning analysis
2023-07-03 16:05:33,360: [111] m.e.manticore:INFO: Starting symbolic create contract
2023-07-03 16:05:33,399: [111] m.e.manticore:INFO: Failed to build contract but Errors : Invalid solc compilation sb/PrimitiveEngine_7.sol:287:22: Error: Expected ';' but got '('
    error LockedError();
                     ^

. Solidity failed to generate bytecode for your contract. Check if all the abstract functions are implemented. 
Process Process-1:
Traceback (most recent call last):
  File "/usr/lib/python3.7/multiprocessing/process.py", line 297, in _bootstrap
    self.run()
  File "/usr/lib/python3.7/multiprocessing/process.py", line 99, in run
    self._target(*self._args, **self._kwargs)
  File "/usr/local/lib/python3.7/dist-packages/manticore/ethereum/manticore.py", line 1766, in worker_finalize
    finalizer(q.get_nowait())
  File "/usr/local/lib/python3.7/dist-packages/manticore/ethereum/manticore.py", line 1757, in finalizer
    if only_alive_states and last_tx.result in {"REVERT", "THROW", "TXERROR"}:
AttributeError: 'NoneType' object has no attribute 'result'
2023-07-03 16:05:33,459: [111] m.c.manticore:INFO: Results in /mcore_1hohiyhn
2023-07-03 16:05:33,460: [111] m.c.manticore:WARNING: Manticore failed to run
2023-07-03 16:05:34,202: [136] m.main:INFO: Registered plugins: IntrospectionAPIPlugin, <class 'manticore.ethereum.plugins.SkipRevertBasicBlocks'>, <class 'manticore.ethereum.plugins.FilterFunctions'>
2023-07-03 16:05:34,202: [136] m.main:INFO: Beginning analysis
2023-07-03 16:05:34,207: [136] m.e.manticore:INFO: Starting symbolic create contract
2023-07-03 16:05:34,233: [136] m.e.manticore:INFO: Failed to build contract got Errors : Invalid solc compilation sb/PrimitiveEngine_7.sol:287:22: Error: Expected ';' but got '('
    error LockedError();
                     ^

. Solidity failed to generate bytecode for your contract. Check if all the abstract functions are implemented. 
Process Process-1:
Traceback (most recent call last):
  File "/usr/lib/python3.7/multiprocessing/process.py", line 297, in _bootstrap
    self.run()
  File "/usr/lib/python3.7/multiprocessing/process.py", line 99, in run
    self._target(*self._args, **self._kwargs)
  File "/usr/local/lib/python3.7/dist-packages/manticore/ethereum/manticore.py", line 1766, in worker_finalize
    finalizer(q.get_nowait())
  File "/usr/local/lib/python3.7/dist-packages/manticore/ethereum/manticore.py", line 1757, in finalizer
    if only_alive_states and last_tx.result in {"REVERT", "THROW", "TXERROR"}:
AttributeError: 'NoneType' object has no attribute 'result'
2023-07-03 16:05:34,300: [136] m.c.manticore:INFO: Results in /mcore_o_ri8bzx
2023-07-03 16:05:34,301: [136] m.c.manticore:WARNING: Manticore failed to run
2023-07-03 16:05:34,981: [161] m.main:INFO: Registered plugins: IntrospectionAPIPlugin, <class 'manticore.ethereum.plugins.SkipRevertBasicBlocks'>, <class 'manticore.ethereum.plugins.FilterFunctions'>
2023-07-03 16:05:34,981: [161] m.main:INFO: Beginning analysis
2023-07-03 16:05:34,984: [161] m.e.manticore:INFO: Starting symbolic create contract
2023-07-03 16:05:35,012: [161] m.e.manticore:INFO: Failed to build contract '(' Errors : Invalid solc compilation sb/PrimitiveEngine_7.sol:287:22: Error: Expected ';' but got '('
    error LockedError();
                     ^

. Solidity failed to generate bytecode for your contract. Check if all the abstract functions are implemented. 
Process Process-1:
Traceback (most recent call last):
  File "/usr/lib/python3.7/multiprocessing/process.py", line 297, in _bootstrap
    self.run()
  File "/usr/lib/python3.7/multiprocessing/process.py", line 99, in run
    self._target(*self._args, **self._kwargs)
  File "/usr/local/lib/python3.7/dist-packages/manticore/ethereum/manticore.py", line 1766, in worker_finalize
    finalizer(q.get_nowait())
  File "/usr/local/lib/python3.7/dist-packages/manticore/ethereum/manticore.py", line 1757, in finalizer
    if only_alive_states and last_tx.result in {"REVERT", "THROW", "TXERROR"}:
AttributeError: 'NoneType' object has no attribute 'result'
2023-07-03 16:05:35,085: [161] m.c.manticore:INFO: Results in /mcore_4ci5nqt3
2023-07-03 16:05:35,085: [161] m.c.manticore:WARNING: Manticore failed to run
2023-07-03 16:05:35,734: [186] m.main:INFO: Registered plugins: IntrospectionAPIPlugin, <class 'manticore.ethereum.plugins.SkipRevertBasicBlocks'>, <class 'manticore.ethereum.plugins.FilterFunctions'>
2023-07-03 16:05:35,735: [186] m.main:INFO: Beginning analysis
2023-07-03 16:05:35,737: [186] m.e.manticore:INFO: Starting symbolic create contract
2023-07-03 16:05:35,755: [186] m.e.manticore:INFO: Failed to build contract error Errors : Invalid solc compilation sb/PrimitiveEngine_7.sol:287:22: Error: Expected ';' but got '('
    error LockedError();
                     ^

. Solidity failed to generate bytecode for your contract. Check if all the abstract functions are implemented. 
Process Process-1:
Traceback (most recent call last):
  File "/usr/lib/python3.7/multiprocessing/process.py", line 297, in _bootstrap
    self.run()
  File "/usr/lib/python3.7/multiprocessing/process.py", line 99, in run
    self._target(*self._args, **self._kwargs)
  File "/usr/local/lib/python3.7/dist-packages/manticore/ethereum/manticore.py", line 1766, in worker_finalize
    finalizer(q.get_nowait())
  File "/usr/local/lib/python3.7/dist-packages/manticore/ethereum/manticore.py", line 1757, in finalizer
    if only_alive_states and last_tx.result in {"REVERT", "THROW", "TXERROR"}:
AttributeError: 'NoneType' object has no attribute 'result'
2023-07-03 16:05:35,820: [186] m.c.manticore:INFO: Results in /mcore_wx8r7x75
2023-07-03 16:05:35,821: [186] m.c.manticore:WARNING: Manticore failed to run
2023-07-03 16:05:36,491: [211] m.main:INFO: Registered plugins: IntrospectionAPIPlugin, <class 'manticore.ethereum.plugins.SkipRevertBasicBlocks'>, <class 'manticore.ethereum.plugins.FilterFunctions'>
2023-07-03 16:05:36,491: [211] m.main:INFO: Beginning analysis
2023-07-03 16:05:36,494: [211] m.e.manticore:INFO: Starting symbolic create contract
2023-07-03 16:05:36,520: [211] m.e.manticore:INFO: Failed to build contract LockedError(); Errors : Invalid solc compilation sb/PrimitiveEngine_7.sol:287:22: Error: Expected ';' but got '('
    error LockedError();
                     ^

. Solidity failed to generate bytecode for your contract. Check if all the abstract functions are implemented. 
Process Process-1:
Traceback (most recent call last):
  File "/usr/lib/python3.7/multiprocessing/process.py", line 297, in _bootstrap
    self.run()
  File "/usr/lib/python3.7/multiprocessing/process.py", line 99, in run
    self._target(*self._args, **self._kwargs)
  File "/usr/local/lib/python3.7/dist-packages/manticore/ethereum/manticore.py", line 1766, in worker_finalize
    finalizer(q.get_nowait())
  File "/usr/local/lib/python3.7/dist-packages/manticore/ethereum/manticore.py", line 1757, in finalizer
    if only_alive_states and last_tx.result in {"REVERT", "THROW", "TXERROR"}:
AttributeError: 'NoneType' object has no attribute 'result'
2023-07-03 16:05:36,579: [211] m.c.manticore:INFO: Results in /mcore_0su_awjy
2023-07-03 16:05:36,580: [211] m.c.manticore:WARNING: Manticore failed to run
2023-07-03 16:05:37,242: [236] m.main:INFO: Registered plugins: IntrospectionAPIPlugin, <class 'manticore.ethereum.plugins.SkipRevertBasicBlocks'>, <class 'manticore.ethereum.plugins.FilterFunctions'>
2023-07-03 16:05:37,242: [236] m.main:INFO: Beginning analysis
2023-07-03 16:05:37,244: [236] m.e.manticore:INFO: Starting symbolic create contract
2023-07-03 16:05:37,295: [236] m.e.manticore:INFO: Failed to build contract ^ Errors : Invalid solc compilation sb/PrimitiveEngine_7.sol:287:22: Error: Expected ';' but got '('
    error LockedError();
                     ^

. Solidity failed to generate bytecode for your contract. Check if all the abstract functions are implemented. 
Process Process-1:
Traceback (most recent call last):
  File "/usr/lib/python3.7/multiprocessing/process.py", line 297, in _bootstrap
    self.run()
  File "/usr/lib/python3.7/multiprocessing/process.py", line 99, in run
    self._target(*self._args, **self._kwargs)
  File "/usr/local/lib/python3.7/dist-packages/manticore/ethereum/manticore.py", line 1766, in worker_finalize
    finalizer(q.get_nowait())
  File "/usr/local/lib/python3.7/dist-packages/manticore/ethereum/manticore.py", line 1757, in finalizer
    if only_alive_states and last_tx.result in {"REVERT", "THROW", "TXERROR"}:
AttributeError: 'NoneType' object has no attribute 'result'
2023-07-03 16:05:37,377: [236] m.c.manticore:INFO: Results in /mcore_z2hp5p4d
2023-07-03 16:05:37,378: [236] m.c.manticore:WARNING: Manticore failed to run
