2023-07-03 16:38:00,172: [11] m.main:INFO: Registered plugins: IntrospectionAPIPlugin, <class 'manticore.ethereum.plugins.SkipRevertBasicBlocks'>, <class 'manticore.ethereum.plugins.FilterFunctions'>
2023-07-03 16:38:00,172: [11] m.main:INFO: Beginning analysis
2023-07-03 16:38:00,177: [11] m.e.manticore:INFO: Starting symbolic create contract
2023-07-03 16:38:00,207: [11] m.e.manticore:INFO: Failed to build contract ParserError: Errors : Invalid solc compilation Error: Expected identifier but got '}'
    --> sb/xMPH_1.sol:2269:1:
     |
2269 | } from "@openzeppelin/contracts-upgradeable/token/ERC20/ERC20Upgradeable.sol";
     | ^


. Solidity failed to generate bytecode for your contract. Check if all the abstract functions are implemented. 
Process Process-1:
Traceback (most recent call last):
  File "/usr/lib/python3.7/multiprocessing/process.py", line 297, in _bootstrap
    self.run()
  File "/usr/lib/python3.7/multiprocessing/process.py", line 99, in run
    self._target(*self._args, **self._kwargs)
  File "/usr/local/lib/python3.7/dist-packages/manticore/ethereum/manticore.py", line 1766, in worker_finalize
    finalizer(q.get_nowait())
  File "/usr/local/lib/python3.7/dist-packages/manticore/ethereum/manticore.py", line 1757, in finalizer
    if only_alive_states and last_tx.result in {"REVERT", "THROW", "TXERROR"}:
AttributeError: 'NoneType' object has no attribute 'result'
2023-07-03 16:38:00,280: [11] m.c.manticore:INFO: Results in /mcore_rw78v6f9
2023-07-03 16:38:00,280: [11] m.c.manticore:WARNING: Manticore failed to run
2023-07-03 16:38:00,908: [36] m.main:INFO: Registered plugins: IntrospectionAPIPlugin, <class 'manticore.ethereum.plugins.SkipRevertBasicBlocks'>, <class 'manticore.ethereum.plugins.FilterFunctions'>
2023-07-03 16:38:00,909: [36] m.main:INFO: Beginning analysis
2023-07-03 16:38:00,912: [36] m.e.manticore:INFO: Starting symbolic create contract
2023-07-03 16:38:00,948: [36] m.e.manticore:INFO: Failed to build contract Expected Errors : Invalid solc compilation Error: Expected identifier but got '}'
    --> sb/xMPH_1.sol:2269:1:
     |
2269 | } from "@openzeppelin/contracts-upgradeable/token/ERC20/ERC20Upgradeable.sol";
     | ^


. Solidity failed to generate bytecode for your contract. Check if all the abstract functions are implemented. 
Process Process-1:
Traceback (most recent call last):
  File "/usr/lib/python3.7/multiprocessing/process.py", line 297, in _bootstrap
    self.run()
  File "/usr/lib/python3.7/multiprocessing/process.py", line 99, in run
    self._target(*self._args, **self._kwargs)
  File "/usr/local/lib/python3.7/dist-packages/manticore/ethereum/manticore.py", line 1766, in worker_finalize
    finalizer(q.get_nowait())
  File "/usr/local/lib/python3.7/dist-packages/manticore/ethereum/manticore.py", line 1757, in finalizer
    if only_alive_states and last_tx.result in {"REVERT", "THROW", "TXERROR"}:
AttributeError: 'NoneType' object has no attribute 'result'
2023-07-03 16:38:01,027: [36] m.c.manticore:INFO: Results in /mcore_4j0yoz34
2023-07-03 16:38:01,027: [36] m.c.manticore:WARNING: Manticore failed to run
2023-07-03 16:38:01,715: [61] m.main:INFO: Registered plugins: IntrospectionAPIPlugin, <class 'manticore.ethereum.plugins.SkipRevertBasicBlocks'>, <class 'manticore.ethereum.plugins.FilterFunctions'>
2023-07-03 16:38:01,715: [61] m.main:INFO: Beginning analysis
2023-07-03 16:38:01,718: [61] m.e.manticore:INFO: Starting symbolic create contract
2023-07-03 16:38:01,751: [61] m.e.manticore:INFO: Failed to build contract identifier Errors : Invalid solc compilation Error: Expected identifier but got '}'
    --> sb/xMPH_1.sol:2269:1:
     |
2269 | } from "@openzeppelin/contracts-upgradeable/token/ERC20/ERC20Upgradeable.sol";
     | ^


. Solidity failed to generate bytecode for your contract. Check if all the abstract functions are implemented. 
Process Process-1:
Traceback (most recent call last):
  File "/usr/lib/python3.7/multiprocessing/process.py", line 297, in _bootstrap
    self.run()
  File "/usr/lib/python3.7/multiprocessing/process.py", line 99, in run
    self._target(*self._args, **self._kwargs)
  File "/usr/local/lib/python3.7/dist-packages/manticore/ethereum/manticore.py", line 1766, in worker_finalize
    finalizer(q.get_nowait())
  File "/usr/local/lib/python3.7/dist-packages/manticore/ethereum/manticore.py", line 1757, in finalizer
    if only_alive_states and last_tx.result in {"REVERT", "THROW", "TXERROR"}:
AttributeError: 'NoneType' object has no attribute 'result'
2023-07-03 16:38:01,833: [61] m.c.manticore:INFO: Results in /mcore_3f8s486x
2023-07-03 16:38:01,834: [61] m.c.manticore:WARNING: Manticore failed to run
2023-07-03 16:38:02,464: [86] m.main:INFO: Registered plugins: IntrospectionAPIPlugin, <class 'manticore.ethereum.plugins.SkipRevertBasicBlocks'>, <class 'manticore.ethereum.plugins.FilterFunctions'>
2023-07-03 16:38:02,464: [86] m.main:INFO: Beginning analysis
2023-07-03 16:38:02,467: [86] m.e.manticore:INFO: Starting symbolic create contract
2023-07-03 16:38:02,502: [86] m.e.manticore:INFO: Failed to build contract but Errors : Invalid solc compilation Error: Expected identifier but got '}'
    --> sb/xMPH_1.sol:2269:1:
     |
2269 | } from "@openzeppelin/contracts-upgradeable/token/ERC20/ERC20Upgradeable.sol";
     | ^


. Solidity failed to generate bytecode for your contract. Check if all the abstract functions are implemented. 
Process Process-1:
Traceback (most recent call last):
  File "/usr/lib/python3.7/multiprocessing/process.py", line 297, in _bootstrap
    self.run()
  File "/usr/lib/python3.7/multiprocessing/process.py", line 99, in run
    self._target(*self._args, **self._kwargs)
  File "/usr/local/lib/python3.7/dist-packages/manticore/ethereum/manticore.py", line 1766, in worker_finalize
    finalizer(q.get_nowait())
  File "/usr/local/lib/python3.7/dist-packages/manticore/ethereum/manticore.py", line 1757, in finalizer
    if only_alive_states and last_tx.result in {"REVERT", "THROW", "TXERROR"}:
AttributeError: 'NoneType' object has no attribute 'result'
2023-07-03 16:38:02,579: [86] m.c.manticore:INFO: Results in /mcore_8s98mr02
2023-07-03 16:38:02,580: [86] m.c.manticore:WARNING: Manticore failed to run
2023-07-03 16:38:03,188: [111] m.main:INFO: Registered plugins: IntrospectionAPIPlugin, <class 'manticore.ethereum.plugins.SkipRevertBasicBlocks'>, <class 'manticore.ethereum.plugins.FilterFunctions'>
2023-07-03 16:38:03,188: [111] m.main:INFO: Beginning analysis
2023-07-03 16:38:03,191: [111] m.e.manticore:INFO: Starting symbolic create contract
2023-07-03 16:38:03,216: [111] m.e.manticore:INFO: Failed to build contract got Errors : Invalid solc compilation Error: Expected identifier but got '}'
    --> sb/xMPH_1.sol:2269:1:
     |
2269 | } from "@openzeppelin/contracts-upgradeable/token/ERC20/ERC20Upgradeable.sol";
     | ^


. Solidity failed to generate bytecode for your contract. Check if all the abstract functions are implemented. 
Process Process-1:
Traceback (most recent call last):
  File "/usr/lib/python3.7/multiprocessing/process.py", line 297, in _bootstrap
    self.run()
  File "/usr/lib/python3.7/multiprocessing/process.py", line 99, in run
    self._target(*self._args, **self._kwargs)
  File "/usr/local/lib/python3.7/dist-packages/manticore/ethereum/manticore.py", line 1766, in worker_finalize
    finalizer(q.get_nowait())
  File "/usr/local/lib/python3.7/dist-packages/manticore/ethereum/manticore.py", line 1757, in finalizer
    if only_alive_states and last_tx.result in {"REVERT", "THROW", "TXERROR"}:
AttributeError: 'NoneType' object has no attribute 'result'
2023-07-03 16:38:03,287: [111] m.c.manticore:INFO: Results in /mcore_hus20m2u
2023-07-03 16:38:03,287: [111] m.c.manticore:WARNING: Manticore failed to run
2023-07-03 16:38:03,977: [136] m.main:INFO: Registered plugins: IntrospectionAPIPlugin, <class 'manticore.ethereum.plugins.SkipRevertBasicBlocks'>, <class 'manticore.ethereum.plugins.FilterFunctions'>
2023-07-03 16:38:03,977: [136] m.main:INFO: Beginning analysis
2023-07-03 16:38:03,980: [136] m.e.manticore:INFO: Starting symbolic create contract
2023-07-03 16:38:04,007: [136] m.e.manticore:INFO: Failed to build contract '}' Errors : Invalid solc compilation Error: Expected identifier but got '}'
    --> sb/xMPH_1.sol:2269:1:
     |
2269 | } from "@openzeppelin/contracts-upgradeable/token/ERC20/ERC20Upgradeable.sol";
     | ^


. Solidity failed to generate bytecode for your contract. Check if all the abstract functions are implemented. 
Process Process-1:
Traceback (most recent call last):
  File "/usr/lib/python3.7/multiprocessing/process.py", line 297, in _bootstrap
    self.run()
  File "/usr/lib/python3.7/multiprocessing/process.py", line 99, in run
    self._target(*self._args, **self._kwargs)
  File "/usr/local/lib/python3.7/dist-packages/manticore/ethereum/manticore.py", line 1766, in worker_finalize
    finalizer(q.get_nowait())
  File "/usr/local/lib/python3.7/dist-packages/manticore/ethereum/manticore.py", line 1757, in finalizer
    if only_alive_states and last_tx.result in {"REVERT", "THROW", "TXERROR"}:
AttributeError: 'NoneType' object has no attribute 'result'
2023-07-03 16:38:04,071: [136] m.c.manticore:INFO: Results in /mcore_qlw89sft
2023-07-03 16:38:04,072: [136] m.c.manticore:WARNING: Manticore failed to run
usage: manticore [-h] [--compile-force-framework COMPILE_FORCE_FRAMEWORK]
                 [--compile-remove-metadata]
                 [--compile-custom-build COMPILE_CUSTOM_BUILD]
                 [--ignore-compile] [--solc SOLC] [--solc-remaps SOLC_REMAPS]
                 [--solc-args SOLC_ARGS] [--solc-disable-warnings]
                 [--solc-working-dir SOLC_WORKING_DIR]
                 [--solc-solcs-select SOLC_SOLCS_SELECT]
                 [--solc-solcs-bin SOLC_SOLCS_BIN] [--solc-standard-json]
                 [--solc-force-legacy-json] [--truffle-ignore-compile]
                 [--truffle-build-directory TRUFFLE_BUILD_DIRECTORY]
                 [--truffle-version TRUFFLE_VERSION]
                 [--truffle-overwrite-config]
                 [--truffle-overwrite-version TRUFFLE_OVERWRITE_VERSION]
                 [--embark-ignore-compile] [--embark-overwrite-config]
                 [--dapp-ignore-compile] [--etherlime-ignore-compile]
                 [--etherlime-compile-arguments]
                 [--etherscan-only-source-code] [--etherscan-only-bytecode]
                 [--etherscan-apikey ETHERSCAN_API_KEY]
                 [--arbiscan-apikey ARBISCAN_API_KEY]
                 [--polygonscan-apikey POLYGONSCAN_API_KEY]
                 [--avax-apikey AVAX_API_KEY]
                 [--ftmscan-apikey FTMSCAN_API_KEY]
                 [--bscan-apikey BSCAN_API_KEY]
                 [--etherscan-export-directory ETHERSCAN_EXPORT_DIR]
                 [--waffle-ignore-compile]
                 [--waffle-config-file WAFFLE_CONFIG_FILE] [--npx-disable]
                 [--buidler-ignore-compile]
                 [--buidler-cache-directory BUIDLER_CACHE_DIRECTORY]
                 [--buidler-skip-directory-name-fix]
                 [--hardhat-ignore-compile]
                 [--hardhat-cache-directory HARDHAT_CACHE_DIRECTORY]
                 [--hardhat-artifacts-directory HARDHAT_ARTIFACTS_DIRECTORY]
                 [--coverage COVERAGE] [--no-colors] [--policy POLICY] [-v]
                 [--workspace WORKSPACE] [--version] [--config CONFIG]
                 [--entrysymbol ENTRYSYMBOL] [--data DATA] [--file FILES]
                 [--env ENV] [--pure-symbolic] [--verbose-trace]
                 [--txlimit TXLIMIT] [--txnocoverage] [--txnoether]
                 [--txaccount TXACCOUNT] [--txpreconstrain]
                 [--contract CONTRACT] [--list-detectors]
                 [--exclude DETECTORS_TO_EXCLUDE] [--exclude-all]
                 [--avoid-constant] [--limit-loops] [--no-testcases]
                 [--only-alive-testcases] [--thorough-mode]
                 [--core.compress_states CORE.COMPRESS_STATES]
                 [--core.execs_per_intermittent_cb CORE.EXECS_PER_INTERMITTENT_CB]
                 [--core.HOST CORE.HOST] [--core.PORT CORE.PORT]
                 [--core.fast_fail CORE.FAST_FAIL]
                 [--core.timeout CORE.TIMEOUT] [--core.cluster CORE.CLUSTER]
                 [--core.procs CORE.PROCS]
                 [--core.mprocessing CORE.MPROCESSING] [--core.seed CORE.SEED]
                 [--smt.timeout SMT.TIMEOUT] [--smt.memory SMT.MEMORY]
                 [--smt.maxsolutions SMT.MAXSOLUTIONS]
                 [--smt.z3_bin SMT.Z3_BIN] [--smt.cvc4_bin SMT.CVC4_BIN]
                 [--smt.yices_bin SMT.YICES_BIN]
                 [--smt.boolector_bin SMT.BOOLECTOR_BIN]
                 [--smt.defaultunsat SMT.DEFAULTUNSAT]
                 [--smt.optimize SMT.OPTIMIZE] [--smt.solver SMT.SOLVER]
                 [--workspace.prefix WORKSPACE.PREFIX]
                 [--workspace.dir WORKSPACE.DIR] [--evm.oog EVM.OOG]
                 [--evm.txfail EVM.TXFAIL]
                 [--evm.calldata_max_offset EVM.CALLDATA_MAX_OFFSET]
                 [--evm.calldata_max_size EVM.CALLDATA_MAX_SIZE]
                 [--evm.ignore_balance EVM.IGNORE_BALANCE]
                 [--evm.defaultgas EVM.DEFAULTGAS] [--evm.sha3 EVM.SHA3]
                 [--evm.sha3timeout EVM.SHA3TIMEOUT] [--evm.events EVM.EVENTS]
                 [--cli.profile CLI.PROFILE]
                 [--cli.explore_balance CLI.EXPLORE_BALANCE]
                 [--cli.skip_reverts CLI.SKIP_REVERTS]
                 [--cli.target_func CLI.TARGET_FUNC]
                 [--wasm.decode_names WASM.DECODE_NAMES]
                 [--main.recursionlimit MAIN.RECURSIONLIMIT]
                 [--native.fast_crash NATIVE.FAST_CRASH]
                 [--native.stdin_size NATIVE.STDIN_SIZE]
                 [argv [argv ...]]
manticore: error: argument --contract: expected one argument
mv: cannot stat '/mcore_*': No such file or directory
2023-07-03 16:38:05,277: [165] m.main:INFO: Registered plugins: IntrospectionAPIPlugin, <class 'manticore.ethereum.plugins.SkipRevertBasicBlocks'>, <class 'manticore.ethereum.plugins.FilterFunctions'>
2023-07-03 16:38:05,278: [165] m.main:INFO: Beginning analysis
2023-07-03 16:38:05,281: [165] m.e.manticore:INFO: Starting symbolic create contract
2023-07-03 16:38:05,314: [165] m.e.manticore:INFO: Failed to build contract /sb/xMPH_1.sol:2269:1: Errors : Invalid solc compilation Error: Expected identifier but got '}'
    --> sb/xMPH_1.sol:2269:1:
     |
2269 | } from "@openzeppelin/contracts-upgradeable/token/ERC20/ERC20Upgradeable.sol";
     | ^


. Solidity failed to generate bytecode for your contract. Check if all the abstract functions are implemented. 
Process Process-1:
Traceback (most recent call last):
  File "/usr/lib/python3.7/multiprocessing/process.py", line 297, in _bootstrap
    self.run()
  File "/usr/lib/python3.7/multiprocessing/process.py", line 99, in run
    self._target(*self._args, **self._kwargs)
  File "/usr/local/lib/python3.7/dist-packages/manticore/ethereum/manticore.py", line 1766, in worker_finalize
    finalizer(q.get_nowait())
  File "/usr/local/lib/python3.7/dist-packages/manticore/ethereum/manticore.py", line 1757, in finalizer
    if only_alive_states and last_tx.result in {"REVERT", "THROW", "TXERROR"}:
AttributeError: 'NoneType' object has no attribute 'result'
2023-07-03 16:38:05,399: [165] m.c.manticore:INFO: Results in /mcore_lrw0itzj
2023-07-03 16:38:05,399: [165] m.c.manticore:WARNING: Manticore failed to run
2023-07-03 16:38:06,139: [190] m.main:INFO: Registered plugins: IntrospectionAPIPlugin, <class 'manticore.ethereum.plugins.SkipRevertBasicBlocks'>, <class 'manticore.ethereum.plugins.FilterFunctions'>
2023-07-03 16:38:06,139: [190] m.main:INFO: Beginning analysis
2023-07-03 16:38:06,141: [190] m.e.manticore:INFO: Starting symbolic create contract
2023-07-03 16:38:06,171: [190] m.e.manticore:INFO: Failed to build contract | Errors : Invalid solc compilation Error: Expected identifier but got '}'
    --> sb/xMPH_1.sol:2269:1:
     |
2269 | } from "@openzeppelin/contracts-upgradeable/token/ERC20/ERC20Upgradeable.sol";
     | ^


. Solidity failed to generate bytecode for your contract. Check if all the abstract functions are implemented. 
Process Process-1:
Traceback (most recent call last):
  File "/usr/lib/python3.7/multiprocessing/process.py", line 297, in _bootstrap
    self.run()
  File "/usr/lib/python3.7/multiprocessing/process.py", line 99, in run
    self._target(*self._args, **self._kwargs)
  File "/usr/local/lib/python3.7/dist-packages/manticore/ethereum/manticore.py", line 1766, in worker_finalize
    finalizer(q.get_nowait())
  File "/usr/local/lib/python3.7/dist-packages/manticore/ethereum/manticore.py", line 1757, in finalizer
    if only_alive_states and last_tx.result in {"REVERT", "THROW", "TXERROR"}:
AttributeError: 'NoneType' object has no attribute 'result'
2023-07-03 16:38:06,238: [190] m.c.manticore:INFO: Results in /mcore_bq15cobv
2023-07-03 16:38:06,239: [190] m.c.manticore:WARNING: Manticore failed to run
2023-07-03 16:38:06,894: [215] m.main:INFO: Registered plugins: IntrospectionAPIPlugin, <class 'manticore.ethereum.plugins.SkipRevertBasicBlocks'>, <class 'manticore.ethereum.plugins.FilterFunctions'>
2023-07-03 16:38:06,894: [215] m.main:INFO: Beginning analysis
2023-07-03 16:38:06,896: [215] m.e.manticore:INFO: Starting symbolic create contract
2023-07-03 16:38:06,913: [215] m.e.manticore:INFO: Failed to build contract 2269 Errors : Invalid solc compilation Error: Expected identifier but got '}'
    --> sb/xMPH_1.sol:2269:1:
     |
2269 | } from "@openzeppelin/contracts-upgradeable/token/ERC20/ERC20Upgradeable.sol";
     | ^


. Solidity failed to generate bytecode for your contract. Check if all the abstract functions are implemented. 
Process Process-1:
Traceback (most recent call last):
  File "/usr/lib/python3.7/multiprocessing/process.py", line 297, in _bootstrap
    self.run()
  File "/usr/lib/python3.7/multiprocessing/process.py", line 99, in run
    self._target(*self._args, **self._kwargs)
  File "/usr/local/lib/python3.7/dist-packages/manticore/ethereum/manticore.py", line 1766, in worker_finalize
    finalizer(q.get_nowait())
  File "/usr/local/lib/python3.7/dist-packages/manticore/ethereum/manticore.py", line 1757, in finalizer
    if only_alive_states and last_tx.result in {"REVERT", "THROW", "TXERROR"}:
AttributeError: 'NoneType' object has no attribute 'result'
2023-07-03 16:38:06,977: [215] m.c.manticore:INFO: Results in /mcore_0_1v8pdq
2023-07-03 16:38:06,978: [215] m.c.manticore:WARNING: Manticore failed to run
2023-07-03 16:38:07,642: [240] m.main:INFO: Registered plugins: IntrospectionAPIPlugin, <class 'manticore.ethereum.plugins.SkipRevertBasicBlocks'>, <class 'manticore.ethereum.plugins.FilterFunctions'>
2023-07-03 16:38:07,643: [240] m.main:INFO: Beginning analysis
2023-07-03 16:38:07,646: [240] m.e.manticore:INFO: Starting symbolic create contract
2023-07-03 16:38:07,680: [240] m.e.manticore:INFO: Failed to build contract | Errors : Invalid solc compilation Error: Expected identifier but got '}'
    --> sb/xMPH_1.sol:2269:1:
     |
2269 | } from "@openzeppelin/contracts-upgradeable/token/ERC20/ERC20Upgradeable.sol";
     | ^


. Solidity failed to generate bytecode for your contract. Check if all the abstract functions are implemented. 
Process Process-1:
Traceback (most recent call last):
  File "/usr/lib/python3.7/multiprocessing/process.py", line 297, in _bootstrap
    self.run()
  File "/usr/lib/python3.7/multiprocessing/process.py", line 99, in run
    self._target(*self._args, **self._kwargs)
  File "/usr/local/lib/python3.7/dist-packages/manticore/ethereum/manticore.py", line 1766, in worker_finalize
    finalizer(q.get_nowait())
  File "/usr/local/lib/python3.7/dist-packages/manticore/ethereum/manticore.py", line 1757, in finalizer
    if only_alive_states and last_tx.result in {"REVERT", "THROW", "TXERROR"}:
AttributeError: 'NoneType' object has no attribute 'result'
2023-07-03 16:38:07,785: [240] m.c.manticore:INFO: Results in /mcore_hzyemzmg
2023-07-03 16:38:07,785: [240] m.c.manticore:WARNING: Manticore failed to run
2023-07-03 16:38:08,473: [265] m.main:INFO: Registered plugins: IntrospectionAPIPlugin, <class 'manticore.ethereum.plugins.SkipRevertBasicBlocks'>, <class 'manticore.ethereum.plugins.FilterFunctions'>
2023-07-03 16:38:08,473: [265] m.main:INFO: Beginning analysis
2023-07-03 16:38:08,476: [265] m.e.manticore:INFO: Starting symbolic create contract
2023-07-03 16:38:08,503: [265] m.e.manticore:INFO: Failed to build contract } Errors : Invalid solc compilation Error: Expected identifier but got '}'
    --> sb/xMPH_1.sol:2269:1:
     |
2269 | } from "@openzeppelin/contracts-upgradeable/token/ERC20/ERC20Upgradeable.sol";
     | ^


. Solidity failed to generate bytecode for your contract. Check if all the abstract functions are implemented. 
Process Process-1:
Traceback (most recent call last):
  File "/usr/lib/python3.7/multiprocessing/process.py", line 297, in _bootstrap
    self.run()
  File "/usr/lib/python3.7/multiprocessing/process.py", line 99, in run
    self._target(*self._args, **self._kwargs)
  File "/usr/local/lib/python3.7/dist-packages/manticore/ethereum/manticore.py", line 1766, in worker_finalize
    finalizer(q.get_nowait())
  File "/usr/local/lib/python3.7/dist-packages/manticore/ethereum/manticore.py", line 1757, in finalizer
    if only_alive_states and last_tx.result in {"REVERT", "THROW", "TXERROR"}:
AttributeError: 'NoneType' object has no attribute 'result'
2023-07-03 16:38:08,573: [265] m.c.manticore:INFO: Results in /mcore_xtxw88lp
2023-07-03 16:38:08,573: [265] m.c.manticore:WARNING: Manticore failed to run
2023-07-03 16:38:09,363: [290] m.main:INFO: Registered plugins: IntrospectionAPIPlugin, <class 'manticore.ethereum.plugins.SkipRevertBasicBlocks'>, <class 'manticore.ethereum.plugins.FilterFunctions'>
2023-07-03 16:38:09,364: [290] m.main:INFO: Beginning analysis
2023-07-03 16:38:09,366: [290] m.e.manticore:INFO: Starting symbolic create contract
2023-07-03 16:38:09,403: [290] m.e.manticore:INFO: Failed to build contract from Errors : Invalid solc compilation Error: Expected identifier but got '}'
    --> sb/xMPH_1.sol:2269:1:
     |
2269 | } from "@openzeppelin/contracts-upgradeable/token/ERC20/ERC20Upgradeable.sol";
     | ^


. Solidity failed to generate bytecode for your contract. Check if all the abstract functions are implemented. 
Process Process-1:
Traceback (most recent call last):
  File "/usr/lib/python3.7/multiprocessing/process.py", line 297, in _bootstrap
    self.run()
  File "/usr/lib/python3.7/multiprocessing/process.py", line 99, in run
    self._target(*self._args, **self._kwargs)
  File "/usr/local/lib/python3.7/dist-packages/manticore/ethereum/manticore.py", line 1766, in worker_finalize
    finalizer(q.get_nowait())
  File "/usr/local/lib/python3.7/dist-packages/manticore/ethereum/manticore.py", line 1757, in finalizer
    if only_alive_states and last_tx.result in {"REVERT", "THROW", "TXERROR"}:
AttributeError: 'NoneType' object has no attribute 'result'
2023-07-03 16:38:09,478: [290] m.c.manticore:INFO: Results in /mcore_2f8oo1n9
2023-07-03 16:38:09,478: [290] m.c.manticore:WARNING: Manticore failed to run
2023-07-03 16:38:10,200: [315] m.main:INFO: Registered plugins: IntrospectionAPIPlugin, <class 'manticore.ethereum.plugins.SkipRevertBasicBlocks'>, <class 'manticore.ethereum.plugins.FilterFunctions'>
2023-07-03 16:38:10,200: [315] m.main:INFO: Beginning analysis
2023-07-03 16:38:10,202: [315] m.e.manticore:INFO: Starting symbolic create contract
2023-07-03 16:38:10,225: [315] m.e.manticore:INFO: Failed to build contract "@openzeppelin/contracts-upgradeable/token/ERC20/ERC20Upgradeable.sol"; Errors : Invalid solc compilation Error: Expected identifier but got '}'
    --> sb/xMPH_1.sol:2269:1:
     |
2269 | } from "@openzeppelin/contracts-upgradeable/token/ERC20/ERC20Upgradeable.sol";
     | ^


. Solidity failed to generate bytecode for your contract. Check if all the abstract functions are implemented. 
Process Process-1:
Traceback (most recent call last):
  File "/usr/lib/python3.7/multiprocessing/process.py", line 297, in _bootstrap
    self.run()
  File "/usr/lib/python3.7/multiprocessing/process.py", line 99, in run
    self._target(*self._args, **self._kwargs)
  File "/usr/local/lib/python3.7/dist-packages/manticore/ethereum/manticore.py", line 1766, in worker_finalize
    finalizer(q.get_nowait())
  File "/usr/local/lib/python3.7/dist-packages/manticore/ethereum/manticore.py", line 1757, in finalizer
    if only_alive_states and last_tx.result in {"REVERT", "THROW", "TXERROR"}:
AttributeError: 'NoneType' object has no attribute 'result'
2023-07-03 16:38:10,284: [315] m.c.manticore:INFO: Results in /mcore_868r41kr
2023-07-03 16:38:10,285: [315] m.c.manticore:WARNING: Manticore failed to run
2023-07-03 16:38:10,971: [340] m.main:INFO: Registered plugins: IntrospectionAPIPlugin, <class 'manticore.ethereum.plugins.SkipRevertBasicBlocks'>, <class 'manticore.ethereum.plugins.FilterFunctions'>
2023-07-03 16:38:10,971: [340] m.main:INFO: Beginning analysis
2023-07-03 16:38:10,974: [340] m.e.manticore:INFO: Starting symbolic create contract
2023-07-03 16:38:11,012: [340] m.e.manticore:INFO: Failed to build contract | Errors : Invalid solc compilation Error: Expected identifier but got '}'
    --> sb/xMPH_1.sol:2269:1:
     |
2269 | } from "@openzeppelin/contracts-upgradeable/token/ERC20/ERC20Upgradeable.sol";
     | ^


. Solidity failed to generate bytecode for your contract. Check if all the abstract functions are implemented. 
Process Process-1:
Traceback (most recent call last):
  File "/usr/lib/python3.7/multiprocessing/process.py", line 297, in _bootstrap
    self.run()
  File "/usr/lib/python3.7/multiprocessing/process.py", line 99, in run
    self._target(*self._args, **self._kwargs)
  File "/usr/local/lib/python3.7/dist-packages/manticore/ethereum/manticore.py", line 1766, in worker_finalize
    finalizer(q.get_nowait())
  File "/usr/local/lib/python3.7/dist-packages/manticore/ethereum/manticore.py", line 1757, in finalizer
    if only_alive_states and last_tx.result in {"REVERT", "THROW", "TXERROR"}:
AttributeError: 'NoneType' object has no attribute 'result'
2023-07-03 16:38:11,091: [340] m.c.manticore:INFO: Results in /mcore_7xgjkkie
2023-07-03 16:38:11,091: [340] m.c.manticore:WARNING: Manticore failed to run
2023-07-03 16:38:11,833: [365] m.main:INFO: Registered plugins: IntrospectionAPIPlugin, <class 'manticore.ethereum.plugins.SkipRevertBasicBlocks'>, <class 'manticore.ethereum.plugins.FilterFunctions'>
2023-07-03 16:38:11,833: [365] m.main:INFO: Beginning analysis
2023-07-03 16:38:11,836: [365] m.e.manticore:INFO: Starting symbolic create contract
2023-07-03 16:38:11,853: [365] m.e.manticore:INFO: Failed to build contract ^ Errors : Invalid solc compilation Error: Expected identifier but got '}'
    --> sb/xMPH_1.sol:2269:1:
     |
2269 | } from "@openzeppelin/contracts-upgradeable/token/ERC20/ERC20Upgradeable.sol";
     | ^


. Solidity failed to generate bytecode for your contract. Check if all the abstract functions are implemented. 
Process Process-1:
Traceback (most recent call last):
  File "/usr/lib/python3.7/multiprocessing/process.py", line 297, in _bootstrap
    self.run()
  File "/usr/lib/python3.7/multiprocessing/process.py", line 99, in run
    self._target(*self._args, **self._kwargs)
  File "/usr/local/lib/python3.7/dist-packages/manticore/ethereum/manticore.py", line 1766, in worker_finalize
    finalizer(q.get_nowait())
  File "/usr/local/lib/python3.7/dist-packages/manticore/ethereum/manticore.py", line 1757, in finalizer
    if only_alive_states and last_tx.result in {"REVERT", "THROW", "TXERROR"}:
AttributeError: 'NoneType' object has no attribute 'result'
2023-07-03 16:38:11,922: [365] m.c.manticore:INFO: Results in /mcore_9nll3hzt
2023-07-03 16:38:11,923: [365] m.c.manticore:WARNING: Manticore failed to run
