2023-07-03 15:54:37,253: [11] m.main:INFO: Registered plugins: IntrospectionAPIPlugin, <class 'manticore.ethereum.plugins.SkipRevertBasicBlocks'>, <class 'manticore.ethereum.plugins.FilterFunctions'>
2023-07-03 15:54:37,253: [11] m.main:INFO: Beginning analysis
2023-07-03 15:54:37,256: [11] m.e.manticore:INFO: Starting symbolic create contract
2023-07-03 15:54:37,292: [11] m.e.manticore:INFO: Failed to build contract /sb/PrimitiveEngine_9.sol:287:22: Errors : Invalid solc compilation sb/PrimitiveEngine_9.sol:287:22: Error: Expected ';' but got '('
    error LockedError();
                     ^

. Solidity failed to generate bytecode for your contract. Check if all the abstract functions are implemented. 
Process Process-1:
Traceback (most recent call last):
  File "/usr/lib/python3.7/multiprocessing/process.py", line 297, in _bootstrap
    self.run()
  File "/usr/lib/python3.7/multiprocessing/process.py", line 99, in run
    self._target(*self._args, **self._kwargs)
  File "/usr/local/lib/python3.7/dist-packages/manticore/ethereum/manticore.py", line 1766, in worker_finalize
    finalizer(q.get_nowait())
  File "/usr/local/lib/python3.7/dist-packages/manticore/ethereum/manticore.py", line 1757, in finalizer
    if only_alive_states and last_tx.result in {"REVERT", "THROW", "TXERROR"}:
AttributeError: 'NoneType' object has no attribute 'result'
2023-07-03 15:54:37,394: [11] m.c.manticore:INFO: Results in /mcore_jek_farf
2023-07-03 15:54:37,394: [11] m.c.manticore:WARNING: Manticore failed to run
2023-07-03 15:54:38,072: [36] m.main:INFO: Registered plugins: IntrospectionAPIPlugin, <class 'manticore.ethereum.plugins.SkipRevertBasicBlocks'>, <class 'manticore.ethereum.plugins.FilterFunctions'>
2023-07-03 15:54:38,072: [36] m.main:INFO: Beginning analysis
2023-07-03 15:54:38,076: [36] m.e.manticore:INFO: Starting symbolic create contract
2023-07-03 15:54:38,120: [36] m.e.manticore:INFO: Failed to build contract ParserError: Errors : Invalid solc compilation sb/PrimitiveEngine_9.sol:287:22: Error: Expected ';' but got '('
    error LockedError();
                     ^

. Solidity failed to generate bytecode for your contract. Check if all the abstract functions are implemented. 
Process Process-1:
Traceback (most recent call last):
  File "/usr/lib/python3.7/multiprocessing/process.py", line 297, in _bootstrap
    self.run()
  File "/usr/lib/python3.7/multiprocessing/process.py", line 99, in run
    self._target(*self._args, **self._kwargs)
  File "/usr/local/lib/python3.7/dist-packages/manticore/ethereum/manticore.py", line 1766, in worker_finalize
    finalizer(q.get_nowait())
  File "/usr/local/lib/python3.7/dist-packages/manticore/ethereum/manticore.py", line 1757, in finalizer
    if only_alive_states and last_tx.result in {"REVERT", "THROW", "TXERROR"}:
AttributeError: 'NoneType' object has no attribute 'result'
2023-07-03 15:54:38,216: [36] m.c.manticore:INFO: Results in /mcore_7c59gxxy
2023-07-03 15:54:38,217: [36] m.c.manticore:WARNING: Manticore failed to run
2023-07-03 15:54:38,961: [61] m.main:INFO: Registered plugins: IntrospectionAPIPlugin, <class 'manticore.ethereum.plugins.SkipRevertBasicBlocks'>, <class 'manticore.ethereum.plugins.FilterFunctions'>
2023-07-03 15:54:38,962: [61] m.main:INFO: Beginning analysis
2023-07-03 15:54:38,964: [61] m.e.manticore:INFO: Starting symbolic create contract
2023-07-03 15:54:38,992: [61] m.e.manticore:INFO: Failed to build contract Expected Errors : Invalid solc compilation sb/PrimitiveEngine_9.sol:287:22: Error: Expected ';' but got '('
    error LockedError();
                     ^

. Solidity failed to generate bytecode for your contract. Check if all the abstract functions are implemented. 
Process Process-1:
Traceback (most recent call last):
  File "/usr/lib/python3.7/multiprocessing/process.py", line 297, in _bootstrap
    self.run()
  File "/usr/lib/python3.7/multiprocessing/process.py", line 99, in run
    self._target(*self._args, **self._kwargs)
  File "/usr/local/lib/python3.7/dist-packages/manticore/ethereum/manticore.py", line 1766, in worker_finalize
    finalizer(q.get_nowait())
  File "/usr/local/lib/python3.7/dist-packages/manticore/ethereum/manticore.py", line 1757, in finalizer
    if only_alive_states and last_tx.result in {"REVERT", "THROW", "TXERROR"}:
AttributeError: 'NoneType' object has no attribute 'result'
2023-07-03 15:54:39,060: [61] m.c.manticore:INFO: Results in /mcore_8fccxth6
2023-07-03 15:54:39,061: [61] m.c.manticore:WARNING: Manticore failed to run
2023-07-03 15:54:39,683: [86] m.main:INFO: Registered plugins: IntrospectionAPIPlugin, <class 'manticore.ethereum.plugins.SkipRevertBasicBlocks'>, <class 'manticore.ethereum.plugins.FilterFunctions'>
2023-07-03 15:54:39,683: [86] m.main:INFO: Beginning analysis
2023-07-03 15:54:39,685: [86] m.e.manticore:INFO: Starting symbolic create contract
2023-07-03 15:54:39,720: [86] m.e.manticore:INFO: Failed to build contract ';' Errors : Invalid solc compilation sb/PrimitiveEngine_9.sol:287:22: Error: Expected ';' but got '('
    error LockedError();
                     ^

. Solidity failed to generate bytecode for your contract. Check if all the abstract functions are implemented. 
Process Process-1:
Traceback (most recent call last):
  File "/usr/lib/python3.7/multiprocessing/process.py", line 297, in _bootstrap
    self.run()
  File "/usr/lib/python3.7/multiprocessing/process.py", line 99, in run
    self._target(*self._args, **self._kwargs)
  File "/usr/local/lib/python3.7/dist-packages/manticore/ethereum/manticore.py", line 1766, in worker_finalize
    finalizer(q.get_nowait())
  File "/usr/local/lib/python3.7/dist-packages/manticore/ethereum/manticore.py", line 1757, in finalizer
    if only_alive_states and last_tx.result in {"REVERT", "THROW", "TXERROR"}:
AttributeError: 'NoneType' object has no attribute 'result'
2023-07-03 15:54:39,795: [86] m.c.manticore:INFO: Results in /mcore_wh54y583
2023-07-03 15:54:39,795: [86] m.c.manticore:WARNING: Manticore failed to run
2023-07-03 15:54:40,486: [111] m.main:INFO: Registered plugins: IntrospectionAPIPlugin, <class 'manticore.ethereum.plugins.SkipRevertBasicBlocks'>, <class 'manticore.ethereum.plugins.FilterFunctions'>
2023-07-03 15:54:40,487: [111] m.main:INFO: Beginning analysis
2023-07-03 15:54:40,489: [111] m.e.manticore:INFO: Starting symbolic create contract
2023-07-03 15:54:40,523: [111] m.e.manticore:INFO: Failed to build contract but Errors : Invalid solc compilation sb/PrimitiveEngine_9.sol:287:22: Error: Expected ';' but got '('
    error LockedError();
                     ^

. Solidity failed to generate bytecode for your contract. Check if all the abstract functions are implemented. 
Process Process-1:
Traceback (most recent call last):
  File "/usr/lib/python3.7/multiprocessing/process.py", line 297, in _bootstrap
    self.run()
  File "/usr/lib/python3.7/multiprocessing/process.py", line 99, in run
    self._target(*self._args, **self._kwargs)
  File "/usr/local/lib/python3.7/dist-packages/manticore/ethereum/manticore.py", line 1766, in worker_finalize
    finalizer(q.get_nowait())
  File "/usr/local/lib/python3.7/dist-packages/manticore/ethereum/manticore.py", line 1757, in finalizer
    if only_alive_states and last_tx.result in {"REVERT", "THROW", "TXERROR"}:
AttributeError: 'NoneType' object has no attribute 'result'
2023-07-03 15:54:40,590: [111] m.c.manticore:INFO: Results in /mcore_tqgghlsn
2023-07-03 15:54:40,590: [111] m.c.manticore:WARNING: Manticore failed to run
2023-07-03 15:54:41,335: [136] m.main:INFO: Registered plugins: IntrospectionAPIPlugin, <class 'manticore.ethereum.plugins.SkipRevertBasicBlocks'>, <class 'manticore.ethereum.plugins.FilterFunctions'>
2023-07-03 15:54:41,336: [136] m.main:INFO: Beginning analysis
2023-07-03 15:54:41,338: [136] m.e.manticore:INFO: Starting symbolic create contract
2023-07-03 15:54:41,367: [136] m.e.manticore:INFO: Failed to build contract got Errors : Invalid solc compilation sb/PrimitiveEngine_9.sol:287:22: Error: Expected ';' but got '('
    error LockedError();
                     ^

. Solidity failed to generate bytecode for your contract. Check if all the abstract functions are implemented. 
Process Process-1:
Traceback (most recent call last):
  File "/usr/lib/python3.7/multiprocessing/process.py", line 297, in _bootstrap
    self.run()
  File "/usr/lib/python3.7/multiprocessing/process.py", line 99, in run
    self._target(*self._args, **self._kwargs)
  File "/usr/local/lib/python3.7/dist-packages/manticore/ethereum/manticore.py", line 1766, in worker_finalize
    finalizer(q.get_nowait())
  File "/usr/local/lib/python3.7/dist-packages/manticore/ethereum/manticore.py", line 1757, in finalizer
    if only_alive_states and last_tx.result in {"REVERT", "THROW", "TXERROR"}:
AttributeError: 'NoneType' object has no attribute 'result'
2023-07-03 15:54:41,443: [136] m.c.manticore:INFO: Results in /mcore_f87ics58
2023-07-03 15:54:41,444: [136] m.c.manticore:WARNING: Manticore failed to run
2023-07-03 15:54:42,160: [161] m.main:INFO: Registered plugins: IntrospectionAPIPlugin, <class 'manticore.ethereum.plugins.SkipRevertBasicBlocks'>, <class 'manticore.ethereum.plugins.FilterFunctions'>
2023-07-03 15:54:42,161: [161] m.main:INFO: Beginning analysis
2023-07-03 15:54:42,166: [161] m.e.manticore:INFO: Starting symbolic create contract
2023-07-03 15:54:42,206: [161] m.e.manticore:INFO: Failed to build contract '(' Errors : Invalid solc compilation sb/PrimitiveEngine_9.sol:287:22: Error: Expected ';' but got '('
    error LockedError();
                     ^

. Solidity failed to generate bytecode for your contract. Check if all the abstract functions are implemented. 
Process Process-1:
Traceback (most recent call last):
  File "/usr/lib/python3.7/multiprocessing/process.py", line 297, in _bootstrap
    self.run()
  File "/usr/lib/python3.7/multiprocessing/process.py", line 99, in run
    self._target(*self._args, **self._kwargs)
  File "/usr/local/lib/python3.7/dist-packages/manticore/ethereum/manticore.py", line 1766, in worker_finalize
    finalizer(q.get_nowait())
  File "/usr/local/lib/python3.7/dist-packages/manticore/ethereum/manticore.py", line 1757, in finalizer
    if only_alive_states and last_tx.result in {"REVERT", "THROW", "TXERROR"}:
AttributeError: 'NoneType' object has no attribute 'result'
2023-07-03 15:54:42,282: [161] m.c.manticore:INFO: Results in /mcore_21nbnvct
2023-07-03 15:54:42,283: [161] m.c.manticore:WARNING: Manticore failed to run
2023-07-03 15:54:43,024: [186] m.main:INFO: Registered plugins: IntrospectionAPIPlugin, <class 'manticore.ethereum.plugins.SkipRevertBasicBlocks'>, <class 'manticore.ethereum.plugins.FilterFunctions'>
2023-07-03 15:54:43,025: [186] m.main:INFO: Beginning analysis
2023-07-03 15:54:43,027: [186] m.e.manticore:INFO: Starting symbolic create contract
2023-07-03 15:54:43,066: [186] m.e.manticore:INFO: Failed to build contract error Errors : Invalid solc compilation sb/PrimitiveEngine_9.sol:287:22: Error: Expected ';' but got '('
    error LockedError();
                     ^

. Solidity failed to generate bytecode for your contract. Check if all the abstract functions are implemented. 
Process Process-1:
Traceback (most recent call last):
  File "/usr/lib/python3.7/multiprocessing/process.py", line 297, in _bootstrap
    self.run()
  File "/usr/lib/python3.7/multiprocessing/process.py", line 99, in run
    self._target(*self._args, **self._kwargs)
  File "/usr/local/lib/python3.7/dist-packages/manticore/ethereum/manticore.py", line 1766, in worker_finalize
    finalizer(q.get_nowait())
  File "/usr/local/lib/python3.7/dist-packages/manticore/ethereum/manticore.py", line 1757, in finalizer
    if only_alive_states and last_tx.result in {"REVERT", "THROW", "TXERROR"}:
AttributeError: 'NoneType' object has no attribute 'result'
2023-07-03 15:54:43,134: [186] m.c.manticore:INFO: Results in /mcore_721a2bq0
2023-07-03 15:54:43,134: [186] m.c.manticore:WARNING: Manticore failed to run
2023-07-03 15:54:43,908: [211] m.main:INFO: Registered plugins: IntrospectionAPIPlugin, <class 'manticore.ethereum.plugins.SkipRevertBasicBlocks'>, <class 'manticore.ethereum.plugins.FilterFunctions'>
2023-07-03 15:54:43,909: [211] m.main:INFO: Beginning analysis
2023-07-03 15:54:43,912: [211] m.e.manticore:INFO: Starting symbolic create contract
2023-07-03 15:54:43,953: [211] m.e.manticore:INFO: Failed to build contract LockedError(); Errors : Invalid solc compilation sb/PrimitiveEngine_9.sol:287:22: Error: Expected ';' but got '('
    error LockedError();
                     ^

. Solidity failed to generate bytecode for your contract. Check if all the abstract functions are implemented. 
Process Process-1:
Traceback (most recent call last):
  File "/usr/lib/python3.7/multiprocessing/process.py", line 297, in _bootstrap
    self.run()
  File "/usr/lib/python3.7/multiprocessing/process.py", line 99, in run
    self._target(*self._args, **self._kwargs)
  File "/usr/local/lib/python3.7/dist-packages/manticore/ethereum/manticore.py", line 1766, in worker_finalize
    finalizer(q.get_nowait())
  File "/usr/local/lib/python3.7/dist-packages/manticore/ethereum/manticore.py", line 1757, in finalizer
    if only_alive_states and last_tx.result in {"REVERT", "THROW", "TXERROR"}:
AttributeError: 'NoneType' object has no attribute 'result'
2023-07-03 15:54:44,032: [211] m.c.manticore:INFO: Results in /mcore_pvq6r57r
2023-07-03 15:54:44,032: [211] m.c.manticore:WARNING: Manticore failed to run
2023-07-03 15:54:44,726: [236] m.main:INFO: Registered plugins: IntrospectionAPIPlugin, <class 'manticore.ethereum.plugins.SkipRevertBasicBlocks'>, <class 'manticore.ethereum.plugins.FilterFunctions'>
2023-07-03 15:54:44,727: [236] m.main:INFO: Beginning analysis
2023-07-03 15:54:44,731: [236] m.e.manticore:INFO: Starting symbolic create contract
2023-07-03 15:54:44,768: [236] m.e.manticore:INFO: Failed to build contract ^ Errors : Invalid solc compilation sb/PrimitiveEngine_9.sol:287:22: Error: Expected ';' but got '('
    error LockedError();
                     ^

. Solidity failed to generate bytecode for your contract. Check if all the abstract functions are implemented. 
Process Process-1:
Traceback (most recent call last):
  File "/usr/lib/python3.7/multiprocessing/process.py", line 297, in _bootstrap
    self.run()
  File "/usr/lib/python3.7/multiprocessing/process.py", line 99, in run
    self._target(*self._args, **self._kwargs)
  File "/usr/local/lib/python3.7/dist-packages/manticore/ethereum/manticore.py", line 1766, in worker_finalize
    finalizer(q.get_nowait())
  File "/usr/local/lib/python3.7/dist-packages/manticore/ethereum/manticore.py", line 1757, in finalizer
    if only_alive_states and last_tx.result in {"REVERT", "THROW", "TXERROR"}:
AttributeError: 'NoneType' object has no attribute 'result'
2023-07-03 15:54:44,852: [236] m.c.manticore:INFO: Results in /mcore_u0htcfto
2023-07-03 15:54:44,853: [236] m.c.manticore:WARNING: Manticore failed to run
