2023-07-03 16:10:32,514: [11] m.main:INFO: Registered plugins: IntrospectionAPIPlugin, <class 'manticore.ethereum.plugins.SkipRevertBasicBlocks'>, <class 'manticore.ethereum.plugins.FilterFunctions'>
2023-07-03 16:10:32,515: [11] m.main:INFO: Beginning analysis
2023-07-03 16:10:32,517: [11] m.e.manticore:INFO: Starting symbolic create contract
2023-07-03 16:10:32,560: [11] m.e.manticore:INFO: Failed to build contract /sb/TransferHelper_4.sol:71:47: Errors : Invalid solc compilation sb/TransferHelper_4.sol:71:47: Error: Member "transfer" not found or not visible after argument-dependent lookup in type(contract IERC20Minimal).
            token.call(abi.encodeWithSelector(IERC20Minimal.transfer.selector, to, value));
                                              ^--------------------^

. Solidity failed to generate bytecode for your contract. Check if all the abstract functions are implemented. 
Process Process-1:
Traceback (most recent call last):
  File "/usr/lib/python3.7/multiprocessing/process.py", line 297, in _bootstrap
    self.run()
  File "/usr/lib/python3.7/multiprocessing/process.py", line 99, in run
    self._target(*self._args, **self._kwargs)
  File "/usr/local/lib/python3.7/dist-packages/manticore/ethereum/manticore.py", line 1766, in worker_finalize
    finalizer(q.get_nowait())
  File "/usr/local/lib/python3.7/dist-packages/manticore/ethereum/manticore.py", line 1757, in finalizer
    if only_alive_states and last_tx.result in {"REVERT", "THROW", "TXERROR"}:
AttributeError: 'NoneType' object has no attribute 'result'
2023-07-03 16:10:32,649: [11] m.c.manticore:INFO: Results in /mcore_ln36dl8y
2023-07-03 16:10:32,651: [11] m.c.manticore:WARNING: Manticore failed to run
2023-07-03 16:10:33,501: [36] m.main:INFO: Registered plugins: IntrospectionAPIPlugin, <class 'manticore.ethereum.plugins.SkipRevertBasicBlocks'>, <class 'manticore.ethereum.plugins.FilterFunctions'>
2023-07-03 16:10:33,501: [36] m.main:INFO: Beginning analysis
2023-07-03 16:10:33,504: [36] m.e.manticore:INFO: Starting symbolic create contract
2023-07-03 16:10:33,538: [36] m.e.manticore:INFO: Failed to build contract TypeError: Errors : Invalid solc compilation sb/TransferHelper_4.sol:71:47: Error: Member "transfer" not found or not visible after argument-dependent lookup in type(contract IERC20Minimal).
            token.call(abi.encodeWithSelector(IERC20Minimal.transfer.selector, to, value));
                                              ^--------------------^

. Solidity failed to generate bytecode for your contract. Check if all the abstract functions are implemented. 
Process Process-1:
Traceback (most recent call last):
  File "/usr/lib/python3.7/multiprocessing/process.py", line 297, in _bootstrap
    self.run()
  File "/usr/lib/python3.7/multiprocessing/process.py", line 99, in run
    self._target(*self._args, **self._kwargs)
  File "/usr/local/lib/python3.7/dist-packages/manticore/ethereum/manticore.py", line 1766, in worker_finalize
    finalizer(q.get_nowait())
  File "/usr/local/lib/python3.7/dist-packages/manticore/ethereum/manticore.py", line 1757, in finalizer
    if only_alive_states and last_tx.result in {"REVERT", "THROW", "TXERROR"}:
AttributeError: 'NoneType' object has no attribute 'result'
2023-07-03 16:10:33,629: [36] m.c.manticore:INFO: Results in /mcore_etp7_4s2
2023-07-03 16:10:33,629: [36] m.c.manticore:WARNING: Manticore failed to run
2023-07-03 16:10:34,269: [61] m.main:INFO: Registered plugins: IntrospectionAPIPlugin, <class 'manticore.ethereum.plugins.SkipRevertBasicBlocks'>, <class 'manticore.ethereum.plugins.FilterFunctions'>
2023-07-03 16:10:34,269: [61] m.main:INFO: Beginning analysis
2023-07-03 16:10:34,271: [61] m.e.manticore:INFO: Starting symbolic create contract
2023-07-03 16:10:34,298: [61] m.e.manticore:INFO: Failed to build contract Member Errors : Invalid solc compilation sb/TransferHelper_4.sol:71:47: Error: Member "transfer" not found or not visible after argument-dependent lookup in type(contract IERC20Minimal).
            token.call(abi.encodeWithSelector(IERC20Minimal.transfer.selector, to, value));
                                              ^--------------------^

. Solidity failed to generate bytecode for your contract. Check if all the abstract functions are implemented. 
Process Process-1:
Traceback (most recent call last):
  File "/usr/lib/python3.7/multiprocessing/process.py", line 297, in _bootstrap
    self.run()
  File "/usr/lib/python3.7/multiprocessing/process.py", line 99, in run
    self._target(*self._args, **self._kwargs)
  File "/usr/local/lib/python3.7/dist-packages/manticore/ethereum/manticore.py", line 1766, in worker_finalize
    finalizer(q.get_nowait())
  File "/usr/local/lib/python3.7/dist-packages/manticore/ethereum/manticore.py", line 1757, in finalizer
    if only_alive_states and last_tx.result in {"REVERT", "THROW", "TXERROR"}:
AttributeError: 'NoneType' object has no attribute 'result'
2023-07-03 16:10:34,382: [61] m.c.manticore:INFO: Results in /mcore_nvpwdfym
2023-07-03 16:10:34,382: [61] m.c.manticore:WARNING: Manticore failed to run
2023-07-03 16:10:35,058: [86] m.main:INFO: Registered plugins: IntrospectionAPIPlugin, <class 'manticore.ethereum.plugins.SkipRevertBasicBlocks'>, <class 'manticore.ethereum.plugins.FilterFunctions'>
2023-07-03 16:10:35,058: [86] m.main:INFO: Beginning analysis
2023-07-03 16:10:35,062: [86] m.e.manticore:INFO: Starting symbolic create contract
2023-07-03 16:10:35,097: [86] m.e.manticore:INFO: Failed to build contract "transfer" Errors : Invalid solc compilation sb/TransferHelper_4.sol:71:47: Error: Member "transfer" not found or not visible after argument-dependent lookup in type(contract IERC20Minimal).
            token.call(abi.encodeWithSelector(IERC20Minimal.transfer.selector, to, value));
                                              ^--------------------^

. Solidity failed to generate bytecode for your contract. Check if all the abstract functions are implemented. 
Process Process-1:
Traceback (most recent call last):
  File "/usr/lib/python3.7/multiprocessing/process.py", line 297, in _bootstrap
    self.run()
  File "/usr/lib/python3.7/multiprocessing/process.py", line 99, in run
    self._target(*self._args, **self._kwargs)
  File "/usr/local/lib/python3.7/dist-packages/manticore/ethereum/manticore.py", line 1766, in worker_finalize
    finalizer(q.get_nowait())
  File "/usr/local/lib/python3.7/dist-packages/manticore/ethereum/manticore.py", line 1757, in finalizer
    if only_alive_states and last_tx.result in {"REVERT", "THROW", "TXERROR"}:
AttributeError: 'NoneType' object has no attribute 'result'
2023-07-03 16:10:35,190: [86] m.c.manticore:INFO: Results in /mcore_ooipyc3m
2023-07-03 16:10:35,190: [86] m.c.manticore:WARNING: Manticore failed to run
2023-07-03 16:10:35,872: [111] m.main:INFO: Registered plugins: IntrospectionAPIPlugin, <class 'manticore.ethereum.plugins.SkipRevertBasicBlocks'>, <class 'manticore.ethereum.plugins.FilterFunctions'>
2023-07-03 16:10:35,872: [111] m.main:INFO: Beginning analysis
2023-07-03 16:10:35,874: [111] m.e.manticore:INFO: Starting symbolic create contract
2023-07-03 16:10:35,903: [111] m.e.manticore:INFO: Failed to build contract not Errors : Invalid solc compilation sb/TransferHelper_4.sol:71:47: Error: Member "transfer" not found or not visible after argument-dependent lookup in type(contract IERC20Minimal).
            token.call(abi.encodeWithSelector(IERC20Minimal.transfer.selector, to, value));
                                              ^--------------------^

. Solidity failed to generate bytecode for your contract. Check if all the abstract functions are implemented. 
Process Process-1:
Traceback (most recent call last):
  File "/usr/lib/python3.7/multiprocessing/process.py", line 297, in _bootstrap
    self.run()
  File "/usr/lib/python3.7/multiprocessing/process.py", line 99, in run
    self._target(*self._args, **self._kwargs)
  File "/usr/local/lib/python3.7/dist-packages/manticore/ethereum/manticore.py", line 1766, in worker_finalize
    finalizer(q.get_nowait())
  File "/usr/local/lib/python3.7/dist-packages/manticore/ethereum/manticore.py", line 1757, in finalizer
    if only_alive_states and last_tx.result in {"REVERT", "THROW", "TXERROR"}:
AttributeError: 'NoneType' object has no attribute 'result'
2023-07-03 16:10:35,965: [111] m.c.manticore:INFO: Results in /mcore_8eyytexu
2023-07-03 16:10:35,965: [111] m.c.manticore:WARNING: Manticore failed to run
2023-07-03 16:10:36,655: [136] m.main:INFO: Registered plugins: IntrospectionAPIPlugin, <class 'manticore.ethereum.plugins.SkipRevertBasicBlocks'>, <class 'manticore.ethereum.plugins.FilterFunctions'>
2023-07-03 16:10:36,655: [136] m.main:INFO: Beginning analysis
2023-07-03 16:10:36,657: [136] m.e.manticore:INFO: Starting symbolic create contract
2023-07-03 16:10:36,687: [136] m.e.manticore:INFO: Failed to build contract found Errors : Invalid solc compilation sb/TransferHelper_4.sol:71:47: Error: Member "transfer" not found or not visible after argument-dependent lookup in type(contract IERC20Minimal).
            token.call(abi.encodeWithSelector(IERC20Minimal.transfer.selector, to, value));
                                              ^--------------------^

. Solidity failed to generate bytecode for your contract. Check if all the abstract functions are implemented. 
Process Process-1:
Traceback (most recent call last):
  File "/usr/lib/python3.7/multiprocessing/process.py", line 297, in _bootstrap
    self.run()
  File "/usr/lib/python3.7/multiprocessing/process.py", line 99, in run
    self._target(*self._args, **self._kwargs)
  File "/usr/local/lib/python3.7/dist-packages/manticore/ethereum/manticore.py", line 1766, in worker_finalize
    finalizer(q.get_nowait())
  File "/usr/local/lib/python3.7/dist-packages/manticore/ethereum/manticore.py", line 1757, in finalizer
    if only_alive_states and last_tx.result in {"REVERT", "THROW", "TXERROR"}:
AttributeError: 'NoneType' object has no attribute 'result'
2023-07-03 16:10:36,762: [136] m.c.manticore:INFO: Results in /mcore_hx_8bah4
2023-07-03 16:10:36,762: [136] m.c.manticore:WARNING: Manticore failed to run
2023-07-03 16:10:37,393: [161] m.main:INFO: Registered plugins: IntrospectionAPIPlugin, <class 'manticore.ethereum.plugins.SkipRevertBasicBlocks'>, <class 'manticore.ethereum.plugins.FilterFunctions'>
2023-07-03 16:10:37,393: [161] m.main:INFO: Beginning analysis
2023-07-03 16:10:37,396: [161] m.e.manticore:INFO: Starting symbolic create contract
2023-07-03 16:10:37,423: [161] m.e.manticore:INFO: Failed to build contract or Errors : Invalid solc compilation sb/TransferHelper_4.sol:71:47: Error: Member "transfer" not found or not visible after argument-dependent lookup in type(contract IERC20Minimal).
            token.call(abi.encodeWithSelector(IERC20Minimal.transfer.selector, to, value));
                                              ^--------------------^

. Solidity failed to generate bytecode for your contract. Check if all the abstract functions are implemented. 
Process Process-1:
Traceback (most recent call last):
  File "/usr/lib/python3.7/multiprocessing/process.py", line 297, in _bootstrap
    self.run()
  File "/usr/lib/python3.7/multiprocessing/process.py", line 99, in run
    self._target(*self._args, **self._kwargs)
  File "/usr/local/lib/python3.7/dist-packages/manticore/ethereum/manticore.py", line 1766, in worker_finalize
    finalizer(q.get_nowait())
  File "/usr/local/lib/python3.7/dist-packages/manticore/ethereum/manticore.py", line 1757, in finalizer
    if only_alive_states and last_tx.result in {"REVERT", "THROW", "TXERROR"}:
AttributeError: 'NoneType' object has no attribute 'result'
2023-07-03 16:10:37,489: [161] m.c.manticore:INFO: Results in /mcore_82zbbfxl
2023-07-03 16:10:37,490: [161] m.c.manticore:WARNING: Manticore failed to run
2023-07-03 16:10:38,178: [186] m.main:INFO: Registered plugins: IntrospectionAPIPlugin, <class 'manticore.ethereum.plugins.SkipRevertBasicBlocks'>, <class 'manticore.ethereum.plugins.FilterFunctions'>
2023-07-03 16:10:38,179: [186] m.main:INFO: Beginning analysis
2023-07-03 16:10:38,181: [186] m.e.manticore:INFO: Starting symbolic create contract
2023-07-03 16:10:38,213: [186] m.e.manticore:INFO: Failed to build contract not Errors : Invalid solc compilation sb/TransferHelper_4.sol:71:47: Error: Member "transfer" not found or not visible after argument-dependent lookup in type(contract IERC20Minimal).
            token.call(abi.encodeWithSelector(IERC20Minimal.transfer.selector, to, value));
                                              ^--------------------^

. Solidity failed to generate bytecode for your contract. Check if all the abstract functions are implemented. 
Process Process-1:
Traceback (most recent call last):
  File "/usr/lib/python3.7/multiprocessing/process.py", line 297, in _bootstrap
    self.run()
  File "/usr/lib/python3.7/multiprocessing/process.py", line 99, in run
    self._target(*self._args, **self._kwargs)
  File "/usr/local/lib/python3.7/dist-packages/manticore/ethereum/manticore.py", line 1766, in worker_finalize
    finalizer(q.get_nowait())
  File "/usr/local/lib/python3.7/dist-packages/manticore/ethereum/manticore.py", line 1757, in finalizer
    if only_alive_states and last_tx.result in {"REVERT", "THROW", "TXERROR"}:
AttributeError: 'NoneType' object has no attribute 'result'
2023-07-03 16:10:38,284: [186] m.c.manticore:INFO: Results in /mcore_vhiz5g27
2023-07-03 16:10:38,284: [186] m.c.manticore:WARNING: Manticore failed to run
2023-07-03 16:10:38,938: [211] m.main:INFO: Registered plugins: IntrospectionAPIPlugin, <class 'manticore.ethereum.plugins.SkipRevertBasicBlocks'>, <class 'manticore.ethereum.plugins.FilterFunctions'>
2023-07-03 16:10:38,938: [211] m.main:INFO: Beginning analysis
2023-07-03 16:10:38,943: [211] m.e.manticore:INFO: Starting symbolic create contract
2023-07-03 16:10:38,986: [211] m.e.manticore:INFO: Failed to build contract visible Errors : Invalid solc compilation sb/TransferHelper_4.sol:71:47: Error: Member "transfer" not found or not visible after argument-dependent lookup in type(contract IERC20Minimal).
            token.call(abi.encodeWithSelector(IERC20Minimal.transfer.selector, to, value));
                                              ^--------------------^

. Solidity failed to generate bytecode for your contract. Check if all the abstract functions are implemented. 
Process Process-1:
Traceback (most recent call last):
  File "/usr/lib/python3.7/multiprocessing/process.py", line 297, in _bootstrap
    self.run()
  File "/usr/lib/python3.7/multiprocessing/process.py", line 99, in run
    self._target(*self._args, **self._kwargs)
  File "/usr/local/lib/python3.7/dist-packages/manticore/ethereum/manticore.py", line 1766, in worker_finalize
    finalizer(q.get_nowait())
  File "/usr/local/lib/python3.7/dist-packages/manticore/ethereum/manticore.py", line 1757, in finalizer
    if only_alive_states and last_tx.result in {"REVERT", "THROW", "TXERROR"}:
AttributeError: 'NoneType' object has no attribute 'result'
2023-07-03 16:10:39,068: [211] m.c.manticore:INFO: Results in /mcore_bv9q1v52
2023-07-03 16:10:39,068: [211] m.c.manticore:WARNING: Manticore failed to run
2023-07-03 16:10:39,747: [236] m.main:INFO: Registered plugins: IntrospectionAPIPlugin, <class 'manticore.ethereum.plugins.SkipRevertBasicBlocks'>, <class 'manticore.ethereum.plugins.FilterFunctions'>
2023-07-03 16:10:39,747: [236] m.main:INFO: Beginning analysis
2023-07-03 16:10:39,749: [236] m.e.manticore:INFO: Starting symbolic create contract
2023-07-03 16:10:39,768: [236] m.e.manticore:INFO: Failed to build contract after Errors : Invalid solc compilation sb/TransferHelper_4.sol:71:47: Error: Member "transfer" not found or not visible after argument-dependent lookup in type(contract IERC20Minimal).
            token.call(abi.encodeWithSelector(IERC20Minimal.transfer.selector, to, value));
                                              ^--------------------^

. Solidity failed to generate bytecode for your contract. Check if all the abstract functions are implemented. 
Process Process-1:
Traceback (most recent call last):
  File "/usr/lib/python3.7/multiprocessing/process.py", line 297, in _bootstrap
    self.run()
  File "/usr/lib/python3.7/multiprocessing/process.py", line 99, in run
    self._target(*self._args, **self._kwargs)
  File "/usr/local/lib/python3.7/dist-packages/manticore/ethereum/manticore.py", line 1766, in worker_finalize
    finalizer(q.get_nowait())
  File "/usr/local/lib/python3.7/dist-packages/manticore/ethereum/manticore.py", line 1757, in finalizer
    if only_alive_states and last_tx.result in {"REVERT", "THROW", "TXERROR"}:
AttributeError: 'NoneType' object has no attribute 'result'
2023-07-03 16:10:39,831: [236] m.c.manticore:INFO: Results in /mcore_gbztwsru
2023-07-03 16:10:39,832: [236] m.c.manticore:WARNING: Manticore failed to run
2023-07-03 16:10:40,590: [261] m.main:INFO: Registered plugins: IntrospectionAPIPlugin, <class 'manticore.ethereum.plugins.SkipRevertBasicBlocks'>, <class 'manticore.ethereum.plugins.FilterFunctions'>
2023-07-03 16:10:40,590: [261] m.main:INFO: Beginning analysis
2023-07-03 16:10:40,592: [261] m.e.manticore:INFO: Starting symbolic create contract
2023-07-03 16:10:40,622: [261] m.e.manticore:INFO: Failed to build contract argument-dependent Errors : Invalid solc compilation sb/TransferHelper_4.sol:71:47: Error: Member "transfer" not found or not visible after argument-dependent lookup in type(contract IERC20Minimal).
            token.call(abi.encodeWithSelector(IERC20Minimal.transfer.selector, to, value));
                                              ^--------------------^

. Solidity failed to generate bytecode for your contract. Check if all the abstract functions are implemented. 
Process Process-2:
Traceback (most recent call last):
  File "/usr/lib/python3.7/multiprocessing/process.py", line 297, in _bootstrap
    self.run()
  File "/usr/lib/python3.7/multiprocessing/process.py", line 99, in run
    self._target(*self._args, **self._kwargs)
  File "/usr/local/lib/python3.7/dist-packages/manticore/ethereum/manticore.py", line 1766, in worker_finalize
    finalizer(q.get_nowait())
  File "/usr/local/lib/python3.7/dist-packages/manticore/ethereum/manticore.py", line 1757, in finalizer
    if only_alive_states and last_tx.result in {"REVERT", "THROW", "TXERROR"}:
AttributeError: 'NoneType' object has no attribute 'result'
2023-07-03 16:10:40,707: [261] m.c.manticore:INFO: Results in /mcore_9iduvw4j
2023-07-03 16:10:40,707: [261] m.c.manticore:WARNING: Manticore failed to run
2023-07-03 16:10:41,348: [286] m.main:INFO: Registered plugins: IntrospectionAPIPlugin, <class 'manticore.ethereum.plugins.SkipRevertBasicBlocks'>, <class 'manticore.ethereum.plugins.FilterFunctions'>
2023-07-03 16:10:41,349: [286] m.main:INFO: Beginning analysis
2023-07-03 16:10:41,351: [286] m.e.manticore:INFO: Starting symbolic create contract
2023-07-03 16:10:41,381: [286] m.e.manticore:INFO: Failed to build contract lookup Errors : Invalid solc compilation sb/TransferHelper_4.sol:71:47: Error: Member "transfer" not found or not visible after argument-dependent lookup in type(contract IERC20Minimal).
            token.call(abi.encodeWithSelector(IERC20Minimal.transfer.selector, to, value));
                                              ^--------------------^

. Solidity failed to generate bytecode for your contract. Check if all the abstract functions are implemented. 
Process Process-1:
Traceback (most recent call last):
  File "/usr/lib/python3.7/multiprocessing/process.py", line 297, in _bootstrap
    self.run()
  File "/usr/lib/python3.7/multiprocessing/process.py", line 99, in run
    self._target(*self._args, **self._kwargs)
  File "/usr/local/lib/python3.7/dist-packages/manticore/ethereum/manticore.py", line 1766, in worker_finalize
    finalizer(q.get_nowait())
  File "/usr/local/lib/python3.7/dist-packages/manticore/ethereum/manticore.py", line 1757, in finalizer
    if only_alive_states and last_tx.result in {"REVERT", "THROW", "TXERROR"}:
AttributeError: 'NoneType' object has no attribute 'result'
2023-07-03 16:10:41,464: [286] m.c.manticore:INFO: Results in /mcore_fd69c3hp
2023-07-03 16:10:41,464: [286] m.c.manticore:WARNING: Manticore failed to run
2023-07-03 16:10:42,113: [311] m.main:INFO: Registered plugins: IntrospectionAPIPlugin, <class 'manticore.ethereum.plugins.SkipRevertBasicBlocks'>, <class 'manticore.ethereum.plugins.FilterFunctions'>
2023-07-03 16:10:42,114: [311] m.main:INFO: Beginning analysis
2023-07-03 16:10:42,117: [311] m.e.manticore:INFO: Starting symbolic create contract
2023-07-03 16:10:42,154: [311] m.e.manticore:INFO: Failed to build contract in Errors : Invalid solc compilation sb/TransferHelper_4.sol:71:47: Error: Member "transfer" not found or not visible after argument-dependent lookup in type(contract IERC20Minimal).
            token.call(abi.encodeWithSelector(IERC20Minimal.transfer.selector, to, value));
                                              ^--------------------^

. Solidity failed to generate bytecode for your contract. Check if all the abstract functions are implemented. 
Process Process-1:
Traceback (most recent call last):
  File "/usr/lib/python3.7/multiprocessing/process.py", line 297, in _bootstrap
    self.run()
  File "/usr/lib/python3.7/multiprocessing/process.py", line 99, in run
    self._target(*self._args, **self._kwargs)
  File "/usr/local/lib/python3.7/dist-packages/manticore/ethereum/manticore.py", line 1766, in worker_finalize
    finalizer(q.get_nowait())
  File "/usr/local/lib/python3.7/dist-packages/manticore/ethereum/manticore.py", line 1757, in finalizer
    if only_alive_states and last_tx.result in {"REVERT", "THROW", "TXERROR"}:
AttributeError: 'NoneType' object has no attribute 'result'
2023-07-03 16:10:42,232: [311] m.c.manticore:INFO: Results in /mcore_qc1lnmq3
2023-07-03 16:10:42,232: [311] m.c.manticore:WARNING: Manticore failed to run
2023-07-03 16:10:42,867: [336] m.main:INFO: Registered plugins: IntrospectionAPIPlugin, <class 'manticore.ethereum.plugins.SkipRevertBasicBlocks'>, <class 'manticore.ethereum.plugins.FilterFunctions'>
2023-07-03 16:10:42,867: [336] m.main:INFO: Beginning analysis
2023-07-03 16:10:42,869: [336] m.e.manticore:INFO: Starting symbolic create contract
2023-07-03 16:10:42,891: [336] m.e.manticore:INFO: Failed to build contract type(contract Errors : Invalid solc compilation sb/TransferHelper_4.sol:71:47: Error: Member "transfer" not found or not visible after argument-dependent lookup in type(contract IERC20Minimal).
            token.call(abi.encodeWithSelector(IERC20Minimal.transfer.selector, to, value));
                                              ^--------------------^

. Solidity failed to generate bytecode for your contract. Check if all the abstract functions are implemented. 
Process Process-1:
Traceback (most recent call last):
  File "/usr/lib/python3.7/multiprocessing/process.py", line 297, in _bootstrap
    self.run()
  File "/usr/lib/python3.7/multiprocessing/process.py", line 99, in run
    self._target(*self._args, **self._kwargs)
  File "/usr/local/lib/python3.7/dist-packages/manticore/ethereum/manticore.py", line 1766, in worker_finalize
    finalizer(q.get_nowait())
  File "/usr/local/lib/python3.7/dist-packages/manticore/ethereum/manticore.py", line 1757, in finalizer
    if only_alive_states and last_tx.result in {"REVERT", "THROW", "TXERROR"}:
AttributeError: 'NoneType' object has no attribute 'result'
2023-07-03 16:10:42,976: [336] m.c.manticore:INFO: Results in /mcore_vk5wijpz
2023-07-03 16:10:42,976: [336] m.c.manticore:WARNING: Manticore failed to run
2023-07-03 16:10:43,598: [361] m.main:INFO: Registered plugins: IntrospectionAPIPlugin, <class 'manticore.ethereum.plugins.SkipRevertBasicBlocks'>, <class 'manticore.ethereum.plugins.FilterFunctions'>
2023-07-03 16:10:43,598: [361] m.main:INFO: Beginning analysis
2023-07-03 16:10:43,601: [361] m.e.manticore:INFO: Starting symbolic create contract
2023-07-03 16:10:43,633: [361] m.e.manticore:INFO: Failed to build contract IERC20Minimal). Errors : Invalid solc compilation sb/TransferHelper_4.sol:71:47: Error: Member "transfer" not found or not visible after argument-dependent lookup in type(contract IERC20Minimal).
            token.call(abi.encodeWithSelector(IERC20Minimal.transfer.selector, to, value));
                                              ^--------------------^

. Solidity failed to generate bytecode for your contract. Check if all the abstract functions are implemented. 
Process Process-1:
Traceback (most recent call last):
  File "/usr/lib/python3.7/multiprocessing/process.py", line 297, in _bootstrap
    self.run()
  File "/usr/lib/python3.7/multiprocessing/process.py", line 99, in run
    self._target(*self._args, **self._kwargs)
  File "/usr/local/lib/python3.7/dist-packages/manticore/ethereum/manticore.py", line 1766, in worker_finalize
    finalizer(q.get_nowait())
  File "/usr/local/lib/python3.7/dist-packages/manticore/ethereum/manticore.py", line 1757, in finalizer
    if only_alive_states and last_tx.result in {"REVERT", "THROW", "TXERROR"}:
AttributeError: 'NoneType' object has no attribute 'result'
2023-07-03 16:10:43,707: [361] m.c.manticore:INFO: Results in /mcore_volp9_1x
2023-07-03 16:10:43,708: [361] m.c.manticore:WARNING: Manticore failed to run
2023-07-03 16:10:44,434: [386] m.main:INFO: Registered plugins: IntrospectionAPIPlugin, <class 'manticore.ethereum.plugins.SkipRevertBasicBlocks'>, <class 'manticore.ethereum.plugins.FilterFunctions'>
2023-07-03 16:10:44,434: [386] m.main:INFO: Beginning analysis
2023-07-03 16:10:44,436: [386] m.e.manticore:INFO: Starting symbolic create contract
2023-07-03 16:10:44,459: [386] m.e.manticore:INFO: Failed to build contract token.call(abi.encodeWithSelector(IERC20Minimal.transfer.selector, Errors : Invalid solc compilation sb/TransferHelper_4.sol:71:47: Error: Member "transfer" not found or not visible after argument-dependent lookup in type(contract IERC20Minimal).
            token.call(abi.encodeWithSelector(IERC20Minimal.transfer.selector, to, value));
                                              ^--------------------^

. Solidity failed to generate bytecode for your contract. Check if all the abstract functions are implemented. 
Process Process-1:
Traceback (most recent call last):
  File "/usr/lib/python3.7/multiprocessing/process.py", line 297, in _bootstrap
    self.run()
  File "/usr/lib/python3.7/multiprocessing/process.py", line 99, in run
    self._target(*self._args, **self._kwargs)
  File "/usr/local/lib/python3.7/dist-packages/manticore/ethereum/manticore.py", line 1766, in worker_finalize
    finalizer(q.get_nowait())
  File "/usr/local/lib/python3.7/dist-packages/manticore/ethereum/manticore.py", line 1757, in finalizer
    if only_alive_states and last_tx.result in {"REVERT", "THROW", "TXERROR"}:
AttributeError: 'NoneType' object has no attribute 'result'
2023-07-03 16:10:44,530: [386] m.c.manticore:INFO: Results in /mcore__tw7kokr
2023-07-03 16:10:44,530: [386] m.c.manticore:WARNING: Manticore failed to run
2023-07-03 16:10:45,244: [411] m.main:INFO: Registered plugins: IntrospectionAPIPlugin, <class 'manticore.ethereum.plugins.SkipRevertBasicBlocks'>, <class 'manticore.ethereum.plugins.FilterFunctions'>
2023-07-03 16:10:45,244: [411] m.main:INFO: Beginning analysis
2023-07-03 16:10:45,248: [411] m.e.manticore:INFO: Starting symbolic create contract
2023-07-03 16:10:45,286: [411] m.e.manticore:INFO: Failed to build contract to, Errors : Invalid solc compilation sb/TransferHelper_4.sol:71:47: Error: Member "transfer" not found or not visible after argument-dependent lookup in type(contract IERC20Minimal).
            token.call(abi.encodeWithSelector(IERC20Minimal.transfer.selector, to, value));
                                              ^--------------------^

. Solidity failed to generate bytecode for your contract. Check if all the abstract functions are implemented. 
Process Process-1:
Traceback (most recent call last):
  File "/usr/lib/python3.7/multiprocessing/process.py", line 297, in _bootstrap
    self.run()
  File "/usr/lib/python3.7/multiprocessing/process.py", line 99, in run
    self._target(*self._args, **self._kwargs)
  File "/usr/local/lib/python3.7/dist-packages/manticore/ethereum/manticore.py", line 1766, in worker_finalize
    finalizer(q.get_nowait())
  File "/usr/local/lib/python3.7/dist-packages/manticore/ethereum/manticore.py", line 1757, in finalizer
    if only_alive_states and last_tx.result in {"REVERT", "THROW", "TXERROR"}:
AttributeError: 'NoneType' object has no attribute 'result'
2023-07-03 16:10:45,364: [411] m.c.manticore:INFO: Results in /mcore_g5d_098u
2023-07-03 16:10:45,364: [411] m.c.manticore:WARNING: Manticore failed to run
2023-07-03 16:10:46,173: [436] m.main:INFO: Registered plugins: IntrospectionAPIPlugin, <class 'manticore.ethereum.plugins.SkipRevertBasicBlocks'>, <class 'manticore.ethereum.plugins.FilterFunctions'>
2023-07-03 16:10:46,174: [436] m.main:INFO: Beginning analysis
2023-07-03 16:10:46,181: [436] m.e.manticore:INFO: Starting symbolic create contract
2023-07-03 16:10:46,213: [436] m.e.manticore:INFO: Failed to build contract value)); Errors : Invalid solc compilation sb/TransferHelper_4.sol:71:47: Error: Member "transfer" not found or not visible after argument-dependent lookup in type(contract IERC20Minimal).
            token.call(abi.encodeWithSelector(IERC20Minimal.transfer.selector, to, value));
                                              ^--------------------^

. Solidity failed to generate bytecode for your contract. Check if all the abstract functions are implemented. 
Process Process-1:
Traceback (most recent call last):
  File "/usr/lib/python3.7/multiprocessing/process.py", line 297, in _bootstrap
    self.run()
  File "/usr/lib/python3.7/multiprocessing/process.py", line 99, in run
    self._target(*self._args, **self._kwargs)
  File "/usr/local/lib/python3.7/dist-packages/manticore/ethereum/manticore.py", line 1766, in worker_finalize
    finalizer(q.get_nowait())
  File "/usr/local/lib/python3.7/dist-packages/manticore/ethereum/manticore.py", line 1757, in finalizer
    if only_alive_states and last_tx.result in {"REVERT", "THROW", "TXERROR"}:
AttributeError: 'NoneType' object has no attribute 'result'
2023-07-03 16:10:46,285: [436] m.c.manticore:INFO: Results in /mcore_eckomn85
2023-07-03 16:10:46,286: [436] m.c.manticore:WARNING: Manticore failed to run
2023-07-03 16:10:46,991: [461] m.main:INFO: Registered plugins: IntrospectionAPIPlugin, <class 'manticore.ethereum.plugins.SkipRevertBasicBlocks'>, <class 'manticore.ethereum.plugins.FilterFunctions'>
2023-07-03 16:10:46,992: [461] m.main:INFO: Beginning analysis
2023-07-03 16:10:46,995: [461] m.e.manticore:INFO: Starting symbolic create contract
2023-07-03 16:10:47,033: [461] m.e.manticore:INFO: Failed to build contract ^--------------------^ Errors : Invalid solc compilation sb/TransferHelper_4.sol:71:47: Error: Member "transfer" not found or not visible after argument-dependent lookup in type(contract IERC20Minimal).
            token.call(abi.encodeWithSelector(IERC20Minimal.transfer.selector, to, value));
                                              ^--------------------^

. Solidity failed to generate bytecode for your contract. Check if all the abstract functions are implemented. 
Process Process-1:
Traceback (most recent call last):
  File "/usr/lib/python3.7/multiprocessing/process.py", line 297, in _bootstrap
    self.run()
  File "/usr/lib/python3.7/multiprocessing/process.py", line 99, in run
    self._target(*self._args, **self._kwargs)
  File "/usr/local/lib/python3.7/dist-packages/manticore/ethereum/manticore.py", line 1766, in worker_finalize
    finalizer(q.get_nowait())
  File "/usr/local/lib/python3.7/dist-packages/manticore/ethereum/manticore.py", line 1757, in finalizer
    if only_alive_states and last_tx.result in {"REVERT", "THROW", "TXERROR"}:
AttributeError: 'NoneType' object has no attribute 'result'
2023-07-03 16:10:47,111: [461] m.c.manticore:INFO: Results in /mcore_1ttjvxca
2023-07-03 16:10:47,112: [461] m.c.manticore:WARNING: Manticore failed to run
