2023-07-03 15:44:04,866: [11] m.main:INFO: Registered plugins: IntrospectionAPIPlugin, <class 'manticore.ethereum.plugins.SkipRevertBasicBlocks'>, <class 'manticore.ethereum.plugins.FilterFunctions'>
2023-07-03 15:44:04,866: [11] m.main:INFO: Beginning analysis
2023-07-03 15:44:04,869: [11] m.e.manticore:INFO: Starting symbolic create contract
2023-07-03 15:44:04,909: [11] m.e.manticore:INFO: Failed to build contract /sb/TransferHelper_3.sol:71:47: Errors : Invalid solc compilation sb/TransferHelper_3.sol:71:47: Error: Member "transfer" not found or not visible after argument-dependent lookup in type(contract IERC20Minimal).
            token.call(abi.encodeWithSelector(IERC20Minimal.transfer.selector, to, value));
                                              ^--------------------^

. Solidity failed to generate bytecode for your contract. Check if all the abstract functions are implemented. 
Process Process-1:
Traceback (most recent call last):
  File "/usr/lib/python3.7/multiprocessing/process.py", line 297, in _bootstrap
    self.run()
  File "/usr/lib/python3.7/multiprocessing/process.py", line 99, in run
    self._target(*self._args, **self._kwargs)
  File "/usr/local/lib/python3.7/dist-packages/manticore/ethereum/manticore.py", line 1766, in worker_finalize
    finalizer(q.get_nowait())
  File "/usr/local/lib/python3.7/dist-packages/manticore/ethereum/manticore.py", line 1757, in finalizer
    if only_alive_states and last_tx.result in {"REVERT", "THROW", "TXERROR"}:
AttributeError: 'NoneType' object has no attribute 'result'
2023-07-03 15:44:04,985: [11] m.c.manticore:INFO: Results in /mcore_z4v9uh91
2023-07-03 15:44:04,985: [11] m.c.manticore:WARNING: Manticore failed to run
2023-07-03 15:44:05,714: [36] m.main:INFO: Registered plugins: IntrospectionAPIPlugin, <class 'manticore.ethereum.plugins.SkipRevertBasicBlocks'>, <class 'manticore.ethereum.plugins.FilterFunctions'>
2023-07-03 15:44:05,715: [36] m.main:INFO: Beginning analysis
2023-07-03 15:44:05,717: [36] m.e.manticore:INFO: Starting symbolic create contract
2023-07-03 15:44:05,762: [36] m.e.manticore:INFO: Failed to build contract TypeError: Errors : Invalid solc compilation sb/TransferHelper_3.sol:71:47: Error: Member "transfer" not found or not visible after argument-dependent lookup in type(contract IERC20Minimal).
            token.call(abi.encodeWithSelector(IERC20Minimal.transfer.selector, to, value));
                                              ^--------------------^

. Solidity failed to generate bytecode for your contract. Check if all the abstract functions are implemented. 
Process Process-1:
Traceback (most recent call last):
  File "/usr/lib/python3.7/multiprocessing/process.py", line 297, in _bootstrap
    self.run()
  File "/usr/lib/python3.7/multiprocessing/process.py", line 99, in run
    self._target(*self._args, **self._kwargs)
  File "/usr/local/lib/python3.7/dist-packages/manticore/ethereum/manticore.py", line 1766, in worker_finalize
    finalizer(q.get_nowait())
  File "/usr/local/lib/python3.7/dist-packages/manticore/ethereum/manticore.py", line 1757, in finalizer
    if only_alive_states and last_tx.result in {"REVERT", "THROW", "TXERROR"}:
AttributeError: 'NoneType' object has no attribute 'result'
2023-07-03 15:44:05,835: [36] m.c.manticore:INFO: Results in /mcore_n5apmh95
2023-07-03 15:44:05,835: [36] m.c.manticore:WARNING: Manticore failed to run
2023-07-03 15:44:06,514: [61] m.main:INFO: Registered plugins: IntrospectionAPIPlugin, <class 'manticore.ethereum.plugins.SkipRevertBasicBlocks'>, <class 'manticore.ethereum.plugins.FilterFunctions'>
2023-07-03 15:44:06,514: [61] m.main:INFO: Beginning analysis
2023-07-03 15:44:06,516: [61] m.e.manticore:INFO: Starting symbolic create contract
2023-07-03 15:44:06,540: [61] m.e.manticore:INFO: Failed to build contract Member Errors : Invalid solc compilation sb/TransferHelper_3.sol:71:47: Error: Member "transfer" not found or not visible after argument-dependent lookup in type(contract IERC20Minimal).
            token.call(abi.encodeWithSelector(IERC20Minimal.transfer.selector, to, value));
                                              ^--------------------^

. Solidity failed to generate bytecode for your contract. Check if all the abstract functions are implemented. 
Process Process-1:
Traceback (most recent call last):
  File "/usr/lib/python3.7/multiprocessing/process.py", line 297, in _bootstrap
    self.run()
  File "/usr/lib/python3.7/multiprocessing/process.py", line 99, in run
    self._target(*self._args, **self._kwargs)
  File "/usr/local/lib/python3.7/dist-packages/manticore/ethereum/manticore.py", line 1766, in worker_finalize
    finalizer(q.get_nowait())
  File "/usr/local/lib/python3.7/dist-packages/manticore/ethereum/manticore.py", line 1757, in finalizer
    if only_alive_states and last_tx.result in {"REVERT", "THROW", "TXERROR"}:
AttributeError: 'NoneType' object has no attribute 'result'
2023-07-03 15:44:06,618: [61] m.c.manticore:INFO: Results in /mcore_7nl4ypwv
2023-07-03 15:44:06,618: [61] m.c.manticore:WARNING: Manticore failed to run
2023-07-03 15:44:07,325: [86] m.main:INFO: Registered plugins: IntrospectionAPIPlugin, <class 'manticore.ethereum.plugins.SkipRevertBasicBlocks'>, <class 'manticore.ethereum.plugins.FilterFunctions'>
2023-07-03 15:44:07,326: [86] m.main:INFO: Beginning analysis
2023-07-03 15:44:07,327: [86] m.e.manticore:INFO: Starting symbolic create contract
2023-07-03 15:44:07,349: [86] m.e.manticore:INFO: Failed to build contract "transfer" Errors : Invalid solc compilation sb/TransferHelper_3.sol:71:47: Error: Member "transfer" not found or not visible after argument-dependent lookup in type(contract IERC20Minimal).
            token.call(abi.encodeWithSelector(IERC20Minimal.transfer.selector, to, value));
                                              ^--------------------^

. Solidity failed to generate bytecode for your contract. Check if all the abstract functions are implemented. 
Process Process-1:
Traceback (most recent call last):
  File "/usr/lib/python3.7/multiprocessing/process.py", line 297, in _bootstrap
    self.run()
  File "/usr/lib/python3.7/multiprocessing/process.py", line 99, in run
    self._target(*self._args, **self._kwargs)
  File "/usr/local/lib/python3.7/dist-packages/manticore/ethereum/manticore.py", line 1766, in worker_finalize
    finalizer(q.get_nowait())
  File "/usr/local/lib/python3.7/dist-packages/manticore/ethereum/manticore.py", line 1757, in finalizer
    if only_alive_states and last_tx.result in {"REVERT", "THROW", "TXERROR"}:
AttributeError: 'NoneType' object has no attribute 'result'
2023-07-03 15:44:07,411: [86] m.c.manticore:INFO: Results in /mcore_6z58e9kk
2023-07-03 15:44:07,411: [86] m.c.manticore:WARNING: Manticore failed to run
2023-07-03 15:44:08,063: [111] m.main:INFO: Registered plugins: IntrospectionAPIPlugin, <class 'manticore.ethereum.plugins.SkipRevertBasicBlocks'>, <class 'manticore.ethereum.plugins.FilterFunctions'>
2023-07-03 15:44:08,063: [111] m.main:INFO: Beginning analysis
2023-07-03 15:44:08,065: [111] m.e.manticore:INFO: Starting symbolic create contract
2023-07-03 15:44:08,091: [111] m.e.manticore:INFO: Failed to build contract not Errors : Invalid solc compilation sb/TransferHelper_3.sol:71:47: Error: Member "transfer" not found or not visible after argument-dependent lookup in type(contract IERC20Minimal).
            token.call(abi.encodeWithSelector(IERC20Minimal.transfer.selector, to, value));
                                              ^--------------------^

. Solidity failed to generate bytecode for your contract. Check if all the abstract functions are implemented. 
Process Process-1:
Traceback (most recent call last):
  File "/usr/lib/python3.7/multiprocessing/process.py", line 297, in _bootstrap
    self.run()
  File "/usr/lib/python3.7/multiprocessing/process.py", line 99, in run
    self._target(*self._args, **self._kwargs)
  File "/usr/local/lib/python3.7/dist-packages/manticore/ethereum/manticore.py", line 1766, in worker_finalize
    finalizer(q.get_nowait())
  File "/usr/local/lib/python3.7/dist-packages/manticore/ethereum/manticore.py", line 1757, in finalizer
    if only_alive_states and last_tx.result in {"REVERT", "THROW", "TXERROR"}:
AttributeError: 'NoneType' object has no attribute 'result'
2023-07-03 15:44:08,148: [111] m.c.manticore:INFO: Results in /mcore_npykxtki
2023-07-03 15:44:08,149: [111] m.c.manticore:WARNING: Manticore failed to run
2023-07-03 15:44:08,779: [136] m.main:INFO: Registered plugins: IntrospectionAPIPlugin, <class 'manticore.ethereum.plugins.SkipRevertBasicBlocks'>, <class 'manticore.ethereum.plugins.FilterFunctions'>
2023-07-03 15:44:08,779: [136] m.main:INFO: Beginning analysis
2023-07-03 15:44:08,783: [136] m.e.manticore:INFO: Starting symbolic create contract
2023-07-03 15:44:08,807: [136] m.e.manticore:INFO: Failed to build contract found Errors : Invalid solc compilation sb/TransferHelper_3.sol:71:47: Error: Member "transfer" not found or not visible after argument-dependent lookup in type(contract IERC20Minimal).
            token.call(abi.encodeWithSelector(IERC20Minimal.transfer.selector, to, value));
                                              ^--------------------^

. Solidity failed to generate bytecode for your contract. Check if all the abstract functions are implemented. 
Process Process-1:
Traceback (most recent call last):
  File "/usr/lib/python3.7/multiprocessing/process.py", line 297, in _bootstrap
    self.run()
  File "/usr/lib/python3.7/multiprocessing/process.py", line 99, in run
    self._target(*self._args, **self._kwargs)
  File "/usr/local/lib/python3.7/dist-packages/manticore/ethereum/manticore.py", line 1766, in worker_finalize
    finalizer(q.get_nowait())
  File "/usr/local/lib/python3.7/dist-packages/manticore/ethereum/manticore.py", line 1757, in finalizer
    if only_alive_states and last_tx.result in {"REVERT", "THROW", "TXERROR"}:
AttributeError: 'NoneType' object has no attribute 'result'
2023-07-03 15:44:08,877: [136] m.c.manticore:INFO: Results in /mcore_p422ewum
2023-07-03 15:44:08,878: [136] m.c.manticore:WARNING: Manticore failed to run
2023-07-03 15:44:09,562: [161] m.main:INFO: Registered plugins: IntrospectionAPIPlugin, <class 'manticore.ethereum.plugins.SkipRevertBasicBlocks'>, <class 'manticore.ethereum.plugins.FilterFunctions'>
2023-07-03 15:44:09,562: [161] m.main:INFO: Beginning analysis
2023-07-03 15:44:09,565: [161] m.e.manticore:INFO: Starting symbolic create contract
2023-07-03 15:44:09,599: [161] m.e.manticore:INFO: Failed to build contract or Errors : Invalid solc compilation sb/TransferHelper_3.sol:71:47: Error: Member "transfer" not found or not visible after argument-dependent lookup in type(contract IERC20Minimal).
            token.call(abi.encodeWithSelector(IERC20Minimal.transfer.selector, to, value));
                                              ^--------------------^

. Solidity failed to generate bytecode for your contract. Check if all the abstract functions are implemented. 
Process Process-1:
Traceback (most recent call last):
  File "/usr/lib/python3.7/multiprocessing/process.py", line 297, in _bootstrap
    self.run()
  File "/usr/lib/python3.7/multiprocessing/process.py", line 99, in run
    self._target(*self._args, **self._kwargs)
  File "/usr/local/lib/python3.7/dist-packages/manticore/ethereum/manticore.py", line 1766, in worker_finalize
    finalizer(q.get_nowait())
  File "/usr/local/lib/python3.7/dist-packages/manticore/ethereum/manticore.py", line 1757, in finalizer
    if only_alive_states and last_tx.result in {"REVERT", "THROW", "TXERROR"}:
AttributeError: 'NoneType' object has no attribute 'result'
2023-07-03 15:44:09,662: [161] m.c.manticore:INFO: Results in /mcore_rd3337jz
2023-07-03 15:44:09,663: [161] m.c.manticore:WARNING: Manticore failed to run
2023-07-03 15:44:10,315: [186] m.main:INFO: Registered plugins: IntrospectionAPIPlugin, <class 'manticore.ethereum.plugins.SkipRevertBasicBlocks'>, <class 'manticore.ethereum.plugins.FilterFunctions'>
2023-07-03 15:44:10,315: [186] m.main:INFO: Beginning analysis
2023-07-03 15:44:10,319: [186] m.e.manticore:INFO: Starting symbolic create contract
2023-07-03 15:44:10,356: [186] m.e.manticore:INFO: Failed to build contract not Errors : Invalid solc compilation sb/TransferHelper_3.sol:71:47: Error: Member "transfer" not found or not visible after argument-dependent lookup in type(contract IERC20Minimal).
            token.call(abi.encodeWithSelector(IERC20Minimal.transfer.selector, to, value));
                                              ^--------------------^

. Solidity failed to generate bytecode for your contract. Check if all the abstract functions are implemented. 
Process Process-1:
Traceback (most recent call last):
  File "/usr/lib/python3.7/multiprocessing/process.py", line 297, in _bootstrap
    self.run()
  File "/usr/lib/python3.7/multiprocessing/process.py", line 99, in run
    self._target(*self._args, **self._kwargs)
  File "/usr/local/lib/python3.7/dist-packages/manticore/ethereum/manticore.py", line 1766, in worker_finalize
    finalizer(q.get_nowait())
  File "/usr/local/lib/python3.7/dist-packages/manticore/ethereum/manticore.py", line 1757, in finalizer
    if only_alive_states and last_tx.result in {"REVERT", "THROW", "TXERROR"}:
AttributeError: 'NoneType' object has no attribute 'result'
2023-07-03 15:44:10,428: [186] m.c.manticore:INFO: Results in /mcore_wpvbnfb1
2023-07-03 15:44:10,429: [186] m.c.manticore:WARNING: Manticore failed to run
2023-07-03 15:44:11,011: [211] m.main:INFO: Registered plugins: IntrospectionAPIPlugin, <class 'manticore.ethereum.plugins.SkipRevertBasicBlocks'>, <class 'manticore.ethereum.plugins.FilterFunctions'>
2023-07-03 15:44:11,011: [211] m.main:INFO: Beginning analysis
2023-07-03 15:44:11,014: [211] m.e.manticore:INFO: Starting symbolic create contract
2023-07-03 15:44:11,051: [211] m.e.manticore:INFO: Failed to build contract visible Errors : Invalid solc compilation sb/TransferHelper_3.sol:71:47: Error: Member "transfer" not found or not visible after argument-dependent lookup in type(contract IERC20Minimal).
            token.call(abi.encodeWithSelector(IERC20Minimal.transfer.selector, to, value));
                                              ^--------------------^

. Solidity failed to generate bytecode for your contract. Check if all the abstract functions are implemented. 
Process Process-1:
Traceback (most recent call last):
  File "/usr/lib/python3.7/multiprocessing/process.py", line 297, in _bootstrap
    self.run()
  File "/usr/lib/python3.7/multiprocessing/process.py", line 99, in run
    self._target(*self._args, **self._kwargs)
  File "/usr/local/lib/python3.7/dist-packages/manticore/ethereum/manticore.py", line 1766, in worker_finalize
    finalizer(q.get_nowait())
  File "/usr/local/lib/python3.7/dist-packages/manticore/ethereum/manticore.py", line 1757, in finalizer
    if only_alive_states and last_tx.result in {"REVERT", "THROW", "TXERROR"}:
AttributeError: 'NoneType' object has no attribute 'result'
2023-07-03 15:44:11,159: [211] m.c.manticore:INFO: Results in /mcore_obim7wqk
2023-07-03 15:44:11,159: [211] m.c.manticore:WARNING: Manticore failed to run
2023-07-03 15:44:11,858: [236] m.main:INFO: Registered plugins: IntrospectionAPIPlugin, <class 'manticore.ethereum.plugins.SkipRevertBasicBlocks'>, <class 'manticore.ethereum.plugins.FilterFunctions'>
2023-07-03 15:44:11,858: [236] m.main:INFO: Beginning analysis
2023-07-03 15:44:11,861: [236] m.e.manticore:INFO: Starting symbolic create contract
2023-07-03 15:44:11,889: [236] m.e.manticore:INFO: Failed to build contract after Errors : Invalid solc compilation sb/TransferHelper_3.sol:71:47: Error: Member "transfer" not found or not visible after argument-dependent lookup in type(contract IERC20Minimal).
            token.call(abi.encodeWithSelector(IERC20Minimal.transfer.selector, to, value));
                                              ^--------------------^

. Solidity failed to generate bytecode for your contract. Check if all the abstract functions are implemented. 
Process Process-1:
Traceback (most recent call last):
  File "/usr/lib/python3.7/multiprocessing/process.py", line 297, in _bootstrap
    self.run()
  File "/usr/lib/python3.7/multiprocessing/process.py", line 99, in run
    self._target(*self._args, **self._kwargs)
  File "/usr/local/lib/python3.7/dist-packages/manticore/ethereum/manticore.py", line 1766, in worker_finalize
    finalizer(q.get_nowait())
  File "/usr/local/lib/python3.7/dist-packages/manticore/ethereum/manticore.py", line 1757, in finalizer
    if only_alive_states and last_tx.result in {"REVERT", "THROW", "TXERROR"}:
AttributeError: 'NoneType' object has no attribute 'result'
2023-07-03 15:44:11,950: [236] m.c.manticore:INFO: Results in /mcore_53q0h1gg
2023-07-03 15:44:11,950: [236] m.c.manticore:WARNING: Manticore failed to run
2023-07-03 15:44:12,744: [261] m.main:INFO: Registered plugins: IntrospectionAPIPlugin, <class 'manticore.ethereum.plugins.SkipRevertBasicBlocks'>, <class 'manticore.ethereum.plugins.FilterFunctions'>
2023-07-03 15:44:12,744: [261] m.main:INFO: Beginning analysis
2023-07-03 15:44:12,746: [261] m.e.manticore:INFO: Starting symbolic create contract
2023-07-03 15:44:12,778: [261] m.e.manticore:INFO: Failed to build contract argument-dependent Errors : Invalid solc compilation sb/TransferHelper_3.sol:71:47: Error: Member "transfer" not found or not visible after argument-dependent lookup in type(contract IERC20Minimal).
            token.call(abi.encodeWithSelector(IERC20Minimal.transfer.selector, to, value));
                                              ^--------------------^

. Solidity failed to generate bytecode for your contract. Check if all the abstract functions are implemented. 
Process Process-1:
Traceback (most recent call last):
  File "/usr/lib/python3.7/multiprocessing/process.py", line 297, in _bootstrap
    self.run()
  File "/usr/lib/python3.7/multiprocessing/process.py", line 99, in run
    self._target(*self._args, **self._kwargs)
  File "/usr/local/lib/python3.7/dist-packages/manticore/ethereum/manticore.py", line 1766, in worker_finalize
    finalizer(q.get_nowait())
  File "/usr/local/lib/python3.7/dist-packages/manticore/ethereum/manticore.py", line 1757, in finalizer
    if only_alive_states and last_tx.result in {"REVERT", "THROW", "TXERROR"}:
AttributeError: 'NoneType' object has no attribute 'result'
2023-07-03 15:44:12,857: [261] m.c.manticore:INFO: Results in /mcore__60h5xlr
2023-07-03 15:44:12,857: [261] m.c.manticore:WARNING: Manticore failed to run
2023-07-03 15:44:13,608: [286] m.main:INFO: Registered plugins: IntrospectionAPIPlugin, <class 'manticore.ethereum.plugins.SkipRevertBasicBlocks'>, <class 'manticore.ethereum.plugins.FilterFunctions'>
2023-07-03 15:44:13,608: [286] m.main:INFO: Beginning analysis
2023-07-03 15:44:13,610: [286] m.e.manticore:INFO: Starting symbolic create contract
2023-07-03 15:44:13,644: [286] m.e.manticore:INFO: Failed to build contract lookup Errors : Invalid solc compilation sb/TransferHelper_3.sol:71:47: Error: Member "transfer" not found or not visible after argument-dependent lookup in type(contract IERC20Minimal).
            token.call(abi.encodeWithSelector(IERC20Minimal.transfer.selector, to, value));
                                              ^--------------------^

. Solidity failed to generate bytecode for your contract. Check if all the abstract functions are implemented. 
Process Process-1:
Traceback (most recent call last):
  File "/usr/lib/python3.7/multiprocessing/process.py", line 297, in _bootstrap
    self.run()
  File "/usr/lib/python3.7/multiprocessing/process.py", line 99, in run
    self._target(*self._args, **self._kwargs)
  File "/usr/local/lib/python3.7/dist-packages/manticore/ethereum/manticore.py", line 1766, in worker_finalize
    finalizer(q.get_nowait())
  File "/usr/local/lib/python3.7/dist-packages/manticore/ethereum/manticore.py", line 1757, in finalizer
    if only_alive_states and last_tx.result in {"REVERT", "THROW", "TXERROR"}:
AttributeError: 'NoneType' object has no attribute 'result'
2023-07-03 15:44:13,733: [286] m.c.manticore:INFO: Results in /mcore_532aa3je
2023-07-03 15:44:13,733: [286] m.c.manticore:WARNING: Manticore failed to run
2023-07-03 15:44:14,343: [311] m.main:INFO: Registered plugins: IntrospectionAPIPlugin, <class 'manticore.ethereum.plugins.SkipRevertBasicBlocks'>, <class 'manticore.ethereum.plugins.FilterFunctions'>
2023-07-03 15:44:14,343: [311] m.main:INFO: Beginning analysis
2023-07-03 15:44:14,346: [311] m.e.manticore:INFO: Starting symbolic create contract
2023-07-03 15:44:14,373: [311] m.e.manticore:INFO: Failed to build contract in Errors : Invalid solc compilation sb/TransferHelper_3.sol:71:47: Error: Member "transfer" not found or not visible after argument-dependent lookup in type(contract IERC20Minimal).
            token.call(abi.encodeWithSelector(IERC20Minimal.transfer.selector, to, value));
                                              ^--------------------^

. Solidity failed to generate bytecode for your contract. Check if all the abstract functions are implemented. 
Process Process-1:
Traceback (most recent call last):
  File "/usr/lib/python3.7/multiprocessing/process.py", line 297, in _bootstrap
    self.run()
  File "/usr/lib/python3.7/multiprocessing/process.py", line 99, in run
    self._target(*self._args, **self._kwargs)
  File "/usr/local/lib/python3.7/dist-packages/manticore/ethereum/manticore.py", line 1766, in worker_finalize
    finalizer(q.get_nowait())
  File "/usr/local/lib/python3.7/dist-packages/manticore/ethereum/manticore.py", line 1757, in finalizer
    if only_alive_states and last_tx.result in {"REVERT", "THROW", "TXERROR"}:
AttributeError: 'NoneType' object has no attribute 'result'
2023-07-03 15:44:14,443: [311] m.c.manticore:INFO: Results in /mcore_ve4pml8m
2023-07-03 15:44:14,443: [311] m.c.manticore:WARNING: Manticore failed to run
2023-07-03 15:44:15,119: [336] m.main:INFO: Registered plugins: IntrospectionAPIPlugin, <class 'manticore.ethereum.plugins.SkipRevertBasicBlocks'>, <class 'manticore.ethereum.plugins.FilterFunctions'>
2023-07-03 15:44:15,120: [336] m.main:INFO: Beginning analysis
2023-07-03 15:44:15,122: [336] m.e.manticore:INFO: Starting symbolic create contract
2023-07-03 15:44:15,162: [336] m.e.manticore:INFO: Failed to build contract type(contract Errors : Invalid solc compilation sb/TransferHelper_3.sol:71:47: Error: Member "transfer" not found or not visible after argument-dependent lookup in type(contract IERC20Minimal).
            token.call(abi.encodeWithSelector(IERC20Minimal.transfer.selector, to, value));
                                              ^--------------------^

. Solidity failed to generate bytecode for your contract. Check if all the abstract functions are implemented. 
Process Process-1:
Traceback (most recent call last):
  File "/usr/lib/python3.7/multiprocessing/process.py", line 297, in _bootstrap
    self.run()
  File "/usr/lib/python3.7/multiprocessing/process.py", line 99, in run
    self._target(*self._args, **self._kwargs)
  File "/usr/local/lib/python3.7/dist-packages/manticore/ethereum/manticore.py", line 1766, in worker_finalize
    finalizer(q.get_nowait())
  File "/usr/local/lib/python3.7/dist-packages/manticore/ethereum/manticore.py", line 1757, in finalizer
    if only_alive_states and last_tx.result in {"REVERT", "THROW", "TXERROR"}:
AttributeError: 'NoneType' object has no attribute 'result'
2023-07-03 15:44:15,254: [336] m.c.manticore:INFO: Results in /mcore_p6hfnk7w
2023-07-03 15:44:15,254: [336] m.c.manticore:WARNING: Manticore failed to run
2023-07-03 15:44:15,890: [361] m.main:INFO: Registered plugins: IntrospectionAPIPlugin, <class 'manticore.ethereum.plugins.SkipRevertBasicBlocks'>, <class 'manticore.ethereum.plugins.FilterFunctions'>
2023-07-03 15:44:15,890: [361] m.main:INFO: Beginning analysis
2023-07-03 15:44:15,892: [361] m.e.manticore:INFO: Starting symbolic create contract
2023-07-03 15:44:15,939: [361] m.e.manticore:INFO: Failed to build contract IERC20Minimal). Errors : Invalid solc compilation sb/TransferHelper_3.sol:71:47: Error: Member "transfer" not found or not visible after argument-dependent lookup in type(contract IERC20Minimal).
            token.call(abi.encodeWithSelector(IERC20Minimal.transfer.selector, to, value));
                                              ^--------------------^

. Solidity failed to generate bytecode for your contract. Check if all the abstract functions are implemented. 
Process Process-1:
Traceback (most recent call last):
  File "/usr/lib/python3.7/multiprocessing/process.py", line 297, in _bootstrap
    self.run()
  File "/usr/lib/python3.7/multiprocessing/process.py", line 99, in run
    self._target(*self._args, **self._kwargs)
  File "/usr/local/lib/python3.7/dist-packages/manticore/ethereum/manticore.py", line 1766, in worker_finalize
    finalizer(q.get_nowait())
  File "/usr/local/lib/python3.7/dist-packages/manticore/ethereum/manticore.py", line 1757, in finalizer
    if only_alive_states and last_tx.result in {"REVERT", "THROW", "TXERROR"}:
AttributeError: 'NoneType' object has no attribute 'result'
2023-07-03 15:44:16,028: [361] m.c.manticore:INFO: Results in /mcore_wjl33lrw
2023-07-03 15:44:16,029: [361] m.c.manticore:WARNING: Manticore failed to run
2023-07-03 15:44:16,697: [386] m.main:INFO: Registered plugins: IntrospectionAPIPlugin, <class 'manticore.ethereum.plugins.SkipRevertBasicBlocks'>, <class 'manticore.ethereum.plugins.FilterFunctions'>
2023-07-03 15:44:16,697: [386] m.main:INFO: Beginning analysis
2023-07-03 15:44:16,700: [386] m.e.manticore:INFO: Starting symbolic create contract
2023-07-03 15:44:16,742: [386] m.e.manticore:INFO: Failed to build contract token.call(abi.encodeWithSelector(IERC20Minimal.transfer.selector, Errors : Invalid solc compilation sb/TransferHelper_3.sol:71:47: Error: Member "transfer" not found or not visible after argument-dependent lookup in type(contract IERC20Minimal).
            token.call(abi.encodeWithSelector(IERC20Minimal.transfer.selector, to, value));
                                              ^--------------------^

. Solidity failed to generate bytecode for your contract. Check if all the abstract functions are implemented. 
Process Process-1:
Traceback (most recent call last):
  File "/usr/lib/python3.7/multiprocessing/process.py", line 297, in _bootstrap
    self.run()
  File "/usr/lib/python3.7/multiprocessing/process.py", line 99, in run
    self._target(*self._args, **self._kwargs)
  File "/usr/local/lib/python3.7/dist-packages/manticore/ethereum/manticore.py", line 1766, in worker_finalize
    finalizer(q.get_nowait())
  File "/usr/local/lib/python3.7/dist-packages/manticore/ethereum/manticore.py", line 1757, in finalizer
    if only_alive_states and last_tx.result in {"REVERT", "THROW", "TXERROR"}:
AttributeError: 'NoneType' object has no attribute 'result'
2023-07-03 15:44:16,812: [386] m.c.manticore:INFO: Results in /mcore_piaqg_l0
2023-07-03 15:44:16,812: [386] m.c.manticore:WARNING: Manticore failed to run
2023-07-03 15:44:17,383: [411] m.main:INFO: Registered plugins: IntrospectionAPIPlugin, <class 'manticore.ethereum.plugins.SkipRevertBasicBlocks'>, <class 'manticore.ethereum.plugins.FilterFunctions'>
2023-07-03 15:44:17,383: [411] m.main:INFO: Beginning analysis
2023-07-03 15:44:17,385: [411] m.e.manticore:INFO: Starting symbolic create contract
2023-07-03 15:44:17,410: [411] m.e.manticore:INFO: Failed to build contract to, Errors : Invalid solc compilation sb/TransferHelper_3.sol:71:47: Error: Member "transfer" not found or not visible after argument-dependent lookup in type(contract IERC20Minimal).
            token.call(abi.encodeWithSelector(IERC20Minimal.transfer.selector, to, value));
                                              ^--------------------^

. Solidity failed to generate bytecode for your contract. Check if all the abstract functions are implemented. 
Process Process-1:
Traceback (most recent call last):
  File "/usr/lib/python3.7/multiprocessing/process.py", line 297, in _bootstrap
    self.run()
  File "/usr/lib/python3.7/multiprocessing/process.py", line 99, in run
    self._target(*self._args, **self._kwargs)
  File "/usr/local/lib/python3.7/dist-packages/manticore/ethereum/manticore.py", line 1766, in worker_finalize
    finalizer(q.get_nowait())
  File "/usr/local/lib/python3.7/dist-packages/manticore/ethereum/manticore.py", line 1757, in finalizer
    if only_alive_states and last_tx.result in {"REVERT", "THROW", "TXERROR"}:
AttributeError: 'NoneType' object has no attribute 'result'
2023-07-03 15:44:17,496: [411] m.c.manticore:INFO: Results in /mcore__d6ja9a2
2023-07-03 15:44:17,496: [411] m.c.manticore:WARNING: Manticore failed to run
2023-07-03 15:44:18,090: [436] m.main:INFO: Registered plugins: IntrospectionAPIPlugin, <class 'manticore.ethereum.plugins.SkipRevertBasicBlocks'>, <class 'manticore.ethereum.plugins.FilterFunctions'>
2023-07-03 15:44:18,091: [436] m.main:INFO: Beginning analysis
2023-07-03 15:44:18,094: [436] m.e.manticore:INFO: Starting symbolic create contract
2023-07-03 15:44:18,133: [436] m.e.manticore:INFO: Failed to build contract value)); Errors : Invalid solc compilation sb/TransferHelper_3.sol:71:47: Error: Member "transfer" not found or not visible after argument-dependent lookup in type(contract IERC20Minimal).
            token.call(abi.encodeWithSelector(IERC20Minimal.transfer.selector, to, value));
                                              ^--------------------^

. Solidity failed to generate bytecode for your contract. Check if all the abstract functions are implemented. 
Process Process-1:
Traceback (most recent call last):
  File "/usr/lib/python3.7/multiprocessing/process.py", line 297, in _bootstrap
    self.run()
  File "/usr/lib/python3.7/multiprocessing/process.py", line 99, in run
    self._target(*self._args, **self._kwargs)
  File "/usr/local/lib/python3.7/dist-packages/manticore/ethereum/manticore.py", line 1766, in worker_finalize
    finalizer(q.get_nowait())
  File "/usr/local/lib/python3.7/dist-packages/manticore/ethereum/manticore.py", line 1757, in finalizer
    if only_alive_states and last_tx.result in {"REVERT", "THROW", "TXERROR"}:
AttributeError: 'NoneType' object has no attribute 'result'
2023-07-03 15:44:18,210: [436] m.c.manticore:INFO: Results in /mcore_st5bkesw
2023-07-03 15:44:18,210: [436] m.c.manticore:WARNING: Manticore failed to run
2023-07-03 15:44:18,853: [461] m.main:INFO: Registered plugins: IntrospectionAPIPlugin, <class 'manticore.ethereum.plugins.SkipRevertBasicBlocks'>, <class 'manticore.ethereum.plugins.FilterFunctions'>
2023-07-03 15:44:18,853: [461] m.main:INFO: Beginning analysis
2023-07-03 15:44:18,857: [461] m.e.manticore:INFO: Starting symbolic create contract
2023-07-03 15:44:18,896: [461] m.e.manticore:INFO: Failed to build contract ^--------------------^ Errors : Invalid solc compilation sb/TransferHelper_3.sol:71:47: Error: Member "transfer" not found or not visible after argument-dependent lookup in type(contract IERC20Minimal).
            token.call(abi.encodeWithSelector(IERC20Minimal.transfer.selector, to, value));
                                              ^--------------------^

. Solidity failed to generate bytecode for your contract. Check if all the abstract functions are implemented. 
Process Process-1:
Traceback (most recent call last):
  File "/usr/lib/python3.7/multiprocessing/process.py", line 297, in _bootstrap
    self.run()
  File "/usr/lib/python3.7/multiprocessing/process.py", line 99, in run
    self._target(*self._args, **self._kwargs)
  File "/usr/local/lib/python3.7/dist-packages/manticore/ethereum/manticore.py", line 1766, in worker_finalize
    finalizer(q.get_nowait())
  File "/usr/local/lib/python3.7/dist-packages/manticore/ethereum/manticore.py", line 1757, in finalizer
    if only_alive_states and last_tx.result in {"REVERT", "THROW", "TXERROR"}:
AttributeError: 'NoneType' object has no attribute 'result'
2023-07-03 15:44:18,974: [461] m.c.manticore:INFO: Results in /mcore_y1mh4h1u
2023-07-03 15:44:18,974: [461] m.c.manticore:WARNING: Manticore failed to run
