2023-07-03 16:05:55,392: [11] m.main:INFO: Registered plugins: IntrospectionAPIPlugin, <class 'manticore.ethereum.plugins.SkipRevertBasicBlocks'>, <class 'manticore.ethereum.plugins.FilterFunctions'>
2023-07-03 16:05:55,393: [11] m.main:INFO: Beginning analysis
2023-07-03 16:05:55,395: [11] m.e.manticore:INFO: Starting symbolic create contract
2023-07-03 16:05:55,436: [11] m.e.manticore:INFO: Failed to build contract /sb/PrimitiveEngine_5.sol:287:22: Errors : Invalid solc compilation sb/PrimitiveEngine_5.sol:287:22: Error: Expected ';' but got '('
    error LockedError();
                     ^

. Solidity failed to generate bytecode for your contract. Check if all the abstract functions are implemented. 
Process Process-1:
Traceback (most recent call last):
  File "/usr/lib/python3.7/multiprocessing/process.py", line 297, in _bootstrap
    self.run()
  File "/usr/lib/python3.7/multiprocessing/process.py", line 99, in run
    self._target(*self._args, **self._kwargs)
  File "/usr/local/lib/python3.7/dist-packages/manticore/ethereum/manticore.py", line 1766, in worker_finalize
    finalizer(q.get_nowait())
  File "/usr/local/lib/python3.7/dist-packages/manticore/ethereum/manticore.py", line 1757, in finalizer
    if only_alive_states and last_tx.result in {"REVERT", "THROW", "TXERROR"}:
AttributeError: 'NoneType' object has no attribute 'result'
2023-07-03 16:05:55,523: [11] m.c.manticore:INFO: Results in /mcore_tddjmxha
2023-07-03 16:05:55,523: [11] m.c.manticore:WARNING: Manticore failed to run
2023-07-03 16:05:56,246: [36] m.main:INFO: Registered plugins: IntrospectionAPIPlugin, <class 'manticore.ethereum.plugins.SkipRevertBasicBlocks'>, <class 'manticore.ethereum.plugins.FilterFunctions'>
2023-07-03 16:05:56,246: [36] m.main:INFO: Beginning analysis
2023-07-03 16:05:56,248: [36] m.e.manticore:INFO: Starting symbolic create contract
2023-07-03 16:05:56,283: [36] m.e.manticore:INFO: Failed to build contract ParserError: Errors : Invalid solc compilation sb/PrimitiveEngine_5.sol:287:22: Error: Expected ';' but got '('
    error LockedError();
                     ^

. Solidity failed to generate bytecode for your contract. Check if all the abstract functions are implemented. 
Process Process-1:
Traceback (most recent call last):
  File "/usr/lib/python3.7/multiprocessing/process.py", line 297, in _bootstrap
    self.run()
  File "/usr/lib/python3.7/multiprocessing/process.py", line 99, in run
    self._target(*self._args, **self._kwargs)
  File "/usr/local/lib/python3.7/dist-packages/manticore/ethereum/manticore.py", line 1766, in worker_finalize
    finalizer(q.get_nowait())
  File "/usr/local/lib/python3.7/dist-packages/manticore/ethereum/manticore.py", line 1757, in finalizer
    if only_alive_states and last_tx.result in {"REVERT", "THROW", "TXERROR"}:
AttributeError: 'NoneType' object has no attribute 'result'
2023-07-03 16:05:56,373: [36] m.c.manticore:INFO: Results in /mcore_h9o4kueb
2023-07-03 16:05:56,374: [36] m.c.manticore:WARNING: Manticore failed to run
2023-07-03 16:05:56,981: [61] m.main:INFO: Registered plugins: IntrospectionAPIPlugin, <class 'manticore.ethereum.plugins.SkipRevertBasicBlocks'>, <class 'manticore.ethereum.plugins.FilterFunctions'>
2023-07-03 16:05:56,981: [61] m.main:INFO: Beginning analysis
2023-07-03 16:05:56,983: [61] m.e.manticore:INFO: Starting symbolic create contract
2023-07-03 16:05:57,003: [61] m.e.manticore:INFO: Failed to build contract Expected Errors : Invalid solc compilation sb/PrimitiveEngine_5.sol:287:22: Error: Expected ';' but got '('
    error LockedError();
                     ^

. Solidity failed to generate bytecode for your contract. Check if all the abstract functions are implemented. 
Process Process-1:
Traceback (most recent call last):
  File "/usr/lib/python3.7/multiprocessing/process.py", line 297, in _bootstrap
    self.run()
  File "/usr/lib/python3.7/multiprocessing/process.py", line 99, in run
    self._target(*self._args, **self._kwargs)
  File "/usr/local/lib/python3.7/dist-packages/manticore/ethereum/manticore.py", line 1766, in worker_finalize
    finalizer(q.get_nowait())
  File "/usr/local/lib/python3.7/dist-packages/manticore/ethereum/manticore.py", line 1757, in finalizer
    if only_alive_states and last_tx.result in {"REVERT", "THROW", "TXERROR"}:
AttributeError: 'NoneType' object has no attribute 'result'
2023-07-03 16:05:57,072: [61] m.c.manticore:INFO: Results in /mcore_lskj8n2w
2023-07-03 16:05:57,072: [61] m.c.manticore:WARNING: Manticore failed to run
2023-07-03 16:05:57,787: [86] m.main:INFO: Registered plugins: IntrospectionAPIPlugin, <class 'manticore.ethereum.plugins.SkipRevertBasicBlocks'>, <class 'manticore.ethereum.plugins.FilterFunctions'>
2023-07-03 16:05:57,787: [86] m.main:INFO: Beginning analysis
2023-07-03 16:05:57,790: [86] m.e.manticore:INFO: Starting symbolic create contract
2023-07-03 16:05:57,814: [86] m.e.manticore:INFO: Failed to build contract ';' Errors : Invalid solc compilation sb/PrimitiveEngine_5.sol:287:22: Error: Expected ';' but got '('
    error LockedError();
                     ^

. Solidity failed to generate bytecode for your contract. Check if all the abstract functions are implemented. 
Process Process-1:
Traceback (most recent call last):
  File "/usr/lib/python3.7/multiprocessing/process.py", line 297, in _bootstrap
    self.run()
  File "/usr/lib/python3.7/multiprocessing/process.py", line 99, in run
    self._target(*self._args, **self._kwargs)
  File "/usr/local/lib/python3.7/dist-packages/manticore/ethereum/manticore.py", line 1766, in worker_finalize
    finalizer(q.get_nowait())
  File "/usr/local/lib/python3.7/dist-packages/manticore/ethereum/manticore.py", line 1757, in finalizer
    if only_alive_states and last_tx.result in {"REVERT", "THROW", "TXERROR"}:
AttributeError: 'NoneType' object has no attribute 'result'
2023-07-03 16:05:57,876: [86] m.c.manticore:INFO: Results in /mcore_vemfyf7k
2023-07-03 16:05:57,876: [86] m.c.manticore:WARNING: Manticore failed to run
2023-07-03 16:05:58,576: [111] m.main:INFO: Registered plugins: IntrospectionAPIPlugin, <class 'manticore.ethereum.plugins.SkipRevertBasicBlocks'>, <class 'manticore.ethereum.plugins.FilterFunctions'>
2023-07-03 16:05:58,576: [111] m.main:INFO: Beginning analysis
2023-07-03 16:05:58,580: [111] m.e.manticore:INFO: Starting symbolic create contract
2023-07-03 16:05:58,621: [111] m.e.manticore:INFO: Failed to build contract but Errors : Invalid solc compilation sb/PrimitiveEngine_5.sol:287:22: Error: Expected ';' but got '('
    error LockedError();
                     ^

. Solidity failed to generate bytecode for your contract. Check if all the abstract functions are implemented. 
Process Process-1:
Traceback (most recent call last):
  File "/usr/lib/python3.7/multiprocessing/process.py", line 297, in _bootstrap
    self.run()
  File "/usr/lib/python3.7/multiprocessing/process.py", line 99, in run
    self._target(*self._args, **self._kwargs)
  File "/usr/local/lib/python3.7/dist-packages/manticore/ethereum/manticore.py", line 1766, in worker_finalize
    finalizer(q.get_nowait())
  File "/usr/local/lib/python3.7/dist-packages/manticore/ethereum/manticore.py", line 1757, in finalizer
    if only_alive_states and last_tx.result in {"REVERT", "THROW", "TXERROR"}:
AttributeError: 'NoneType' object has no attribute 'result'
2023-07-03 16:05:58,690: [111] m.c.manticore:INFO: Results in /mcore_zjfsrn6m
2023-07-03 16:05:58,690: [111] m.c.manticore:WARNING: Manticore failed to run
2023-07-03 16:05:59,400: [136] m.main:INFO: Registered plugins: IntrospectionAPIPlugin, <class 'manticore.ethereum.plugins.SkipRevertBasicBlocks'>, <class 'manticore.ethereum.plugins.FilterFunctions'>
2023-07-03 16:05:59,400: [136] m.main:INFO: Beginning analysis
2023-07-03 16:05:59,403: [136] m.e.manticore:INFO: Starting symbolic create contract
2023-07-03 16:05:59,439: [136] m.e.manticore:INFO: Failed to build contract got Errors : Invalid solc compilation sb/PrimitiveEngine_5.sol:287:22: Error: Expected ';' but got '('
    error LockedError();
                     ^

. Solidity failed to generate bytecode for your contract. Check if all the abstract functions are implemented. 
Process Process-1:
Traceback (most recent call last):
  File "/usr/lib/python3.7/multiprocessing/process.py", line 297, in _bootstrap
    self.run()
  File "/usr/lib/python3.7/multiprocessing/process.py", line 99, in run
    self._target(*self._args, **self._kwargs)
  File "/usr/local/lib/python3.7/dist-packages/manticore/ethereum/manticore.py", line 1766, in worker_finalize
    finalizer(q.get_nowait())
  File "/usr/local/lib/python3.7/dist-packages/manticore/ethereum/manticore.py", line 1757, in finalizer
    if only_alive_states and last_tx.result in {"REVERT", "THROW", "TXERROR"}:
AttributeError: 'NoneType' object has no attribute 'result'
2023-07-03 16:05:59,514: [136] m.c.manticore:INFO: Results in /mcore_a7fwr84s
2023-07-03 16:05:59,514: [136] m.c.manticore:WARNING: Manticore failed to run
2023-07-03 16:06:00,129: [161] m.main:INFO: Registered plugins: IntrospectionAPIPlugin, <class 'manticore.ethereum.plugins.SkipRevertBasicBlocks'>, <class 'manticore.ethereum.plugins.FilterFunctions'>
2023-07-03 16:06:00,130: [161] m.main:INFO: Beginning analysis
2023-07-03 16:06:00,132: [161] m.e.manticore:INFO: Starting symbolic create contract
2023-07-03 16:06:00,159: [161] m.e.manticore:INFO: Failed to build contract '(' Errors : Invalid solc compilation sb/PrimitiveEngine_5.sol:287:22: Error: Expected ';' but got '('
    error LockedError();
                     ^

. Solidity failed to generate bytecode for your contract. Check if all the abstract functions are implemented. 
Process Process-1:
Traceback (most recent call last):
  File "/usr/lib/python3.7/multiprocessing/process.py", line 297, in _bootstrap
    self.run()
  File "/usr/lib/python3.7/multiprocessing/process.py", line 99, in run
    self._target(*self._args, **self._kwargs)
  File "/usr/local/lib/python3.7/dist-packages/manticore/ethereum/manticore.py", line 1766, in worker_finalize
    finalizer(q.get_nowait())
  File "/usr/local/lib/python3.7/dist-packages/manticore/ethereum/manticore.py", line 1757, in finalizer
    if only_alive_states and last_tx.result in {"REVERT", "THROW", "TXERROR"}:
AttributeError: 'NoneType' object has no attribute 'result'
2023-07-03 16:06:00,242: [161] m.c.manticore:INFO: Results in /mcore_jeyuqzez
2023-07-03 16:06:00,243: [161] m.c.manticore:WARNING: Manticore failed to run
2023-07-03 16:06:00,963: [186] m.main:INFO: Registered plugins: IntrospectionAPIPlugin, <class 'manticore.ethereum.plugins.SkipRevertBasicBlocks'>, <class 'manticore.ethereum.plugins.FilterFunctions'>
2023-07-03 16:06:00,963: [186] m.main:INFO: Beginning analysis
2023-07-03 16:06:00,965: [186] m.e.manticore:INFO: Starting symbolic create contract
2023-07-03 16:06:00,995: [186] m.e.manticore:INFO: Failed to build contract error Errors : Invalid solc compilation sb/PrimitiveEngine_5.sol:287:22: Error: Expected ';' but got '('
    error LockedError();
                     ^

. Solidity failed to generate bytecode for your contract. Check if all the abstract functions are implemented. 
Process Process-1:
Traceback (most recent call last):
  File "/usr/lib/python3.7/multiprocessing/process.py", line 297, in _bootstrap
    self.run()
  File "/usr/lib/python3.7/multiprocessing/process.py", line 99, in run
    self._target(*self._args, **self._kwargs)
  File "/usr/local/lib/python3.7/dist-packages/manticore/ethereum/manticore.py", line 1766, in worker_finalize
    finalizer(q.get_nowait())
  File "/usr/local/lib/python3.7/dist-packages/manticore/ethereum/manticore.py", line 1757, in finalizer
    if only_alive_states and last_tx.result in {"REVERT", "THROW", "TXERROR"}:
AttributeError: 'NoneType' object has no attribute 'result'
2023-07-03 16:06:01,068: [186] m.c.manticore:INFO: Results in /mcore_pehvntsd
2023-07-03 16:06:01,068: [186] m.c.manticore:WARNING: Manticore failed to run
2023-07-03 16:06:01,774: [211] m.main:INFO: Registered plugins: IntrospectionAPIPlugin, <class 'manticore.ethereum.plugins.SkipRevertBasicBlocks'>, <class 'manticore.ethereum.plugins.FilterFunctions'>
2023-07-03 16:06:01,774: [211] m.main:INFO: Beginning analysis
2023-07-03 16:06:01,776: [211] m.e.manticore:INFO: Starting symbolic create contract
2023-07-03 16:06:01,812: [211] m.e.manticore:INFO: Failed to build contract LockedError(); Errors : Invalid solc compilation sb/PrimitiveEngine_5.sol:287:22: Error: Expected ';' but got '('
    error LockedError();
                     ^

. Solidity failed to generate bytecode for your contract. Check if all the abstract functions are implemented. 
Process Process-1:
Traceback (most recent call last):
  File "/usr/lib/python3.7/multiprocessing/process.py", line 297, in _bootstrap
    self.run()
  File "/usr/lib/python3.7/multiprocessing/process.py", line 99, in run
    self._target(*self._args, **self._kwargs)
  File "/usr/local/lib/python3.7/dist-packages/manticore/ethereum/manticore.py", line 1766, in worker_finalize
    finalizer(q.get_nowait())
  File "/usr/local/lib/python3.7/dist-packages/manticore/ethereum/manticore.py", line 1757, in finalizer
    if only_alive_states and last_tx.result in {"REVERT", "THROW", "TXERROR"}:
AttributeError: 'NoneType' object has no attribute 'result'
2023-07-03 16:06:01,902: [211] m.c.manticore:INFO: Results in /mcore_abs_g56u
2023-07-03 16:06:01,902: [211] m.c.manticore:WARNING: Manticore failed to run
2023-07-03 16:06:02,603: [236] m.main:INFO: Registered plugins: IntrospectionAPIPlugin, <class 'manticore.ethereum.plugins.SkipRevertBasicBlocks'>, <class 'manticore.ethereum.plugins.FilterFunctions'>
2023-07-03 16:06:02,603: [236] m.main:INFO: Beginning analysis
2023-07-03 16:06:02,606: [236] m.e.manticore:INFO: Starting symbolic create contract
2023-07-03 16:06:02,648: [236] m.e.manticore:INFO: Failed to build contract ^ Errors : Invalid solc compilation sb/PrimitiveEngine_5.sol:287:22: Error: Expected ';' but got '('
    error LockedError();
                     ^

. Solidity failed to generate bytecode for your contract. Check if all the abstract functions are implemented. 
Process Process-1:
Traceback (most recent call last):
  File "/usr/lib/python3.7/multiprocessing/process.py", line 297, in _bootstrap
    self.run()
  File "/usr/lib/python3.7/multiprocessing/process.py", line 99, in run
    self._target(*self._args, **self._kwargs)
  File "/usr/local/lib/python3.7/dist-packages/manticore/ethereum/manticore.py", line 1766, in worker_finalize
    finalizer(q.get_nowait())
  File "/usr/local/lib/python3.7/dist-packages/manticore/ethereum/manticore.py", line 1757, in finalizer
    if only_alive_states and last_tx.result in {"REVERT", "THROW", "TXERROR"}:
AttributeError: 'NoneType' object has no attribute 'result'
2023-07-03 16:06:02,718: [236] m.c.manticore:INFO: Results in /mcore_6no18tin
2023-07-03 16:06:02,719: [236] m.c.manticore:WARNING: Manticore failed to run
