2023-07-03 16:49:15,212: [11] m.main:INFO: Registered plugins: IntrospectionAPIPlugin, <class 'manticore.ethereum.plugins.SkipRevertBasicBlocks'>, <class 'manticore.ethereum.plugins.FilterFunctions'>
2023-07-03 16:49:15,213: [11] m.main:INFO: Beginning analysis
2023-07-03 16:49:15,215: [11] m.e.manticore:INFO: Starting symbolic create contract
2023-07-03 16:49:15,235: [11] m.e.manticore:INFO: Failed to build contract ParserError: Errors : Invalid solc compilation Error: Expected identifier but got '}'
    --> sb/xMPH_4.sol:2269:1:
     |
2269 | } from "@openzeppelin/contracts-upgradeable/token/ERC20/ERC20Upgradeable.sol";
     | ^


. Solidity failed to generate bytecode for your contract. Check if all the abstract functions are implemented. 
Process Process-1:
Traceback (most recent call last):
  File "/usr/lib/python3.7/multiprocessing/process.py", line 297, in _bootstrap
    self.run()
  File "/usr/lib/python3.7/multiprocessing/process.py", line 99, in run
    self._target(*self._args, **self._kwargs)
  File "/usr/local/lib/python3.7/dist-packages/manticore/ethereum/manticore.py", line 1766, in worker_finalize
    finalizer(q.get_nowait())
  File "/usr/local/lib/python3.7/dist-packages/manticore/ethereum/manticore.py", line 1757, in finalizer
    if only_alive_states and last_tx.result in {"REVERT", "THROW", "TXERROR"}:
AttributeError: 'NoneType' object has no attribute 'result'
2023-07-03 16:49:15,337: [11] m.c.manticore:INFO: Results in /mcore_spj7q9kp
2023-07-03 16:49:15,337: [11] m.c.manticore:WARNING: Manticore failed to run
2023-07-03 16:49:15,993: [36] m.main:INFO: Registered plugins: IntrospectionAPIPlugin, <class 'manticore.ethereum.plugins.SkipRevertBasicBlocks'>, <class 'manticore.ethereum.plugins.FilterFunctions'>
2023-07-03 16:49:15,994: [36] m.main:INFO: Beginning analysis
2023-07-03 16:49:15,996: [36] m.e.manticore:INFO: Starting symbolic create contract
2023-07-03 16:49:16,016: [36] m.e.manticore:INFO: Failed to build contract Expected Errors : Invalid solc compilation Error: Expected identifier but got '}'
    --> sb/xMPH_4.sol:2269:1:
     |
2269 | } from "@openzeppelin/contracts-upgradeable/token/ERC20/ERC20Upgradeable.sol";
     | ^


. Solidity failed to generate bytecode for your contract. Check if all the abstract functions are implemented. 
Process Process-1:
Traceback (most recent call last):
  File "/usr/lib/python3.7/multiprocessing/process.py", line 297, in _bootstrap
    self.run()
  File "/usr/lib/python3.7/multiprocessing/process.py", line 99, in run
    self._target(*self._args, **self._kwargs)
  File "/usr/local/lib/python3.7/dist-packages/manticore/ethereum/manticore.py", line 1766, in worker_finalize
    finalizer(q.get_nowait())
  File "/usr/local/lib/python3.7/dist-packages/manticore/ethereum/manticore.py", line 1757, in finalizer
    if only_alive_states and last_tx.result in {"REVERT", "THROW", "TXERROR"}:
AttributeError: 'NoneType' object has no attribute 'result'
2023-07-03 16:49:16,085: [36] m.c.manticore:INFO: Results in /mcore_kz4r8g6f
2023-07-03 16:49:16,086: [36] m.c.manticore:WARNING: Manticore failed to run
2023-07-03 16:49:16,738: [61] m.main:INFO: Registered plugins: IntrospectionAPIPlugin, <class 'manticore.ethereum.plugins.SkipRevertBasicBlocks'>, <class 'manticore.ethereum.plugins.FilterFunctions'>
2023-07-03 16:49:16,738: [61] m.main:INFO: Beginning analysis
2023-07-03 16:49:16,741: [61] m.e.manticore:INFO: Starting symbolic create contract
2023-07-03 16:49:16,780: [61] m.e.manticore:INFO: Failed to build contract identifier Errors : Invalid solc compilation Error: Expected identifier but got '}'
    --> sb/xMPH_4.sol:2269:1:
     |
2269 | } from "@openzeppelin/contracts-upgradeable/token/ERC20/ERC20Upgradeable.sol";
     | ^


. Solidity failed to generate bytecode for your contract. Check if all the abstract functions are implemented. 
Process Process-1:
Traceback (most recent call last):
  File "/usr/lib/python3.7/multiprocessing/process.py", line 297, in _bootstrap
    self.run()
  File "/usr/lib/python3.7/multiprocessing/process.py", line 99, in run
    self._target(*self._args, **self._kwargs)
  File "/usr/local/lib/python3.7/dist-packages/manticore/ethereum/manticore.py", line 1766, in worker_finalize
    finalizer(q.get_nowait())
  File "/usr/local/lib/python3.7/dist-packages/manticore/ethereum/manticore.py", line 1757, in finalizer
    if only_alive_states and last_tx.result in {"REVERT", "THROW", "TXERROR"}:
AttributeError: 'NoneType' object has no attribute 'result'
2023-07-03 16:49:16,860: [61] m.c.manticore:INFO: Results in /mcore_3iqptm1_
2023-07-03 16:49:16,861: [61] m.c.manticore:WARNING: Manticore failed to run
2023-07-03 16:49:17,557: [86] m.main:INFO: Registered plugins: IntrospectionAPIPlugin, <class 'manticore.ethereum.plugins.SkipRevertBasicBlocks'>, <class 'manticore.ethereum.plugins.FilterFunctions'>
2023-07-03 16:49:17,558: [86] m.main:INFO: Beginning analysis
2023-07-03 16:49:17,561: [86] m.e.manticore:INFO: Starting symbolic create contract
2023-07-03 16:49:17,592: [86] m.e.manticore:INFO: Failed to build contract but Errors : Invalid solc compilation Error: Expected identifier but got '}'
    --> sb/xMPH_4.sol:2269:1:
     |
2269 | } from "@openzeppelin/contracts-upgradeable/token/ERC20/ERC20Upgradeable.sol";
     | ^


. Solidity failed to generate bytecode for your contract. Check if all the abstract functions are implemented. 
Process Process-1:
Traceback (most recent call last):
  File "/usr/lib/python3.7/multiprocessing/process.py", line 297, in _bootstrap
    self.run()
  File "/usr/lib/python3.7/multiprocessing/process.py", line 99, in run
    self._target(*self._args, **self._kwargs)
  File "/usr/local/lib/python3.7/dist-packages/manticore/ethereum/manticore.py", line 1766, in worker_finalize
    finalizer(q.get_nowait())
  File "/usr/local/lib/python3.7/dist-packages/manticore/ethereum/manticore.py", line 1757, in finalizer
    if only_alive_states and last_tx.result in {"REVERT", "THROW", "TXERROR"}:
AttributeError: 'NoneType' object has no attribute 'result'
2023-07-03 16:49:17,667: [86] m.c.manticore:INFO: Results in /mcore_5b82olfq
2023-07-03 16:49:17,667: [86] m.c.manticore:WARNING: Manticore failed to run
2023-07-03 16:49:18,381: [111] m.main:INFO: Registered plugins: IntrospectionAPIPlugin, <class 'manticore.ethereum.plugins.SkipRevertBasicBlocks'>, <class 'manticore.ethereum.plugins.FilterFunctions'>
2023-07-03 16:49:18,381: [111] m.main:INFO: Beginning analysis
2023-07-03 16:49:18,384: [111] m.e.manticore:INFO: Starting symbolic create contract
2023-07-03 16:49:18,425: [111] m.e.manticore:INFO: Failed to build contract got Errors : Invalid solc compilation Error: Expected identifier but got '}'
    --> sb/xMPH_4.sol:2269:1:
     |
2269 | } from "@openzeppelin/contracts-upgradeable/token/ERC20/ERC20Upgradeable.sol";
     | ^


. Solidity failed to generate bytecode for your contract. Check if all the abstract functions are implemented. 
Process Process-1:
Traceback (most recent call last):
  File "/usr/lib/python3.7/multiprocessing/process.py", line 297, in _bootstrap
    self.run()
  File "/usr/lib/python3.7/multiprocessing/process.py", line 99, in run
    self._target(*self._args, **self._kwargs)
  File "/usr/local/lib/python3.7/dist-packages/manticore/ethereum/manticore.py", line 1766, in worker_finalize
    finalizer(q.get_nowait())
  File "/usr/local/lib/python3.7/dist-packages/manticore/ethereum/manticore.py", line 1757, in finalizer
    if only_alive_states and last_tx.result in {"REVERT", "THROW", "TXERROR"}:
AttributeError: 'NoneType' object has no attribute 'result'
2023-07-03 16:49:18,517: [111] m.c.manticore:INFO: Results in /mcore_o39mmxgj
2023-07-03 16:49:18,518: [111] m.c.manticore:WARNING: Manticore failed to run
2023-07-03 16:49:19,186: [136] m.main:INFO: Registered plugins: IntrospectionAPIPlugin, <class 'manticore.ethereum.plugins.SkipRevertBasicBlocks'>, <class 'manticore.ethereum.plugins.FilterFunctions'>
2023-07-03 16:49:19,186: [136] m.main:INFO: Beginning analysis
2023-07-03 16:49:19,190: [136] m.e.manticore:INFO: Starting symbolic create contract
2023-07-03 16:49:19,229: [136] m.e.manticore:INFO: Failed to build contract '}' Errors : Invalid solc compilation Error: Expected identifier but got '}'
    --> sb/xMPH_4.sol:2269:1:
     |
2269 | } from "@openzeppelin/contracts-upgradeable/token/ERC20/ERC20Upgradeable.sol";
     | ^


. Solidity failed to generate bytecode for your contract. Check if all the abstract functions are implemented. 
Process Process-1:
Traceback (most recent call last):
  File "/usr/lib/python3.7/multiprocessing/process.py", line 297, in _bootstrap
    self.run()
  File "/usr/lib/python3.7/multiprocessing/process.py", line 99, in run
    self._target(*self._args, **self._kwargs)
  File "/usr/local/lib/python3.7/dist-packages/manticore/ethereum/manticore.py", line 1766, in worker_finalize
    finalizer(q.get_nowait())
  File "/usr/local/lib/python3.7/dist-packages/manticore/ethereum/manticore.py", line 1757, in finalizer
    if only_alive_states and last_tx.result in {"REVERT", "THROW", "TXERROR"}:
AttributeError: 'NoneType' object has no attribute 'result'
2023-07-03 16:49:19,315: [136] m.c.manticore:INFO: Results in /mcore_dwpskhv7
2023-07-03 16:49:19,315: [136] m.c.manticore:WARNING: Manticore failed to run
usage: manticore [-h] [--compile-force-framework COMPILE_FORCE_FRAMEWORK]
                 [--compile-remove-metadata]
                 [--compile-custom-build COMPILE_CUSTOM_BUILD]
                 [--ignore-compile] [--solc SOLC] [--solc-remaps SOLC_REMAPS]
                 [--solc-args SOLC_ARGS] [--solc-disable-warnings]
                 [--solc-working-dir SOLC_WORKING_DIR]
                 [--solc-solcs-select SOLC_SOLCS_SELECT]
                 [--solc-solcs-bin SOLC_SOLCS_BIN] [--solc-standard-json]
                 [--solc-force-legacy-json] [--truffle-ignore-compile]
                 [--truffle-build-directory TRUFFLE_BUILD_DIRECTORY]
                 [--truffle-version TRUFFLE_VERSION]
                 [--truffle-overwrite-config]
                 [--truffle-overwrite-version TRUFFLE_OVERWRITE_VERSION]
                 [--embark-ignore-compile] [--embark-overwrite-config]
                 [--dapp-ignore-compile] [--etherlime-ignore-compile]
                 [--etherlime-compile-arguments]
                 [--etherscan-only-source-code] [--etherscan-only-bytecode]
                 [--etherscan-apikey ETHERSCAN_API_KEY]
                 [--arbiscan-apikey ARBISCAN_API_KEY]
                 [--polygonscan-apikey POLYGONSCAN_API_KEY]
                 [--avax-apikey AVAX_API_KEY]
                 [--ftmscan-apikey FTMSCAN_API_KEY]
                 [--bscan-apikey BSCAN_API_KEY]
                 [--etherscan-export-directory ETHERSCAN_EXPORT_DIR]
                 [--waffle-ignore-compile]
                 [--waffle-config-file WAFFLE_CONFIG_FILE] [--npx-disable]
                 [--buidler-ignore-compile]
                 [--buidler-cache-directory BUIDLER_CACHE_DIRECTORY]
                 [--buidler-skip-directory-name-fix]
                 [--hardhat-ignore-compile]
                 [--hardhat-cache-directory HARDHAT_CACHE_DIRECTORY]
                 [--hardhat-artifacts-directory HARDHAT_ARTIFACTS_DIRECTORY]
                 [--coverage COVERAGE] [--no-colors] [--policy POLICY] [-v]
                 [--workspace WORKSPACE] [--version] [--config CONFIG]
                 [--entrysymbol ENTRYSYMBOL] [--data DATA] [--file FILES]
                 [--env ENV] [--pure-symbolic] [--verbose-trace]
                 [--txlimit TXLIMIT] [--txnocoverage] [--txnoether]
                 [--txaccount TXACCOUNT] [--txpreconstrain]
                 [--contract CONTRACT] [--list-detectors]
                 [--exclude DETECTORS_TO_EXCLUDE] [--exclude-all]
                 [--avoid-constant] [--limit-loops] [--no-testcases]
                 [--only-alive-testcases] [--thorough-mode]
                 [--core.compress_states CORE.COMPRESS_STATES]
                 [--core.execs_per_intermittent_cb CORE.EXECS_PER_INTERMITTENT_CB]
                 [--core.HOST CORE.HOST] [--core.PORT CORE.PORT]
                 [--core.fast_fail CORE.FAST_FAIL]
                 [--core.timeout CORE.TIMEOUT] [--core.cluster CORE.CLUSTER]
                 [--core.procs CORE.PROCS]
                 [--core.mprocessing CORE.MPROCESSING] [--core.seed CORE.SEED]
                 [--smt.timeout SMT.TIMEOUT] [--smt.memory SMT.MEMORY]
                 [--smt.maxsolutions SMT.MAXSOLUTIONS]
                 [--smt.z3_bin SMT.Z3_BIN] [--smt.cvc4_bin SMT.CVC4_BIN]
                 [--smt.yices_bin SMT.YICES_BIN]
                 [--smt.boolector_bin SMT.BOOLECTOR_BIN]
                 [--smt.defaultunsat SMT.DEFAULTUNSAT]
                 [--smt.optimize SMT.OPTIMIZE] [--smt.solver SMT.SOLVER]
                 [--workspace.prefix WORKSPACE.PREFIX]
                 [--workspace.dir WORKSPACE.DIR] [--evm.oog EVM.OOG]
                 [--evm.txfail EVM.TXFAIL]
                 [--evm.calldata_max_offset EVM.CALLDATA_MAX_OFFSET]
                 [--evm.calldata_max_size EVM.CALLDATA_MAX_SIZE]
                 [--evm.ignore_balance EVM.IGNORE_BALANCE]
                 [--evm.defaultgas EVM.DEFAULTGAS] [--evm.sha3 EVM.SHA3]
                 [--evm.sha3timeout EVM.SHA3TIMEOUT] [--evm.events EVM.EVENTS]
                 [--cli.profile CLI.PROFILE]
                 [--cli.explore_balance CLI.EXPLORE_BALANCE]
                 [--cli.skip_reverts CLI.SKIP_REVERTS]
                 [--cli.target_func CLI.TARGET_FUNC]
                 [--wasm.decode_names WASM.DECODE_NAMES]
                 [--main.recursionlimit MAIN.RECURSIONLIMIT]
                 [--native.fast_crash NATIVE.FAST_CRASH]
                 [--native.stdin_size NATIVE.STDIN_SIZE]
                 [argv [argv ...]]
manticore: error: argument --contract: expected one argument
mv: cannot stat '/mcore_*': No such file or directory
2023-07-03 16:49:20,783: [165] m.main:INFO: Registered plugins: IntrospectionAPIPlugin, <class 'manticore.ethereum.plugins.SkipRevertBasicBlocks'>, <class 'manticore.ethereum.plugins.FilterFunctions'>
2023-07-03 16:49:20,783: [165] m.main:INFO: Beginning analysis
2023-07-03 16:49:20,787: [165] m.e.manticore:INFO: Starting symbolic create contract
2023-07-03 16:49:20,815: [165] m.e.manticore:INFO: Failed to build contract /sb/xMPH_4.sol:2269:1: Errors : Invalid solc compilation Error: Expected identifier but got '}'
    --> sb/xMPH_4.sol:2269:1:
     |
2269 | } from "@openzeppelin/contracts-upgradeable/token/ERC20/ERC20Upgradeable.sol";
     | ^


. Solidity failed to generate bytecode for your contract. Check if all the abstract functions are implemented. 
Process Process-1:
Traceback (most recent call last):
  File "/usr/lib/python3.7/multiprocessing/process.py", line 297, in _bootstrap
    self.run()
  File "/usr/lib/python3.7/multiprocessing/process.py", line 99, in run
    self._target(*self._args, **self._kwargs)
  File "/usr/local/lib/python3.7/dist-packages/manticore/ethereum/manticore.py", line 1766, in worker_finalize
    finalizer(q.get_nowait())
  File "/usr/local/lib/python3.7/dist-packages/manticore/ethereum/manticore.py", line 1757, in finalizer
    if only_alive_states and last_tx.result in {"REVERT", "THROW", "TXERROR"}:
AttributeError: 'NoneType' object has no attribute 'result'
2023-07-03 16:49:20,892: [165] m.c.manticore:INFO: Results in /mcore_dy2jic4r
2023-07-03 16:49:20,893: [165] m.c.manticore:WARNING: Manticore failed to run
2023-07-03 16:49:21,609: [190] m.main:INFO: Registered plugins: IntrospectionAPIPlugin, <class 'manticore.ethereum.plugins.SkipRevertBasicBlocks'>, <class 'manticore.ethereum.plugins.FilterFunctions'>
2023-07-03 16:49:21,609: [190] m.main:INFO: Beginning analysis
2023-07-03 16:49:21,612: [190] m.e.manticore:INFO: Starting symbolic create contract
2023-07-03 16:49:21,646: [190] m.e.manticore:INFO: Failed to build contract | Errors : Invalid solc compilation Error: Expected identifier but got '}'
    --> sb/xMPH_4.sol:2269:1:
     |
2269 | } from "@openzeppelin/contracts-upgradeable/token/ERC20/ERC20Upgradeable.sol";
     | ^


. Solidity failed to generate bytecode for your contract. Check if all the abstract functions are implemented. 
Process Process-1:
Traceback (most recent call last):
  File "/usr/lib/python3.7/multiprocessing/process.py", line 297, in _bootstrap
    self.run()
  File "/usr/lib/python3.7/multiprocessing/process.py", line 99, in run
    self._target(*self._args, **self._kwargs)
  File "/usr/local/lib/python3.7/dist-packages/manticore/ethereum/manticore.py", line 1766, in worker_finalize
    finalizer(q.get_nowait())
  File "/usr/local/lib/python3.7/dist-packages/manticore/ethereum/manticore.py", line 1757, in finalizer
    if only_alive_states and last_tx.result in {"REVERT", "THROW", "TXERROR"}:
AttributeError: 'NoneType' object has no attribute 'result'
2023-07-03 16:49:21,728: [190] m.c.manticore:INFO: Results in /mcore_q0sjf55c
2023-07-03 16:49:21,728: [190] m.c.manticore:WARNING: Manticore failed to run
2023-07-03 16:49:22,399: [215] m.main:INFO: Registered plugins: IntrospectionAPIPlugin, <class 'manticore.ethereum.plugins.SkipRevertBasicBlocks'>, <class 'manticore.ethereum.plugins.FilterFunctions'>
2023-07-03 16:49:22,399: [215] m.main:INFO: Beginning analysis
2023-07-03 16:49:22,402: [215] m.e.manticore:INFO: Starting symbolic create contract
2023-07-03 16:49:22,439: [215] m.e.manticore:INFO: Failed to build contract 2269 Errors : Invalid solc compilation Error: Expected identifier but got '}'
    --> sb/xMPH_4.sol:2269:1:
     |
2269 | } from "@openzeppelin/contracts-upgradeable/token/ERC20/ERC20Upgradeable.sol";
     | ^


. Solidity failed to generate bytecode for your contract. Check if all the abstract functions are implemented. 
Process Process-1:
Traceback (most recent call last):
  File "/usr/lib/python3.7/multiprocessing/process.py", line 297, in _bootstrap
    self.run()
  File "/usr/lib/python3.7/multiprocessing/process.py", line 99, in run
    self._target(*self._args, **self._kwargs)
  File "/usr/local/lib/python3.7/dist-packages/manticore/ethereum/manticore.py", line 1766, in worker_finalize
    finalizer(q.get_nowait())
  File "/usr/local/lib/python3.7/dist-packages/manticore/ethereum/manticore.py", line 1757, in finalizer
    if only_alive_states and last_tx.result in {"REVERT", "THROW", "TXERROR"}:
AttributeError: 'NoneType' object has no attribute 'result'
2023-07-03 16:49:22,503: [215] m.c.manticore:INFO: Results in /mcore_plgxhrqd
2023-07-03 16:49:22,504: [215] m.c.manticore:WARNING: Manticore failed to run
2023-07-03 16:49:23,315: [240] m.main:INFO: Registered plugins: IntrospectionAPIPlugin, <class 'manticore.ethereum.plugins.SkipRevertBasicBlocks'>, <class 'manticore.ethereum.plugins.FilterFunctions'>
2023-07-03 16:49:23,315: [240] m.main:INFO: Beginning analysis
2023-07-03 16:49:23,319: [240] m.e.manticore:INFO: Starting symbolic create contract
2023-07-03 16:49:23,357: [240] m.e.manticore:INFO: Failed to build contract | Errors : Invalid solc compilation Error: Expected identifier but got '}'
    --> sb/xMPH_4.sol:2269:1:
     |
2269 | } from "@openzeppelin/contracts-upgradeable/token/ERC20/ERC20Upgradeable.sol";
     | ^


. Solidity failed to generate bytecode for your contract. Check if all the abstract functions are implemented. 
Process Process-1:
Traceback (most recent call last):
  File "/usr/lib/python3.7/multiprocessing/process.py", line 297, in _bootstrap
    self.run()
  File "/usr/lib/python3.7/multiprocessing/process.py", line 99, in run
    self._target(*self._args, **self._kwargs)
  File "/usr/local/lib/python3.7/dist-packages/manticore/ethereum/manticore.py", line 1766, in worker_finalize
    finalizer(q.get_nowait())
  File "/usr/local/lib/python3.7/dist-packages/manticore/ethereum/manticore.py", line 1757, in finalizer
    if only_alive_states and last_tx.result in {"REVERT", "THROW", "TXERROR"}:
AttributeError: 'NoneType' object has no attribute 'result'
2023-07-03 16:49:23,432: [240] m.c.manticore:INFO: Results in /mcore_n_c3fg_z
2023-07-03 16:49:23,432: [240] m.c.manticore:WARNING: Manticore failed to run
2023-07-03 16:49:24,057: [265] m.main:INFO: Registered plugins: IntrospectionAPIPlugin, <class 'manticore.ethereum.plugins.SkipRevertBasicBlocks'>, <class 'manticore.ethereum.plugins.FilterFunctions'>
2023-07-03 16:49:24,057: [265] m.main:INFO: Beginning analysis
2023-07-03 16:49:24,060: [265] m.e.manticore:INFO: Starting symbolic create contract
2023-07-03 16:49:24,099: [265] m.e.manticore:INFO: Failed to build contract } Errors : Invalid solc compilation Error: Expected identifier but got '}'
    --> sb/xMPH_4.sol:2269:1:
     |
2269 | } from "@openzeppelin/contracts-upgradeable/token/ERC20/ERC20Upgradeable.sol";
     | ^


. Solidity failed to generate bytecode for your contract. Check if all the abstract functions are implemented. 
Process Process-1:
Traceback (most recent call last):
  File "/usr/lib/python3.7/multiprocessing/process.py", line 297, in _bootstrap
    self.run()
  File "/usr/lib/python3.7/multiprocessing/process.py", line 99, in run
    self._target(*self._args, **self._kwargs)
  File "/usr/local/lib/python3.7/dist-packages/manticore/ethereum/manticore.py", line 1766, in worker_finalize
    finalizer(q.get_nowait())
  File "/usr/local/lib/python3.7/dist-packages/manticore/ethereum/manticore.py", line 1757, in finalizer
    if only_alive_states and last_tx.result in {"REVERT", "THROW", "TXERROR"}:
AttributeError: 'NoneType' object has no attribute 'result'
2023-07-03 16:49:24,219: [265] m.c.manticore:INFO: Results in /mcore_4uctczvw
2023-07-03 16:49:24,219: [265] m.c.manticore:WARNING: Manticore failed to run
2023-07-03 16:49:24,939: [290] m.main:INFO: Registered plugins: IntrospectionAPIPlugin, <class 'manticore.ethereum.plugins.SkipRevertBasicBlocks'>, <class 'manticore.ethereum.plugins.FilterFunctions'>
2023-07-03 16:49:24,939: [290] m.main:INFO: Beginning analysis
2023-07-03 16:49:24,942: [290] m.e.manticore:INFO: Starting symbolic create contract
2023-07-03 16:49:24,971: [290] m.e.manticore:INFO: Failed to build contract from Errors : Invalid solc compilation Error: Expected identifier but got '}'
    --> sb/xMPH_4.sol:2269:1:
     |
2269 | } from "@openzeppelin/contracts-upgradeable/token/ERC20/ERC20Upgradeable.sol";
     | ^


. Solidity failed to generate bytecode for your contract. Check if all the abstract functions are implemented. 
Process Process-1:
Traceback (most recent call last):
  File "/usr/lib/python3.7/multiprocessing/process.py", line 297, in _bootstrap
    self.run()
  File "/usr/lib/python3.7/multiprocessing/process.py", line 99, in run
    self._target(*self._args, **self._kwargs)
  File "/usr/local/lib/python3.7/dist-packages/manticore/ethereum/manticore.py", line 1766, in worker_finalize
    finalizer(q.get_nowait())
  File "/usr/local/lib/python3.7/dist-packages/manticore/ethereum/manticore.py", line 1757, in finalizer
    if only_alive_states and last_tx.result in {"REVERT", "THROW", "TXERROR"}:
AttributeError: 'NoneType' object has no attribute 'result'
2023-07-03 16:49:25,044: [290] m.c.manticore:INFO: Results in /mcore_2zjdcndx
2023-07-03 16:49:25,044: [290] m.c.manticore:WARNING: Manticore failed to run
2023-07-03 16:49:25,786: [315] m.main:INFO: Registered plugins: IntrospectionAPIPlugin, <class 'manticore.ethereum.plugins.SkipRevertBasicBlocks'>, <class 'manticore.ethereum.plugins.FilterFunctions'>
2023-07-03 16:49:25,786: [315] m.main:INFO: Beginning analysis
2023-07-03 16:49:25,789: [315] m.e.manticore:INFO: Starting symbolic create contract
2023-07-03 16:49:25,819: [315] m.e.manticore:INFO: Failed to build contract "@openzeppelin/contracts-upgradeable/token/ERC20/ERC20Upgradeable.sol"; Errors : Invalid solc compilation Error: Expected identifier but got '}'
    --> sb/xMPH_4.sol:2269:1:
     |
2269 | } from "@openzeppelin/contracts-upgradeable/token/ERC20/ERC20Upgradeable.sol";
     | ^


. Solidity failed to generate bytecode for your contract. Check if all the abstract functions are implemented. 
Process Process-1:
Traceback (most recent call last):
  File "/usr/lib/python3.7/multiprocessing/process.py", line 297, in _bootstrap
    self.run()
  File "/usr/lib/python3.7/multiprocessing/process.py", line 99, in run
    self._target(*self._args, **self._kwargs)
  File "/usr/local/lib/python3.7/dist-packages/manticore/ethereum/manticore.py", line 1766, in worker_finalize
    finalizer(q.get_nowait())
  File "/usr/local/lib/python3.7/dist-packages/manticore/ethereum/manticore.py", line 1757, in finalizer
    if only_alive_states and last_tx.result in {"REVERT", "THROW", "TXERROR"}:
AttributeError: 'NoneType' object has no attribute 'result'
2023-07-03 16:49:25,900: [315] m.c.manticore:INFO: Results in /mcore_kar9ii_n
2023-07-03 16:49:25,901: [315] m.c.manticore:WARNING: Manticore failed to run
2023-07-03 16:49:26,551: [340] m.main:INFO: Registered plugins: IntrospectionAPIPlugin, <class 'manticore.ethereum.plugins.SkipRevertBasicBlocks'>, <class 'manticore.ethereum.plugins.FilterFunctions'>
2023-07-03 16:49:26,551: [340] m.main:INFO: Beginning analysis
2023-07-03 16:49:26,553: [340] m.e.manticore:INFO: Starting symbolic create contract
2023-07-03 16:49:26,589: [340] m.e.manticore:INFO: Failed to build contract | Errors : Invalid solc compilation Error: Expected identifier but got '}'
    --> sb/xMPH_4.sol:2269:1:
     |
2269 | } from "@openzeppelin/contracts-upgradeable/token/ERC20/ERC20Upgradeable.sol";
     | ^


. Solidity failed to generate bytecode for your contract. Check if all the abstract functions are implemented. 
Process Process-1:
Traceback (most recent call last):
  File "/usr/lib/python3.7/multiprocessing/process.py", line 297, in _bootstrap
    self.run()
  File "/usr/lib/python3.7/multiprocessing/process.py", line 99, in run
    self._target(*self._args, **self._kwargs)
  File "/usr/local/lib/python3.7/dist-packages/manticore/ethereum/manticore.py", line 1766, in worker_finalize
    finalizer(q.get_nowait())
  File "/usr/local/lib/python3.7/dist-packages/manticore/ethereum/manticore.py", line 1757, in finalizer
    if only_alive_states and last_tx.result in {"REVERT", "THROW", "TXERROR"}:
AttributeError: 'NoneType' object has no attribute 'result'
2023-07-03 16:49:26,666: [340] m.c.manticore:INFO: Results in /mcore_23ds3008
2023-07-03 16:49:26,667: [340] m.c.manticore:WARNING: Manticore failed to run
2023-07-03 16:49:27,425: [365] m.main:INFO: Registered plugins: IntrospectionAPIPlugin, <class 'manticore.ethereum.plugins.SkipRevertBasicBlocks'>, <class 'manticore.ethereum.plugins.FilterFunctions'>
2023-07-03 16:49:27,426: [365] m.main:INFO: Beginning analysis
2023-07-03 16:49:27,428: [365] m.e.manticore:INFO: Starting symbolic create contract
2023-07-03 16:49:27,460: [365] m.e.manticore:INFO: Failed to build contract ^ Errors : Invalid solc compilation Error: Expected identifier but got '}'
    --> sb/xMPH_4.sol:2269:1:
     |
2269 | } from "@openzeppelin/contracts-upgradeable/token/ERC20/ERC20Upgradeable.sol";
     | ^


. Solidity failed to generate bytecode for your contract. Check if all the abstract functions are implemented. 
Process Process-1:
Traceback (most recent call last):
  File "/usr/lib/python3.7/multiprocessing/process.py", line 297, in _bootstrap
    self.run()
  File "/usr/lib/python3.7/multiprocessing/process.py", line 99, in run
    self._target(*self._args, **self._kwargs)
  File "/usr/local/lib/python3.7/dist-packages/manticore/ethereum/manticore.py", line 1766, in worker_finalize
    finalizer(q.get_nowait())
  File "/usr/local/lib/python3.7/dist-packages/manticore/ethereum/manticore.py", line 1757, in finalizer
    if only_alive_states and last_tx.result in {"REVERT", "THROW", "TXERROR"}:
AttributeError: 'NoneType' object has no attribute 'result'
2023-07-03 16:49:27,546: [365] m.c.manticore:INFO: Results in /mcore_4uc9g2oh
2023-07-03 16:49:27,546: [365] m.c.manticore:WARNING: Manticore failed to run
