2023-07-03 16:11:34,468: [11] m.main:INFO: Registered plugins: IntrospectionAPIPlugin, <class 'manticore.ethereum.plugins.SkipRevertBasicBlocks'>, <class 'manticore.ethereum.plugins.FilterFunctions'>
2023-07-03 16:11:34,468: [11] m.main:INFO: Beginning analysis
2023-07-03 16:11:34,471: [11] m.e.manticore:INFO: Starting symbolic create contract
2023-07-03 16:11:34,515: [11] m.e.manticore:INFO: Failed to build contract /sb/Holdefi_1.sol:3:1: Errors : Invalid solc compilation sb/Holdefi_1.sol:3:1: Error: Source file requires different compiler version (current compiler is 0.5.17+commit.d19bba13.Linux.g++ - note that nightly builds are considered to be strictly less than the released version
pragma solidity >=0.6.0 <0.8.0;
^-----------------------------^

. Solidity failed to generate bytecode for your contract. Check if all the abstract functions are implemented. 
Process Process-1:
Traceback (most recent call last):
  File "/usr/lib/python3.7/multiprocessing/process.py", line 297, in _bootstrap
    self.run()
  File "/usr/lib/python3.7/multiprocessing/process.py", line 99, in run
    self._target(*self._args, **self._kwargs)
  File "/usr/local/lib/python3.7/dist-packages/manticore/ethereum/manticore.py", line 1766, in worker_finalize
    finalizer(q.get_nowait())
  File "/usr/local/lib/python3.7/dist-packages/manticore/ethereum/manticore.py", line 1757, in finalizer
    if only_alive_states and last_tx.result in {"REVERT", "THROW", "TXERROR"}:
AttributeError: 'NoneType' object has no attribute 'result'
2023-07-03 16:11:34,593: [11] m.c.manticore:INFO: Results in /mcore_5qzyzgz2
2023-07-03 16:11:34,593: [11] m.c.manticore:WARNING: Manticore failed to run
2023-07-03 16:11:35,302: [36] m.main:INFO: Registered plugins: IntrospectionAPIPlugin, <class 'manticore.ethereum.plugins.SkipRevertBasicBlocks'>, <class 'manticore.ethereum.plugins.FilterFunctions'>
2023-07-03 16:11:35,303: [36] m.main:INFO: Beginning analysis
2023-07-03 16:11:35,305: [36] m.e.manticore:INFO: Starting symbolic create contract
2023-07-03 16:11:35,337: [36] m.e.manticore:INFO: Failed to build contract ParserError: Errors : Invalid solc compilation sb/Holdefi_1.sol:3:1: Error: Source file requires different compiler version (current compiler is 0.5.17+commit.d19bba13.Linux.g++ - note that nightly builds are considered to be strictly less than the released version
pragma solidity >=0.6.0 <0.8.0;
^-----------------------------^

. Solidity failed to generate bytecode for your contract. Check if all the abstract functions are implemented. 
Process Process-1:
Traceback (most recent call last):
  File "/usr/lib/python3.7/multiprocessing/process.py", line 297, in _bootstrap
    self.run()
  File "/usr/lib/python3.7/multiprocessing/process.py", line 99, in run
    self._target(*self._args, **self._kwargs)
  File "/usr/local/lib/python3.7/dist-packages/manticore/ethereum/manticore.py", line 1766, in worker_finalize
    finalizer(q.get_nowait())
  File "/usr/local/lib/python3.7/dist-packages/manticore/ethereum/manticore.py", line 1757, in finalizer
    if only_alive_states and last_tx.result in {"REVERT", "THROW", "TXERROR"}:
AttributeError: 'NoneType' object has no attribute 'result'
2023-07-03 16:11:35,403: [36] m.c.manticore:INFO: Results in /mcore_pxr19y3n
2023-07-03 16:11:35,403: [36] m.c.manticore:WARNING: Manticore failed to run
2023-07-03 16:11:36,087: [61] m.main:INFO: Registered plugins: IntrospectionAPIPlugin, <class 'manticore.ethereum.plugins.SkipRevertBasicBlocks'>, <class 'manticore.ethereum.plugins.FilterFunctions'>
2023-07-03 16:11:36,087: [61] m.main:INFO: Beginning analysis
2023-07-03 16:11:36,089: [61] m.e.manticore:INFO: Starting symbolic create contract
2023-07-03 16:11:36,122: [61] m.e.manticore:INFO: Failed to build contract Source Errors : Invalid solc compilation sb/Holdefi_1.sol:3:1: Error: Source file requires different compiler version (current compiler is 0.5.17+commit.d19bba13.Linux.g++ - note that nightly builds are considered to be strictly less than the released version
pragma solidity >=0.6.0 <0.8.0;
^-----------------------------^

. Solidity failed to generate bytecode for your contract. Check if all the abstract functions are implemented. 
Process Process-1:
Traceback (most recent call last):
  File "/usr/lib/python3.7/multiprocessing/process.py", line 297, in _bootstrap
    self.run()
  File "/usr/lib/python3.7/multiprocessing/process.py", line 99, in run
    self._target(*self._args, **self._kwargs)
  File "/usr/local/lib/python3.7/dist-packages/manticore/ethereum/manticore.py", line 1766, in worker_finalize
    finalizer(q.get_nowait())
  File "/usr/local/lib/python3.7/dist-packages/manticore/ethereum/manticore.py", line 1757, in finalizer
    if only_alive_states and last_tx.result in {"REVERT", "THROW", "TXERROR"}:
AttributeError: 'NoneType' object has no attribute 'result'
2023-07-03 16:11:36,193: [61] m.c.manticore:INFO: Results in /mcore_alfatocv
2023-07-03 16:11:36,194: [61] m.c.manticore:WARNING: Manticore failed to run
2023-07-03 16:11:36,790: [86] m.main:INFO: Registered plugins: IntrospectionAPIPlugin, <class 'manticore.ethereum.plugins.SkipRevertBasicBlocks'>, <class 'manticore.ethereum.plugins.FilterFunctions'>
2023-07-03 16:11:36,790: [86] m.main:INFO: Beginning analysis
2023-07-03 16:11:36,792: [86] m.e.manticore:INFO: Starting symbolic create contract
2023-07-03 16:11:36,824: [86] m.e.manticore:INFO: Failed to build contract file Errors : Invalid solc compilation sb/Holdefi_1.sol:3:1: Error: Source file requires different compiler version (current compiler is 0.5.17+commit.d19bba13.Linux.g++ - note that nightly builds are considered to be strictly less than the released version
pragma solidity >=0.6.0 <0.8.0;
^-----------------------------^

. Solidity failed to generate bytecode for your contract. Check if all the abstract functions are implemented. 
Process Process-1:
Traceback (most recent call last):
  File "/usr/lib/python3.7/multiprocessing/process.py", line 297, in _bootstrap
    self.run()
  File "/usr/lib/python3.7/multiprocessing/process.py", line 99, in run
    self._target(*self._args, **self._kwargs)
  File "/usr/local/lib/python3.7/dist-packages/manticore/ethereum/manticore.py", line 1766, in worker_finalize
    finalizer(q.get_nowait())
  File "/usr/local/lib/python3.7/dist-packages/manticore/ethereum/manticore.py", line 1757, in finalizer
    if only_alive_states and last_tx.result in {"REVERT", "THROW", "TXERROR"}:
AttributeError: 'NoneType' object has no attribute 'result'
2023-07-03 16:11:36,887: [86] m.c.manticore:INFO: Results in /mcore_dyn0dfpo
2023-07-03 16:11:36,887: [86] m.c.manticore:WARNING: Manticore failed to run
2023-07-03 16:11:37,673: [111] m.main:INFO: Registered plugins: IntrospectionAPIPlugin, <class 'manticore.ethereum.plugins.SkipRevertBasicBlocks'>, <class 'manticore.ethereum.plugins.FilterFunctions'>
2023-07-03 16:11:37,674: [111] m.main:INFO: Beginning analysis
2023-07-03 16:11:37,677: [111] m.e.manticore:INFO: Starting symbolic create contract
2023-07-03 16:11:37,720: [111] m.e.manticore:INFO: Failed to build contract requires Errors : Invalid solc compilation sb/Holdefi_1.sol:3:1: Error: Source file requires different compiler version (current compiler is 0.5.17+commit.d19bba13.Linux.g++ - note that nightly builds are considered to be strictly less than the released version
pragma solidity >=0.6.0 <0.8.0;
^-----------------------------^

. Solidity failed to generate bytecode for your contract. Check if all the abstract functions are implemented. 
Process Process-1:
Traceback (most recent call last):
  File "/usr/lib/python3.7/multiprocessing/process.py", line 297, in _bootstrap
    self.run()
  File "/usr/lib/python3.7/multiprocessing/process.py", line 99, in run
    self._target(*self._args, **self._kwargs)
  File "/usr/local/lib/python3.7/dist-packages/manticore/ethereum/manticore.py", line 1766, in worker_finalize
    finalizer(q.get_nowait())
  File "/usr/local/lib/python3.7/dist-packages/manticore/ethereum/manticore.py", line 1757, in finalizer
    if only_alive_states and last_tx.result in {"REVERT", "THROW", "TXERROR"}:
AttributeError: 'NoneType' object has no attribute 'result'
2023-07-03 16:11:37,805: [111] m.c.manticore:INFO: Results in /mcore_u36e4zb3
2023-07-03 16:11:37,806: [111] m.c.manticore:WARNING: Manticore failed to run
2023-07-03 16:11:38,559: [136] m.main:INFO: Registered plugins: IntrospectionAPIPlugin, <class 'manticore.ethereum.plugins.SkipRevertBasicBlocks'>, <class 'manticore.ethereum.plugins.FilterFunctions'>
2023-07-03 16:11:38,559: [136] m.main:INFO: Beginning analysis
2023-07-03 16:11:38,562: [136] m.e.manticore:INFO: Starting symbolic create contract
2023-07-03 16:11:38,585: [136] m.e.manticore:INFO: Failed to build contract different Errors : Invalid solc compilation sb/Holdefi_1.sol:3:1: Error: Source file requires different compiler version (current compiler is 0.5.17+commit.d19bba13.Linux.g++ - note that nightly builds are considered to be strictly less than the released version
pragma solidity >=0.6.0 <0.8.0;
^-----------------------------^

. Solidity failed to generate bytecode for your contract. Check if all the abstract functions are implemented. 
Process Process-2:
Traceback (most recent call last):
  File "/usr/lib/python3.7/multiprocessing/process.py", line 297, in _bootstrap
    self.run()
  File "/usr/lib/python3.7/multiprocessing/process.py", line 99, in run
    self._target(*self._args, **self._kwargs)
  File "/usr/local/lib/python3.7/dist-packages/manticore/ethereum/manticore.py", line 1766, in worker_finalize
    finalizer(q.get_nowait())
  File "/usr/local/lib/python3.7/dist-packages/manticore/ethereum/manticore.py", line 1757, in finalizer
    if only_alive_states and last_tx.result in {"REVERT", "THROW", "TXERROR"}:
AttributeError: 'NoneType' object has no attribute 'result'
2023-07-03 16:11:38,664: [136] m.c.manticore:INFO: Results in /mcore_0slks0eq
2023-07-03 16:11:38,665: [136] m.c.manticore:WARNING: Manticore failed to run
2023-07-03 16:11:39,380: [161] m.main:INFO: Registered plugins: IntrospectionAPIPlugin, <class 'manticore.ethereum.plugins.SkipRevertBasicBlocks'>, <class 'manticore.ethereum.plugins.FilterFunctions'>
2023-07-03 16:11:39,380: [161] m.main:INFO: Beginning analysis
2023-07-03 16:11:39,383: [161] m.e.manticore:INFO: Starting symbolic create contract
2023-07-03 16:11:39,414: [161] m.e.manticore:INFO: Failed to build contract compiler Errors : Invalid solc compilation sb/Holdefi_1.sol:3:1: Error: Source file requires different compiler version (current compiler is 0.5.17+commit.d19bba13.Linux.g++ - note that nightly builds are considered to be strictly less than the released version
pragma solidity >=0.6.0 <0.8.0;
^-----------------------------^

. Solidity failed to generate bytecode for your contract. Check if all the abstract functions are implemented. 
Process Process-1:
Traceback (most recent call last):
  File "/usr/lib/python3.7/multiprocessing/process.py", line 297, in _bootstrap
    self.run()
  File "/usr/lib/python3.7/multiprocessing/process.py", line 99, in run
    self._target(*self._args, **self._kwargs)
  File "/usr/local/lib/python3.7/dist-packages/manticore/ethereum/manticore.py", line 1766, in worker_finalize
    finalizer(q.get_nowait())
  File "/usr/local/lib/python3.7/dist-packages/manticore/ethereum/manticore.py", line 1757, in finalizer
    if only_alive_states and last_tx.result in {"REVERT", "THROW", "TXERROR"}:
AttributeError: 'NoneType' object has no attribute 'result'
2023-07-03 16:11:39,499: [161] m.c.manticore:INFO: Results in /mcore_8u8s29dv
2023-07-03 16:11:39,499: [161] m.c.manticore:WARNING: Manticore failed to run
2023-07-03 16:11:40,218: [186] m.main:INFO: Registered plugins: IntrospectionAPIPlugin, <class 'manticore.ethereum.plugins.SkipRevertBasicBlocks'>, <class 'manticore.ethereum.plugins.FilterFunctions'>
2023-07-03 16:11:40,219: [186] m.main:INFO: Beginning analysis
2023-07-03 16:11:40,221: [186] m.e.manticore:INFO: Starting symbolic create contract
2023-07-03 16:11:40,251: [186] m.e.manticore:INFO: Failed to build contract version Errors : Invalid solc compilation sb/Holdefi_1.sol:3:1: Error: Source file requires different compiler version (current compiler is 0.5.17+commit.d19bba13.Linux.g++ - note that nightly builds are considered to be strictly less than the released version
pragma solidity >=0.6.0 <0.8.0;
^-----------------------------^

. Solidity failed to generate bytecode for your contract. Check if all the abstract functions are implemented. 
Process Process-1:
Traceback (most recent call last):
  File "/usr/lib/python3.7/multiprocessing/process.py", line 297, in _bootstrap
    self.run()
  File "/usr/lib/python3.7/multiprocessing/process.py", line 99, in run
    self._target(*self._args, **self._kwargs)
  File "/usr/local/lib/python3.7/dist-packages/manticore/ethereum/manticore.py", line 1766, in worker_finalize
    finalizer(q.get_nowait())
  File "/usr/local/lib/python3.7/dist-packages/manticore/ethereum/manticore.py", line 1757, in finalizer
    if only_alive_states and last_tx.result in {"REVERT", "THROW", "TXERROR"}:
AttributeError: 'NoneType' object has no attribute 'result'
2023-07-03 16:11:40,320: [186] m.c.manticore:INFO: Results in /mcore_mqhymnzy
2023-07-03 16:11:40,320: [186] m.c.manticore:WARNING: Manticore failed to run
2023-07-03 16:11:40,964: [211] m.main:INFO: Registered plugins: IntrospectionAPIPlugin, <class 'manticore.ethereum.plugins.SkipRevertBasicBlocks'>, <class 'manticore.ethereum.plugins.FilterFunctions'>
2023-07-03 16:11:40,964: [211] m.main:INFO: Beginning analysis
2023-07-03 16:11:40,968: [211] m.e.manticore:INFO: Starting symbolic create contract
2023-07-03 16:11:41,011: [211] m.e.manticore:INFO: Failed to build contract (current Errors : Invalid solc compilation sb/Holdefi_1.sol:3:1: Error: Source file requires different compiler version (current compiler is 0.5.17+commit.d19bba13.Linux.g++ - note that nightly builds are considered to be strictly less than the released version
pragma solidity >=0.6.0 <0.8.0;
^-----------------------------^

. Solidity failed to generate bytecode for your contract. Check if all the abstract functions are implemented. 
Process Process-1:
Traceback (most recent call last):
  File "/usr/lib/python3.7/multiprocessing/process.py", line 297, in _bootstrap
    self.run()
  File "/usr/lib/python3.7/multiprocessing/process.py", line 99, in run
    self._target(*self._args, **self._kwargs)
  File "/usr/local/lib/python3.7/dist-packages/manticore/ethereum/manticore.py", line 1766, in worker_finalize
    finalizer(q.get_nowait())
  File "/usr/local/lib/python3.7/dist-packages/manticore/ethereum/manticore.py", line 1757, in finalizer
    if only_alive_states and last_tx.result in {"REVERT", "THROW", "TXERROR"}:
AttributeError: 'NoneType' object has no attribute 'result'
2023-07-03 16:11:41,091: [211] m.c.manticore:INFO: Results in /mcore_ys660uw0
2023-07-03 16:11:41,092: [211] m.c.manticore:WARNING: Manticore failed to run
2023-07-03 16:11:41,819: [236] m.main:INFO: Registered plugins: IntrospectionAPIPlugin, <class 'manticore.ethereum.plugins.SkipRevertBasicBlocks'>, <class 'manticore.ethereum.plugins.FilterFunctions'>
2023-07-03 16:11:41,820: [236] m.main:INFO: Beginning analysis
2023-07-03 16:11:41,822: [236] m.e.manticore:INFO: Starting symbolic create contract
2023-07-03 16:11:41,861: [236] m.e.manticore:INFO: Failed to build contract compiler Errors : Invalid solc compilation sb/Holdefi_1.sol:3:1: Error: Source file requires different compiler version (current compiler is 0.5.17+commit.d19bba13.Linux.g++ - note that nightly builds are considered to be strictly less than the released version
pragma solidity >=0.6.0 <0.8.0;
^-----------------------------^

. Solidity failed to generate bytecode for your contract. Check if all the abstract functions are implemented. 
Process Process-1:
Traceback (most recent call last):
  File "/usr/lib/python3.7/multiprocessing/process.py", line 297, in _bootstrap
    self.run()
  File "/usr/lib/python3.7/multiprocessing/process.py", line 99, in run
    self._target(*self._args, **self._kwargs)
  File "/usr/local/lib/python3.7/dist-packages/manticore/ethereum/manticore.py", line 1766, in worker_finalize
    finalizer(q.get_nowait())
  File "/usr/local/lib/python3.7/dist-packages/manticore/ethereum/manticore.py", line 1757, in finalizer
    if only_alive_states and last_tx.result in {"REVERT", "THROW", "TXERROR"}:
AttributeError: 'NoneType' object has no attribute 'result'
2023-07-03 16:11:41,942: [236] m.c.manticore:INFO: Results in /mcore__34mlo45
2023-07-03 16:11:41,943: [236] m.c.manticore:WARNING: Manticore failed to run
2023-07-03 16:11:42,694: [261] m.main:INFO: Registered plugins: IntrospectionAPIPlugin, <class 'manticore.ethereum.plugins.SkipRevertBasicBlocks'>, <class 'manticore.ethereum.plugins.FilterFunctions'>
2023-07-03 16:11:42,694: [261] m.main:INFO: Beginning analysis
2023-07-03 16:11:42,696: [261] m.e.manticore:INFO: Starting symbolic create contract
2023-07-03 16:11:42,722: [261] m.e.manticore:INFO: Failed to build contract is Errors : Invalid solc compilation sb/Holdefi_1.sol:3:1: Error: Source file requires different compiler version (current compiler is 0.5.17+commit.d19bba13.Linux.g++ - note that nightly builds are considered to be strictly less than the released version
pragma solidity >=0.6.0 <0.8.0;
^-----------------------------^

. Solidity failed to generate bytecode for your contract. Check if all the abstract functions are implemented. 
Process Process-1:
Traceback (most recent call last):
  File "/usr/lib/python3.7/multiprocessing/process.py", line 297, in _bootstrap
    self.run()
  File "/usr/lib/python3.7/multiprocessing/process.py", line 99, in run
    self._target(*self._args, **self._kwargs)
  File "/usr/local/lib/python3.7/dist-packages/manticore/ethereum/manticore.py", line 1766, in worker_finalize
    finalizer(q.get_nowait())
  File "/usr/local/lib/python3.7/dist-packages/manticore/ethereum/manticore.py", line 1757, in finalizer
    if only_alive_states and last_tx.result in {"REVERT", "THROW", "TXERROR"}:
AttributeError: 'NoneType' object has no attribute 'result'
2023-07-03 16:11:42,803: [261] m.c.manticore:INFO: Results in /mcore_n6_usvxe
2023-07-03 16:11:42,803: [261] m.c.manticore:WARNING: Manticore failed to run
2023-07-03 16:11:43,561: [286] m.main:INFO: Registered plugins: IntrospectionAPIPlugin, <class 'manticore.ethereum.plugins.SkipRevertBasicBlocks'>, <class 'manticore.ethereum.plugins.FilterFunctions'>
2023-07-03 16:11:43,561: [286] m.main:INFO: Beginning analysis
2023-07-03 16:11:43,563: [286] m.e.manticore:INFO: Starting symbolic create contract
2023-07-03 16:11:43,592: [286] m.e.manticore:INFO: Failed to build contract 0.5.17+commit.d19bba13.Linux.g++ Errors : Invalid solc compilation sb/Holdefi_1.sol:3:1: Error: Source file requires different compiler version (current compiler is 0.5.17+commit.d19bba13.Linux.g++ - note that nightly builds are considered to be strictly less than the released version
pragma solidity >=0.6.0 <0.8.0;
^-----------------------------^

. Solidity failed to generate bytecode for your contract. Check if all the abstract functions are implemented. 
Process Process-1:
Traceback (most recent call last):
  File "/usr/lib/python3.7/multiprocessing/process.py", line 297, in _bootstrap
    self.run()
  File "/usr/lib/python3.7/multiprocessing/process.py", line 99, in run
    self._target(*self._args, **self._kwargs)
  File "/usr/local/lib/python3.7/dist-packages/manticore/ethereum/manticore.py", line 1766, in worker_finalize
    finalizer(q.get_nowait())
  File "/usr/local/lib/python3.7/dist-packages/manticore/ethereum/manticore.py", line 1757, in finalizer
    if only_alive_states and last_tx.result in {"REVERT", "THROW", "TXERROR"}:
AttributeError: 'NoneType' object has no attribute 'result'
2023-07-03 16:11:43,664: [286] m.c.manticore:INFO: Results in /mcore_g_pbrzvn
2023-07-03 16:11:43,664: [286] m.c.manticore:WARNING: Manticore failed to run
2023-07-03 16:11:44,371: [311] m.main:INFO: Registered plugins: IntrospectionAPIPlugin, <class 'manticore.ethereum.plugins.SkipRevertBasicBlocks'>, <class 'manticore.ethereum.plugins.FilterFunctions'>
2023-07-03 16:11:44,371: [311] m.main:INFO: Beginning analysis
2023-07-03 16:11:44,373: [311] m.e.manticore:INFO: Starting symbolic create contract
2023-07-03 16:11:44,400: [311] m.e.manticore:INFO: Failed to build contract - Errors : Invalid solc compilation sb/Holdefi_1.sol:3:1: Error: Source file requires different compiler version (current compiler is 0.5.17+commit.d19bba13.Linux.g++ - note that nightly builds are considered to be strictly less than the released version
pragma solidity >=0.6.0 <0.8.0;
^-----------------------------^

. Solidity failed to generate bytecode for your contract. Check if all the abstract functions are implemented. 
Process Process-1:
Traceback (most recent call last):
  File "/usr/lib/python3.7/multiprocessing/process.py", line 297, in _bootstrap
    self.run()
  File "/usr/lib/python3.7/multiprocessing/process.py", line 99, in run
    self._target(*self._args, **self._kwargs)
  File "/usr/local/lib/python3.7/dist-packages/manticore/ethereum/manticore.py", line 1766, in worker_finalize
    finalizer(q.get_nowait())
  File "/usr/local/lib/python3.7/dist-packages/manticore/ethereum/manticore.py", line 1757, in finalizer
    if only_alive_states and last_tx.result in {"REVERT", "THROW", "TXERROR"}:
AttributeError: 'NoneType' object has no attribute 'result'
2023-07-03 16:11:44,458: [311] m.c.manticore:INFO: Results in /mcore_9h482t36
2023-07-03 16:11:44,458: [311] m.c.manticore:WARNING: Manticore failed to run
2023-07-03 16:11:45,100: [336] m.main:INFO: Registered plugins: IntrospectionAPIPlugin, <class 'manticore.ethereum.plugins.SkipRevertBasicBlocks'>, <class 'manticore.ethereum.plugins.FilterFunctions'>
2023-07-03 16:11:45,101: [336] m.main:INFO: Beginning analysis
2023-07-03 16:11:45,103: [336] m.e.manticore:INFO: Starting symbolic create contract
2023-07-03 16:11:45,131: [336] m.e.manticore:INFO: Failed to build contract note Errors : Invalid solc compilation sb/Holdefi_1.sol:3:1: Error: Source file requires different compiler version (current compiler is 0.5.17+commit.d19bba13.Linux.g++ - note that nightly builds are considered to be strictly less than the released version
pragma solidity >=0.6.0 <0.8.0;
^-----------------------------^

. Solidity failed to generate bytecode for your contract. Check if all the abstract functions are implemented. 
Process Process-1:
Traceback (most recent call last):
  File "/usr/lib/python3.7/multiprocessing/process.py", line 297, in _bootstrap
    self.run()
  File "/usr/lib/python3.7/multiprocessing/process.py", line 99, in run
    self._target(*self._args, **self._kwargs)
  File "/usr/local/lib/python3.7/dist-packages/manticore/ethereum/manticore.py", line 1766, in worker_finalize
    finalizer(q.get_nowait())
  File "/usr/local/lib/python3.7/dist-packages/manticore/ethereum/manticore.py", line 1757, in finalizer
    if only_alive_states and last_tx.result in {"REVERT", "THROW", "TXERROR"}:
AttributeError: 'NoneType' object has no attribute 'result'
2023-07-03 16:11:45,208: [336] m.c.manticore:INFO: Results in /mcore_uf2c0bua
2023-07-03 16:11:45,209: [336] m.c.manticore:WARNING: Manticore failed to run
2023-07-03 16:11:45,905: [361] m.main:INFO: Registered plugins: IntrospectionAPIPlugin, <class 'manticore.ethereum.plugins.SkipRevertBasicBlocks'>, <class 'manticore.ethereum.plugins.FilterFunctions'>
2023-07-03 16:11:45,905: [361] m.main:INFO: Beginning analysis
2023-07-03 16:11:45,907: [361] m.e.manticore:INFO: Starting symbolic create contract
2023-07-03 16:11:45,935: [361] m.e.manticore:INFO: Failed to build contract that Errors : Invalid solc compilation sb/Holdefi_1.sol:3:1: Error: Source file requires different compiler version (current compiler is 0.5.17+commit.d19bba13.Linux.g++ - note that nightly builds are considered to be strictly less than the released version
pragma solidity >=0.6.0 <0.8.0;
^-----------------------------^

. Solidity failed to generate bytecode for your contract. Check if all the abstract functions are implemented. 
Process Process-1:
Traceback (most recent call last):
  File "/usr/lib/python3.7/multiprocessing/process.py", line 297, in _bootstrap
    self.run()
  File "/usr/lib/python3.7/multiprocessing/process.py", line 99, in run
    self._target(*self._args, **self._kwargs)
  File "/usr/local/lib/python3.7/dist-packages/manticore/ethereum/manticore.py", line 1766, in worker_finalize
    finalizer(q.get_nowait())
  File "/usr/local/lib/python3.7/dist-packages/manticore/ethereum/manticore.py", line 1757, in finalizer
    if only_alive_states and last_tx.result in {"REVERT", "THROW", "TXERROR"}:
AttributeError: 'NoneType' object has no attribute 'result'
2023-07-03 16:11:46,009: [361] m.c.manticore:INFO: Results in /mcore_zng4l46q
2023-07-03 16:11:46,010: [361] m.c.manticore:WARNING: Manticore failed to run
2023-07-03 16:11:46,728: [386] m.main:INFO: Registered plugins: IntrospectionAPIPlugin, <class 'manticore.ethereum.plugins.SkipRevertBasicBlocks'>, <class 'manticore.ethereum.plugins.FilterFunctions'>
2023-07-03 16:11:46,729: [386] m.main:INFO: Beginning analysis
2023-07-03 16:11:46,732: [386] m.e.manticore:INFO: Starting symbolic create contract
2023-07-03 16:11:46,759: [386] m.e.manticore:INFO: Failed to build contract nightly Errors : Invalid solc compilation sb/Holdefi_1.sol:3:1: Error: Source file requires different compiler version (current compiler is 0.5.17+commit.d19bba13.Linux.g++ - note that nightly builds are considered to be strictly less than the released version
pragma solidity >=0.6.0 <0.8.0;
^-----------------------------^

. Solidity failed to generate bytecode for your contract. Check if all the abstract functions are implemented. 
Process Process-1:
Traceback (most recent call last):
  File "/usr/lib/python3.7/multiprocessing/process.py", line 297, in _bootstrap
    self.run()
  File "/usr/lib/python3.7/multiprocessing/process.py", line 99, in run
    self._target(*self._args, **self._kwargs)
  File "/usr/local/lib/python3.7/dist-packages/manticore/ethereum/manticore.py", line 1766, in worker_finalize
    finalizer(q.get_nowait())
  File "/usr/local/lib/python3.7/dist-packages/manticore/ethereum/manticore.py", line 1757, in finalizer
    if only_alive_states and last_tx.result in {"REVERT", "THROW", "TXERROR"}:
AttributeError: 'NoneType' object has no attribute 'result'
2023-07-03 16:11:46,829: [386] m.c.manticore:INFO: Results in /mcore_5u8bjb5e
2023-07-03 16:11:46,829: [386] m.c.manticore:WARNING: Manticore failed to run
2023-07-03 16:11:47,532: [411] m.main:INFO: Registered plugins: IntrospectionAPIPlugin, <class 'manticore.ethereum.plugins.SkipRevertBasicBlocks'>, <class 'manticore.ethereum.plugins.FilterFunctions'>
2023-07-03 16:11:47,533: [411] m.main:INFO: Beginning analysis
2023-07-03 16:11:47,535: [411] m.e.manticore:INFO: Starting symbolic create contract
2023-07-03 16:11:47,563: [411] m.e.manticore:INFO: Failed to build contract builds Errors : Invalid solc compilation sb/Holdefi_1.sol:3:1: Error: Source file requires different compiler version (current compiler is 0.5.17+commit.d19bba13.Linux.g++ - note that nightly builds are considered to be strictly less than the released version
pragma solidity >=0.6.0 <0.8.0;
^-----------------------------^

. Solidity failed to generate bytecode for your contract. Check if all the abstract functions are implemented. 
Process Process-1:
Traceback (most recent call last):
  File "/usr/lib/python3.7/multiprocessing/process.py", line 297, in _bootstrap
    self.run()
  File "/usr/lib/python3.7/multiprocessing/process.py", line 99, in run
    self._target(*self._args, **self._kwargs)
  File "/usr/local/lib/python3.7/dist-packages/manticore/ethereum/manticore.py", line 1766, in worker_finalize
    finalizer(q.get_nowait())
  File "/usr/local/lib/python3.7/dist-packages/manticore/ethereum/manticore.py", line 1757, in finalizer
    if only_alive_states and last_tx.result in {"REVERT", "THROW", "TXERROR"}:
AttributeError: 'NoneType' object has no attribute 'result'
2023-07-03 16:11:47,642: [411] m.c.manticore:INFO: Results in /mcore_17pnu43v
2023-07-03 16:11:47,643: [411] m.c.manticore:WARNING: Manticore failed to run
2023-07-03 16:11:48,376: [436] m.main:INFO: Registered plugins: IntrospectionAPIPlugin, <class 'manticore.ethereum.plugins.SkipRevertBasicBlocks'>, <class 'manticore.ethereum.plugins.FilterFunctions'>
2023-07-03 16:11:48,376: [436] m.main:INFO: Beginning analysis
2023-07-03 16:11:48,379: [436] m.e.manticore:INFO: Starting symbolic create contract
2023-07-03 16:11:48,412: [436] m.e.manticore:INFO: Failed to build contract are Errors : Invalid solc compilation sb/Holdefi_1.sol:3:1: Error: Source file requires different compiler version (current compiler is 0.5.17+commit.d19bba13.Linux.g++ - note that nightly builds are considered to be strictly less than the released version
pragma solidity >=0.6.0 <0.8.0;
^-----------------------------^

. Solidity failed to generate bytecode for your contract. Check if all the abstract functions are implemented. 
Process Process-1:
Traceback (most recent call last):
  File "/usr/lib/python3.7/multiprocessing/process.py", line 297, in _bootstrap
    self.run()
  File "/usr/lib/python3.7/multiprocessing/process.py", line 99, in run
    self._target(*self._args, **self._kwargs)
  File "/usr/local/lib/python3.7/dist-packages/manticore/ethereum/manticore.py", line 1766, in worker_finalize
    finalizer(q.get_nowait())
  File "/usr/local/lib/python3.7/dist-packages/manticore/ethereum/manticore.py", line 1757, in finalizer
    if only_alive_states and last_tx.result in {"REVERT", "THROW", "TXERROR"}:
AttributeError: 'NoneType' object has no attribute 'result'
2023-07-03 16:11:48,507: [436] m.c.manticore:INFO: Results in /mcore_qvp8wcmb
2023-07-03 16:11:48,508: [436] m.c.manticore:WARNING: Manticore failed to run
2023-07-03 16:11:49,234: [461] m.main:INFO: Registered plugins: IntrospectionAPIPlugin, <class 'manticore.ethereum.plugins.SkipRevertBasicBlocks'>, <class 'manticore.ethereum.plugins.FilterFunctions'>
2023-07-03 16:11:49,234: [461] m.main:INFO: Beginning analysis
2023-07-03 16:11:49,236: [461] m.e.manticore:INFO: Starting symbolic create contract
2023-07-03 16:11:49,271: [461] m.e.manticore:INFO: Failed to build contract considered Errors : Invalid solc compilation sb/Holdefi_1.sol:3:1: Error: Source file requires different compiler version (current compiler is 0.5.17+commit.d19bba13.Linux.g++ - note that nightly builds are considered to be strictly less than the released version
pragma solidity >=0.6.0 <0.8.0;
^-----------------------------^

. Solidity failed to generate bytecode for your contract. Check if all the abstract functions are implemented. 
Process Process-1:
Traceback (most recent call last):
  File "/usr/lib/python3.7/multiprocessing/process.py", line 297, in _bootstrap
    self.run()
  File "/usr/lib/python3.7/multiprocessing/process.py", line 99, in run
    self._target(*self._args, **self._kwargs)
  File "/usr/local/lib/python3.7/dist-packages/manticore/ethereum/manticore.py", line 1766, in worker_finalize
    finalizer(q.get_nowait())
  File "/usr/local/lib/python3.7/dist-packages/manticore/ethereum/manticore.py", line 1757, in finalizer
    if only_alive_states and last_tx.result in {"REVERT", "THROW", "TXERROR"}:
AttributeError: 'NoneType' object has no attribute 'result'
2023-07-03 16:11:49,388: [461] m.c.manticore:INFO: Results in /mcore_ezt8yo2y
2023-07-03 16:11:49,388: [461] m.c.manticore:WARNING: Manticore failed to run
2023-07-03 16:11:50,292: [486] m.main:INFO: Registered plugins: IntrospectionAPIPlugin, <class 'manticore.ethereum.plugins.SkipRevertBasicBlocks'>, <class 'manticore.ethereum.plugins.FilterFunctions'>
2023-07-03 16:11:50,292: [486] m.main:INFO: Beginning analysis
2023-07-03 16:11:50,294: [486] m.e.manticore:INFO: Starting symbolic create contract
2023-07-03 16:11:50,331: [486] m.e.manticore:INFO: Failed to build contract to Errors : Invalid solc compilation sb/Holdefi_1.sol:3:1: Error: Source file requires different compiler version (current compiler is 0.5.17+commit.d19bba13.Linux.g++ - note that nightly builds are considered to be strictly less than the released version
pragma solidity >=0.6.0 <0.8.0;
^-----------------------------^

. Solidity failed to generate bytecode for your contract. Check if all the abstract functions are implemented. 
Process Process-1:
Traceback (most recent call last):
  File "/usr/lib/python3.7/multiprocessing/process.py", line 297, in _bootstrap
    self.run()
  File "/usr/lib/python3.7/multiprocessing/process.py", line 99, in run
    self._target(*self._args, **self._kwargs)
  File "/usr/local/lib/python3.7/dist-packages/manticore/ethereum/manticore.py", line 1766, in worker_finalize
    finalizer(q.get_nowait())
  File "/usr/local/lib/python3.7/dist-packages/manticore/ethereum/manticore.py", line 1757, in finalizer
    if only_alive_states and last_tx.result in {"REVERT", "THROW", "TXERROR"}:
AttributeError: 'NoneType' object has no attribute 'result'
2023-07-03 16:11:50,419: [486] m.c.manticore:INFO: Results in /mcore_k2b61y4_
2023-07-03 16:11:50,419: [486] m.c.manticore:WARNING: Manticore failed to run
2023-07-03 16:11:51,092: [511] m.main:INFO: Registered plugins: IntrospectionAPIPlugin, <class 'manticore.ethereum.plugins.SkipRevertBasicBlocks'>, <class 'manticore.ethereum.plugins.FilterFunctions'>
2023-07-03 16:11:51,092: [511] m.main:INFO: Beginning analysis
2023-07-03 16:11:51,095: [511] m.e.manticore:INFO: Starting symbolic create contract
2023-07-03 16:11:51,140: [511] m.e.manticore:INFO: Failed to build contract be Errors : Invalid solc compilation sb/Holdefi_1.sol:3:1: Error: Source file requires different compiler version (current compiler is 0.5.17+commit.d19bba13.Linux.g++ - note that nightly builds are considered to be strictly less than the released version
pragma solidity >=0.6.0 <0.8.0;
^-----------------------------^

. Solidity failed to generate bytecode for your contract. Check if all the abstract functions are implemented. 
Process Process-1:
Traceback (most recent call last):
  File "/usr/lib/python3.7/multiprocessing/process.py", line 297, in _bootstrap
    self.run()
  File "/usr/lib/python3.7/multiprocessing/process.py", line 99, in run
    self._target(*self._args, **self._kwargs)
  File "/usr/local/lib/python3.7/dist-packages/manticore/ethereum/manticore.py", line 1766, in worker_finalize
    finalizer(q.get_nowait())
  File "/usr/local/lib/python3.7/dist-packages/manticore/ethereum/manticore.py", line 1757, in finalizer
    if only_alive_states and last_tx.result in {"REVERT", "THROW", "TXERROR"}:
AttributeError: 'NoneType' object has no attribute 'result'
2023-07-03 16:11:51,221: [511] m.c.manticore:INFO: Results in /mcore_eyi6bmsr
2023-07-03 16:11:51,222: [511] m.c.manticore:WARNING: Manticore failed to run
2023-07-03 16:11:51,979: [536] m.main:INFO: Registered plugins: IntrospectionAPIPlugin, <class 'manticore.ethereum.plugins.SkipRevertBasicBlocks'>, <class 'manticore.ethereum.plugins.FilterFunctions'>
2023-07-03 16:11:51,979: [536] m.main:INFO: Beginning analysis
2023-07-03 16:11:51,982: [536] m.e.manticore:INFO: Starting symbolic create contract
2023-07-03 16:11:52,027: [536] m.e.manticore:INFO: Failed to build contract strictly Errors : Invalid solc compilation sb/Holdefi_1.sol:3:1: Error: Source file requires different compiler version (current compiler is 0.5.17+commit.d19bba13.Linux.g++ - note that nightly builds are considered to be strictly less than the released version
pragma solidity >=0.6.0 <0.8.0;
^-----------------------------^

. Solidity failed to generate bytecode for your contract. Check if all the abstract functions are implemented. 
Process Process-2:
Traceback (most recent call last):
  File "/usr/lib/python3.7/multiprocessing/process.py", line 297, in _bootstrap
    self.run()
  File "/usr/lib/python3.7/multiprocessing/process.py", line 99, in run
    self._target(*self._args, **self._kwargs)
  File "/usr/local/lib/python3.7/dist-packages/manticore/ethereum/manticore.py", line 1766, in worker_finalize
    finalizer(q.get_nowait())
  File "/usr/local/lib/python3.7/dist-packages/manticore/ethereum/manticore.py", line 1757, in finalizer
    if only_alive_states and last_tx.result in {"REVERT", "THROW", "TXERROR"}:
AttributeError: 'NoneType' object has no attribute 'result'
2023-07-03 16:11:52,113: [536] m.c.manticore:INFO: Results in /mcore_vdc_45sn
2023-07-03 16:11:52,113: [536] m.c.manticore:WARNING: Manticore failed to run
2023-07-03 16:11:52,756: [561] m.main:INFO: Registered plugins: IntrospectionAPIPlugin, <class 'manticore.ethereum.plugins.SkipRevertBasicBlocks'>, <class 'manticore.ethereum.plugins.FilterFunctions'>
2023-07-03 16:11:52,756: [561] m.main:INFO: Beginning analysis
2023-07-03 16:11:52,759: [561] m.e.manticore:INFO: Starting symbolic create contract
2023-07-03 16:11:52,782: [561] m.e.manticore:INFO: Failed to build contract less Errors : Invalid solc compilation sb/Holdefi_1.sol:3:1: Error: Source file requires different compiler version (current compiler is 0.5.17+commit.d19bba13.Linux.g++ - note that nightly builds are considered to be strictly less than the released version
pragma solidity >=0.6.0 <0.8.0;
^-----------------------------^

. Solidity failed to generate bytecode for your contract. Check if all the abstract functions are implemented. 
Process Process-1:
Traceback (most recent call last):
  File "/usr/lib/python3.7/multiprocessing/process.py", line 297, in _bootstrap
    self.run()
  File "/usr/lib/python3.7/multiprocessing/process.py", line 99, in run
    self._target(*self._args, **self._kwargs)
  File "/usr/local/lib/python3.7/dist-packages/manticore/ethereum/manticore.py", line 1766, in worker_finalize
    finalizer(q.get_nowait())
  File "/usr/local/lib/python3.7/dist-packages/manticore/ethereum/manticore.py", line 1757, in finalizer
    if only_alive_states and last_tx.result in {"REVERT", "THROW", "TXERROR"}:
AttributeError: 'NoneType' object has no attribute 'result'
2023-07-03 16:11:52,868: [561] m.c.manticore:INFO: Results in /mcore_oqna1b47
2023-07-03 16:11:52,869: [561] m.c.manticore:WARNING: Manticore failed to run
2023-07-03 16:11:53,470: [586] m.main:INFO: Registered plugins: IntrospectionAPIPlugin, <class 'manticore.ethereum.plugins.SkipRevertBasicBlocks'>, <class 'manticore.ethereum.plugins.FilterFunctions'>
2023-07-03 16:11:53,470: [586] m.main:INFO: Beginning analysis
2023-07-03 16:11:53,473: [586] m.e.manticore:INFO: Starting symbolic create contract
2023-07-03 16:11:53,510: [586] m.e.manticore:INFO: Failed to build contract than Errors : Invalid solc compilation sb/Holdefi_1.sol:3:1: Error: Source file requires different compiler version (current compiler is 0.5.17+commit.d19bba13.Linux.g++ - note that nightly builds are considered to be strictly less than the released version
pragma solidity >=0.6.0 <0.8.0;
^-----------------------------^

. Solidity failed to generate bytecode for your contract. Check if all the abstract functions are implemented. 
Process Process-1:
Traceback (most recent call last):
  File "/usr/lib/python3.7/multiprocessing/process.py", line 297, in _bootstrap
    self.run()
  File "/usr/lib/python3.7/multiprocessing/process.py", line 99, in run
    self._target(*self._args, **self._kwargs)
  File "/usr/local/lib/python3.7/dist-packages/manticore/ethereum/manticore.py", line 1766, in worker_finalize
    finalizer(q.get_nowait())
  File "/usr/local/lib/python3.7/dist-packages/manticore/ethereum/manticore.py", line 1757, in finalizer
    if only_alive_states and last_tx.result in {"REVERT", "THROW", "TXERROR"}:
AttributeError: 'NoneType' object has no attribute 'result'
2023-07-03 16:11:53,593: [586] m.c.manticore:INFO: Results in /mcore_h_ieh5q7
2023-07-03 16:11:53,593: [586] m.c.manticore:WARNING: Manticore failed to run
2023-07-03 16:11:54,296: [611] m.main:INFO: Registered plugins: IntrospectionAPIPlugin, <class 'manticore.ethereum.plugins.SkipRevertBasicBlocks'>, <class 'manticore.ethereum.plugins.FilterFunctions'>
2023-07-03 16:11:54,296: [611] m.main:INFO: Beginning analysis
2023-07-03 16:11:54,298: [611] m.e.manticore:INFO: Starting symbolic create contract
2023-07-03 16:11:54,333: [611] m.e.manticore:INFO: Failed to build contract the Errors : Invalid solc compilation sb/Holdefi_1.sol:3:1: Error: Source file requires different compiler version (current compiler is 0.5.17+commit.d19bba13.Linux.g++ - note that nightly builds are considered to be strictly less than the released version
pragma solidity >=0.6.0 <0.8.0;
^-----------------------------^

. Solidity failed to generate bytecode for your contract. Check if all the abstract functions are implemented. 
Process Process-1:
Traceback (most recent call last):
  File "/usr/lib/python3.7/multiprocessing/process.py", line 297, in _bootstrap
    self.run()
  File "/usr/lib/python3.7/multiprocessing/process.py", line 99, in run
    self._target(*self._args, **self._kwargs)
  File "/usr/local/lib/python3.7/dist-packages/manticore/ethereum/manticore.py", line 1766, in worker_finalize
    finalizer(q.get_nowait())
  File "/usr/local/lib/python3.7/dist-packages/manticore/ethereum/manticore.py", line 1757, in finalizer
    if only_alive_states and last_tx.result in {"REVERT", "THROW", "TXERROR"}:
AttributeError: 'NoneType' object has no attribute 'result'
2023-07-03 16:11:54,420: [611] m.c.manticore:INFO: Results in /mcore_m74ccb8b
2023-07-03 16:11:54,420: [611] m.c.manticore:WARNING: Manticore failed to run
2023-07-03 16:11:55,296: [636] m.main:INFO: Registered plugins: IntrospectionAPIPlugin, <class 'manticore.ethereum.plugins.SkipRevertBasicBlocks'>, <class 'manticore.ethereum.plugins.FilterFunctions'>
2023-07-03 16:11:55,296: [636] m.main:INFO: Beginning analysis
2023-07-03 16:11:55,300: [636] m.e.manticore:INFO: Starting symbolic create contract
2023-07-03 16:11:55,332: [636] m.e.manticore:INFO: Failed to build contract released Errors : Invalid solc compilation sb/Holdefi_1.sol:3:1: Error: Source file requires different compiler version (current compiler is 0.5.17+commit.d19bba13.Linux.g++ - note that nightly builds are considered to be strictly less than the released version
pragma solidity >=0.6.0 <0.8.0;
^-----------------------------^

. Solidity failed to generate bytecode for your contract. Check if all the abstract functions are implemented. 
Process Process-1:
Traceback (most recent call last):
  File "/usr/lib/python3.7/multiprocessing/process.py", line 297, in _bootstrap
    self.run()
  File "/usr/lib/python3.7/multiprocessing/process.py", line 99, in run
    self._target(*self._args, **self._kwargs)
  File "/usr/local/lib/python3.7/dist-packages/manticore/ethereum/manticore.py", line 1766, in worker_finalize
    finalizer(q.get_nowait())
  File "/usr/local/lib/python3.7/dist-packages/manticore/ethereum/manticore.py", line 1757, in finalizer
    if only_alive_states and last_tx.result in {"REVERT", "THROW", "TXERROR"}:
AttributeError: 'NoneType' object has no attribute 'result'
2023-07-03 16:11:55,403: [636] m.c.manticore:INFO: Results in /mcore_8kbtq9l6
2023-07-03 16:11:55,403: [636] m.c.manticore:WARNING: Manticore failed to run
2023-07-03 16:11:56,097: [661] m.main:INFO: Registered plugins: IntrospectionAPIPlugin, <class 'manticore.ethereum.plugins.SkipRevertBasicBlocks'>, <class 'manticore.ethereum.plugins.FilterFunctions'>
2023-07-03 16:11:56,097: [661] m.main:INFO: Beginning analysis
2023-07-03 16:11:56,100: [661] m.e.manticore:INFO: Starting symbolic create contract
2023-07-03 16:11:56,144: [661] m.e.manticore:INFO: Failed to build contract version Errors : Invalid solc compilation sb/Holdefi_1.sol:3:1: Error: Source file requires different compiler version (current compiler is 0.5.17+commit.d19bba13.Linux.g++ - note that nightly builds are considered to be strictly less than the released version
pragma solidity >=0.6.0 <0.8.0;
^-----------------------------^

. Solidity failed to generate bytecode for your contract. Check if all the abstract functions are implemented. 
Process Process-1:
Traceback (most recent call last):
  File "/usr/lib/python3.7/multiprocessing/process.py", line 297, in _bootstrap
    self.run()
  File "/usr/lib/python3.7/multiprocessing/process.py", line 99, in run
    self._target(*self._args, **self._kwargs)
  File "/usr/local/lib/python3.7/dist-packages/manticore/ethereum/manticore.py", line 1766, in worker_finalize
    finalizer(q.get_nowait())
  File "/usr/local/lib/python3.7/dist-packages/manticore/ethereum/manticore.py", line 1757, in finalizer
    if only_alive_states and last_tx.result in {"REVERT", "THROW", "TXERROR"}:
AttributeError: 'NoneType' object has no attribute 'result'
2023-07-03 16:11:56,220: [661] m.c.manticore:INFO: Results in /mcore_2j_b7uiu
2023-07-03 16:11:56,220: [661] m.c.manticore:WARNING: Manticore failed to run
2023-07-03 16:11:56,885: [686] m.main:INFO: Registered plugins: IntrospectionAPIPlugin, <class 'manticore.ethereum.plugins.SkipRevertBasicBlocks'>, <class 'manticore.ethereum.plugins.FilterFunctions'>
2023-07-03 16:11:56,886: [686] m.main:INFO: Beginning analysis
2023-07-03 16:11:56,888: [686] m.e.manticore:INFO: Starting symbolic create contract
2023-07-03 16:11:56,918: [686] m.e.manticore:INFO: Failed to build contract pragma Errors : Invalid solc compilation sb/Holdefi_1.sol:3:1: Error: Source file requires different compiler version (current compiler is 0.5.17+commit.d19bba13.Linux.g++ - note that nightly builds are considered to be strictly less than the released version
pragma solidity >=0.6.0 <0.8.0;
^-----------------------------^

. Solidity failed to generate bytecode for your contract. Check if all the abstract functions are implemented. 
Process Process-1:
Traceback (most recent call last):
  File "/usr/lib/python3.7/multiprocessing/process.py", line 297, in _bootstrap
    self.run()
  File "/usr/lib/python3.7/multiprocessing/process.py", line 99, in run
    self._target(*self._args, **self._kwargs)
  File "/usr/local/lib/python3.7/dist-packages/manticore/ethereum/manticore.py", line 1766, in worker_finalize
    finalizer(q.get_nowait())
  File "/usr/local/lib/python3.7/dist-packages/manticore/ethereum/manticore.py", line 1757, in finalizer
    if only_alive_states and last_tx.result in {"REVERT", "THROW", "TXERROR"}:
AttributeError: 'NoneType' object has no attribute 'result'
2023-07-03 16:11:56,986: [686] m.c.manticore:INFO: Results in /mcore_rsbw1zrj
2023-07-03 16:11:56,986: [686] m.c.manticore:WARNING: Manticore failed to run
2023-07-03 16:11:57,762: [711] m.main:INFO: Registered plugins: IntrospectionAPIPlugin, <class 'manticore.ethereum.plugins.SkipRevertBasicBlocks'>, <class 'manticore.ethereum.plugins.FilterFunctions'>
2023-07-03 16:11:57,762: [711] m.main:INFO: Beginning analysis
2023-07-03 16:11:57,766: [711] m.e.manticore:INFO: Starting symbolic create contract
2023-07-03 16:11:57,799: [711] m.e.manticore:INFO: Failed to build contract solidity Errors : Invalid solc compilation sb/Holdefi_1.sol:3:1: Error: Source file requires different compiler version (current compiler is 0.5.17+commit.d19bba13.Linux.g++ - note that nightly builds are considered to be strictly less than the released version
pragma solidity >=0.6.0 <0.8.0;
^-----------------------------^

. Solidity failed to generate bytecode for your contract. Check if all the abstract functions are implemented. 
Process Process-1:
Traceback (most recent call last):
  File "/usr/lib/python3.7/multiprocessing/process.py", line 297, in _bootstrap
    self.run()
  File "/usr/lib/python3.7/multiprocessing/process.py", line 99, in run
    self._target(*self._args, **self._kwargs)
  File "/usr/local/lib/python3.7/dist-packages/manticore/ethereum/manticore.py", line 1766, in worker_finalize
    finalizer(q.get_nowait())
  File "/usr/local/lib/python3.7/dist-packages/manticore/ethereum/manticore.py", line 1757, in finalizer
    if only_alive_states and last_tx.result in {"REVERT", "THROW", "TXERROR"}:
AttributeError: 'NoneType' object has no attribute 'result'
2023-07-03 16:11:57,871: [711] m.c.manticore:INFO: Results in /mcore_dcf8gb3m
2023-07-03 16:11:57,872: [711] m.c.manticore:WARNING: Manticore failed to run
2023-07-03 16:11:58,526: [736] m.main:INFO: Registered plugins: IntrospectionAPIPlugin, <class 'manticore.ethereum.plugins.SkipRevertBasicBlocks'>, <class 'manticore.ethereum.plugins.FilterFunctions'>
2023-07-03 16:11:58,527: [736] m.main:INFO: Beginning analysis
2023-07-03 16:11:58,530: [736] m.e.manticore:INFO: Starting symbolic create contract
2023-07-03 16:11:58,574: [736] m.e.manticore:INFO: Failed to build contract >=0.6.0 Errors : Invalid solc compilation sb/Holdefi_1.sol:3:1: Error: Source file requires different compiler version (current compiler is 0.5.17+commit.d19bba13.Linux.g++ - note that nightly builds are considered to be strictly less than the released version
pragma solidity >=0.6.0 <0.8.0;
^-----------------------------^

. Solidity failed to generate bytecode for your contract. Check if all the abstract functions are implemented. 
Process Process-1:
Traceback (most recent call last):
  File "/usr/lib/python3.7/multiprocessing/process.py", line 297, in _bootstrap
    self.run()
  File "/usr/lib/python3.7/multiprocessing/process.py", line 99, in run
    self._target(*self._args, **self._kwargs)
  File "/usr/local/lib/python3.7/dist-packages/manticore/ethereum/manticore.py", line 1766, in worker_finalize
    finalizer(q.get_nowait())
  File "/usr/local/lib/python3.7/dist-packages/manticore/ethereum/manticore.py", line 1757, in finalizer
    if only_alive_states and last_tx.result in {"REVERT", "THROW", "TXERROR"}:
AttributeError: 'NoneType' object has no attribute 'result'
2023-07-03 16:11:58,654: [736] m.c.manticore:INFO: Results in /mcore_5bn5m_qa
2023-07-03 16:11:58,654: [736] m.c.manticore:WARNING: Manticore failed to run
2023-07-03 16:11:59,303: [761] m.main:INFO: Registered plugins: IntrospectionAPIPlugin, <class 'manticore.ethereum.plugins.SkipRevertBasicBlocks'>, <class 'manticore.ethereum.plugins.FilterFunctions'>
2023-07-03 16:11:59,304: [761] m.main:INFO: Beginning analysis
2023-07-03 16:11:59,308: [761] m.e.manticore:INFO: Starting symbolic create contract
2023-07-03 16:11:59,341: [761] m.e.manticore:INFO: Failed to build contract <0.8.0;
 Errors : Invalid solc compilation sb/Holdefi_1.sol:3:1: Error: Source file requires different compiler version (current compiler is 0.5.17+commit.d19bba13.Linux.g++ - note that nightly builds are considered to be strictly less than the released version
pragma solidity >=0.6.0 <0.8.0;
^-----------------------------^

. Solidity failed to generate bytecode for your contract. Check if all the abstract functions are implemented. 
Process Process-1:
Traceback (most recent call last):
  File "/usr/lib/python3.7/multiprocessing/process.py", line 297, in _bootstrap
    self.run()
  File "/usr/lib/python3.7/multiprocessing/process.py", line 99, in run
    self._target(*self._args, **self._kwargs)
  File "/usr/local/lib/python3.7/dist-packages/manticore/ethereum/manticore.py", line 1766, in worker_finalize
    finalizer(q.get_nowait())
  File "/usr/local/lib/python3.7/dist-packages/manticore/ethereum/manticore.py", line 1757, in finalizer
    if only_alive_states and last_tx.result in {"REVERT", "THROW", "TXERROR"}:
AttributeError: 'NoneType' object has no attribute 'result'
2023-07-03 16:11:59,411: [761] m.c.manticore:INFO: Results in /mcore_nk0mnkx1
2023-07-03 16:11:59,411: [761] m.c.manticore:WARNING: Manticore failed to run
2023-07-03 16:12:00,141: [786] m.main:INFO: Registered plugins: IntrospectionAPIPlugin, <class 'manticore.ethereum.plugins.SkipRevertBasicBlocks'>, <class 'manticore.ethereum.plugins.FilterFunctions'>
2023-07-03 16:12:00,141: [786] m.main:INFO: Beginning analysis
2023-07-03 16:12:00,144: [786] m.e.manticore:INFO: Starting symbolic create contract
2023-07-03 16:12:00,169: [786] m.e.manticore:INFO: Failed to build contract ^-----------------------------^ Errors : Invalid solc compilation sb/Holdefi_1.sol:3:1: Error: Source file requires different compiler version (current compiler is 0.5.17+commit.d19bba13.Linux.g++ - note that nightly builds are considered to be strictly less than the released version
pragma solidity >=0.6.0 <0.8.0;
^-----------------------------^

. Solidity failed to generate bytecode for your contract. Check if all the abstract functions are implemented. 
Process Process-1:
Traceback (most recent call last):
  File "/usr/lib/python3.7/multiprocessing/process.py", line 297, in _bootstrap
    self.run()
  File "/usr/lib/python3.7/multiprocessing/process.py", line 99, in run
    self._target(*self._args, **self._kwargs)
  File "/usr/local/lib/python3.7/dist-packages/manticore/ethereum/manticore.py", line 1766, in worker_finalize
    finalizer(q.get_nowait())
  File "/usr/local/lib/python3.7/dist-packages/manticore/ethereum/manticore.py", line 1757, in finalizer
    if only_alive_states and last_tx.result in {"REVERT", "THROW", "TXERROR"}:
AttributeError: 'NoneType' object has no attribute 'result'
2023-07-03 16:12:00,240: [786] m.c.manticore:INFO: Results in /mcore_3e11ot0h
2023-07-03 16:12:00,240: [786] m.c.manticore:WARNING: Manticore failed to run
