2023-07-03 16:16:17,557: [11] m.main:INFO: Registered plugins: IntrospectionAPIPlugin, <class 'manticore.ethereum.plugins.SkipRevertBasicBlocks'>, <class 'manticore.ethereum.plugins.FilterFunctions'>
2023-07-03 16:16:17,557: [11] m.main:INFO: Beginning analysis
2023-07-03 16:16:17,559: [11] m.e.manticore:INFO: Starting symbolic create contract
2023-07-03 16:16:17,594: [11] m.e.manticore:INFO: Failed to build contract /sb/Governor_4.sol:172:5: Errors : Invalid solc compilation sb/Governor_4.sol:172:5: Error: Expected ';' but got '}'
    }
    ^

. Solidity failed to generate bytecode for your contract. Check if all the abstract functions are implemented. 
Process Process-1:
Traceback (most recent call last):
  File "/usr/lib/python3.7/multiprocessing/process.py", line 297, in _bootstrap
    self.run()
  File "/usr/lib/python3.7/multiprocessing/process.py", line 99, in run
    self._target(*self._args, **self._kwargs)
  File "/usr/local/lib/python3.7/dist-packages/manticore/ethereum/manticore.py", line 1766, in worker_finalize
    finalizer(q.get_nowait())
  File "/usr/local/lib/python3.7/dist-packages/manticore/ethereum/manticore.py", line 1757, in finalizer
    if only_alive_states and last_tx.result in {"REVERT", "THROW", "TXERROR"}:
AttributeError: 'NoneType' object has no attribute 'result'
2023-07-03 16:16:17,675: [11] m.c.manticore:INFO: Results in /mcore_l0x015tq
2023-07-03 16:16:17,675: [11] m.c.manticore:WARNING: Manticore failed to run
2023-07-03 16:16:18,407: [36] m.main:INFO: Registered plugins: IntrospectionAPIPlugin, <class 'manticore.ethereum.plugins.SkipRevertBasicBlocks'>, <class 'manticore.ethereum.plugins.FilterFunctions'>
2023-07-03 16:16:18,407: [36] m.main:INFO: Beginning analysis
2023-07-03 16:16:18,410: [36] m.e.manticore:INFO: Starting symbolic create contract
2023-07-03 16:16:18,443: [36] m.e.manticore:INFO: Failed to build contract ParserError: Errors : Invalid solc compilation sb/Governor_4.sol:172:5: Error: Expected ';' but got '}'
    }
    ^

. Solidity failed to generate bytecode for your contract. Check if all the abstract functions are implemented. 
Process Process-1:
Traceback (most recent call last):
  File "/usr/lib/python3.7/multiprocessing/process.py", line 297, in _bootstrap
    self.run()
  File "/usr/lib/python3.7/multiprocessing/process.py", line 99, in run
    self._target(*self._args, **self._kwargs)
  File "/usr/local/lib/python3.7/dist-packages/manticore/ethereum/manticore.py", line 1766, in worker_finalize
    finalizer(q.get_nowait())
  File "/usr/local/lib/python3.7/dist-packages/manticore/ethereum/manticore.py", line 1757, in finalizer
    if only_alive_states and last_tx.result in {"REVERT", "THROW", "TXERROR"}:
AttributeError: 'NoneType' object has no attribute 'result'
2023-07-03 16:16:18,509: [36] m.c.manticore:INFO: Results in /mcore_r9qsp9l3
2023-07-03 16:16:18,510: [36] m.c.manticore:WARNING: Manticore failed to run
2023-07-03 16:16:19,224: [61] m.main:INFO: Registered plugins: IntrospectionAPIPlugin, <class 'manticore.ethereum.plugins.SkipRevertBasicBlocks'>, <class 'manticore.ethereum.plugins.FilterFunctions'>
2023-07-03 16:16:19,224: [61] m.main:INFO: Beginning analysis
2023-07-03 16:16:19,227: [61] m.e.manticore:INFO: Starting symbolic create contract
2023-07-03 16:16:19,260: [61] m.e.manticore:INFO: Failed to build contract Expected Errors : Invalid solc compilation sb/Governor_4.sol:172:5: Error: Expected ';' but got '}'
    }
    ^

. Solidity failed to generate bytecode for your contract. Check if all the abstract functions are implemented. 
Process Process-1:
Traceback (most recent call last):
  File "/usr/lib/python3.7/multiprocessing/process.py", line 297, in _bootstrap
    self.run()
  File "/usr/lib/python3.7/multiprocessing/process.py", line 99, in run
    self._target(*self._args, **self._kwargs)
  File "/usr/local/lib/python3.7/dist-packages/manticore/ethereum/manticore.py", line 1766, in worker_finalize
    finalizer(q.get_nowait())
  File "/usr/local/lib/python3.7/dist-packages/manticore/ethereum/manticore.py", line 1757, in finalizer
    if only_alive_states and last_tx.result in {"REVERT", "THROW", "TXERROR"}:
AttributeError: 'NoneType' object has no attribute 'result'
2023-07-03 16:16:19,387: [61] m.c.manticore:INFO: Results in /mcore_r1sqy0pk
2023-07-03 16:16:19,387: [61] m.c.manticore:WARNING: Manticore failed to run
2023-07-03 16:16:20,162: [86] m.main:INFO: Registered plugins: IntrospectionAPIPlugin, <class 'manticore.ethereum.plugins.SkipRevertBasicBlocks'>, <class 'manticore.ethereum.plugins.FilterFunctions'>
2023-07-03 16:16:20,162: [86] m.main:INFO: Beginning analysis
2023-07-03 16:16:20,165: [86] m.e.manticore:INFO: Starting symbolic create contract
2023-07-03 16:16:20,205: [86] m.e.manticore:INFO: Failed to build contract ';' Errors : Invalid solc compilation sb/Governor_4.sol:172:5: Error: Expected ';' but got '}'
    }
    ^

. Solidity failed to generate bytecode for your contract. Check if all the abstract functions are implemented. 
Process Process-1:
Traceback (most recent call last):
  File "/usr/lib/python3.7/multiprocessing/process.py", line 297, in _bootstrap
    self.run()
  File "/usr/lib/python3.7/multiprocessing/process.py", line 99, in run
    self._target(*self._args, **self._kwargs)
  File "/usr/local/lib/python3.7/dist-packages/manticore/ethereum/manticore.py", line 1766, in worker_finalize
    finalizer(q.get_nowait())
  File "/usr/local/lib/python3.7/dist-packages/manticore/ethereum/manticore.py", line 1757, in finalizer
    if only_alive_states and last_tx.result in {"REVERT", "THROW", "TXERROR"}:
AttributeError: 'NoneType' object has no attribute 'result'
2023-07-03 16:16:20,278: [86] m.c.manticore:INFO: Results in /mcore_4ciuiyg_
2023-07-03 16:16:20,279: [86] m.c.manticore:WARNING: Manticore failed to run
2023-07-03 16:16:21,016: [111] m.main:INFO: Registered plugins: IntrospectionAPIPlugin, <class 'manticore.ethereum.plugins.SkipRevertBasicBlocks'>, <class 'manticore.ethereum.plugins.FilterFunctions'>
2023-07-03 16:16:21,017: [111] m.main:INFO: Beginning analysis
2023-07-03 16:16:21,019: [111] m.e.manticore:INFO: Starting symbolic create contract
2023-07-03 16:16:21,041: [111] m.e.manticore:INFO: Failed to build contract but Errors : Invalid solc compilation sb/Governor_4.sol:172:5: Error: Expected ';' but got '}'
    }
    ^

. Solidity failed to generate bytecode for your contract. Check if all the abstract functions are implemented. 
Process Process-1:
Traceback (most recent call last):
  File "/usr/lib/python3.7/multiprocessing/process.py", line 297, in _bootstrap
    self.run()
  File "/usr/lib/python3.7/multiprocessing/process.py", line 99, in run
    self._target(*self._args, **self._kwargs)
  File "/usr/local/lib/python3.7/dist-packages/manticore/ethereum/manticore.py", line 1766, in worker_finalize
    finalizer(q.get_nowait())
  File "/usr/local/lib/python3.7/dist-packages/manticore/ethereum/manticore.py", line 1757, in finalizer
    if only_alive_states and last_tx.result in {"REVERT", "THROW", "TXERROR"}:
AttributeError: 'NoneType' object has no attribute 'result'
2023-07-03 16:16:21,118: [111] m.c.manticore:INFO: Results in /mcore_r0bpt5t9
2023-07-03 16:16:21,119: [111] m.c.manticore:WARNING: Manticore failed to run
2023-07-03 16:16:21,895: [136] m.main:INFO: Registered plugins: IntrospectionAPIPlugin, <class 'manticore.ethereum.plugins.SkipRevertBasicBlocks'>, <class 'manticore.ethereum.plugins.FilterFunctions'>
2023-07-03 16:16:21,895: [136] m.main:INFO: Beginning analysis
2023-07-03 16:16:21,899: [136] m.e.manticore:INFO: Starting symbolic create contract
2023-07-03 16:16:21,941: [136] m.e.manticore:INFO: Failed to build contract got Errors : Invalid solc compilation sb/Governor_4.sol:172:5: Error: Expected ';' but got '}'
    }
    ^

. Solidity failed to generate bytecode for your contract. Check if all the abstract functions are implemented. 
Process Process-2:
Traceback (most recent call last):
  File "/usr/lib/python3.7/multiprocessing/process.py", line 297, in _bootstrap
    self.run()
  File "/usr/lib/python3.7/multiprocessing/process.py", line 99, in run
    self._target(*self._args, **self._kwargs)
  File "/usr/local/lib/python3.7/dist-packages/manticore/ethereum/manticore.py", line 1766, in worker_finalize
    finalizer(q.get_nowait())
  File "/usr/local/lib/python3.7/dist-packages/manticore/ethereum/manticore.py", line 1757, in finalizer
    if only_alive_states and last_tx.result in {"REVERT", "THROW", "TXERROR"}:
AttributeError: 'NoneType' object has no attribute 'result'
2023-07-03 16:16:22,017: [136] m.c.manticore:INFO: Results in /mcore_8nytryp4
2023-07-03 16:16:22,017: [136] m.c.manticore:WARNING: Manticore failed to run
2023-07-03 16:16:22,653: [161] m.main:INFO: Registered plugins: IntrospectionAPIPlugin, <class 'manticore.ethereum.plugins.SkipRevertBasicBlocks'>, <class 'manticore.ethereum.plugins.FilterFunctions'>
2023-07-03 16:16:22,653: [161] m.main:INFO: Beginning analysis
2023-07-03 16:16:22,655: [161] m.e.manticore:INFO: Starting symbolic create contract
2023-07-03 16:16:22,694: [161] m.e.manticore:INFO: Failed to build contract '}' Errors : Invalid solc compilation sb/Governor_4.sol:172:5: Error: Expected ';' but got '}'
    }
    ^

. Solidity failed to generate bytecode for your contract. Check if all the abstract functions are implemented. 
Process Process-1:
Traceback (most recent call last):
  File "/usr/lib/python3.7/multiprocessing/process.py", line 297, in _bootstrap
    self.run()
  File "/usr/lib/python3.7/multiprocessing/process.py", line 99, in run
    self._target(*self._args, **self._kwargs)
  File "/usr/local/lib/python3.7/dist-packages/manticore/ethereum/manticore.py", line 1766, in worker_finalize
    finalizer(q.get_nowait())
  File "/usr/local/lib/python3.7/dist-packages/manticore/ethereum/manticore.py", line 1757, in finalizer
    if only_alive_states and last_tx.result in {"REVERT", "THROW", "TXERROR"}:
AttributeError: 'NoneType' object has no attribute 'result'
2023-07-03 16:16:22,761: [161] m.c.manticore:INFO: Results in /mcore_go9znota
2023-07-03 16:16:22,761: [161] m.c.manticore:WARNING: Manticore failed to run
2023-07-03 16:16:23,530: [186] m.main:INFO: Registered plugins: IntrospectionAPIPlugin, <class 'manticore.ethereum.plugins.SkipRevertBasicBlocks'>, <class 'manticore.ethereum.plugins.FilterFunctions'>
2023-07-03 16:16:23,530: [186] m.main:INFO: Beginning analysis
2023-07-03 16:16:23,533: [186] m.e.manticore:INFO: Starting symbolic create contract
2023-07-03 16:16:23,575: [186] m.e.manticore:INFO: Failed to build contract } Errors : Invalid solc compilation sb/Governor_4.sol:172:5: Error: Expected ';' but got '}'
    }
    ^

. Solidity failed to generate bytecode for your contract. Check if all the abstract functions are implemented. 
Process Process-1:
Traceback (most recent call last):
  File "/usr/lib/python3.7/multiprocessing/process.py", line 297, in _bootstrap
    self.run()
  File "/usr/lib/python3.7/multiprocessing/process.py", line 99, in run
    self._target(*self._args, **self._kwargs)
  File "/usr/local/lib/python3.7/dist-packages/manticore/ethereum/manticore.py", line 1766, in worker_finalize
    finalizer(q.get_nowait())
  File "/usr/local/lib/python3.7/dist-packages/manticore/ethereum/manticore.py", line 1757, in finalizer
    if only_alive_states and last_tx.result in {"REVERT", "THROW", "TXERROR"}:
AttributeError: 'NoneType' object has no attribute 'result'
2023-07-03 16:16:23,653: [186] m.c.manticore:INFO: Results in /mcore_dht8x5cf
2023-07-03 16:16:23,654: [186] m.c.manticore:WARNING: Manticore failed to run
2023-07-03 16:16:24,580: [211] m.main:INFO: Registered plugins: IntrospectionAPIPlugin, <class 'manticore.ethereum.plugins.SkipRevertBasicBlocks'>, <class 'manticore.ethereum.plugins.FilterFunctions'>
2023-07-03 16:16:24,580: [211] m.main:INFO: Beginning analysis
2023-07-03 16:16:24,583: [211] m.e.manticore:INFO: Starting symbolic create contract
2023-07-03 16:16:24,613: [211] m.e.manticore:INFO: Failed to build contract ^ Errors : Invalid solc compilation sb/Governor_4.sol:172:5: Error: Expected ';' but got '}'
    }
    ^

. Solidity failed to generate bytecode for your contract. Check if all the abstract functions are implemented. 
Process Process-1:
Traceback (most recent call last):
  File "/usr/lib/python3.7/multiprocessing/process.py", line 297, in _bootstrap
    self.run()
  File "/usr/lib/python3.7/multiprocessing/process.py", line 99, in run
    self._target(*self._args, **self._kwargs)
  File "/usr/local/lib/python3.7/dist-packages/manticore/ethereum/manticore.py", line 1766, in worker_finalize
    finalizer(q.get_nowait())
  File "/usr/local/lib/python3.7/dist-packages/manticore/ethereum/manticore.py", line 1757, in finalizer
    if only_alive_states and last_tx.result in {"REVERT", "THROW", "TXERROR"}:
AttributeError: 'NoneType' object has no attribute 'result'
2023-07-03 16:16:24,693: [211] m.c.manticore:INFO: Results in /mcore_4jtk9rkv
2023-07-03 16:16:24,693: [211] m.c.manticore:WARNING: Manticore failed to run
