2023-07-03 16:43:35,747: [11] m.main:INFO: Registered plugins: IntrospectionAPIPlugin, <class 'manticore.ethereum.plugins.SkipRevertBasicBlocks'>, <class 'manticore.ethereum.plugins.FilterFunctions'>
2023-07-03 16:43:35,747: [11] m.main:INFO: Beginning analysis
2023-07-03 16:43:35,751: [11] m.e.manticore:INFO: Starting symbolic create contract
2023-07-03 16:43:35,783: [11] m.e.manticore:INFO: Failed to build contract ParserError: Errors : Invalid solc compilation Error: Expected identifier but got '}'
    --> sb/xMPH_6.sol:2269:1:
     |
2269 | } from "@openzeppelin/contracts-upgradeable/token/ERC20/ERC20Upgradeable.sol";
     | ^


. Solidity failed to generate bytecode for your contract. Check if all the abstract functions are implemented. 
Process Process-1:
Traceback (most recent call last):
  File "/usr/lib/python3.7/multiprocessing/process.py", line 297, in _bootstrap
    self.run()
  File "/usr/lib/python3.7/multiprocessing/process.py", line 99, in run
    self._target(*self._args, **self._kwargs)
  File "/usr/local/lib/python3.7/dist-packages/manticore/ethereum/manticore.py", line 1766, in worker_finalize
    finalizer(q.get_nowait())
  File "/usr/local/lib/python3.7/dist-packages/manticore/ethereum/manticore.py", line 1757, in finalizer
    if only_alive_states and last_tx.result in {"REVERT", "THROW", "TXERROR"}:
AttributeError: 'NoneType' object has no attribute 'result'
2023-07-03 16:43:35,860: [11] m.c.manticore:INFO: Results in /mcore_ouwj49xs
2023-07-03 16:43:35,860: [11] m.c.manticore:WARNING: Manticore failed to run
2023-07-03 16:43:36,520: [36] m.main:INFO: Registered plugins: IntrospectionAPIPlugin, <class 'manticore.ethereum.plugins.SkipRevertBasicBlocks'>, <class 'manticore.ethereum.plugins.FilterFunctions'>
2023-07-03 16:43:36,521: [36] m.main:INFO: Beginning analysis
2023-07-03 16:43:36,524: [36] m.e.manticore:INFO: Starting symbolic create contract
2023-07-03 16:43:36,555: [36] m.e.manticore:INFO: Failed to build contract Expected Errors : Invalid solc compilation Error: Expected identifier but got '}'
    --> sb/xMPH_6.sol:2269:1:
     |
2269 | } from "@openzeppelin/contracts-upgradeable/token/ERC20/ERC20Upgradeable.sol";
     | ^


. Solidity failed to generate bytecode for your contract. Check if all the abstract functions are implemented. 
Process Process-1:
Traceback (most recent call last):
  File "/usr/lib/python3.7/multiprocessing/process.py", line 297, in _bootstrap
    self.run()
  File "/usr/lib/python3.7/multiprocessing/process.py", line 99, in run
    self._target(*self._args, **self._kwargs)
  File "/usr/local/lib/python3.7/dist-packages/manticore/ethereum/manticore.py", line 1766, in worker_finalize
    finalizer(q.get_nowait())
  File "/usr/local/lib/python3.7/dist-packages/manticore/ethereum/manticore.py", line 1757, in finalizer
    if only_alive_states and last_tx.result in {"REVERT", "THROW", "TXERROR"}:
AttributeError: 'NoneType' object has no attribute 'result'
2023-07-03 16:43:36,643: [36] m.c.manticore:INFO: Results in /mcore_hv9mzgrv
2023-07-03 16:43:36,643: [36] m.c.manticore:WARNING: Manticore failed to run
2023-07-03 16:43:37,365: [61] m.main:INFO: Registered plugins: IntrospectionAPIPlugin, <class 'manticore.ethereum.plugins.SkipRevertBasicBlocks'>, <class 'manticore.ethereum.plugins.FilterFunctions'>
2023-07-03 16:43:37,365: [61] m.main:INFO: Beginning analysis
2023-07-03 16:43:37,369: [61] m.e.manticore:INFO: Starting symbolic create contract
2023-07-03 16:43:37,398: [61] m.e.manticore:INFO: Failed to build contract identifier Errors : Invalid solc compilation Error: Expected identifier but got '}'
    --> sb/xMPH_6.sol:2269:1:
     |
2269 | } from "@openzeppelin/contracts-upgradeable/token/ERC20/ERC20Upgradeable.sol";
     | ^


. Solidity failed to generate bytecode for your contract. Check if all the abstract functions are implemented. 
Process Process-1:
Traceback (most recent call last):
  File "/usr/lib/python3.7/multiprocessing/process.py", line 297, in _bootstrap
    self.run()
  File "/usr/lib/python3.7/multiprocessing/process.py", line 99, in run
    self._target(*self._args, **self._kwargs)
  File "/usr/local/lib/python3.7/dist-packages/manticore/ethereum/manticore.py", line 1766, in worker_finalize
    finalizer(q.get_nowait())
  File "/usr/local/lib/python3.7/dist-packages/manticore/ethereum/manticore.py", line 1757, in finalizer
    if only_alive_states and last_tx.result in {"REVERT", "THROW", "TXERROR"}:
AttributeError: 'NoneType' object has no attribute 'result'
2023-07-03 16:43:37,476: [61] m.c.manticore:INFO: Results in /mcore_678hmisl
2023-07-03 16:43:37,477: [61] m.c.manticore:WARNING: Manticore failed to run
2023-07-03 16:43:38,084: [86] m.main:INFO: Registered plugins: IntrospectionAPIPlugin, <class 'manticore.ethereum.plugins.SkipRevertBasicBlocks'>, <class 'manticore.ethereum.plugins.FilterFunctions'>
2023-07-03 16:43:38,084: [86] m.main:INFO: Beginning analysis
2023-07-03 16:43:38,087: [86] m.e.manticore:INFO: Starting symbolic create contract
2023-07-03 16:43:38,112: [86] m.e.manticore:INFO: Failed to build contract but Errors : Invalid solc compilation Error: Expected identifier but got '}'
    --> sb/xMPH_6.sol:2269:1:
     |
2269 | } from "@openzeppelin/contracts-upgradeable/token/ERC20/ERC20Upgradeable.sol";
     | ^


. Solidity failed to generate bytecode for your contract. Check if all the abstract functions are implemented. 
Process Process-2:
Traceback (most recent call last):
  File "/usr/lib/python3.7/multiprocessing/process.py", line 297, in _bootstrap
    self.run()
  File "/usr/lib/python3.7/multiprocessing/process.py", line 99, in run
    self._target(*self._args, **self._kwargs)
  File "/usr/local/lib/python3.7/dist-packages/manticore/ethereum/manticore.py", line 1766, in worker_finalize
    finalizer(q.get_nowait())
  File "/usr/local/lib/python3.7/dist-packages/manticore/ethereum/manticore.py", line 1757, in finalizer
    if only_alive_states and last_tx.result in {"REVERT", "THROW", "TXERROR"}:
AttributeError: 'NoneType' object has no attribute 'result'
2023-07-03 16:43:38,180: [86] m.c.manticore:INFO: Results in /mcore_5u65ysnp
2023-07-03 16:43:38,180: [86] m.c.manticore:WARNING: Manticore failed to run
2023-07-03 16:43:38,900: [111] m.main:INFO: Registered plugins: IntrospectionAPIPlugin, <class 'manticore.ethereum.plugins.SkipRevertBasicBlocks'>, <class 'manticore.ethereum.plugins.FilterFunctions'>
2023-07-03 16:43:38,901: [111] m.main:INFO: Beginning analysis
2023-07-03 16:43:38,906: [111] m.e.manticore:INFO: Starting symbolic create contract
2023-07-03 16:43:38,931: [111] m.e.manticore:INFO: Failed to build contract got Errors : Invalid solc compilation Error: Expected identifier but got '}'
    --> sb/xMPH_6.sol:2269:1:
     |
2269 | } from "@openzeppelin/contracts-upgradeable/token/ERC20/ERC20Upgradeable.sol";
     | ^


. Solidity failed to generate bytecode for your contract. Check if all the abstract functions are implemented. 
Process Process-1:
Traceback (most recent call last):
  File "/usr/lib/python3.7/multiprocessing/process.py", line 297, in _bootstrap
    self.run()
  File "/usr/lib/python3.7/multiprocessing/process.py", line 99, in run
    self._target(*self._args, **self._kwargs)
  File "/usr/local/lib/python3.7/dist-packages/manticore/ethereum/manticore.py", line 1766, in worker_finalize
    finalizer(q.get_nowait())
  File "/usr/local/lib/python3.7/dist-packages/manticore/ethereum/manticore.py", line 1757, in finalizer
    if only_alive_states and last_tx.result in {"REVERT", "THROW", "TXERROR"}:
AttributeError: 'NoneType' object has no attribute 'result'
2023-07-03 16:43:39,013: [111] m.c.manticore:INFO: Results in /mcore_sf00am_m
2023-07-03 16:43:39,013: [111] m.c.manticore:WARNING: Manticore failed to run
2023-07-03 16:43:39,859: [136] m.main:INFO: Registered plugins: IntrospectionAPIPlugin, <class 'manticore.ethereum.plugins.SkipRevertBasicBlocks'>, <class 'manticore.ethereum.plugins.FilterFunctions'>
2023-07-03 16:43:39,859: [136] m.main:INFO: Beginning analysis
2023-07-03 16:43:39,863: [136] m.e.manticore:INFO: Starting symbolic create contract
2023-07-03 16:43:39,887: [136] m.e.manticore:INFO: Failed to build contract '}' Errors : Invalid solc compilation Error: Expected identifier but got '}'
    --> sb/xMPH_6.sol:2269:1:
     |
2269 | } from "@openzeppelin/contracts-upgradeable/token/ERC20/ERC20Upgradeable.sol";
     | ^


. Solidity failed to generate bytecode for your contract. Check if all the abstract functions are implemented. 
Process Process-1:
Traceback (most recent call last):
  File "/usr/lib/python3.7/multiprocessing/process.py", line 297, in _bootstrap
    self.run()
  File "/usr/lib/python3.7/multiprocessing/process.py", line 99, in run
    self._target(*self._args, **self._kwargs)
  File "/usr/local/lib/python3.7/dist-packages/manticore/ethereum/manticore.py", line 1766, in worker_finalize
    finalizer(q.get_nowait())
  File "/usr/local/lib/python3.7/dist-packages/manticore/ethereum/manticore.py", line 1757, in finalizer
    if only_alive_states and last_tx.result in {"REVERT", "THROW", "TXERROR"}:
AttributeError: 'NoneType' object has no attribute 'result'
2023-07-03 16:43:39,976: [136] m.c.manticore:INFO: Results in /mcore_qb7vsifc
2023-07-03 16:43:39,976: [136] m.c.manticore:WARNING: Manticore failed to run
usage: manticore [-h] [--compile-force-framework COMPILE_FORCE_FRAMEWORK]
                 [--compile-remove-metadata]
                 [--compile-custom-build COMPILE_CUSTOM_BUILD]
                 [--ignore-compile] [--solc SOLC] [--solc-remaps SOLC_REMAPS]
                 [--solc-args SOLC_ARGS] [--solc-disable-warnings]
                 [--solc-working-dir SOLC_WORKING_DIR]
                 [--solc-solcs-select SOLC_SOLCS_SELECT]
                 [--solc-solcs-bin SOLC_SOLCS_BIN] [--solc-standard-json]
                 [--solc-force-legacy-json] [--truffle-ignore-compile]
                 [--truffle-build-directory TRUFFLE_BUILD_DIRECTORY]
                 [--truffle-version TRUFFLE_VERSION]
                 [--truffle-overwrite-config]
                 [--truffle-overwrite-version TRUFFLE_OVERWRITE_VERSION]
                 [--embark-ignore-compile] [--embark-overwrite-config]
                 [--dapp-ignore-compile] [--etherlime-ignore-compile]
                 [--etherlime-compile-arguments]
                 [--etherscan-only-source-code] [--etherscan-only-bytecode]
                 [--etherscan-apikey ETHERSCAN_API_KEY]
                 [--arbiscan-apikey ARBISCAN_API_KEY]
                 [--polygonscan-apikey POLYGONSCAN_API_KEY]
                 [--avax-apikey AVAX_API_KEY]
                 [--ftmscan-apikey FTMSCAN_API_KEY]
                 [--bscan-apikey BSCAN_API_KEY]
                 [--etherscan-export-directory ETHERSCAN_EXPORT_DIR]
                 [--waffle-ignore-compile]
                 [--waffle-config-file WAFFLE_CONFIG_FILE] [--npx-disable]
                 [--buidler-ignore-compile]
                 [--buidler-cache-directory BUIDLER_CACHE_DIRECTORY]
                 [--buidler-skip-directory-name-fix]
                 [--hardhat-ignore-compile]
                 [--hardhat-cache-directory HARDHAT_CACHE_DIRECTORY]
                 [--hardhat-artifacts-directory HARDHAT_ARTIFACTS_DIRECTORY]
                 [--coverage COVERAGE] [--no-colors] [--policy POLICY] [-v]
                 [--workspace WORKSPACE] [--version] [--config CONFIG]
                 [--entrysymbol ENTRYSYMBOL] [--data DATA] [--file FILES]
                 [--env ENV] [--pure-symbolic] [--verbose-trace]
                 [--txlimit TXLIMIT] [--txnocoverage] [--txnoether]
                 [--txaccount TXACCOUNT] [--txpreconstrain]
                 [--contract CONTRACT] [--list-detectors]
                 [--exclude DETECTORS_TO_EXCLUDE] [--exclude-all]
                 [--avoid-constant] [--limit-loops] [--no-testcases]
                 [--only-alive-testcases] [--thorough-mode]
                 [--core.compress_states CORE.COMPRESS_STATES]
                 [--core.execs_per_intermittent_cb CORE.EXECS_PER_INTERMITTENT_CB]
                 [--core.HOST CORE.HOST] [--core.PORT CORE.PORT]
                 [--core.fast_fail CORE.FAST_FAIL]
                 [--core.timeout CORE.TIMEOUT] [--core.cluster CORE.CLUSTER]
                 [--core.procs CORE.PROCS]
                 [--core.mprocessing CORE.MPROCESSING] [--core.seed CORE.SEED]
                 [--smt.timeout SMT.TIMEOUT] [--smt.memory SMT.MEMORY]
                 [--smt.maxsolutions SMT.MAXSOLUTIONS]
                 [--smt.z3_bin SMT.Z3_BIN] [--smt.cvc4_bin SMT.CVC4_BIN]
                 [--smt.yices_bin SMT.YICES_BIN]
                 [--smt.boolector_bin SMT.BOOLECTOR_BIN]
                 [--smt.defaultunsat SMT.DEFAULTUNSAT]
                 [--smt.optimize SMT.OPTIMIZE] [--smt.solver SMT.SOLVER]
                 [--workspace.prefix WORKSPACE.PREFIX]
                 [--workspace.dir WORKSPACE.DIR] [--evm.oog EVM.OOG]
                 [--evm.txfail EVM.TXFAIL]
                 [--evm.calldata_max_offset EVM.CALLDATA_MAX_OFFSET]
                 [--evm.calldata_max_size EVM.CALLDATA_MAX_SIZE]
                 [--evm.ignore_balance EVM.IGNORE_BALANCE]
                 [--evm.defaultgas EVM.DEFAULTGAS] [--evm.sha3 EVM.SHA3]
                 [--evm.sha3timeout EVM.SHA3TIMEOUT] [--evm.events EVM.EVENTS]
                 [--cli.profile CLI.PROFILE]
                 [--cli.explore_balance CLI.EXPLORE_BALANCE]
                 [--cli.skip_reverts CLI.SKIP_REVERTS]
                 [--cli.target_func CLI.TARGET_FUNC]
                 [--wasm.decode_names WASM.DECODE_NAMES]
                 [--main.recursionlimit MAIN.RECURSIONLIMIT]
                 [--native.fast_crash NATIVE.FAST_CRASH]
                 [--native.stdin_size NATIVE.STDIN_SIZE]
                 [argv [argv ...]]
manticore: error: argument --contract: expected one argument
mv: cannot stat '/mcore_*': No such file or directory
2023-07-03 16:43:41,318: [165] m.main:INFO: Registered plugins: IntrospectionAPIPlugin, <class 'manticore.ethereum.plugins.SkipRevertBasicBlocks'>, <class 'manticore.ethereum.plugins.FilterFunctions'>
2023-07-03 16:43:41,318: [165] m.main:INFO: Beginning analysis
2023-07-03 16:43:41,321: [165] m.e.manticore:INFO: Starting symbolic create contract
2023-07-03 16:43:41,353: [165] m.e.manticore:INFO: Failed to build contract /sb/xMPH_6.sol:2269:1: Errors : Invalid solc compilation Error: Expected identifier but got '}'
    --> sb/xMPH_6.sol:2269:1:
     |
2269 | } from "@openzeppelin/contracts-upgradeable/token/ERC20/ERC20Upgradeable.sol";
     | ^


. Solidity failed to generate bytecode for your contract. Check if all the abstract functions are implemented. 
Process Process-1:
Traceback (most recent call last):
  File "/usr/lib/python3.7/multiprocessing/process.py", line 297, in _bootstrap
    self.run()
  File "/usr/lib/python3.7/multiprocessing/process.py", line 99, in run
    self._target(*self._args, **self._kwargs)
  File "/usr/local/lib/python3.7/dist-packages/manticore/ethereum/manticore.py", line 1766, in worker_finalize
    finalizer(q.get_nowait())
  File "/usr/local/lib/python3.7/dist-packages/manticore/ethereum/manticore.py", line 1757, in finalizer
    if only_alive_states and last_tx.result in {"REVERT", "THROW", "TXERROR"}:
AttributeError: 'NoneType' object has no attribute 'result'
2023-07-03 16:43:41,428: [165] m.c.manticore:INFO: Results in /mcore_0ylnqpbk
2023-07-03 16:43:41,429: [165] m.c.manticore:WARNING: Manticore failed to run
2023-07-03 16:43:42,169: [190] m.main:INFO: Registered plugins: IntrospectionAPIPlugin, <class 'manticore.ethereum.plugins.SkipRevertBasicBlocks'>, <class 'manticore.ethereum.plugins.FilterFunctions'>
2023-07-03 16:43:42,170: [190] m.main:INFO: Beginning analysis
2023-07-03 16:43:42,171: [190] m.e.manticore:INFO: Starting symbolic create contract
2023-07-03 16:43:42,203: [190] m.e.manticore:INFO: Failed to build contract | Errors : Invalid solc compilation Error: Expected identifier but got '}'
    --> sb/xMPH_6.sol:2269:1:
     |
2269 | } from "@openzeppelin/contracts-upgradeable/token/ERC20/ERC20Upgradeable.sol";
     | ^


. Solidity failed to generate bytecode for your contract. Check if all the abstract functions are implemented. 
Process Process-1:
Traceback (most recent call last):
  File "/usr/lib/python3.7/multiprocessing/process.py", line 297, in _bootstrap
    self.run()
  File "/usr/lib/python3.7/multiprocessing/process.py", line 99, in run
    self._target(*self._args, **self._kwargs)
  File "/usr/local/lib/python3.7/dist-packages/manticore/ethereum/manticore.py", line 1766, in worker_finalize
    finalizer(q.get_nowait())
  File "/usr/local/lib/python3.7/dist-packages/manticore/ethereum/manticore.py", line 1757, in finalizer
    if only_alive_states and last_tx.result in {"REVERT", "THROW", "TXERROR"}:
AttributeError: 'NoneType' object has no attribute 'result'
2023-07-03 16:43:42,279: [190] m.c.manticore:INFO: Results in /mcore_wc13rtoj
2023-07-03 16:43:42,279: [190] m.c.manticore:WARNING: Manticore failed to run
2023-07-03 16:43:43,002: [215] m.main:INFO: Registered plugins: IntrospectionAPIPlugin, <class 'manticore.ethereum.plugins.SkipRevertBasicBlocks'>, <class 'manticore.ethereum.plugins.FilterFunctions'>
2023-07-03 16:43:43,002: [215] m.main:INFO: Beginning analysis
2023-07-03 16:43:43,005: [215] m.e.manticore:INFO: Starting symbolic create contract
2023-07-03 16:43:43,043: [215] m.e.manticore:INFO: Failed to build contract 2269 Errors : Invalid solc compilation Error: Expected identifier but got '}'
    --> sb/xMPH_6.sol:2269:1:
     |
2269 | } from "@openzeppelin/contracts-upgradeable/token/ERC20/ERC20Upgradeable.sol";
     | ^


. Solidity failed to generate bytecode for your contract. Check if all the abstract functions are implemented. 
Process Process-1:
Traceback (most recent call last):
  File "/usr/lib/python3.7/multiprocessing/process.py", line 297, in _bootstrap
    self.run()
  File "/usr/lib/python3.7/multiprocessing/process.py", line 99, in run
    self._target(*self._args, **self._kwargs)
  File "/usr/local/lib/python3.7/dist-packages/manticore/ethereum/manticore.py", line 1766, in worker_finalize
    finalizer(q.get_nowait())
  File "/usr/local/lib/python3.7/dist-packages/manticore/ethereum/manticore.py", line 1757, in finalizer
    if only_alive_states and last_tx.result in {"REVERT", "THROW", "TXERROR"}:
AttributeError: 'NoneType' object has no attribute 'result'
2023-07-03 16:43:43,127: [215] m.c.manticore:INFO: Results in /mcore_7keu7t7w
2023-07-03 16:43:43,128: [215] m.c.manticore:WARNING: Manticore failed to run
2023-07-03 16:43:43,789: [240] m.main:INFO: Registered plugins: IntrospectionAPIPlugin, <class 'manticore.ethereum.plugins.SkipRevertBasicBlocks'>, <class 'manticore.ethereum.plugins.FilterFunctions'>
2023-07-03 16:43:43,789: [240] m.main:INFO: Beginning analysis
2023-07-03 16:43:43,792: [240] m.e.manticore:INFO: Starting symbolic create contract
2023-07-03 16:43:43,832: [240] m.e.manticore:INFO: Failed to build contract | Errors : Invalid solc compilation Error: Expected identifier but got '}'
    --> sb/xMPH_6.sol:2269:1:
     |
2269 | } from "@openzeppelin/contracts-upgradeable/token/ERC20/ERC20Upgradeable.sol";
     | ^


. Solidity failed to generate bytecode for your contract. Check if all the abstract functions are implemented. 
Process Process-1:
Traceback (most recent call last):
  File "/usr/lib/python3.7/multiprocessing/process.py", line 297, in _bootstrap
    self.run()
  File "/usr/lib/python3.7/multiprocessing/process.py", line 99, in run
    self._target(*self._args, **self._kwargs)
  File "/usr/local/lib/python3.7/dist-packages/manticore/ethereum/manticore.py", line 1766, in worker_finalize
    finalizer(q.get_nowait())
  File "/usr/local/lib/python3.7/dist-packages/manticore/ethereum/manticore.py", line 1757, in finalizer
    if only_alive_states and last_tx.result in {"REVERT", "THROW", "TXERROR"}:
AttributeError: 'NoneType' object has no attribute 'result'
2023-07-03 16:43:43,920: [240] m.c.manticore:INFO: Results in /mcore_kj49w7yz
2023-07-03 16:43:43,920: [240] m.c.manticore:WARNING: Manticore failed to run
2023-07-03 16:43:44,627: [265] m.main:INFO: Registered plugins: IntrospectionAPIPlugin, <class 'manticore.ethereum.plugins.SkipRevertBasicBlocks'>, <class 'manticore.ethereum.plugins.FilterFunctions'>
2023-07-03 16:43:44,627: [265] m.main:INFO: Beginning analysis
2023-07-03 16:43:44,631: [265] m.e.manticore:INFO: Starting symbolic create contract
2023-07-03 16:43:44,667: [265] m.e.manticore:INFO: Failed to build contract } Errors : Invalid solc compilation Error: Expected identifier but got '}'
    --> sb/xMPH_6.sol:2269:1:
     |
2269 | } from "@openzeppelin/contracts-upgradeable/token/ERC20/ERC20Upgradeable.sol";
     | ^


. Solidity failed to generate bytecode for your contract. Check if all the abstract functions are implemented. 
Process Process-1:
Traceback (most recent call last):
  File "/usr/lib/python3.7/multiprocessing/process.py", line 297, in _bootstrap
    self.run()
  File "/usr/lib/python3.7/multiprocessing/process.py", line 99, in run
    self._target(*self._args, **self._kwargs)
  File "/usr/local/lib/python3.7/dist-packages/manticore/ethereum/manticore.py", line 1766, in worker_finalize
    finalizer(q.get_nowait())
  File "/usr/local/lib/python3.7/dist-packages/manticore/ethereum/manticore.py", line 1757, in finalizer
    if only_alive_states and last_tx.result in {"REVERT", "THROW", "TXERROR"}:
AttributeError: 'NoneType' object has no attribute 'result'
2023-07-03 16:43:44,745: [265] m.c.manticore:INFO: Results in /mcore_ka_2lgyp
2023-07-03 16:43:44,745: [265] m.c.manticore:WARNING: Manticore failed to run
2023-07-03 16:43:45,446: [290] m.main:INFO: Registered plugins: IntrospectionAPIPlugin, <class 'manticore.ethereum.plugins.SkipRevertBasicBlocks'>, <class 'manticore.ethereum.plugins.FilterFunctions'>
2023-07-03 16:43:45,447: [290] m.main:INFO: Beginning analysis
2023-07-03 16:43:45,449: [290] m.e.manticore:INFO: Starting symbolic create contract
2023-07-03 16:43:45,489: [290] m.e.manticore:INFO: Failed to build contract from Errors : Invalid solc compilation Error: Expected identifier but got '}'
    --> sb/xMPH_6.sol:2269:1:
     |
2269 | } from "@openzeppelin/contracts-upgradeable/token/ERC20/ERC20Upgradeable.sol";
     | ^


. Solidity failed to generate bytecode for your contract. Check if all the abstract functions are implemented. 
Process Process-1:
Traceback (most recent call last):
  File "/usr/lib/python3.7/multiprocessing/process.py", line 297, in _bootstrap
    self.run()
  File "/usr/lib/python3.7/multiprocessing/process.py", line 99, in run
    self._target(*self._args, **self._kwargs)
  File "/usr/local/lib/python3.7/dist-packages/manticore/ethereum/manticore.py", line 1766, in worker_finalize
    finalizer(q.get_nowait())
  File "/usr/local/lib/python3.7/dist-packages/manticore/ethereum/manticore.py", line 1757, in finalizer
    if only_alive_states and last_tx.result in {"REVERT", "THROW", "TXERROR"}:
AttributeError: 'NoneType' object has no attribute 'result'
2023-07-03 16:43:45,569: [290] m.c.manticore:INFO: Results in /mcore_qfqmk24j
2023-07-03 16:43:45,569: [290] m.c.manticore:WARNING: Manticore failed to run
2023-07-03 16:43:46,266: [315] m.main:INFO: Registered plugins: IntrospectionAPIPlugin, <class 'manticore.ethereum.plugins.SkipRevertBasicBlocks'>, <class 'manticore.ethereum.plugins.FilterFunctions'>
2023-07-03 16:43:46,267: [315] m.main:INFO: Beginning analysis
2023-07-03 16:43:46,269: [315] m.e.manticore:INFO: Starting symbolic create contract
2023-07-03 16:43:46,301: [315] m.e.manticore:INFO: Failed to build contract "@openzeppelin/contracts-upgradeable/token/ERC20/ERC20Upgradeable.sol"; Errors : Invalid solc compilation Error: Expected identifier but got '}'
    --> sb/xMPH_6.sol:2269:1:
     |
2269 | } from "@openzeppelin/contracts-upgradeable/token/ERC20/ERC20Upgradeable.sol";
     | ^


. Solidity failed to generate bytecode for your contract. Check if all the abstract functions are implemented. 
Process Process-1:
Traceback (most recent call last):
  File "/usr/lib/python3.7/multiprocessing/process.py", line 297, in _bootstrap
    self.run()
  File "/usr/lib/python3.7/multiprocessing/process.py", line 99, in run
    self._target(*self._args, **self._kwargs)
  File "/usr/local/lib/python3.7/dist-packages/manticore/ethereum/manticore.py", line 1766, in worker_finalize
    finalizer(q.get_nowait())
  File "/usr/local/lib/python3.7/dist-packages/manticore/ethereum/manticore.py", line 1757, in finalizer
    if only_alive_states and last_tx.result in {"REVERT", "THROW", "TXERROR"}:
AttributeError: 'NoneType' object has no attribute 'result'
2023-07-03 16:43:46,373: [315] m.c.manticore:INFO: Results in /mcore_f8mzqxmb
2023-07-03 16:43:46,374: [315] m.c.manticore:WARNING: Manticore failed to run
2023-07-03 16:43:47,085: [340] m.main:INFO: Registered plugins: IntrospectionAPIPlugin, <class 'manticore.ethereum.plugins.SkipRevertBasicBlocks'>, <class 'manticore.ethereum.plugins.FilterFunctions'>
2023-07-03 16:43:47,085: [340] m.main:INFO: Beginning analysis
2023-07-03 16:43:47,088: [340] m.e.manticore:INFO: Starting symbolic create contract
2023-07-03 16:43:47,107: [340] m.e.manticore:INFO: Failed to build contract | Errors : Invalid solc compilation Error: Expected identifier but got '}'
    --> sb/xMPH_6.sol:2269:1:
     |
2269 | } from "@openzeppelin/contracts-upgradeable/token/ERC20/ERC20Upgradeable.sol";
     | ^


. Solidity failed to generate bytecode for your contract. Check if all the abstract functions are implemented. 
Process Process-1:
Traceback (most recent call last):
  File "/usr/lib/python3.7/multiprocessing/process.py", line 297, in _bootstrap
    self.run()
  File "/usr/lib/python3.7/multiprocessing/process.py", line 99, in run
    self._target(*self._args, **self._kwargs)
  File "/usr/local/lib/python3.7/dist-packages/manticore/ethereum/manticore.py", line 1766, in worker_finalize
    finalizer(q.get_nowait())
  File "/usr/local/lib/python3.7/dist-packages/manticore/ethereum/manticore.py", line 1757, in finalizer
    if only_alive_states and last_tx.result in {"REVERT", "THROW", "TXERROR"}:
AttributeError: 'NoneType' object has no attribute 'result'
2023-07-03 16:43:47,180: [340] m.c.manticore:INFO: Results in /mcore_57u_japz
2023-07-03 16:43:47,180: [340] m.c.manticore:WARNING: Manticore failed to run
2023-07-03 16:43:47,807: [365] m.main:INFO: Registered plugins: IntrospectionAPIPlugin, <class 'manticore.ethereum.plugins.SkipRevertBasicBlocks'>, <class 'manticore.ethereum.plugins.FilterFunctions'>
2023-07-03 16:43:47,807: [365] m.main:INFO: Beginning analysis
2023-07-03 16:43:47,810: [365] m.e.manticore:INFO: Starting symbolic create contract
2023-07-03 16:43:47,831: [365] m.e.manticore:INFO: Failed to build contract ^ Errors : Invalid solc compilation Error: Expected identifier but got '}'
    --> sb/xMPH_6.sol:2269:1:
     |
2269 | } from "@openzeppelin/contracts-upgradeable/token/ERC20/ERC20Upgradeable.sol";
     | ^


. Solidity failed to generate bytecode for your contract. Check if all the abstract functions are implemented. 
Process Process-1:
Traceback (most recent call last):
  File "/usr/lib/python3.7/multiprocessing/process.py", line 297, in _bootstrap
    self.run()
  File "/usr/lib/python3.7/multiprocessing/process.py", line 99, in run
    self._target(*self._args, **self._kwargs)
  File "/usr/local/lib/python3.7/dist-packages/manticore/ethereum/manticore.py", line 1766, in worker_finalize
    finalizer(q.get_nowait())
  File "/usr/local/lib/python3.7/dist-packages/manticore/ethereum/manticore.py", line 1757, in finalizer
    if only_alive_states and last_tx.result in {"REVERT", "THROW", "TXERROR"}:
AttributeError: 'NoneType' object has no attribute 'result'
2023-07-03 16:43:47,900: [365] m.c.manticore:INFO: Results in /mcore_52tir9eu
2023-07-03 16:43:47,900: [365] m.c.manticore:WARNING: Manticore failed to run
