2023-07-03 16:44:10,771: [11] m.main:INFO: Registered plugins: IntrospectionAPIPlugin, <class 'manticore.ethereum.plugins.SkipRevertBasicBlocks'>, <class 'manticore.ethereum.plugins.FilterFunctions'>
2023-07-03 16:44:10,771: [11] m.main:INFO: Beginning analysis
2023-07-03 16:44:10,773: [11] m.e.manticore:INFO: Starting symbolic create contract
2023-07-03 16:44:10,795: [11] m.e.manticore:INFO: Failed to build contract /sb/MixOracle_1.sol:194:36: Errors : Invalid solc compilation sb/MixOracle_1.sol:194:36: Error: Expected ',' but got identifier
    function price(string calldata symbol) external view returns (uint256);
                                   ^----^

. Solidity failed to generate bytecode for your contract. Check if all the abstract functions are implemented. 
Process Process-1:
Traceback (most recent call last):
  File "/usr/lib/python3.7/multiprocessing/process.py", line 297, in _bootstrap
    self.run()
  File "/usr/lib/python3.7/multiprocessing/process.py", line 99, in run
    self._target(*self._args, **self._kwargs)
  File "/usr/local/lib/python3.7/dist-packages/manticore/ethereum/manticore.py", line 1766, in worker_finalize
    finalizer(q.get_nowait())
  File "/usr/local/lib/python3.7/dist-packages/manticore/ethereum/manticore.py", line 1757, in finalizer
    if only_alive_states and last_tx.result in {"REVERT", "THROW", "TXERROR"}:
AttributeError: 'NoneType' object has no attribute 'result'
2023-07-03 16:44:10,874: [11] m.c.manticore:INFO: Results in /mcore_k6pmnfwf
2023-07-03 16:44:10,875: [11] m.c.manticore:WARNING: Manticore failed to run
2023-07-03 16:44:11,600: [36] m.main:INFO: Registered plugins: IntrospectionAPIPlugin, <class 'manticore.ethereum.plugins.SkipRevertBasicBlocks'>, <class 'manticore.ethereum.plugins.FilterFunctions'>
2023-07-03 16:44:11,600: [36] m.main:INFO: Beginning analysis
2023-07-03 16:44:11,603: [36] m.e.manticore:INFO: Starting symbolic create contract
2023-07-03 16:44:11,626: [36] m.e.manticore:INFO: Failed to build contract ParserError: Errors : Invalid solc compilation sb/MixOracle_1.sol:194:36: Error: Expected ',' but got identifier
    function price(string calldata symbol) external view returns (uint256);
                                   ^----^

. Solidity failed to generate bytecode for your contract. Check if all the abstract functions are implemented. 
Process Process-1:
Traceback (most recent call last):
  File "/usr/lib/python3.7/multiprocessing/process.py", line 297, in _bootstrap
    self.run()
  File "/usr/lib/python3.7/multiprocessing/process.py", line 99, in run
    self._target(*self._args, **self._kwargs)
  File "/usr/local/lib/python3.7/dist-packages/manticore/ethereum/manticore.py", line 1766, in worker_finalize
    finalizer(q.get_nowait())
  File "/usr/local/lib/python3.7/dist-packages/manticore/ethereum/manticore.py", line 1757, in finalizer
    if only_alive_states and last_tx.result in {"REVERT", "THROW", "TXERROR"}:
AttributeError: 'NoneType' object has no attribute 'result'
2023-07-03 16:44:11,707: [36] m.c.manticore:INFO: Results in /mcore_n6_mvo8d
2023-07-03 16:44:11,707: [36] m.c.manticore:WARNING: Manticore failed to run
2023-07-03 16:44:12,369: [61] m.main:INFO: Registered plugins: IntrospectionAPIPlugin, <class 'manticore.ethereum.plugins.SkipRevertBasicBlocks'>, <class 'manticore.ethereum.plugins.FilterFunctions'>
2023-07-03 16:44:12,369: [61] m.main:INFO: Beginning analysis
2023-07-03 16:44:12,372: [61] m.e.manticore:INFO: Starting symbolic create contract
2023-07-03 16:44:12,393: [61] m.e.manticore:INFO: Failed to build contract Expected Errors : Invalid solc compilation sb/MixOracle_1.sol:194:36: Error: Expected ',' but got identifier
    function price(string calldata symbol) external view returns (uint256);
                                   ^----^

. Solidity failed to generate bytecode for your contract. Check if all the abstract functions are implemented. 
Process Process-1:
Traceback (most recent call last):
  File "/usr/lib/python3.7/multiprocessing/process.py", line 297, in _bootstrap
    self.run()
  File "/usr/lib/python3.7/multiprocessing/process.py", line 99, in run
    self._target(*self._args, **self._kwargs)
  File "/usr/local/lib/python3.7/dist-packages/manticore/ethereum/manticore.py", line 1766, in worker_finalize
    finalizer(q.get_nowait())
  File "/usr/local/lib/python3.7/dist-packages/manticore/ethereum/manticore.py", line 1757, in finalizer
    if only_alive_states and last_tx.result in {"REVERT", "THROW", "TXERROR"}:
AttributeError: 'NoneType' object has no attribute 'result'
2023-07-03 16:44:12,522: [61] m.c.manticore:INFO: Results in /mcore_4uprxe6x
2023-07-03 16:44:12,523: [61] m.c.manticore:WARNING: Manticore failed to run
2023-07-03 16:44:13,301: [86] m.main:INFO: Registered plugins: IntrospectionAPIPlugin, <class 'manticore.ethereum.plugins.SkipRevertBasicBlocks'>, <class 'manticore.ethereum.plugins.FilterFunctions'>
2023-07-03 16:44:13,301: [86] m.main:INFO: Beginning analysis
2023-07-03 16:44:13,303: [86] m.e.manticore:INFO: Starting symbolic create contract
2023-07-03 16:44:13,327: [86] m.e.manticore:INFO: Failed to build contract ',' Errors : Invalid solc compilation sb/MixOracle_1.sol:194:36: Error: Expected ',' but got identifier
    function price(string calldata symbol) external view returns (uint256);
                                   ^----^

. Solidity failed to generate bytecode for your contract. Check if all the abstract functions are implemented. 
Process Process-1:
Traceback (most recent call last):
  File "/usr/lib/python3.7/multiprocessing/process.py", line 297, in _bootstrap
    self.run()
  File "/usr/lib/python3.7/multiprocessing/process.py", line 99, in run
    self._target(*self._args, **self._kwargs)
  File "/usr/local/lib/python3.7/dist-packages/manticore/ethereum/manticore.py", line 1766, in worker_finalize
    finalizer(q.get_nowait())
  File "/usr/local/lib/python3.7/dist-packages/manticore/ethereum/manticore.py", line 1757, in finalizer
    if only_alive_states and last_tx.result in {"REVERT", "THROW", "TXERROR"}:
AttributeError: 'NoneType' object has no attribute 'result'
2023-07-03 16:44:13,394: [86] m.c.manticore:INFO: Results in /mcore_ehrl_lzr
2023-07-03 16:44:13,394: [86] m.c.manticore:WARNING: Manticore failed to run
2023-07-03 16:44:14,057: [111] m.main:INFO: Registered plugins: IntrospectionAPIPlugin, <class 'manticore.ethereum.plugins.SkipRevertBasicBlocks'>, <class 'manticore.ethereum.plugins.FilterFunctions'>
2023-07-03 16:44:14,058: [111] m.main:INFO: Beginning analysis
2023-07-03 16:44:14,060: [111] m.e.manticore:INFO: Starting symbolic create contract
2023-07-03 16:44:14,095: [111] m.e.manticore:INFO: Failed to build contract but Errors : Invalid solc compilation sb/MixOracle_1.sol:194:36: Error: Expected ',' but got identifier
    function price(string calldata symbol) external view returns (uint256);
                                   ^----^

. Solidity failed to generate bytecode for your contract. Check if all the abstract functions are implemented. 
Process Process-1:
Traceback (most recent call last):
  File "/usr/lib/python3.7/multiprocessing/process.py", line 297, in _bootstrap
    self.run()
  File "/usr/lib/python3.7/multiprocessing/process.py", line 99, in run
    self._target(*self._args, **self._kwargs)
  File "/usr/local/lib/python3.7/dist-packages/manticore/ethereum/manticore.py", line 1766, in worker_finalize
    finalizer(q.get_nowait())
  File "/usr/local/lib/python3.7/dist-packages/manticore/ethereum/manticore.py", line 1757, in finalizer
    if only_alive_states and last_tx.result in {"REVERT", "THROW", "TXERROR"}:
AttributeError: 'NoneType' object has no attribute 'result'
2023-07-03 16:44:14,181: [111] m.c.manticore:INFO: Results in /mcore_1dd1rbyy
2023-07-03 16:44:14,181: [111] m.c.manticore:WARNING: Manticore failed to run
2023-07-03 16:44:14,856: [136] m.main:INFO: Registered plugins: IntrospectionAPIPlugin, <class 'manticore.ethereum.plugins.SkipRevertBasicBlocks'>, <class 'manticore.ethereum.plugins.FilterFunctions'>
2023-07-03 16:44:14,857: [136] m.main:INFO: Beginning analysis
2023-07-03 16:44:14,859: [136] m.e.manticore:INFO: Starting symbolic create contract
2023-07-03 16:44:14,880: [136] m.e.manticore:INFO: Failed to build contract got Errors : Invalid solc compilation sb/MixOracle_1.sol:194:36: Error: Expected ',' but got identifier
    function price(string calldata symbol) external view returns (uint256);
                                   ^----^

. Solidity failed to generate bytecode for your contract. Check if all the abstract functions are implemented. 
Process Process-1:
Traceback (most recent call last):
  File "/usr/lib/python3.7/multiprocessing/process.py", line 297, in _bootstrap
    self.run()
  File "/usr/lib/python3.7/multiprocessing/process.py", line 99, in run
    self._target(*self._args, **self._kwargs)
  File "/usr/local/lib/python3.7/dist-packages/manticore/ethereum/manticore.py", line 1766, in worker_finalize
    finalizer(q.get_nowait())
  File "/usr/local/lib/python3.7/dist-packages/manticore/ethereum/manticore.py", line 1757, in finalizer
    if only_alive_states and last_tx.result in {"REVERT", "THROW", "TXERROR"}:
AttributeError: 'NoneType' object has no attribute 'result'
2023-07-03 16:44:14,960: [136] m.c.manticore:INFO: Results in /mcore_1g60nn_p
2023-07-03 16:44:14,961: [136] m.c.manticore:WARNING: Manticore failed to run
2023-07-03 16:44:15,609: [161] m.main:INFO: Registered plugins: IntrospectionAPIPlugin, <class 'manticore.ethereum.plugins.SkipRevertBasicBlocks'>, <class 'manticore.ethereum.plugins.FilterFunctions'>
2023-07-03 16:44:15,610: [161] m.main:INFO: Beginning analysis
2023-07-03 16:44:15,612: [161] m.e.manticore:INFO: Starting symbolic create contract
2023-07-03 16:44:15,640: [161] m.e.manticore:INFO: Failed to build contract identifier Errors : Invalid solc compilation sb/MixOracle_1.sol:194:36: Error: Expected ',' but got identifier
    function price(string calldata symbol) external view returns (uint256);
                                   ^----^

. Solidity failed to generate bytecode for your contract. Check if all the abstract functions are implemented. 
Process Process-1:
Traceback (most recent call last):
  File "/usr/lib/python3.7/multiprocessing/process.py", line 297, in _bootstrap
    self.run()
  File "/usr/lib/python3.7/multiprocessing/process.py", line 99, in run
    self._target(*self._args, **self._kwargs)
  File "/usr/local/lib/python3.7/dist-packages/manticore/ethereum/manticore.py", line 1766, in worker_finalize
    finalizer(q.get_nowait())
  File "/usr/local/lib/python3.7/dist-packages/manticore/ethereum/manticore.py", line 1757, in finalizer
    if only_alive_states and last_tx.result in {"REVERT", "THROW", "TXERROR"}:
AttributeError: 'NoneType' object has no attribute 'result'
2023-07-03 16:44:15,722: [161] m.c.manticore:INFO: Results in /mcore_c8dl4x5q
2023-07-03 16:44:15,723: [161] m.c.manticore:WARNING: Manticore failed to run
2023-07-03 16:44:16,490: [186] m.main:INFO: Registered plugins: IntrospectionAPIPlugin, <class 'manticore.ethereum.plugins.SkipRevertBasicBlocks'>, <class 'manticore.ethereum.plugins.FilterFunctions'>
2023-07-03 16:44:16,491: [186] m.main:INFO: Beginning analysis
2023-07-03 16:44:16,493: [186] m.e.manticore:INFO: Starting symbolic create contract
2023-07-03 16:44:16,522: [186] m.e.manticore:INFO: Failed to build contract function Errors : Invalid solc compilation sb/MixOracle_1.sol:194:36: Error: Expected ',' but got identifier
    function price(string calldata symbol) external view returns (uint256);
                                   ^----^

. Solidity failed to generate bytecode for your contract. Check if all the abstract functions are implemented. 
Process Process-1:
Traceback (most recent call last):
  File "/usr/lib/python3.7/multiprocessing/process.py", line 297, in _bootstrap
    self.run()
  File "/usr/lib/python3.7/multiprocessing/process.py", line 99, in run
    self._target(*self._args, **self._kwargs)
  File "/usr/local/lib/python3.7/dist-packages/manticore/ethereum/manticore.py", line 1766, in worker_finalize
    finalizer(q.get_nowait())
  File "/usr/local/lib/python3.7/dist-packages/manticore/ethereum/manticore.py", line 1757, in finalizer
    if only_alive_states and last_tx.result in {"REVERT", "THROW", "TXERROR"}:
AttributeError: 'NoneType' object has no attribute 'result'
2023-07-03 16:44:16,586: [186] m.c.manticore:INFO: Results in /mcore_s798ix1z
2023-07-03 16:44:16,587: [186] m.c.manticore:WARNING: Manticore failed to run
2023-07-03 16:44:17,310: [211] m.main:INFO: Registered plugins: IntrospectionAPIPlugin, <class 'manticore.ethereum.plugins.SkipRevertBasicBlocks'>, <class 'manticore.ethereum.plugins.FilterFunctions'>
2023-07-03 16:44:17,310: [211] m.main:INFO: Beginning analysis
2023-07-03 16:44:17,312: [211] m.e.manticore:INFO: Starting symbolic create contract
2023-07-03 16:44:17,345: [211] m.e.manticore:INFO: Failed to build contract price(string Errors : Invalid solc compilation sb/MixOracle_1.sol:194:36: Error: Expected ',' but got identifier
    function price(string calldata symbol) external view returns (uint256);
                                   ^----^

. Solidity failed to generate bytecode for your contract. Check if all the abstract functions are implemented. 
Process Process-1:
Traceback (most recent call last):
  File "/usr/lib/python3.7/multiprocessing/process.py", line 297, in _bootstrap
    self.run()
  File "/usr/lib/python3.7/multiprocessing/process.py", line 99, in run
    self._target(*self._args, **self._kwargs)
  File "/usr/local/lib/python3.7/dist-packages/manticore/ethereum/manticore.py", line 1766, in worker_finalize
    finalizer(q.get_nowait())
  File "/usr/local/lib/python3.7/dist-packages/manticore/ethereum/manticore.py", line 1757, in finalizer
    if only_alive_states and last_tx.result in {"REVERT", "THROW", "TXERROR"}:
AttributeError: 'NoneType' object has no attribute 'result'
2023-07-03 16:44:17,434: [211] m.c.manticore:INFO: Results in /mcore_q9o0hnnv
2023-07-03 16:44:17,435: [211] m.c.manticore:WARNING: Manticore failed to run
2023-07-03 16:44:18,112: [236] m.main:INFO: Registered plugins: IntrospectionAPIPlugin, <class 'manticore.ethereum.plugins.SkipRevertBasicBlocks'>, <class 'manticore.ethereum.plugins.FilterFunctions'>
2023-07-03 16:44:18,112: [236] m.main:INFO: Beginning analysis
2023-07-03 16:44:18,114: [236] m.e.manticore:INFO: Starting symbolic create contract
2023-07-03 16:44:18,142: [236] m.e.manticore:INFO: Failed to build contract calldata Errors : Invalid solc compilation sb/MixOracle_1.sol:194:36: Error: Expected ',' but got identifier
    function price(string calldata symbol) external view returns (uint256);
                                   ^----^

. Solidity failed to generate bytecode for your contract. Check if all the abstract functions are implemented. 
Process Process-1:
Traceback (most recent call last):
  File "/usr/lib/python3.7/multiprocessing/process.py", line 297, in _bootstrap
    self.run()
  File "/usr/lib/python3.7/multiprocessing/process.py", line 99, in run
    self._target(*self._args, **self._kwargs)
  File "/usr/local/lib/python3.7/dist-packages/manticore/ethereum/manticore.py", line 1766, in worker_finalize
    finalizer(q.get_nowait())
  File "/usr/local/lib/python3.7/dist-packages/manticore/ethereum/manticore.py", line 1757, in finalizer
    if only_alive_states and last_tx.result in {"REVERT", "THROW", "TXERROR"}:
AttributeError: 'NoneType' object has no attribute 'result'
2023-07-03 16:44:18,221: [236] m.c.manticore:INFO: Results in /mcore_1ur36u2p
2023-07-03 16:44:18,221: [236] m.c.manticore:WARNING: Manticore failed to run
2023-07-03 16:44:18,832: [261] m.main:INFO: Registered plugins: IntrospectionAPIPlugin, <class 'manticore.ethereum.plugins.SkipRevertBasicBlocks'>, <class 'manticore.ethereum.plugins.FilterFunctions'>
2023-07-03 16:44:18,832: [261] m.main:INFO: Beginning analysis
2023-07-03 16:44:18,835: [261] m.e.manticore:INFO: Starting symbolic create contract
2023-07-03 16:44:18,862: [261] m.e.manticore:INFO: Failed to build contract symbol) Errors : Invalid solc compilation sb/MixOracle_1.sol:194:36: Error: Expected ',' but got identifier
    function price(string calldata symbol) external view returns (uint256);
                                   ^----^

. Solidity failed to generate bytecode for your contract. Check if all the abstract functions are implemented. 
Process Process-1:
Traceback (most recent call last):
  File "/usr/lib/python3.7/multiprocessing/process.py", line 297, in _bootstrap
    self.run()
  File "/usr/lib/python3.7/multiprocessing/process.py", line 99, in run
    self._target(*self._args, **self._kwargs)
  File "/usr/local/lib/python3.7/dist-packages/manticore/ethereum/manticore.py", line 1766, in worker_finalize
    finalizer(q.get_nowait())
  File "/usr/local/lib/python3.7/dist-packages/manticore/ethereum/manticore.py", line 1757, in finalizer
    if only_alive_states and last_tx.result in {"REVERT", "THROW", "TXERROR"}:
AttributeError: 'NoneType' object has no attribute 'result'
2023-07-03 16:44:18,941: [261] m.c.manticore:INFO: Results in /mcore_wbkrfhzw
2023-07-03 16:44:18,941: [261] m.c.manticore:WARNING: Manticore failed to run
2023-07-03 16:44:19,667: [286] m.main:INFO: Registered plugins: IntrospectionAPIPlugin, <class 'manticore.ethereum.plugins.SkipRevertBasicBlocks'>, <class 'manticore.ethereum.plugins.FilterFunctions'>
2023-07-03 16:44:19,668: [286] m.main:INFO: Beginning analysis
2023-07-03 16:44:19,670: [286] m.e.manticore:INFO: Starting symbolic create contract
2023-07-03 16:44:19,691: [286] m.e.manticore:INFO: Failed to build contract external Errors : Invalid solc compilation sb/MixOracle_1.sol:194:36: Error: Expected ',' but got identifier
    function price(string calldata symbol) external view returns (uint256);
                                   ^----^

. Solidity failed to generate bytecode for your contract. Check if all the abstract functions are implemented. 
Process Process-1:
Traceback (most recent call last):
  File "/usr/lib/python3.7/multiprocessing/process.py", line 297, in _bootstrap
    self.run()
  File "/usr/lib/python3.7/multiprocessing/process.py", line 99, in run
    self._target(*self._args, **self._kwargs)
  File "/usr/local/lib/python3.7/dist-packages/manticore/ethereum/manticore.py", line 1766, in worker_finalize
    finalizer(q.get_nowait())
  File "/usr/local/lib/python3.7/dist-packages/manticore/ethereum/manticore.py", line 1757, in finalizer
    if only_alive_states and last_tx.result in {"REVERT", "THROW", "TXERROR"}:
AttributeError: 'NoneType' object has no attribute 'result'
2023-07-03 16:44:19,763: [286] m.c.manticore:INFO: Results in /mcore_2igobovj
2023-07-03 16:44:19,764: [286] m.c.manticore:WARNING: Manticore failed to run
2023-07-03 16:44:20,403: [311] m.main:INFO: Registered plugins: IntrospectionAPIPlugin, <class 'manticore.ethereum.plugins.SkipRevertBasicBlocks'>, <class 'manticore.ethereum.plugins.FilterFunctions'>
2023-07-03 16:44:20,403: [311] m.main:INFO: Beginning analysis
2023-07-03 16:44:20,406: [311] m.e.manticore:INFO: Starting symbolic create contract
2023-07-03 16:44:20,439: [311] m.e.manticore:INFO: Failed to build contract view Errors : Invalid solc compilation sb/MixOracle_1.sol:194:36: Error: Expected ',' but got identifier
    function price(string calldata symbol) external view returns (uint256);
                                   ^----^

. Solidity failed to generate bytecode for your contract. Check if all the abstract functions are implemented. 
Process Process-1:
Traceback (most recent call last):
  File "/usr/lib/python3.7/multiprocessing/process.py", line 297, in _bootstrap
    self.run()
  File "/usr/lib/python3.7/multiprocessing/process.py", line 99, in run
    self._target(*self._args, **self._kwargs)
  File "/usr/local/lib/python3.7/dist-packages/manticore/ethereum/manticore.py", line 1766, in worker_finalize
    finalizer(q.get_nowait())
  File "/usr/local/lib/python3.7/dist-packages/manticore/ethereum/manticore.py", line 1757, in finalizer
    if only_alive_states and last_tx.result in {"REVERT", "THROW", "TXERROR"}:
AttributeError: 'NoneType' object has no attribute 'result'
2023-07-03 16:44:20,502: [311] m.c.manticore:INFO: Results in /mcore_kfut6afn
2023-07-03 16:44:20,503: [311] m.c.manticore:WARNING: Manticore failed to run
2023-07-03 16:44:21,168: [336] m.main:INFO: Registered plugins: IntrospectionAPIPlugin, <class 'manticore.ethereum.plugins.SkipRevertBasicBlocks'>, <class 'manticore.ethereum.plugins.FilterFunctions'>
2023-07-03 16:44:21,169: [336] m.main:INFO: Beginning analysis
2023-07-03 16:44:21,171: [336] m.e.manticore:INFO: Starting symbolic create contract
2023-07-03 16:44:21,187: [336] m.e.manticore:INFO: Failed to build contract returns Errors : Invalid solc compilation sb/MixOracle_1.sol:194:36: Error: Expected ',' but got identifier
    function price(string calldata symbol) external view returns (uint256);
                                   ^----^

. Solidity failed to generate bytecode for your contract. Check if all the abstract functions are implemented. 
Process Process-1:
Traceback (most recent call last):
  File "/usr/lib/python3.7/multiprocessing/process.py", line 297, in _bootstrap
    self.run()
  File "/usr/lib/python3.7/multiprocessing/process.py", line 99, in run
    self._target(*self._args, **self._kwargs)
  File "/usr/local/lib/python3.7/dist-packages/manticore/ethereum/manticore.py", line 1766, in worker_finalize
    finalizer(q.get_nowait())
  File "/usr/local/lib/python3.7/dist-packages/manticore/ethereum/manticore.py", line 1757, in finalizer
    if only_alive_states and last_tx.result in {"REVERT", "THROW", "TXERROR"}:
AttributeError: 'NoneType' object has no attribute 'result'
2023-07-03 16:44:21,259: [336] m.c.manticore:INFO: Results in /mcore_rkej5mq8
2023-07-03 16:44:21,260: [336] m.c.manticore:WARNING: Manticore failed to run
2023-07-03 16:44:21,850: [361] m.main:INFO: Registered plugins: IntrospectionAPIPlugin, <class 'manticore.ethereum.plugins.SkipRevertBasicBlocks'>, <class 'manticore.ethereum.plugins.FilterFunctions'>
2023-07-03 16:44:21,850: [361] m.main:INFO: Beginning analysis
2023-07-03 16:44:21,852: [361] m.e.manticore:INFO: Starting symbolic create contract
2023-07-03 16:44:21,869: [361] m.e.manticore:INFO: Failed to build contract (uint256); Errors : Invalid solc compilation sb/MixOracle_1.sol:194:36: Error: Expected ',' but got identifier
    function price(string calldata symbol) external view returns (uint256);
                                   ^----^

. Solidity failed to generate bytecode for your contract. Check if all the abstract functions are implemented. 
Process Process-1:
Traceback (most recent call last):
  File "/usr/lib/python3.7/multiprocessing/process.py", line 297, in _bootstrap
    self.run()
  File "/usr/lib/python3.7/multiprocessing/process.py", line 99, in run
    self._target(*self._args, **self._kwargs)
  File "/usr/local/lib/python3.7/dist-packages/manticore/ethereum/manticore.py", line 1766, in worker_finalize
    finalizer(q.get_nowait())
  File "/usr/local/lib/python3.7/dist-packages/manticore/ethereum/manticore.py", line 1757, in finalizer
    if only_alive_states and last_tx.result in {"REVERT", "THROW", "TXERROR"}:
AttributeError: 'NoneType' object has no attribute 'result'
2023-07-03 16:44:21,932: [361] m.c.manticore:INFO: Results in /mcore_6auryv6t
2023-07-03 16:44:21,933: [361] m.c.manticore:WARNING: Manticore failed to run
2023-07-03 16:44:22,590: [386] m.main:INFO: Registered plugins: IntrospectionAPIPlugin, <class 'manticore.ethereum.plugins.SkipRevertBasicBlocks'>, <class 'manticore.ethereum.plugins.FilterFunctions'>
2023-07-03 16:44:22,590: [386] m.main:INFO: Beginning analysis
2023-07-03 16:44:22,593: [386] m.e.manticore:INFO: Starting symbolic create contract
2023-07-03 16:44:22,628: [386] m.e.manticore:INFO: Failed to build contract ^----^ Errors : Invalid solc compilation sb/MixOracle_1.sol:194:36: Error: Expected ',' but got identifier
    function price(string calldata symbol) external view returns (uint256);
                                   ^----^

. Solidity failed to generate bytecode for your contract. Check if all the abstract functions are implemented. 
Process Process-1:
Traceback (most recent call last):
  File "/usr/lib/python3.7/multiprocessing/process.py", line 297, in _bootstrap
    self.run()
  File "/usr/lib/python3.7/multiprocessing/process.py", line 99, in run
    self._target(*self._args, **self._kwargs)
  File "/usr/local/lib/python3.7/dist-packages/manticore/ethereum/manticore.py", line 1766, in worker_finalize
    finalizer(q.get_nowait())
  File "/usr/local/lib/python3.7/dist-packages/manticore/ethereum/manticore.py", line 1757, in finalizer
    if only_alive_states and last_tx.result in {"REVERT", "THROW", "TXERROR"}:
AttributeError: 'NoneType' object has no attribute 'result'
2023-07-03 16:44:22,702: [386] m.c.manticore:INFO: Results in /mcore_4x_skyko
2023-07-03 16:44:22,703: [386] m.c.manticore:WARNING: Manticore failed to run
