2023-07-03 15:49:27,467: [11] m.main:INFO: Registered plugins: IntrospectionAPIPlugin, <class 'manticore.ethereum.plugins.SkipRevertBasicBlocks'>, <class 'manticore.ethereum.plugins.FilterFunctions'>
2023-07-03 15:49:27,467: [11] m.main:INFO: Beginning analysis
2023-07-03 15:49:27,470: [11] m.e.manticore:INFO: Starting symbolic create contract
2023-07-03 15:49:27,499: [11] m.e.manticore:INFO: Failed to build contract /sb/TransferHelper_5.sol:71:47: Errors : Invalid solc compilation sb/TransferHelper_5.sol:71:47: Error: Member "transfer" not found or not visible after argument-dependent lookup in type(contract IERC20Minimal).
            token.call(abi.encodeWithSelector(IERC20Minimal.transfer.selector, to, value));
                                              ^--------------------^

. Solidity failed to generate bytecode for your contract. Check if all the abstract functions are implemented. 
Process Process-1:
Traceback (most recent call last):
  File "/usr/lib/python3.7/multiprocessing/process.py", line 297, in _bootstrap
    self.run()
  File "/usr/lib/python3.7/multiprocessing/process.py", line 99, in run
    self._target(*self._args, **self._kwargs)
  File "/usr/local/lib/python3.7/dist-packages/manticore/ethereum/manticore.py", line 1766, in worker_finalize
    finalizer(q.get_nowait())
  File "/usr/local/lib/python3.7/dist-packages/manticore/ethereum/manticore.py", line 1757, in finalizer
    if only_alive_states and last_tx.result in {"REVERT", "THROW", "TXERROR"}:
AttributeError: 'NoneType' object has no attribute 'result'
2023-07-03 15:49:27,569: [11] m.c.manticore:INFO: Results in /mcore_tg8ze4eb
2023-07-03 15:49:27,569: [11] m.c.manticore:WARNING: Manticore failed to run
2023-07-03 15:49:28,208: [36] m.main:INFO: Registered plugins: IntrospectionAPIPlugin, <class 'manticore.ethereum.plugins.SkipRevertBasicBlocks'>, <class 'manticore.ethereum.plugins.FilterFunctions'>
2023-07-03 15:49:28,208: [36] m.main:INFO: Beginning analysis
2023-07-03 15:49:28,210: [36] m.e.manticore:INFO: Starting symbolic create contract
2023-07-03 15:49:28,235: [36] m.e.manticore:INFO: Failed to build contract TypeError: Errors : Invalid solc compilation sb/TransferHelper_5.sol:71:47: Error: Member "transfer" not found or not visible after argument-dependent lookup in type(contract IERC20Minimal).
            token.call(abi.encodeWithSelector(IERC20Minimal.transfer.selector, to, value));
                                              ^--------------------^

. Solidity failed to generate bytecode for your contract. Check if all the abstract functions are implemented. 
Process Process-1:
Traceback (most recent call last):
  File "/usr/lib/python3.7/multiprocessing/process.py", line 297, in _bootstrap
    self.run()
  File "/usr/lib/python3.7/multiprocessing/process.py", line 99, in run
    self._target(*self._args, **self._kwargs)
  File "/usr/local/lib/python3.7/dist-packages/manticore/ethereum/manticore.py", line 1766, in worker_finalize
    finalizer(q.get_nowait())
  File "/usr/local/lib/python3.7/dist-packages/manticore/ethereum/manticore.py", line 1757, in finalizer
    if only_alive_states and last_tx.result in {"REVERT", "THROW", "TXERROR"}:
AttributeError: 'NoneType' object has no attribute 'result'
2023-07-03 15:49:28,297: [36] m.c.manticore:INFO: Results in /mcore_czxt23yf
2023-07-03 15:49:28,298: [36] m.c.manticore:WARNING: Manticore failed to run
2023-07-03 15:49:29,116: [61] m.main:INFO: Registered plugins: IntrospectionAPIPlugin, <class 'manticore.ethereum.plugins.SkipRevertBasicBlocks'>, <class 'manticore.ethereum.plugins.FilterFunctions'>
2023-07-03 15:49:29,116: [61] m.main:INFO: Beginning analysis
2023-07-03 15:49:29,119: [61] m.e.manticore:INFO: Starting symbolic create contract
2023-07-03 15:49:29,143: [61] m.e.manticore:INFO: Failed to build contract Member Errors : Invalid solc compilation sb/TransferHelper_5.sol:71:47: Error: Member "transfer" not found or not visible after argument-dependent lookup in type(contract IERC20Minimal).
            token.call(abi.encodeWithSelector(IERC20Minimal.transfer.selector, to, value));
                                              ^--------------------^

. Solidity failed to generate bytecode for your contract. Check if all the abstract functions are implemented. 
Process Process-1:
Traceback (most recent call last):
  File "/usr/lib/python3.7/multiprocessing/process.py", line 297, in _bootstrap
    self.run()
  File "/usr/lib/python3.7/multiprocessing/process.py", line 99, in run
    self._target(*self._args, **self._kwargs)
  File "/usr/local/lib/python3.7/dist-packages/manticore/ethereum/manticore.py", line 1766, in worker_finalize
    finalizer(q.get_nowait())
  File "/usr/local/lib/python3.7/dist-packages/manticore/ethereum/manticore.py", line 1757, in finalizer
    if only_alive_states and last_tx.result in {"REVERT", "THROW", "TXERROR"}:
AttributeError: 'NoneType' object has no attribute 'result'
2023-07-03 15:49:29,214: [61] m.c.manticore:INFO: Results in /mcore_le88yq0t
2023-07-03 15:49:29,214: [61] m.c.manticore:WARNING: Manticore failed to run
2023-07-03 15:49:30,010: [86] m.main:INFO: Registered plugins: IntrospectionAPIPlugin, <class 'manticore.ethereum.plugins.SkipRevertBasicBlocks'>, <class 'manticore.ethereum.plugins.FilterFunctions'>
2023-07-03 15:49:30,010: [86] m.main:INFO: Beginning analysis
2023-07-03 15:49:30,013: [86] m.e.manticore:INFO: Starting symbolic create contract
2023-07-03 15:49:30,059: [86] m.e.manticore:INFO: Failed to build contract "transfer" Errors : Invalid solc compilation sb/TransferHelper_5.sol:71:47: Error: Member "transfer" not found or not visible after argument-dependent lookup in type(contract IERC20Minimal).
            token.call(abi.encodeWithSelector(IERC20Minimal.transfer.selector, to, value));
                                              ^--------------------^

. Solidity failed to generate bytecode for your contract. Check if all the abstract functions are implemented. 
Process Process-1:
Traceback (most recent call last):
  File "/usr/lib/python3.7/multiprocessing/process.py", line 297, in _bootstrap
    self.run()
  File "/usr/lib/python3.7/multiprocessing/process.py", line 99, in run
    self._target(*self._args, **self._kwargs)
  File "/usr/local/lib/python3.7/dist-packages/manticore/ethereum/manticore.py", line 1766, in worker_finalize
    finalizer(q.get_nowait())
  File "/usr/local/lib/python3.7/dist-packages/manticore/ethereum/manticore.py", line 1757, in finalizer
    if only_alive_states and last_tx.result in {"REVERT", "THROW", "TXERROR"}:
AttributeError: 'NoneType' object has no attribute 'result'
2023-07-03 15:49:30,141: [86] m.c.manticore:INFO: Results in /mcore_tz0l88a2
2023-07-03 15:49:30,142: [86] m.c.manticore:WARNING: Manticore failed to run
2023-07-03 15:49:30,901: [111] m.main:INFO: Registered plugins: IntrospectionAPIPlugin, <class 'manticore.ethereum.plugins.SkipRevertBasicBlocks'>, <class 'manticore.ethereum.plugins.FilterFunctions'>
2023-07-03 15:49:30,902: [111] m.main:INFO: Beginning analysis
2023-07-03 15:49:30,904: [111] m.e.manticore:INFO: Starting symbolic create contract
2023-07-03 15:49:30,936: [111] m.e.manticore:INFO: Failed to build contract not Errors : Invalid solc compilation sb/TransferHelper_5.sol:71:47: Error: Member "transfer" not found or not visible after argument-dependent lookup in type(contract IERC20Minimal).
            token.call(abi.encodeWithSelector(IERC20Minimal.transfer.selector, to, value));
                                              ^--------------------^

. Solidity failed to generate bytecode for your contract. Check if all the abstract functions are implemented. 
Process Process-1:
Traceback (most recent call last):
  File "/usr/lib/python3.7/multiprocessing/process.py", line 297, in _bootstrap
    self.run()
  File "/usr/lib/python3.7/multiprocessing/process.py", line 99, in run
    self._target(*self._args, **self._kwargs)
  File "/usr/local/lib/python3.7/dist-packages/manticore/ethereum/manticore.py", line 1766, in worker_finalize
    finalizer(q.get_nowait())
  File "/usr/local/lib/python3.7/dist-packages/manticore/ethereum/manticore.py", line 1757, in finalizer
    if only_alive_states and last_tx.result in {"REVERT", "THROW", "TXERROR"}:
AttributeError: 'NoneType' object has no attribute 'result'
2023-07-03 15:49:31,009: [111] m.c.manticore:INFO: Results in /mcore_pmik5m_s
2023-07-03 15:49:31,010: [111] m.c.manticore:WARNING: Manticore failed to run
2023-07-03 15:49:31,779: [136] m.main:INFO: Registered plugins: IntrospectionAPIPlugin, <class 'manticore.ethereum.plugins.SkipRevertBasicBlocks'>, <class 'manticore.ethereum.plugins.FilterFunctions'>
2023-07-03 15:49:31,779: [136] m.main:INFO: Beginning analysis
2023-07-03 15:49:31,783: [136] m.e.manticore:INFO: Starting symbolic create contract
2023-07-03 15:49:31,805: [136] m.e.manticore:INFO: Failed to build contract found Errors : Invalid solc compilation sb/TransferHelper_5.sol:71:47: Error: Member "transfer" not found or not visible after argument-dependent lookup in type(contract IERC20Minimal).
            token.call(abi.encodeWithSelector(IERC20Minimal.transfer.selector, to, value));
                                              ^--------------------^

. Solidity failed to generate bytecode for your contract. Check if all the abstract functions are implemented. 
Process Process-1:
Traceback (most recent call last):
  File "/usr/lib/python3.7/multiprocessing/process.py", line 297, in _bootstrap
    self.run()
  File "/usr/lib/python3.7/multiprocessing/process.py", line 99, in run
    self._target(*self._args, **self._kwargs)
  File "/usr/local/lib/python3.7/dist-packages/manticore/ethereum/manticore.py", line 1766, in worker_finalize
    finalizer(q.get_nowait())
  File "/usr/local/lib/python3.7/dist-packages/manticore/ethereum/manticore.py", line 1757, in finalizer
    if only_alive_states and last_tx.result in {"REVERT", "THROW", "TXERROR"}:
AttributeError: 'NoneType' object has no attribute 'result'
2023-07-03 15:49:31,886: [136] m.c.manticore:INFO: Results in /mcore_xbr549q8
2023-07-03 15:49:31,887: [136] m.c.manticore:WARNING: Manticore failed to run
2023-07-03 15:49:32,575: [161] m.main:INFO: Registered plugins: IntrospectionAPIPlugin, <class 'manticore.ethereum.plugins.SkipRevertBasicBlocks'>, <class 'manticore.ethereum.plugins.FilterFunctions'>
2023-07-03 15:49:32,575: [161] m.main:INFO: Beginning analysis
2023-07-03 15:49:32,578: [161] m.e.manticore:INFO: Starting symbolic create contract
2023-07-03 15:49:32,602: [161] m.e.manticore:INFO: Failed to build contract or Errors : Invalid solc compilation sb/TransferHelper_5.sol:71:47: Error: Member "transfer" not found or not visible after argument-dependent lookup in type(contract IERC20Minimal).
            token.call(abi.encodeWithSelector(IERC20Minimal.transfer.selector, to, value));
                                              ^--------------------^

. Solidity failed to generate bytecode for your contract. Check if all the abstract functions are implemented. 
Process Process-1:
Traceback (most recent call last):
  File "/usr/lib/python3.7/multiprocessing/process.py", line 297, in _bootstrap
    self.run()
  File "/usr/lib/python3.7/multiprocessing/process.py", line 99, in run
    self._target(*self._args, **self._kwargs)
  File "/usr/local/lib/python3.7/dist-packages/manticore/ethereum/manticore.py", line 1766, in worker_finalize
    finalizer(q.get_nowait())
  File "/usr/local/lib/python3.7/dist-packages/manticore/ethereum/manticore.py", line 1757, in finalizer
    if only_alive_states and last_tx.result in {"REVERT", "THROW", "TXERROR"}:
AttributeError: 'NoneType' object has no attribute 'result'
2023-07-03 15:49:32,683: [161] m.c.manticore:INFO: Results in /mcore_z4azpeja
2023-07-03 15:49:32,683: [161] m.c.manticore:WARNING: Manticore failed to run
2023-07-03 15:49:33,289: [186] m.main:INFO: Registered plugins: IntrospectionAPIPlugin, <class 'manticore.ethereum.plugins.SkipRevertBasicBlocks'>, <class 'manticore.ethereum.plugins.FilterFunctions'>
2023-07-03 15:49:33,289: [186] m.main:INFO: Beginning analysis
2023-07-03 15:49:33,291: [186] m.e.manticore:INFO: Starting symbolic create contract
2023-07-03 15:49:33,324: [186] m.e.manticore:INFO: Failed to build contract not Errors : Invalid solc compilation sb/TransferHelper_5.sol:71:47: Error: Member "transfer" not found or not visible after argument-dependent lookup in type(contract IERC20Minimal).
            token.call(abi.encodeWithSelector(IERC20Minimal.transfer.selector, to, value));
                                              ^--------------------^

. Solidity failed to generate bytecode for your contract. Check if all the abstract functions are implemented. 
Process Process-1:
Traceback (most recent call last):
  File "/usr/lib/python3.7/multiprocessing/process.py", line 297, in _bootstrap
    self.run()
  File "/usr/lib/python3.7/multiprocessing/process.py", line 99, in run
    self._target(*self._args, **self._kwargs)
  File "/usr/local/lib/python3.7/dist-packages/manticore/ethereum/manticore.py", line 1766, in worker_finalize
    finalizer(q.get_nowait())
  File "/usr/local/lib/python3.7/dist-packages/manticore/ethereum/manticore.py", line 1757, in finalizer
    if only_alive_states and last_tx.result in {"REVERT", "THROW", "TXERROR"}:
AttributeError: 'NoneType' object has no attribute 'result'
2023-07-03 15:49:33,406: [186] m.c.manticore:INFO: Results in /mcore_xguysrxy
2023-07-03 15:49:33,406: [186] m.c.manticore:WARNING: Manticore failed to run
2023-07-03 15:49:34,049: [211] m.main:INFO: Registered plugins: IntrospectionAPIPlugin, <class 'manticore.ethereum.plugins.SkipRevertBasicBlocks'>, <class 'manticore.ethereum.plugins.FilterFunctions'>
2023-07-03 15:49:34,049: [211] m.main:INFO: Beginning analysis
2023-07-03 15:49:34,052: [211] m.e.manticore:INFO: Starting symbolic create contract
2023-07-03 15:49:34,107: [211] m.e.manticore:INFO: Failed to build contract visible Errors : Invalid solc compilation sb/TransferHelper_5.sol:71:47: Error: Member "transfer" not found or not visible after argument-dependent lookup in type(contract IERC20Minimal).
            token.call(abi.encodeWithSelector(IERC20Minimal.transfer.selector, to, value));
                                              ^--------------------^

. Solidity failed to generate bytecode for your contract. Check if all the abstract functions are implemented. 
Process Process-1:
Traceback (most recent call last):
  File "/usr/lib/python3.7/multiprocessing/process.py", line 297, in _bootstrap
    self.run()
  File "/usr/lib/python3.7/multiprocessing/process.py", line 99, in run
    self._target(*self._args, **self._kwargs)
  File "/usr/local/lib/python3.7/dist-packages/manticore/ethereum/manticore.py", line 1766, in worker_finalize
    finalizer(q.get_nowait())
  File "/usr/local/lib/python3.7/dist-packages/manticore/ethereum/manticore.py", line 1757, in finalizer
    if only_alive_states and last_tx.result in {"REVERT", "THROW", "TXERROR"}:
AttributeError: 'NoneType' object has no attribute 'result'
2023-07-03 15:49:34,176: [211] m.c.manticore:INFO: Results in /mcore_gmfonrme
2023-07-03 15:49:34,176: [211] m.c.manticore:WARNING: Manticore failed to run
2023-07-03 15:49:34,821: [236] m.main:INFO: Registered plugins: IntrospectionAPIPlugin, <class 'manticore.ethereum.plugins.SkipRevertBasicBlocks'>, <class 'manticore.ethereum.plugins.FilterFunctions'>
2023-07-03 15:49:34,822: [236] m.main:INFO: Beginning analysis
2023-07-03 15:49:34,824: [236] m.e.manticore:INFO: Starting symbolic create contract
2023-07-03 15:49:34,858: [236] m.e.manticore:INFO: Failed to build contract after Errors : Invalid solc compilation sb/TransferHelper_5.sol:71:47: Error: Member "transfer" not found or not visible after argument-dependent lookup in type(contract IERC20Minimal).
            token.call(abi.encodeWithSelector(IERC20Minimal.transfer.selector, to, value));
                                              ^--------------------^

. Solidity failed to generate bytecode for your contract. Check if all the abstract functions are implemented. 
Process Process-1:
Traceback (most recent call last):
  File "/usr/lib/python3.7/multiprocessing/process.py", line 297, in _bootstrap
    self.run()
  File "/usr/lib/python3.7/multiprocessing/process.py", line 99, in run
    self._target(*self._args, **self._kwargs)
  File "/usr/local/lib/python3.7/dist-packages/manticore/ethereum/manticore.py", line 1766, in worker_finalize
    finalizer(q.get_nowait())
  File "/usr/local/lib/python3.7/dist-packages/manticore/ethereum/manticore.py", line 1757, in finalizer
    if only_alive_states and last_tx.result in {"REVERT", "THROW", "TXERROR"}:
AttributeError: 'NoneType' object has no attribute 'result'
2023-07-03 15:49:34,949: [236] m.c.manticore:INFO: Results in /mcore_iql9xuu5
2023-07-03 15:49:34,949: [236] m.c.manticore:WARNING: Manticore failed to run
2023-07-03 15:49:35,710: [261] m.main:INFO: Registered plugins: IntrospectionAPIPlugin, <class 'manticore.ethereum.plugins.SkipRevertBasicBlocks'>, <class 'manticore.ethereum.plugins.FilterFunctions'>
2023-07-03 15:49:35,710: [261] m.main:INFO: Beginning analysis
2023-07-03 15:49:35,713: [261] m.e.manticore:INFO: Starting symbolic create contract
2023-07-03 15:49:35,751: [261] m.e.manticore:INFO: Failed to build contract argument-dependent Errors : Invalid solc compilation sb/TransferHelper_5.sol:71:47: Error: Member "transfer" not found or not visible after argument-dependent lookup in type(contract IERC20Minimal).
            token.call(abi.encodeWithSelector(IERC20Minimal.transfer.selector, to, value));
                                              ^--------------------^

. Solidity failed to generate bytecode for your contract. Check if all the abstract functions are implemented. 
Process Process-1:
Traceback (most recent call last):
  File "/usr/lib/python3.7/multiprocessing/process.py", line 297, in _bootstrap
    self.run()
  File "/usr/lib/python3.7/multiprocessing/process.py", line 99, in run
    self._target(*self._args, **self._kwargs)
  File "/usr/local/lib/python3.7/dist-packages/manticore/ethereum/manticore.py", line 1766, in worker_finalize
    finalizer(q.get_nowait())
  File "/usr/local/lib/python3.7/dist-packages/manticore/ethereum/manticore.py", line 1757, in finalizer
    if only_alive_states and last_tx.result in {"REVERT", "THROW", "TXERROR"}:
AttributeError: 'NoneType' object has no attribute 'result'
2023-07-03 15:49:35,831: [261] m.c.manticore:INFO: Results in /mcore_ka2lyp0s
2023-07-03 15:49:35,832: [261] m.c.manticore:WARNING: Manticore failed to run
2023-07-03 15:49:36,498: [286] m.main:INFO: Registered plugins: IntrospectionAPIPlugin, <class 'manticore.ethereum.plugins.SkipRevertBasicBlocks'>, <class 'manticore.ethereum.plugins.FilterFunctions'>
2023-07-03 15:49:36,498: [286] m.main:INFO: Beginning analysis
2023-07-03 15:49:36,500: [286] m.e.manticore:INFO: Starting symbolic create contract
2023-07-03 15:49:36,538: [286] m.e.manticore:INFO: Failed to build contract lookup Errors : Invalid solc compilation sb/TransferHelper_5.sol:71:47: Error: Member "transfer" not found or not visible after argument-dependent lookup in type(contract IERC20Minimal).
            token.call(abi.encodeWithSelector(IERC20Minimal.transfer.selector, to, value));
                                              ^--------------------^

. Solidity failed to generate bytecode for your contract. Check if all the abstract functions are implemented. 
Process Process-1:
Traceback (most recent call last):
  File "/usr/lib/python3.7/multiprocessing/process.py", line 297, in _bootstrap
    self.run()
  File "/usr/lib/python3.7/multiprocessing/process.py", line 99, in run
    self._target(*self._args, **self._kwargs)
  File "/usr/local/lib/python3.7/dist-packages/manticore/ethereum/manticore.py", line 1766, in worker_finalize
    finalizer(q.get_nowait())
  File "/usr/local/lib/python3.7/dist-packages/manticore/ethereum/manticore.py", line 1757, in finalizer
    if only_alive_states and last_tx.result in {"REVERT", "THROW", "TXERROR"}:
AttributeError: 'NoneType' object has no attribute 'result'
2023-07-03 15:49:36,614: [286] m.c.manticore:INFO: Results in /mcore_qbb16wup
2023-07-03 15:49:36,615: [286] m.c.manticore:WARNING: Manticore failed to run
2023-07-03 15:49:37,291: [311] m.main:INFO: Registered plugins: IntrospectionAPIPlugin, <class 'manticore.ethereum.plugins.SkipRevertBasicBlocks'>, <class 'manticore.ethereum.plugins.FilterFunctions'>
2023-07-03 15:49:37,292: [311] m.main:INFO: Beginning analysis
2023-07-03 15:49:37,294: [311] m.e.manticore:INFO: Starting symbolic create contract
2023-07-03 15:49:37,319: [311] m.e.manticore:INFO: Failed to build contract in Errors : Invalid solc compilation sb/TransferHelper_5.sol:71:47: Error: Member "transfer" not found or not visible after argument-dependent lookup in type(contract IERC20Minimal).
            token.call(abi.encodeWithSelector(IERC20Minimal.transfer.selector, to, value));
                                              ^--------------------^

. Solidity failed to generate bytecode for your contract. Check if all the abstract functions are implemented. 
Process Process-1:
Traceback (most recent call last):
  File "/usr/lib/python3.7/multiprocessing/process.py", line 297, in _bootstrap
    self.run()
  File "/usr/lib/python3.7/multiprocessing/process.py", line 99, in run
    self._target(*self._args, **self._kwargs)
  File "/usr/local/lib/python3.7/dist-packages/manticore/ethereum/manticore.py", line 1766, in worker_finalize
    finalizer(q.get_nowait())
  File "/usr/local/lib/python3.7/dist-packages/manticore/ethereum/manticore.py", line 1757, in finalizer
    if only_alive_states and last_tx.result in {"REVERT", "THROW", "TXERROR"}:
AttributeError: 'NoneType' object has no attribute 'result'
2023-07-03 15:49:37,400: [311] m.c.manticore:INFO: Results in /mcore_sprb6sm0
2023-07-03 15:49:37,401: [311] m.c.manticore:WARNING: Manticore failed to run
2023-07-03 15:49:38,131: [336] m.main:INFO: Registered plugins: IntrospectionAPIPlugin, <class 'manticore.ethereum.plugins.SkipRevertBasicBlocks'>, <class 'manticore.ethereum.plugins.FilterFunctions'>
2023-07-03 15:49:38,131: [336] m.main:INFO: Beginning analysis
2023-07-03 15:49:38,135: [336] m.e.manticore:INFO: Starting symbolic create contract
2023-07-03 15:49:38,162: [336] m.e.manticore:INFO: Failed to build contract type(contract Errors : Invalid solc compilation sb/TransferHelper_5.sol:71:47: Error: Member "transfer" not found or not visible after argument-dependent lookup in type(contract IERC20Minimal).
            token.call(abi.encodeWithSelector(IERC20Minimal.transfer.selector, to, value));
                                              ^--------------------^

. Solidity failed to generate bytecode for your contract. Check if all the abstract functions are implemented. 
Process Process-1:
Traceback (most recent call last):
  File "/usr/lib/python3.7/multiprocessing/process.py", line 297, in _bootstrap
    self.run()
  File "/usr/lib/python3.7/multiprocessing/process.py", line 99, in run
    self._target(*self._args, **self._kwargs)
  File "/usr/local/lib/python3.7/dist-packages/manticore/ethereum/manticore.py", line 1766, in worker_finalize
    finalizer(q.get_nowait())
  File "/usr/local/lib/python3.7/dist-packages/manticore/ethereum/manticore.py", line 1757, in finalizer
    if only_alive_states and last_tx.result in {"REVERT", "THROW", "TXERROR"}:
AttributeError: 'NoneType' object has no attribute 'result'
2023-07-03 15:49:38,230: [336] m.c.manticore:INFO: Results in /mcore_wnt8y4wc
2023-07-03 15:49:38,231: [336] m.c.manticore:WARNING: Manticore failed to run
2023-07-03 15:49:38,988: [361] m.main:INFO: Registered plugins: IntrospectionAPIPlugin, <class 'manticore.ethereum.plugins.SkipRevertBasicBlocks'>, <class 'manticore.ethereum.plugins.FilterFunctions'>
2023-07-03 15:49:38,989: [361] m.main:INFO: Beginning analysis
2023-07-03 15:49:38,994: [361] m.e.manticore:INFO: Starting symbolic create contract
2023-07-03 15:49:39,023: [361] m.e.manticore:INFO: Failed to build contract IERC20Minimal). Errors : Invalid solc compilation sb/TransferHelper_5.sol:71:47: Error: Member "transfer" not found or not visible after argument-dependent lookup in type(contract IERC20Minimal).
            token.call(abi.encodeWithSelector(IERC20Minimal.transfer.selector, to, value));
                                              ^--------------------^

. Solidity failed to generate bytecode for your contract. Check if all the abstract functions are implemented. 
Process Process-1:
Traceback (most recent call last):
  File "/usr/lib/python3.7/multiprocessing/process.py", line 297, in _bootstrap
    self.run()
  File "/usr/lib/python3.7/multiprocessing/process.py", line 99, in run
    self._target(*self._args, **self._kwargs)
  File "/usr/local/lib/python3.7/dist-packages/manticore/ethereum/manticore.py", line 1766, in worker_finalize
    finalizer(q.get_nowait())
  File "/usr/local/lib/python3.7/dist-packages/manticore/ethereum/manticore.py", line 1757, in finalizer
    if only_alive_states and last_tx.result in {"REVERT", "THROW", "TXERROR"}:
AttributeError: 'NoneType' object has no attribute 'result'
2023-07-03 15:49:39,095: [361] m.c.manticore:INFO: Results in /mcore_rct0wtib
2023-07-03 15:49:39,095: [361] m.c.manticore:WARNING: Manticore failed to run
2023-07-03 15:49:39,885: [386] m.main:INFO: Registered plugins: IntrospectionAPIPlugin, <class 'manticore.ethereum.plugins.SkipRevertBasicBlocks'>, <class 'manticore.ethereum.plugins.FilterFunctions'>
2023-07-03 15:49:39,885: [386] m.main:INFO: Beginning analysis
2023-07-03 15:49:39,888: [386] m.e.manticore:INFO: Starting symbolic create contract
2023-07-03 15:49:39,911: [386] m.e.manticore:INFO: Failed to build contract token.call(abi.encodeWithSelector(IERC20Minimal.transfer.selector, Errors : Invalid solc compilation sb/TransferHelper_5.sol:71:47: Error: Member "transfer" not found or not visible after argument-dependent lookup in type(contract IERC20Minimal).
            token.call(abi.encodeWithSelector(IERC20Minimal.transfer.selector, to, value));
                                              ^--------------------^

. Solidity failed to generate bytecode for your contract. Check if all the abstract functions are implemented. 
Process Process-1:
Traceback (most recent call last):
  File "/usr/lib/python3.7/multiprocessing/process.py", line 297, in _bootstrap
    self.run()
  File "/usr/lib/python3.7/multiprocessing/process.py", line 99, in run
    self._target(*self._args, **self._kwargs)
  File "/usr/local/lib/python3.7/dist-packages/manticore/ethereum/manticore.py", line 1766, in worker_finalize
    finalizer(q.get_nowait())
  File "/usr/local/lib/python3.7/dist-packages/manticore/ethereum/manticore.py", line 1757, in finalizer
    if only_alive_states and last_tx.result in {"REVERT", "THROW", "TXERROR"}:
AttributeError: 'NoneType' object has no attribute 'result'
2023-07-03 15:49:39,987: [386] m.c.manticore:INFO: Results in /mcore_1_4aer4_
2023-07-03 15:49:39,987: [386] m.c.manticore:WARNING: Manticore failed to run
2023-07-03 15:49:40,703: [411] m.main:INFO: Registered plugins: IntrospectionAPIPlugin, <class 'manticore.ethereum.plugins.SkipRevertBasicBlocks'>, <class 'manticore.ethereum.plugins.FilterFunctions'>
2023-07-03 15:49:40,703: [411] m.main:INFO: Beginning analysis
2023-07-03 15:49:40,708: [411] m.e.manticore:INFO: Starting symbolic create contract
2023-07-03 15:49:40,749: [411] m.e.manticore:INFO: Failed to build contract to, Errors : Invalid solc compilation sb/TransferHelper_5.sol:71:47: Error: Member "transfer" not found or not visible after argument-dependent lookup in type(contract IERC20Minimal).
            token.call(abi.encodeWithSelector(IERC20Minimal.transfer.selector, to, value));
                                              ^--------------------^

. Solidity failed to generate bytecode for your contract. Check if all the abstract functions are implemented. 
Process Process-1:
Traceback (most recent call last):
  File "/usr/lib/python3.7/multiprocessing/process.py", line 297, in _bootstrap
    self.run()
  File "/usr/lib/python3.7/multiprocessing/process.py", line 99, in run
    self._target(*self._args, **self._kwargs)
  File "/usr/local/lib/python3.7/dist-packages/manticore/ethereum/manticore.py", line 1766, in worker_finalize
    finalizer(q.get_nowait())
  File "/usr/local/lib/python3.7/dist-packages/manticore/ethereum/manticore.py", line 1757, in finalizer
    if only_alive_states and last_tx.result in {"REVERT", "THROW", "TXERROR"}:
AttributeError: 'NoneType' object has no attribute 'result'
2023-07-03 15:49:40,812: [411] m.c.manticore:INFO: Results in /mcore_udzr28uw
2023-07-03 15:49:40,812: [411] m.c.manticore:WARNING: Manticore failed to run
2023-07-03 15:49:41,388: [436] m.main:INFO: Registered plugins: IntrospectionAPIPlugin, <class 'manticore.ethereum.plugins.SkipRevertBasicBlocks'>, <class 'manticore.ethereum.plugins.FilterFunctions'>
2023-07-03 15:49:41,388: [436] m.main:INFO: Beginning analysis
2023-07-03 15:49:41,391: [436] m.e.manticore:INFO: Starting symbolic create contract
2023-07-03 15:49:41,428: [436] m.e.manticore:INFO: Failed to build contract value)); Errors : Invalid solc compilation sb/TransferHelper_5.sol:71:47: Error: Member "transfer" not found or not visible after argument-dependent lookup in type(contract IERC20Minimal).
            token.call(abi.encodeWithSelector(IERC20Minimal.transfer.selector, to, value));
                                              ^--------------------^

. Solidity failed to generate bytecode for your contract. Check if all the abstract functions are implemented. 
Process Process-1:
Traceback (most recent call last):
  File "/usr/lib/python3.7/multiprocessing/process.py", line 297, in _bootstrap
    self.run()
  File "/usr/lib/python3.7/multiprocessing/process.py", line 99, in run
    self._target(*self._args, **self._kwargs)
  File "/usr/local/lib/python3.7/dist-packages/manticore/ethereum/manticore.py", line 1766, in worker_finalize
    finalizer(q.get_nowait())
  File "/usr/local/lib/python3.7/dist-packages/manticore/ethereum/manticore.py", line 1757, in finalizer
    if only_alive_states and last_tx.result in {"REVERT", "THROW", "TXERROR"}:
AttributeError: 'NoneType' object has no attribute 'result'
2023-07-03 15:49:41,515: [436] m.c.manticore:INFO: Results in /mcore_g2rda98k
2023-07-03 15:49:41,516: [436] m.c.manticore:WARNING: Manticore failed to run
2023-07-03 15:49:42,109: [461] m.main:INFO: Registered plugins: IntrospectionAPIPlugin, <class 'manticore.ethereum.plugins.SkipRevertBasicBlocks'>, <class 'manticore.ethereum.plugins.FilterFunctions'>
2023-07-03 15:49:42,109: [461] m.main:INFO: Beginning analysis
2023-07-03 15:49:42,111: [461] m.e.manticore:INFO: Starting symbolic create contract
2023-07-03 15:49:42,131: [461] m.e.manticore:INFO: Failed to build contract ^--------------------^ Errors : Invalid solc compilation sb/TransferHelper_5.sol:71:47: Error: Member "transfer" not found or not visible after argument-dependent lookup in type(contract IERC20Minimal).
            token.call(abi.encodeWithSelector(IERC20Minimal.transfer.selector, to, value));
                                              ^--------------------^

. Solidity failed to generate bytecode for your contract. Check if all the abstract functions are implemented. 
Process Process-1:
Traceback (most recent call last):
  File "/usr/lib/python3.7/multiprocessing/process.py", line 297, in _bootstrap
    self.run()
  File "/usr/lib/python3.7/multiprocessing/process.py", line 99, in run
    self._target(*self._args, **self._kwargs)
  File "/usr/local/lib/python3.7/dist-packages/manticore/ethereum/manticore.py", line 1766, in worker_finalize
    finalizer(q.get_nowait())
  File "/usr/local/lib/python3.7/dist-packages/manticore/ethereum/manticore.py", line 1757, in finalizer
    if only_alive_states and last_tx.result in {"REVERT", "THROW", "TXERROR"}:
AttributeError: 'NoneType' object has no attribute 'result'
2023-07-03 15:49:42,205: [461] m.c.manticore:INFO: Results in /mcore_bm7ibc95
2023-07-03 15:49:42,205: [461] m.c.manticore:WARNING: Manticore failed to run
