2023-07-03 15:59:56,797: [11] m.main:INFO: Registered plugins: IntrospectionAPIPlugin, <class 'manticore.ethereum.plugins.SkipRevertBasicBlocks'>, <class 'manticore.ethereum.plugins.FilterFunctions'>
2023-07-03 15:59:56,797: [11] m.main:INFO: Beginning analysis
2023-07-03 15:59:56,799: [11] m.e.manticore:INFO: Starting symbolic create contract
2023-07-03 15:59:56,836: [11] m.e.manticore:INFO: Failed to build contract /sb/Governor_2.sol:172:5: Errors : Invalid solc compilation sb/Governor_2.sol:172:5: Error: Expected ';' but got '}'
    }
    ^

. Solidity failed to generate bytecode for your contract. Check if all the abstract functions are implemented. 
Process Process-1:
Traceback (most recent call last):
  File "/usr/lib/python3.7/multiprocessing/process.py", line 297, in _bootstrap
    self.run()
  File "/usr/lib/python3.7/multiprocessing/process.py", line 99, in run
    self._target(*self._args, **self._kwargs)
  File "/usr/local/lib/python3.7/dist-packages/manticore/ethereum/manticore.py", line 1766, in worker_finalize
    finalizer(q.get_nowait())
  File "/usr/local/lib/python3.7/dist-packages/manticore/ethereum/manticore.py", line 1757, in finalizer
    if only_alive_states and last_tx.result in {"REVERT", "THROW", "TXERROR"}:
AttributeError: 'NoneType' object has no attribute 'result'
2023-07-03 15:59:56,907: [11] m.c.manticore:INFO: Results in /mcore_2yi75mqh
2023-07-03 15:59:56,907: [11] m.c.manticore:WARNING: Manticore failed to run
2023-07-03 15:59:57,710: [36] m.main:INFO: Registered plugins: IntrospectionAPIPlugin, <class 'manticore.ethereum.plugins.SkipRevertBasicBlocks'>, <class 'manticore.ethereum.plugins.FilterFunctions'>
2023-07-03 15:59:57,710: [36] m.main:INFO: Beginning analysis
2023-07-03 15:59:57,713: [36] m.e.manticore:INFO: Starting symbolic create contract
2023-07-03 15:59:57,799: [36] m.e.manticore:INFO: Failed to build contract ParserError: Errors : Invalid solc compilation sb/Governor_2.sol:172:5: Error: Expected ';' but got '}'
    }
    ^

. Solidity failed to generate bytecode for your contract. Check if all the abstract functions are implemented. 
Process Process-2:
Traceback (most recent call last):
  File "/usr/lib/python3.7/multiprocessing/process.py", line 297, in _bootstrap
    self.run()
  File "/usr/lib/python3.7/multiprocessing/process.py", line 99, in run
    self._target(*self._args, **self._kwargs)
  File "/usr/local/lib/python3.7/dist-packages/manticore/ethereum/manticore.py", line 1766, in worker_finalize
    finalizer(q.get_nowait())
  File "/usr/local/lib/python3.7/dist-packages/manticore/ethereum/manticore.py", line 1757, in finalizer
    if only_alive_states and last_tx.result in {"REVERT", "THROW", "TXERROR"}:
AttributeError: 'NoneType' object has no attribute 'result'
2023-07-03 15:59:57,867: [36] m.c.manticore:INFO: Results in /mcore_7hwjrywj
2023-07-03 15:59:57,868: [36] m.c.manticore:WARNING: Manticore failed to run
2023-07-03 15:59:58,594: [61] m.main:INFO: Registered plugins: IntrospectionAPIPlugin, <class 'manticore.ethereum.plugins.SkipRevertBasicBlocks'>, <class 'manticore.ethereum.plugins.FilterFunctions'>
2023-07-03 15:59:58,594: [61] m.main:INFO: Beginning analysis
2023-07-03 15:59:58,601: [61] m.e.manticore:INFO: Starting symbolic create contract
2023-07-03 15:59:58,627: [61] m.e.manticore:INFO: Failed to build contract Expected Errors : Invalid solc compilation sb/Governor_2.sol:172:5: Error: Expected ';' but got '}'
    }
    ^

. Solidity failed to generate bytecode for your contract. Check if all the abstract functions are implemented. 
Process Process-1:
Traceback (most recent call last):
  File "/usr/lib/python3.7/multiprocessing/process.py", line 297, in _bootstrap
    self.run()
  File "/usr/lib/python3.7/multiprocessing/process.py", line 99, in run
    self._target(*self._args, **self._kwargs)
  File "/usr/local/lib/python3.7/dist-packages/manticore/ethereum/manticore.py", line 1766, in worker_finalize
    finalizer(q.get_nowait())
  File "/usr/local/lib/python3.7/dist-packages/manticore/ethereum/manticore.py", line 1757, in finalizer
    if only_alive_states and last_tx.result in {"REVERT", "THROW", "TXERROR"}:
AttributeError: 'NoneType' object has no attribute 'result'
2023-07-03 15:59:58,695: [61] m.c.manticore:INFO: Results in /mcore_u_qrmumt
2023-07-03 15:59:58,696: [61] m.c.manticore:WARNING: Manticore failed to run
2023-07-03 15:59:59,624: [86] m.main:INFO: Registered plugins: IntrospectionAPIPlugin, <class 'manticore.ethereum.plugins.SkipRevertBasicBlocks'>, <class 'manticore.ethereum.plugins.FilterFunctions'>
2023-07-03 15:59:59,624: [86] m.main:INFO: Beginning analysis
2023-07-03 15:59:59,627: [86] m.e.manticore:INFO: Starting symbolic create contract
2023-07-03 15:59:59,654: [86] m.e.manticore:INFO: Failed to build contract ';' Errors : Invalid solc compilation sb/Governor_2.sol:172:5: Error: Expected ';' but got '}'
    }
    ^

. Solidity failed to generate bytecode for your contract. Check if all the abstract functions are implemented. 
Process Process-1:
Traceback (most recent call last):
  File "/usr/lib/python3.7/multiprocessing/process.py", line 297, in _bootstrap
    self.run()
  File "/usr/lib/python3.7/multiprocessing/process.py", line 99, in run
    self._target(*self._args, **self._kwargs)
  File "/usr/local/lib/python3.7/dist-packages/manticore/ethereum/manticore.py", line 1766, in worker_finalize
    finalizer(q.get_nowait())
  File "/usr/local/lib/python3.7/dist-packages/manticore/ethereum/manticore.py", line 1757, in finalizer
    if only_alive_states and last_tx.result in {"REVERT", "THROW", "TXERROR"}:
AttributeError: 'NoneType' object has no attribute 'result'
2023-07-03 15:59:59,722: [86] m.c.manticore:INFO: Results in /mcore___ks4mga
2023-07-03 15:59:59,723: [86] m.c.manticore:WARNING: Manticore failed to run
2023-07-03 16:00:00,491: [111] m.main:INFO: Registered plugins: IntrospectionAPIPlugin, <class 'manticore.ethereum.plugins.SkipRevertBasicBlocks'>, <class 'manticore.ethereum.plugins.FilterFunctions'>
2023-07-03 16:00:00,491: [111] m.main:INFO: Beginning analysis
2023-07-03 16:00:00,493: [111] m.e.manticore:INFO: Starting symbolic create contract
2023-07-03 16:00:00,518: [111] m.e.manticore:INFO: Failed to build contract but Errors : Invalid solc compilation sb/Governor_2.sol:172:5: Error: Expected ';' but got '}'
    }
    ^

. Solidity failed to generate bytecode for your contract. Check if all the abstract functions are implemented. 
Process Process-1:
Traceback (most recent call last):
  File "/usr/lib/python3.7/multiprocessing/process.py", line 297, in _bootstrap
    self.run()
  File "/usr/lib/python3.7/multiprocessing/process.py", line 99, in run
    self._target(*self._args, **self._kwargs)
  File "/usr/local/lib/python3.7/dist-packages/manticore/ethereum/manticore.py", line 1766, in worker_finalize
    finalizer(q.get_nowait())
  File "/usr/local/lib/python3.7/dist-packages/manticore/ethereum/manticore.py", line 1757, in finalizer
    if only_alive_states and last_tx.result in {"REVERT", "THROW", "TXERROR"}:
AttributeError: 'NoneType' object has no attribute 'result'
2023-07-03 16:00:00,591: [111] m.c.manticore:INFO: Results in /mcore_gum5mxhy
2023-07-03 16:00:00,591: [111] m.c.manticore:WARNING: Manticore failed to run
2023-07-03 16:00:01,310: [136] m.main:INFO: Registered plugins: IntrospectionAPIPlugin, <class 'manticore.ethereum.plugins.SkipRevertBasicBlocks'>, <class 'manticore.ethereum.plugins.FilterFunctions'>
2023-07-03 16:00:01,311: [136] m.main:INFO: Beginning analysis
2023-07-03 16:00:01,313: [136] m.e.manticore:INFO: Starting symbolic create contract
2023-07-03 16:00:01,341: [136] m.e.manticore:INFO: Failed to build contract got Errors : Invalid solc compilation sb/Governor_2.sol:172:5: Error: Expected ';' but got '}'
    }
    ^

. Solidity failed to generate bytecode for your contract. Check if all the abstract functions are implemented. 
Process Process-1:
Traceback (most recent call last):
  File "/usr/lib/python3.7/multiprocessing/process.py", line 297, in _bootstrap
    self.run()
  File "/usr/lib/python3.7/multiprocessing/process.py", line 99, in run
    self._target(*self._args, **self._kwargs)
  File "/usr/local/lib/python3.7/dist-packages/manticore/ethereum/manticore.py", line 1766, in worker_finalize
    finalizer(q.get_nowait())
  File "/usr/local/lib/python3.7/dist-packages/manticore/ethereum/manticore.py", line 1757, in finalizer
    if only_alive_states and last_tx.result in {"REVERT", "THROW", "TXERROR"}:
AttributeError: 'NoneType' object has no attribute 'result'
2023-07-03 16:00:01,411: [136] m.c.manticore:INFO: Results in /mcore_c2iagup4
2023-07-03 16:00:01,411: [136] m.c.manticore:WARNING: Manticore failed to run
2023-07-03 16:00:02,170: [161] m.main:INFO: Registered plugins: IntrospectionAPIPlugin, <class 'manticore.ethereum.plugins.SkipRevertBasicBlocks'>, <class 'manticore.ethereum.plugins.FilterFunctions'>
2023-07-03 16:00:02,170: [161] m.main:INFO: Beginning analysis
2023-07-03 16:00:02,173: [161] m.e.manticore:INFO: Starting symbolic create contract
2023-07-03 16:00:02,205: [161] m.e.manticore:INFO: Failed to build contract '}' Errors : Invalid solc compilation sb/Governor_2.sol:172:5: Error: Expected ';' but got '}'
    }
    ^

. Solidity failed to generate bytecode for your contract. Check if all the abstract functions are implemented. 
Process Process-1:
Traceback (most recent call last):
  File "/usr/lib/python3.7/multiprocessing/process.py", line 297, in _bootstrap
    self.run()
  File "/usr/lib/python3.7/multiprocessing/process.py", line 99, in run
    self._target(*self._args, **self._kwargs)
  File "/usr/local/lib/python3.7/dist-packages/manticore/ethereum/manticore.py", line 1766, in worker_finalize
    finalizer(q.get_nowait())
  File "/usr/local/lib/python3.7/dist-packages/manticore/ethereum/manticore.py", line 1757, in finalizer
    if only_alive_states and last_tx.result in {"REVERT", "THROW", "TXERROR"}:
AttributeError: 'NoneType' object has no attribute 'result'
2023-07-03 16:00:02,296: [161] m.c.manticore:INFO: Results in /mcore_7rsr8cb9
2023-07-03 16:00:02,296: [161] m.c.manticore:WARNING: Manticore failed to run
2023-07-03 16:00:03,002: [186] m.main:INFO: Registered plugins: IntrospectionAPIPlugin, <class 'manticore.ethereum.plugins.SkipRevertBasicBlocks'>, <class 'manticore.ethereum.plugins.FilterFunctions'>
2023-07-03 16:00:03,002: [186] m.main:INFO: Beginning analysis
2023-07-03 16:00:03,004: [186] m.e.manticore:INFO: Starting symbolic create contract
2023-07-03 16:00:03,034: [186] m.e.manticore:INFO: Failed to build contract } Errors : Invalid solc compilation sb/Governor_2.sol:172:5: Error: Expected ';' but got '}'
    }
    ^

. Solidity failed to generate bytecode for your contract. Check if all the abstract functions are implemented. 
Process Process-1:
Traceback (most recent call last):
  File "/usr/lib/python3.7/multiprocessing/process.py", line 297, in _bootstrap
    self.run()
  File "/usr/lib/python3.7/multiprocessing/process.py", line 99, in run
    self._target(*self._args, **self._kwargs)
  File "/usr/local/lib/python3.7/dist-packages/manticore/ethereum/manticore.py", line 1766, in worker_finalize
    finalizer(q.get_nowait())
  File "/usr/local/lib/python3.7/dist-packages/manticore/ethereum/manticore.py", line 1757, in finalizer
    if only_alive_states and last_tx.result in {"REVERT", "THROW", "TXERROR"}:
AttributeError: 'NoneType' object has no attribute 'result'
2023-07-03 16:00:03,110: [186] m.c.manticore:INFO: Results in /mcore_1gemimdx
2023-07-03 16:00:03,110: [186] m.c.manticore:WARNING: Manticore failed to run
2023-07-03 16:00:03,718: [211] m.main:INFO: Registered plugins: IntrospectionAPIPlugin, <class 'manticore.ethereum.plugins.SkipRevertBasicBlocks'>, <class 'manticore.ethereum.plugins.FilterFunctions'>
2023-07-03 16:00:03,719: [211] m.main:INFO: Beginning analysis
2023-07-03 16:00:03,723: [211] m.e.manticore:INFO: Starting symbolic create contract
2023-07-03 16:00:03,746: [211] m.e.manticore:INFO: Failed to build contract ^ Errors : Invalid solc compilation sb/Governor_2.sol:172:5: Error: Expected ';' but got '}'
    }
    ^

. Solidity failed to generate bytecode for your contract. Check if all the abstract functions are implemented. 
Process Process-1:
Traceback (most recent call last):
  File "/usr/lib/python3.7/multiprocessing/process.py", line 297, in _bootstrap
    self.run()
  File "/usr/lib/python3.7/multiprocessing/process.py", line 99, in run
    self._target(*self._args, **self._kwargs)
  File "/usr/local/lib/python3.7/dist-packages/manticore/ethereum/manticore.py", line 1766, in worker_finalize
    finalizer(q.get_nowait())
  File "/usr/local/lib/python3.7/dist-packages/manticore/ethereum/manticore.py", line 1757, in finalizer
    if only_alive_states and last_tx.result in {"REVERT", "THROW", "TXERROR"}:
AttributeError: 'NoneType' object has no attribute 'result'
2023-07-03 16:00:03,812: [211] m.c.manticore:INFO: Results in /mcore__7s195mz
2023-07-03 16:00:03,812: [211] m.c.manticore:WARNING: Manticore failed to run
