2023-07-03 16:39:38,990: [11] m.main:INFO: Registered plugins: IntrospectionAPIPlugin, <class 'manticore.ethereum.plugins.SkipRevertBasicBlocks'>, <class 'manticore.ethereum.plugins.FilterFunctions'>
2023-07-03 16:39:38,990: [11] m.main:INFO: Beginning analysis
2023-07-03 16:39:38,993: [11] m.e.manticore:INFO: Starting symbolic create contract
2023-07-03 16:40:15,616: [11] m.e.manticore:INFO: Starting symbolic transaction: 0
2023-07-03 16:40:46,626: [11] m.c.worker:ERROR: Exception in state 10: ManticoreError('Forking on unfeasible constraint set')
Traceback (most recent call last):
  File "/usr/local/lib/python3.7/dist-packages/manticore/core/worker.py", line 137, in run
    current_state.execute()
  File "/usr/local/lib/python3.7/dist-packages/manticore/ethereum/state.py", line 8, in execute
    return self._platform.execute()
  File "/usr/local/lib/python3.7/dist-packages/manticore/platforms/evm.py", line 3106, in execute
    self.current_vm.execute()
  File "/usr/local/lib/python3.7/dist-packages/manticore/platforms/evm.py", line 1322, in execute
    raise Concretize("Symbolic PC", expression=expression, setstate=setstate, policy="ALL")
manticore.core.state.Concretize

During handling of the above exception, another exception occurred:

Traceback (most recent call last):
  File "/usr/local/lib/python3.7/dist-packages/manticore/core/worker.py", line 158, in run
    m._fork(current_state, exc.expression, exc.policy, exc.setstate, exc.values)
  File "/usr/local/lib/python3.7/dist-packages/manticore/core/manticore.py", line 518, in _fork
    raise ManticoreError("Forking on unfeasible constraint set")
manticore.exceptions.ManticoreError: Forking on unfeasible constraint set
 
2023-07-03 16:41:25,616: [11] m.e.manticore:INFO: 0 alive states, 5 terminated states
2023-07-03 16:41:26,505: [11] m.c.manticore:INFO: Results in /mcore_rmf85e4g
2023-07-03 16:41:26,505: [11] m.c.manticore:INFO: Total time: 70.85132956504822
2023-07-03 16:41:27,188: [92] m.main:INFO: Registered plugins: IntrospectionAPIPlugin, <class 'manticore.ethereum.plugins.SkipRevertBasicBlocks'>, <class 'manticore.ethereum.plugins.FilterFunctions'>
2023-07-03 16:41:27,188: [92] m.main:INFO: Beginning analysis
2023-07-03 16:41:27,191: [92] m.e.manticore:INFO: Starting symbolic create contract
2023-07-03 16:41:29,412: [92] m.e.manticore:INFO: Starting symbolic transaction: 0
2023-07-03 16:41:29,732: [92] m.e.manticore:INFO: 0 alive states, 2 terminated states
2023-07-03 16:41:29,973: [92] m.c.manticore:INFO: Results in /mcore_1_hudwek
2023-07-03 16:41:29,973: [92] m.c.manticore:INFO: Total time: 0.5551652908325195
2023-07-03 16:41:30,694: [158] m.main:INFO: Registered plugins: IntrospectionAPIPlugin, <class 'manticore.ethereum.plugins.SkipRevertBasicBlocks'>, <class 'manticore.ethereum.plugins.FilterFunctions'>
2023-07-03 16:41:30,694: [158] m.main:INFO: Beginning analysis
2023-07-03 16:41:30,696: [158] m.e.manticore:INFO: Starting symbolic create contract
