2023-07-03 16:37:29,283: [11] m.main:INFO: Registered plugins: IntrospectionAPIPlugin, <class 'manticore.ethereum.plugins.SkipRevertBasicBlocks'>, <class 'manticore.ethereum.plugins.FilterFunctions'>
2023-07-03 16:37:29,284: [11] m.main:INFO: Beginning analysis
2023-07-03 16:37:29,286: [11] m.e.manticore:INFO: Starting symbolic create contract
2023-07-03 16:37:29,313: [11] m.e.manticore:INFO: Failed to build contract /sb/Governor_1.sol:172:5: Errors : Invalid solc compilation sb/Governor_1.sol:172:5: Error: Expected ';' but got '}'
    }
    ^

. Solidity failed to generate bytecode for your contract. Check if all the abstract functions are implemented. 
Process Process-1:
Traceback (most recent call last):
  File "/usr/lib/python3.7/multiprocessing/process.py", line 297, in _bootstrap
    self.run()
  File "/usr/lib/python3.7/multiprocessing/process.py", line 99, in run
    self._target(*self._args, **self._kwargs)
  File "/usr/local/lib/python3.7/dist-packages/manticore/ethereum/manticore.py", line 1766, in worker_finalize
    finalizer(q.get_nowait())
  File "/usr/local/lib/python3.7/dist-packages/manticore/ethereum/manticore.py", line 1757, in finalizer
    if only_alive_states and last_tx.result in {"REVERT", "THROW", "TXERROR"}:
AttributeError: 'NoneType' object has no attribute 'result'
2023-07-03 16:37:29,384: [11] m.c.manticore:INFO: Results in /mcore_qt6fyez2
2023-07-03 16:37:29,384: [11] m.c.manticore:WARNING: Manticore failed to run
2023-07-03 16:37:30,048: [36] m.main:INFO: Registered plugins: IntrospectionAPIPlugin, <class 'manticore.ethereum.plugins.SkipRevertBasicBlocks'>, <class 'manticore.ethereum.plugins.FilterFunctions'>
2023-07-03 16:37:30,048: [36] m.main:INFO: Beginning analysis
2023-07-03 16:37:30,051: [36] m.e.manticore:INFO: Starting symbolic create contract
2023-07-03 16:37:30,074: [36] m.e.manticore:INFO: Failed to build contract ParserError: Errors : Invalid solc compilation sb/Governor_1.sol:172:5: Error: Expected ';' but got '}'
    }
    ^

. Solidity failed to generate bytecode for your contract. Check if all the abstract functions are implemented. 
Process Process-1:
Traceback (most recent call last):
  File "/usr/lib/python3.7/multiprocessing/process.py", line 297, in _bootstrap
    self.run()
  File "/usr/lib/python3.7/multiprocessing/process.py", line 99, in run
    self._target(*self._args, **self._kwargs)
  File "/usr/local/lib/python3.7/dist-packages/manticore/ethereum/manticore.py", line 1766, in worker_finalize
    finalizer(q.get_nowait())
  File "/usr/local/lib/python3.7/dist-packages/manticore/ethereum/manticore.py", line 1757, in finalizer
    if only_alive_states and last_tx.result in {"REVERT", "THROW", "TXERROR"}:
AttributeError: 'NoneType' object has no attribute 'result'
2023-07-03 16:37:30,151: [36] m.c.manticore:INFO: Results in /mcore_5r2ol4sd
2023-07-03 16:37:30,152: [36] m.c.manticore:WARNING: Manticore failed to run
2023-07-03 16:37:30,960: [61] m.main:INFO: Registered plugins: IntrospectionAPIPlugin, <class 'manticore.ethereum.plugins.SkipRevertBasicBlocks'>, <class 'manticore.ethereum.plugins.FilterFunctions'>
2023-07-03 16:37:30,961: [61] m.main:INFO: Beginning analysis
2023-07-03 16:37:30,964: [61] m.e.manticore:INFO: Starting symbolic create contract
2023-07-03 16:37:31,000: [61] m.e.manticore:INFO: Failed to build contract Expected Errors : Invalid solc compilation sb/Governor_1.sol:172:5: Error: Expected ';' but got '}'
    }
    ^

. Solidity failed to generate bytecode for your contract. Check if all the abstract functions are implemented. 
Process Process-1:
Traceback (most recent call last):
  File "/usr/lib/python3.7/multiprocessing/process.py", line 297, in _bootstrap
    self.run()
  File "/usr/lib/python3.7/multiprocessing/process.py", line 99, in run
    self._target(*self._args, **self._kwargs)
  File "/usr/local/lib/python3.7/dist-packages/manticore/ethereum/manticore.py", line 1766, in worker_finalize
    finalizer(q.get_nowait())
  File "/usr/local/lib/python3.7/dist-packages/manticore/ethereum/manticore.py", line 1757, in finalizer
    if only_alive_states and last_tx.result in {"REVERT", "THROW", "TXERROR"}:
AttributeError: 'NoneType' object has no attribute 'result'
2023-07-03 16:37:31,085: [61] m.c.manticore:INFO: Results in /mcore_1jbbxv7e
2023-07-03 16:37:31,085: [61] m.c.manticore:WARNING: Manticore failed to run
2023-07-03 16:37:31,837: [86] m.main:INFO: Registered plugins: IntrospectionAPIPlugin, <class 'manticore.ethereum.plugins.SkipRevertBasicBlocks'>, <class 'manticore.ethereum.plugins.FilterFunctions'>
2023-07-03 16:37:31,837: [86] m.main:INFO: Beginning analysis
2023-07-03 16:37:31,841: [86] m.e.manticore:INFO: Starting symbolic create contract
2023-07-03 16:37:31,884: [86] m.e.manticore:INFO: Failed to build contract ';' Errors : Invalid solc compilation sb/Governor_1.sol:172:5: Error: Expected ';' but got '}'
    }
    ^

. Solidity failed to generate bytecode for your contract. Check if all the abstract functions are implemented. 
Process Process-1:
Traceback (most recent call last):
  File "/usr/lib/python3.7/multiprocessing/process.py", line 297, in _bootstrap
    self.run()
  File "/usr/lib/python3.7/multiprocessing/process.py", line 99, in run
    self._target(*self._args, **self._kwargs)
  File "/usr/local/lib/python3.7/dist-packages/manticore/ethereum/manticore.py", line 1766, in worker_finalize
    finalizer(q.get_nowait())
  File "/usr/local/lib/python3.7/dist-packages/manticore/ethereum/manticore.py", line 1757, in finalizer
    if only_alive_states and last_tx.result in {"REVERT", "THROW", "TXERROR"}:
AttributeError: 'NoneType' object has no attribute 'result'
2023-07-03 16:37:31,976: [86] m.c.manticore:INFO: Results in /mcore_lmctq9jz
2023-07-03 16:37:31,976: [86] m.c.manticore:WARNING: Manticore failed to run
2023-07-03 16:37:32,731: [111] m.main:INFO: Registered plugins: IntrospectionAPIPlugin, <class 'manticore.ethereum.plugins.SkipRevertBasicBlocks'>, <class 'manticore.ethereum.plugins.FilterFunctions'>
2023-07-03 16:37:32,731: [111] m.main:INFO: Beginning analysis
2023-07-03 16:37:32,734: [111] m.e.manticore:INFO: Starting symbolic create contract
2023-07-03 16:37:32,771: [111] m.e.manticore:INFO: Failed to build contract but Errors : Invalid solc compilation sb/Governor_1.sol:172:5: Error: Expected ';' but got '}'
    }
    ^

. Solidity failed to generate bytecode for your contract. Check if all the abstract functions are implemented. 
Process Process-1:
Traceback (most recent call last):
  File "/usr/lib/python3.7/multiprocessing/process.py", line 297, in _bootstrap
    self.run()
  File "/usr/lib/python3.7/multiprocessing/process.py", line 99, in run
    self._target(*self._args, **self._kwargs)
  File "/usr/local/lib/python3.7/dist-packages/manticore/ethereum/manticore.py", line 1766, in worker_finalize
    finalizer(q.get_nowait())
  File "/usr/local/lib/python3.7/dist-packages/manticore/ethereum/manticore.py", line 1757, in finalizer
    if only_alive_states and last_tx.result in {"REVERT", "THROW", "TXERROR"}:
AttributeError: 'NoneType' object has no attribute 'result'
2023-07-03 16:37:32,846: [111] m.c.manticore:INFO: Results in /mcore_9i78gza3
2023-07-03 16:37:32,847: [111] m.c.manticore:WARNING: Manticore failed to run
2023-07-03 16:37:33,500: [136] m.main:INFO: Registered plugins: IntrospectionAPIPlugin, <class 'manticore.ethereum.plugins.SkipRevertBasicBlocks'>, <class 'manticore.ethereum.plugins.FilterFunctions'>
2023-07-03 16:37:33,500: [136] m.main:INFO: Beginning analysis
2023-07-03 16:37:33,504: [136] m.e.manticore:INFO: Starting symbolic create contract
2023-07-03 16:37:33,545: [136] m.e.manticore:INFO: Failed to build contract got Errors : Invalid solc compilation sb/Governor_1.sol:172:5: Error: Expected ';' but got '}'
    }
    ^

. Solidity failed to generate bytecode for your contract. Check if all the abstract functions are implemented. 
Process Process-1:
Traceback (most recent call last):
  File "/usr/lib/python3.7/multiprocessing/process.py", line 297, in _bootstrap
    self.run()
  File "/usr/lib/python3.7/multiprocessing/process.py", line 99, in run
    self._target(*self._args, **self._kwargs)
  File "/usr/local/lib/python3.7/dist-packages/manticore/ethereum/manticore.py", line 1766, in worker_finalize
    finalizer(q.get_nowait())
  File "/usr/local/lib/python3.7/dist-packages/manticore/ethereum/manticore.py", line 1757, in finalizer
    if only_alive_states and last_tx.result in {"REVERT", "THROW", "TXERROR"}:
AttributeError: 'NoneType' object has no attribute 'result'
2023-07-03 16:37:33,629: [136] m.c.manticore:INFO: Results in /mcore_mwaz55iz
2023-07-03 16:37:33,629: [136] m.c.manticore:WARNING: Manticore failed to run
2023-07-03 16:37:34,366: [161] m.main:INFO: Registered plugins: IntrospectionAPIPlugin, <class 'manticore.ethereum.plugins.SkipRevertBasicBlocks'>, <class 'manticore.ethereum.plugins.FilterFunctions'>
2023-07-03 16:37:34,366: [161] m.main:INFO: Beginning analysis
2023-07-03 16:37:34,368: [161] m.e.manticore:INFO: Starting symbolic create contract
2023-07-03 16:37:34,398: [161] m.e.manticore:INFO: Failed to build contract '}' Errors : Invalid solc compilation sb/Governor_1.sol:172:5: Error: Expected ';' but got '}'
    }
    ^

. Solidity failed to generate bytecode for your contract. Check if all the abstract functions are implemented. 
Process Process-1:
Traceback (most recent call last):
  File "/usr/lib/python3.7/multiprocessing/process.py", line 297, in _bootstrap
    self.run()
  File "/usr/lib/python3.7/multiprocessing/process.py", line 99, in run
    self._target(*self._args, **self._kwargs)
  File "/usr/local/lib/python3.7/dist-packages/manticore/ethereum/manticore.py", line 1766, in worker_finalize
    finalizer(q.get_nowait())
  File "/usr/local/lib/python3.7/dist-packages/manticore/ethereum/manticore.py", line 1757, in finalizer
    if only_alive_states and last_tx.result in {"REVERT", "THROW", "TXERROR"}:
AttributeError: 'NoneType' object has no attribute 'result'
2023-07-03 16:37:34,466: [161] m.c.manticore:INFO: Results in /mcore_zuo5jy9t
2023-07-03 16:37:34,467: [161] m.c.manticore:WARNING: Manticore failed to run
2023-07-03 16:37:35,098: [186] m.main:INFO: Registered plugins: IntrospectionAPIPlugin, <class 'manticore.ethereum.plugins.SkipRevertBasicBlocks'>, <class 'manticore.ethereum.plugins.FilterFunctions'>
2023-07-03 16:37:35,099: [186] m.main:INFO: Beginning analysis
2023-07-03 16:37:35,102: [186] m.e.manticore:INFO: Starting symbolic create contract
2023-07-03 16:37:35,127: [186] m.e.manticore:INFO: Failed to build contract } Errors : Invalid solc compilation sb/Governor_1.sol:172:5: Error: Expected ';' but got '}'
    }
    ^

. Solidity failed to generate bytecode for your contract. Check if all the abstract functions are implemented. 
Process Process-1:
Traceback (most recent call last):
  File "/usr/lib/python3.7/multiprocessing/process.py", line 297, in _bootstrap
    self.run()
  File "/usr/lib/python3.7/multiprocessing/process.py", line 99, in run
    self._target(*self._args, **self._kwargs)
  File "/usr/local/lib/python3.7/dist-packages/manticore/ethereum/manticore.py", line 1766, in worker_finalize
    finalizer(q.get_nowait())
  File "/usr/local/lib/python3.7/dist-packages/manticore/ethereum/manticore.py", line 1757, in finalizer
    if only_alive_states and last_tx.result in {"REVERT", "THROW", "TXERROR"}:
AttributeError: 'NoneType' object has no attribute 'result'
2023-07-03 16:37:35,190: [186] m.c.manticore:INFO: Results in /mcore_fhif4abs
2023-07-03 16:37:35,191: [186] m.c.manticore:WARNING: Manticore failed to run
2023-07-03 16:37:36,046: [211] m.main:INFO: Registered plugins: IntrospectionAPIPlugin, <class 'manticore.ethereum.plugins.SkipRevertBasicBlocks'>, <class 'manticore.ethereum.plugins.FilterFunctions'>
2023-07-03 16:37:36,046: [211] m.main:INFO: Beginning analysis
2023-07-03 16:37:36,049: [211] m.e.manticore:INFO: Starting symbolic create contract
2023-07-03 16:37:36,080: [211] m.e.manticore:INFO: Failed to build contract ^ Errors : Invalid solc compilation sb/Governor_1.sol:172:5: Error: Expected ';' but got '}'
    }
    ^

. Solidity failed to generate bytecode for your contract. Check if all the abstract functions are implemented. 
Process Process-1:
Traceback (most recent call last):
  File "/usr/lib/python3.7/multiprocessing/process.py", line 297, in _bootstrap
    self.run()
  File "/usr/lib/python3.7/multiprocessing/process.py", line 99, in run
    self._target(*self._args, **self._kwargs)
  File "/usr/local/lib/python3.7/dist-packages/manticore/ethereum/manticore.py", line 1766, in worker_finalize
    finalizer(q.get_nowait())
  File "/usr/local/lib/python3.7/dist-packages/manticore/ethereum/manticore.py", line 1757, in finalizer
    if only_alive_states and last_tx.result in {"REVERT", "THROW", "TXERROR"}:
AttributeError: 'NoneType' object has no attribute 'result'
2023-07-03 16:37:36,166: [211] m.c.manticore:INFO: Results in /mcore_pfrolf21
2023-07-03 16:37:36,166: [211] m.c.manticore:WARNING: Manticore failed to run
