2023-07-03 16:17:15,186: [11] m.main:INFO: Registered plugins: IntrospectionAPIPlugin, <class 'manticore.ethereum.plugins.SkipRevertBasicBlocks'>, <class 'manticore.ethereum.plugins.FilterFunctions'>
2023-07-03 16:17:15,187: [11] m.main:INFO: Beginning analysis
2023-07-03 16:17:15,189: [11] m.e.manticore:INFO: Starting symbolic create contract
2023-07-03 16:17:15,223: [11] m.e.manticore:INFO: Failed to build contract /sb/PrimitiveEngine_4.sol:287:22: Errors : Invalid solc compilation sb/PrimitiveEngine_4.sol:287:22: Error: Expected ';' but got '('
    error LockedError();
                     ^

. Solidity failed to generate bytecode for your contract. Check if all the abstract functions are implemented. 
Process Process-1:
Traceback (most recent call last):
  File "/usr/lib/python3.7/multiprocessing/process.py", line 297, in _bootstrap
    self.run()
  File "/usr/lib/python3.7/multiprocessing/process.py", line 99, in run
    self._target(*self._args, **self._kwargs)
  File "/usr/local/lib/python3.7/dist-packages/manticore/ethereum/manticore.py", line 1766, in worker_finalize
    finalizer(q.get_nowait())
  File "/usr/local/lib/python3.7/dist-packages/manticore/ethereum/manticore.py", line 1757, in finalizer
    if only_alive_states and last_tx.result in {"REVERT", "THROW", "TXERROR"}:
AttributeError: 'NoneType' object has no attribute 'result'
2023-07-03 16:17:15,315: [11] m.c.manticore:INFO: Results in /mcore_ypeb6nqd
2023-07-03 16:17:15,316: [11] m.c.manticore:WARNING: Manticore failed to run
2023-07-03 16:17:16,081: [36] m.main:INFO: Registered plugins: IntrospectionAPIPlugin, <class 'manticore.ethereum.plugins.SkipRevertBasicBlocks'>, <class 'manticore.ethereum.plugins.FilterFunctions'>
2023-07-03 16:17:16,082: [36] m.main:INFO: Beginning analysis
2023-07-03 16:17:16,085: [36] m.e.manticore:INFO: Starting symbolic create contract
2023-07-03 16:17:16,128: [36] m.e.manticore:INFO: Failed to build contract ParserError: Errors : Invalid solc compilation sb/PrimitiveEngine_4.sol:287:22: Error: Expected ';' but got '('
    error LockedError();
                     ^

. Solidity failed to generate bytecode for your contract. Check if all the abstract functions are implemented. 
Process Process-1:
Traceback (most recent call last):
  File "/usr/lib/python3.7/multiprocessing/process.py", line 297, in _bootstrap
    self.run()
  File "/usr/lib/python3.7/multiprocessing/process.py", line 99, in run
    self._target(*self._args, **self._kwargs)
  File "/usr/local/lib/python3.7/dist-packages/manticore/ethereum/manticore.py", line 1766, in worker_finalize
    finalizer(q.get_nowait())
  File "/usr/local/lib/python3.7/dist-packages/manticore/ethereum/manticore.py", line 1757, in finalizer
    if only_alive_states and last_tx.result in {"REVERT", "THROW", "TXERROR"}:
AttributeError: 'NoneType' object has no attribute 'result'
2023-07-03 16:17:16,204: [36] m.c.manticore:INFO: Results in /mcore_dbaarbsb
2023-07-03 16:17:16,205: [36] m.c.manticore:WARNING: Manticore failed to run
2023-07-03 16:17:16,948: [61] m.main:INFO: Registered plugins: IntrospectionAPIPlugin, <class 'manticore.ethereum.plugins.SkipRevertBasicBlocks'>, <class 'manticore.ethereum.plugins.FilterFunctions'>
2023-07-03 16:17:16,948: [61] m.main:INFO: Beginning analysis
2023-07-03 16:17:16,951: [61] m.e.manticore:INFO: Starting symbolic create contract
2023-07-03 16:17:16,990: [61] m.e.manticore:INFO: Failed to build contract Expected Errors : Invalid solc compilation sb/PrimitiveEngine_4.sol:287:22: Error: Expected ';' but got '('
    error LockedError();
                     ^

. Solidity failed to generate bytecode for your contract. Check if all the abstract functions are implemented. 
Process Process-1:
Traceback (most recent call last):
  File "/usr/lib/python3.7/multiprocessing/process.py", line 297, in _bootstrap
    self.run()
  File "/usr/lib/python3.7/multiprocessing/process.py", line 99, in run
    self._target(*self._args, **self._kwargs)
  File "/usr/local/lib/python3.7/dist-packages/manticore/ethereum/manticore.py", line 1766, in worker_finalize
    finalizer(q.get_nowait())
  File "/usr/local/lib/python3.7/dist-packages/manticore/ethereum/manticore.py", line 1757, in finalizer
    if only_alive_states and last_tx.result in {"REVERT", "THROW", "TXERROR"}:
AttributeError: 'NoneType' object has no attribute 'result'
2023-07-03 16:17:17,068: [61] m.c.manticore:INFO: Results in /mcore__2w5b1ps
2023-07-03 16:17:17,069: [61] m.c.manticore:WARNING: Manticore failed to run
2023-07-03 16:17:17,701: [86] m.main:INFO: Registered plugins: IntrospectionAPIPlugin, <class 'manticore.ethereum.plugins.SkipRevertBasicBlocks'>, <class 'manticore.ethereum.plugins.FilterFunctions'>
2023-07-03 16:17:17,701: [86] m.main:INFO: Beginning analysis
2023-07-03 16:17:17,705: [86] m.e.manticore:INFO: Starting symbolic create contract
2023-07-03 16:17:17,742: [86] m.e.manticore:INFO: Failed to build contract ';' Errors : Invalid solc compilation sb/PrimitiveEngine_4.sol:287:22: Error: Expected ';' but got '('
    error LockedError();
                     ^

. Solidity failed to generate bytecode for your contract. Check if all the abstract functions are implemented. 
Process Process-1:
Traceback (most recent call last):
  File "/usr/lib/python3.7/multiprocessing/process.py", line 297, in _bootstrap
    self.run()
  File "/usr/lib/python3.7/multiprocessing/process.py", line 99, in run
    self._target(*self._args, **self._kwargs)
  File "/usr/local/lib/python3.7/dist-packages/manticore/ethereum/manticore.py", line 1766, in worker_finalize
    finalizer(q.get_nowait())
  File "/usr/local/lib/python3.7/dist-packages/manticore/ethereum/manticore.py", line 1757, in finalizer
    if only_alive_states and last_tx.result in {"REVERT", "THROW", "TXERROR"}:
AttributeError: 'NoneType' object has no attribute 'result'
2023-07-03 16:17:17,812: [86] m.c.manticore:INFO: Results in /mcore_owpqdgeb
2023-07-03 16:17:17,812: [86] m.c.manticore:WARNING: Manticore failed to run
2023-07-03 16:17:18,520: [111] m.main:INFO: Registered plugins: IntrospectionAPIPlugin, <class 'manticore.ethereum.plugins.SkipRevertBasicBlocks'>, <class 'manticore.ethereum.plugins.FilterFunctions'>
2023-07-03 16:17:18,520: [111] m.main:INFO: Beginning analysis
2023-07-03 16:17:18,524: [111] m.e.manticore:INFO: Starting symbolic create contract
2023-07-03 16:17:18,565: [111] m.e.manticore:INFO: Failed to build contract but Errors : Invalid solc compilation sb/PrimitiveEngine_4.sol:287:22: Error: Expected ';' but got '('
    error LockedError();
                     ^

. Solidity failed to generate bytecode for your contract. Check if all the abstract functions are implemented. 
Process Process-1:
Traceback (most recent call last):
  File "/usr/lib/python3.7/multiprocessing/process.py", line 297, in _bootstrap
    self.run()
  File "/usr/lib/python3.7/multiprocessing/process.py", line 99, in run
    self._target(*self._args, **self._kwargs)
  File "/usr/local/lib/python3.7/dist-packages/manticore/ethereum/manticore.py", line 1766, in worker_finalize
    finalizer(q.get_nowait())
  File "/usr/local/lib/python3.7/dist-packages/manticore/ethereum/manticore.py", line 1757, in finalizer
    if only_alive_states and last_tx.result in {"REVERT", "THROW", "TXERROR"}:
AttributeError: 'NoneType' object has no attribute 'result'
2023-07-03 16:17:18,686: [111] m.c.manticore:INFO: Results in /mcore_xf29swq9
2023-07-03 16:17:18,686: [111] m.c.manticore:WARNING: Manticore failed to run
2023-07-03 16:17:19,403: [136] m.main:INFO: Registered plugins: IntrospectionAPIPlugin, <class 'manticore.ethereum.plugins.SkipRevertBasicBlocks'>, <class 'manticore.ethereum.plugins.FilterFunctions'>
2023-07-03 16:17:19,403: [136] m.main:INFO: Beginning analysis
2023-07-03 16:17:19,406: [136] m.e.manticore:INFO: Starting symbolic create contract
2023-07-03 16:17:19,441: [136] m.e.manticore:INFO: Failed to build contract got Errors : Invalid solc compilation sb/PrimitiveEngine_4.sol:287:22: Error: Expected ';' but got '('
    error LockedError();
                     ^

. Solidity failed to generate bytecode for your contract. Check if all the abstract functions are implemented. 
Process Process-1:
Traceback (most recent call last):
  File "/usr/lib/python3.7/multiprocessing/process.py", line 297, in _bootstrap
    self.run()
  File "/usr/lib/python3.7/multiprocessing/process.py", line 99, in run
    self._target(*self._args, **self._kwargs)
  File "/usr/local/lib/python3.7/dist-packages/manticore/ethereum/manticore.py", line 1766, in worker_finalize
    finalizer(q.get_nowait())
  File "/usr/local/lib/python3.7/dist-packages/manticore/ethereum/manticore.py", line 1757, in finalizer
    if only_alive_states and last_tx.result in {"REVERT", "THROW", "TXERROR"}:
AttributeError: 'NoneType' object has no attribute 'result'
2023-07-03 16:17:19,505: [136] m.c.manticore:INFO: Results in /mcore_nlg1edx6
2023-07-03 16:17:19,505: [136] m.c.manticore:WARNING: Manticore failed to run
2023-07-03 16:17:20,149: [161] m.main:INFO: Registered plugins: IntrospectionAPIPlugin, <class 'manticore.ethereum.plugins.SkipRevertBasicBlocks'>, <class 'manticore.ethereum.plugins.FilterFunctions'>
2023-07-03 16:17:20,149: [161] m.main:INFO: Beginning analysis
2023-07-03 16:17:20,152: [161] m.e.manticore:INFO: Starting symbolic create contract
2023-07-03 16:17:20,176: [161] m.e.manticore:INFO: Failed to build contract '(' Errors : Invalid solc compilation sb/PrimitiveEngine_4.sol:287:22: Error: Expected ';' but got '('
    error LockedError();
                     ^

. Solidity failed to generate bytecode for your contract. Check if all the abstract functions are implemented. 
Process Process-1:
Traceback (most recent call last):
  File "/usr/lib/python3.7/multiprocessing/process.py", line 297, in _bootstrap
    self.run()
  File "/usr/lib/python3.7/multiprocessing/process.py", line 99, in run
    self._target(*self._args, **self._kwargs)
  File "/usr/local/lib/python3.7/dist-packages/manticore/ethereum/manticore.py", line 1766, in worker_finalize
    finalizer(q.get_nowait())
  File "/usr/local/lib/python3.7/dist-packages/manticore/ethereum/manticore.py", line 1757, in finalizer
    if only_alive_states and last_tx.result in {"REVERT", "THROW", "TXERROR"}:
AttributeError: 'NoneType' object has no attribute 'result'
2023-07-03 16:17:20,249: [161] m.c.manticore:INFO: Results in /mcore_iuq339cq
2023-07-03 16:17:20,249: [161] m.c.manticore:WARNING: Manticore failed to run
2023-07-03 16:17:20,890: [186] m.main:INFO: Registered plugins: IntrospectionAPIPlugin, <class 'manticore.ethereum.plugins.SkipRevertBasicBlocks'>, <class 'manticore.ethereum.plugins.FilterFunctions'>
2023-07-03 16:17:20,891: [186] m.main:INFO: Beginning analysis
2023-07-03 16:17:20,895: [186] m.e.manticore:INFO: Starting symbolic create contract
2023-07-03 16:17:20,936: [186] m.e.manticore:INFO: Failed to build contract error Errors : Invalid solc compilation sb/PrimitiveEngine_4.sol:287:22: Error: Expected ';' but got '('
    error LockedError();
                     ^

. Solidity failed to generate bytecode for your contract. Check if all the abstract functions are implemented. 
Process Process-1:
Traceback (most recent call last):
  File "/usr/lib/python3.7/multiprocessing/process.py", line 297, in _bootstrap
    self.run()
  File "/usr/lib/python3.7/multiprocessing/process.py", line 99, in run
    self._target(*self._args, **self._kwargs)
  File "/usr/local/lib/python3.7/dist-packages/manticore/ethereum/manticore.py", line 1766, in worker_finalize
    finalizer(q.get_nowait())
  File "/usr/local/lib/python3.7/dist-packages/manticore/ethereum/manticore.py", line 1757, in finalizer
    if only_alive_states and last_tx.result in {"REVERT", "THROW", "TXERROR"}:
AttributeError: 'NoneType' object has no attribute 'result'
2023-07-03 16:17:21,021: [186] m.c.manticore:INFO: Results in /mcore_54_dt8ih
2023-07-03 16:17:21,022: [186] m.c.manticore:WARNING: Manticore failed to run
2023-07-03 16:17:21,850: [211] m.main:INFO: Registered plugins: IntrospectionAPIPlugin, <class 'manticore.ethereum.plugins.SkipRevertBasicBlocks'>, <class 'manticore.ethereum.plugins.FilterFunctions'>
2023-07-03 16:17:21,850: [211] m.main:INFO: Beginning analysis
2023-07-03 16:17:21,852: [211] m.e.manticore:INFO: Starting symbolic create contract
2023-07-03 16:17:21,893: [211] m.e.manticore:INFO: Failed to build contract LockedError(); Errors : Invalid solc compilation sb/PrimitiveEngine_4.sol:287:22: Error: Expected ';' but got '('
    error LockedError();
                     ^

. Solidity failed to generate bytecode for your contract. Check if all the abstract functions are implemented. 
Process Process-1:
Traceback (most recent call last):
  File "/usr/lib/python3.7/multiprocessing/process.py", line 297, in _bootstrap
    self.run()
  File "/usr/lib/python3.7/multiprocessing/process.py", line 99, in run
    self._target(*self._args, **self._kwargs)
  File "/usr/local/lib/python3.7/dist-packages/manticore/ethereum/manticore.py", line 1766, in worker_finalize
    finalizer(q.get_nowait())
  File "/usr/local/lib/python3.7/dist-packages/manticore/ethereum/manticore.py", line 1757, in finalizer
    if only_alive_states and last_tx.result in {"REVERT", "THROW", "TXERROR"}:
AttributeError: 'NoneType' object has no attribute 'result'
2023-07-03 16:17:21,980: [211] m.c.manticore:INFO: Results in /mcore_ky0bpzb7
2023-07-03 16:17:21,981: [211] m.c.manticore:WARNING: Manticore failed to run
2023-07-03 16:17:22,689: [236] m.main:INFO: Registered plugins: IntrospectionAPIPlugin, <class 'manticore.ethereum.plugins.SkipRevertBasicBlocks'>, <class 'manticore.ethereum.plugins.FilterFunctions'>
2023-07-03 16:17:22,689: [236] m.main:INFO: Beginning analysis
2023-07-03 16:17:22,692: [236] m.e.manticore:INFO: Starting symbolic create contract
2023-07-03 16:17:22,727: [236] m.e.manticore:INFO: Failed to build contract ^ Errors : Invalid solc compilation sb/PrimitiveEngine_4.sol:287:22: Error: Expected ';' but got '('
    error LockedError();
                     ^

. Solidity failed to generate bytecode for your contract. Check if all the abstract functions are implemented. 
Process Process-1:
Traceback (most recent call last):
  File "/usr/lib/python3.7/multiprocessing/process.py", line 297, in _bootstrap
    self.run()
  File "/usr/lib/python3.7/multiprocessing/process.py", line 99, in run
    self._target(*self._args, **self._kwargs)
  File "/usr/local/lib/python3.7/dist-packages/manticore/ethereum/manticore.py", line 1766, in worker_finalize
    finalizer(q.get_nowait())
  File "/usr/local/lib/python3.7/dist-packages/manticore/ethereum/manticore.py", line 1757, in finalizer
    if only_alive_states and last_tx.result in {"REVERT", "THROW", "TXERROR"}:
AttributeError: 'NoneType' object has no attribute 'result'
2023-07-03 16:17:22,819: [236] m.c.manticore:INFO: Results in /mcore_n8q_e0r2
2023-07-03 16:17:22,820: [236] m.c.manticore:WARNING: Manticore failed to run
