2023-07-03 16:36:52,497: [11] m.main:INFO: Registered plugins: IntrospectionAPIPlugin, <class 'manticore.ethereum.plugins.SkipRevertBasicBlocks'>, <class 'manticore.ethereum.plugins.FilterFunctions'>
2023-07-03 16:36:52,498: [11] m.main:INFO: Beginning analysis
2023-07-03 16:36:52,500: [11] m.e.manticore:INFO: Starting symbolic create contract
2023-07-03 16:36:52,536: [11] m.e.manticore:INFO: Failed to build contract /sb/TransferHelper_1.sol:71:47: Errors : Invalid solc compilation sb/TransferHelper_1.sol:71:47: Error: Member "transfer" not found or not visible after argument-dependent lookup in type(contract IERC20Minimal).
            token.call(abi.encodeWithSelector(IERC20Minimal.transfer.selector, to, value));
                                              ^--------------------^

. Solidity failed to generate bytecode for your contract. Check if all the abstract functions are implemented. 
Process Process-1:
Traceback (most recent call last):
  File "/usr/lib/python3.7/multiprocessing/process.py", line 297, in _bootstrap
    self.run()
  File "/usr/lib/python3.7/multiprocessing/process.py", line 99, in run
    self._target(*self._args, **self._kwargs)
  File "/usr/local/lib/python3.7/dist-packages/manticore/ethereum/manticore.py", line 1766, in worker_finalize
    finalizer(q.get_nowait())
  File "/usr/local/lib/python3.7/dist-packages/manticore/ethereum/manticore.py", line 1757, in finalizer
    if only_alive_states and last_tx.result in {"REVERT", "THROW", "TXERROR"}:
AttributeError: 'NoneType' object has no attribute 'result'
2023-07-03 16:36:52,624: [11] m.c.manticore:INFO: Results in /mcore_9csbb6dy
2023-07-03 16:36:52,624: [11] m.c.manticore:WARNING: Manticore failed to run
2023-07-03 16:36:53,444: [36] m.main:INFO: Registered plugins: IntrospectionAPIPlugin, <class 'manticore.ethereum.plugins.SkipRevertBasicBlocks'>, <class 'manticore.ethereum.plugins.FilterFunctions'>
2023-07-03 16:36:53,444: [36] m.main:INFO: Beginning analysis
2023-07-03 16:36:53,448: [36] m.e.manticore:INFO: Starting symbolic create contract
2023-07-03 16:36:53,491: [36] m.e.manticore:INFO: Failed to build contract TypeError: Errors : Invalid solc compilation sb/TransferHelper_1.sol:71:47: Error: Member "transfer" not found or not visible after argument-dependent lookup in type(contract IERC20Minimal).
            token.call(abi.encodeWithSelector(IERC20Minimal.transfer.selector, to, value));
                                              ^--------------------^

. Solidity failed to generate bytecode for your contract. Check if all the abstract functions are implemented. 
Process Process-1:
Traceback (most recent call last):
  File "/usr/lib/python3.7/multiprocessing/process.py", line 297, in _bootstrap
    self.run()
  File "/usr/lib/python3.7/multiprocessing/process.py", line 99, in run
    self._target(*self._args, **self._kwargs)
  File "/usr/local/lib/python3.7/dist-packages/manticore/ethereum/manticore.py", line 1766, in worker_finalize
    finalizer(q.get_nowait())
  File "/usr/local/lib/python3.7/dist-packages/manticore/ethereum/manticore.py", line 1757, in finalizer
    if only_alive_states and last_tx.result in {"REVERT", "THROW", "TXERROR"}:
AttributeError: 'NoneType' object has no attribute 'result'
2023-07-03 16:36:53,562: [36] m.c.manticore:INFO: Results in /mcore__alqy19j
2023-07-03 16:36:53,563: [36] m.c.manticore:WARNING: Manticore failed to run
2023-07-03 16:36:54,262: [61] m.main:INFO: Registered plugins: IntrospectionAPIPlugin, <class 'manticore.ethereum.plugins.SkipRevertBasicBlocks'>, <class 'manticore.ethereum.plugins.FilterFunctions'>
2023-07-03 16:36:54,262: [61] m.main:INFO: Beginning analysis
2023-07-03 16:36:54,265: [61] m.e.manticore:INFO: Starting symbolic create contract
2023-07-03 16:36:54,293: [61] m.e.manticore:INFO: Failed to build contract Member Errors : Invalid solc compilation sb/TransferHelper_1.sol:71:47: Error: Member "transfer" not found or not visible after argument-dependent lookup in type(contract IERC20Minimal).
            token.call(abi.encodeWithSelector(IERC20Minimal.transfer.selector, to, value));
                                              ^--------------------^

. Solidity failed to generate bytecode for your contract. Check if all the abstract functions are implemented. 
Process Process-1:
Traceback (most recent call last):
  File "/usr/lib/python3.7/multiprocessing/process.py", line 297, in _bootstrap
    self.run()
  File "/usr/lib/python3.7/multiprocessing/process.py", line 99, in run
    self._target(*self._args, **self._kwargs)
  File "/usr/local/lib/python3.7/dist-packages/manticore/ethereum/manticore.py", line 1766, in worker_finalize
    finalizer(q.get_nowait())
  File "/usr/local/lib/python3.7/dist-packages/manticore/ethereum/manticore.py", line 1757, in finalizer
    if only_alive_states and last_tx.result in {"REVERT", "THROW", "TXERROR"}:
AttributeError: 'NoneType' object has no attribute 'result'
2023-07-03 16:36:54,366: [61] m.c.manticore:INFO: Results in /mcore_mnu36sg3
2023-07-03 16:36:54,367: [61] m.c.manticore:WARNING: Manticore failed to run
2023-07-03 16:36:55,060: [86] m.main:INFO: Registered plugins: IntrospectionAPIPlugin, <class 'manticore.ethereum.plugins.SkipRevertBasicBlocks'>, <class 'manticore.ethereum.plugins.FilterFunctions'>
2023-07-03 16:36:55,061: [86] m.main:INFO: Beginning analysis
2023-07-03 16:36:55,064: [86] m.e.manticore:INFO: Starting symbolic create contract
2023-07-03 16:36:55,092: [86] m.e.manticore:INFO: Failed to build contract "transfer" Errors : Invalid solc compilation sb/TransferHelper_1.sol:71:47: Error: Member "transfer" not found or not visible after argument-dependent lookup in type(contract IERC20Minimal).
            token.call(abi.encodeWithSelector(IERC20Minimal.transfer.selector, to, value));
                                              ^--------------------^

. Solidity failed to generate bytecode for your contract. Check if all the abstract functions are implemented. 
Process Process-1:
Traceback (most recent call last):
  File "/usr/lib/python3.7/multiprocessing/process.py", line 297, in _bootstrap
    self.run()
  File "/usr/lib/python3.7/multiprocessing/process.py", line 99, in run
    self._target(*self._args, **self._kwargs)
  File "/usr/local/lib/python3.7/dist-packages/manticore/ethereum/manticore.py", line 1766, in worker_finalize
    finalizer(q.get_nowait())
  File "/usr/local/lib/python3.7/dist-packages/manticore/ethereum/manticore.py", line 1757, in finalizer
    if only_alive_states and last_tx.result in {"REVERT", "THROW", "TXERROR"}:
AttributeError: 'NoneType' object has no attribute 'result'
2023-07-03 16:36:55,179: [86] m.c.manticore:INFO: Results in /mcore_bokbsi9c
2023-07-03 16:36:55,180: [86] m.c.manticore:WARNING: Manticore failed to run
2023-07-03 16:36:55,908: [111] m.main:INFO: Registered plugins: IntrospectionAPIPlugin, <class 'manticore.ethereum.plugins.SkipRevertBasicBlocks'>, <class 'manticore.ethereum.plugins.FilterFunctions'>
2023-07-03 16:36:55,909: [111] m.main:INFO: Beginning analysis
2023-07-03 16:36:55,911: [111] m.e.manticore:INFO: Starting symbolic create contract
2023-07-03 16:36:55,937: [111] m.e.manticore:INFO: Failed to build contract not Errors : Invalid solc compilation sb/TransferHelper_1.sol:71:47: Error: Member "transfer" not found or not visible after argument-dependent lookup in type(contract IERC20Minimal).
            token.call(abi.encodeWithSelector(IERC20Minimal.transfer.selector, to, value));
                                              ^--------------------^

. Solidity failed to generate bytecode for your contract. Check if all the abstract functions are implemented. 
Process Process-1:
Traceback (most recent call last):
  File "/usr/lib/python3.7/multiprocessing/process.py", line 297, in _bootstrap
    self.run()
  File "/usr/lib/python3.7/multiprocessing/process.py", line 99, in run
    self._target(*self._args, **self._kwargs)
  File "/usr/local/lib/python3.7/dist-packages/manticore/ethereum/manticore.py", line 1766, in worker_finalize
    finalizer(q.get_nowait())
  File "/usr/local/lib/python3.7/dist-packages/manticore/ethereum/manticore.py", line 1757, in finalizer
    if only_alive_states and last_tx.result in {"REVERT", "THROW", "TXERROR"}:
AttributeError: 'NoneType' object has no attribute 'result'
2023-07-03 16:36:56,023: [111] m.c.manticore:INFO: Results in /mcore_h2n5_aua
2023-07-03 16:36:56,024: [111] m.c.manticore:WARNING: Manticore failed to run
2023-07-03 16:36:56,668: [136] m.main:INFO: Registered plugins: IntrospectionAPIPlugin, <class 'manticore.ethereum.plugins.SkipRevertBasicBlocks'>, <class 'manticore.ethereum.plugins.FilterFunctions'>
2023-07-03 16:36:56,668: [136] m.main:INFO: Beginning analysis
2023-07-03 16:36:56,670: [136] m.e.manticore:INFO: Starting symbolic create contract
2023-07-03 16:36:56,699: [136] m.e.manticore:INFO: Failed to build contract found Errors : Invalid solc compilation sb/TransferHelper_1.sol:71:47: Error: Member "transfer" not found or not visible after argument-dependent lookup in type(contract IERC20Minimal).
            token.call(abi.encodeWithSelector(IERC20Minimal.transfer.selector, to, value));
                                              ^--------------------^

. Solidity failed to generate bytecode for your contract. Check if all the abstract functions are implemented. 
Process Process-1:
Traceback (most recent call last):
  File "/usr/lib/python3.7/multiprocessing/process.py", line 297, in _bootstrap
    self.run()
  File "/usr/lib/python3.7/multiprocessing/process.py", line 99, in run
    self._target(*self._args, **self._kwargs)
  File "/usr/local/lib/python3.7/dist-packages/manticore/ethereum/manticore.py", line 1766, in worker_finalize
    finalizer(q.get_nowait())
  File "/usr/local/lib/python3.7/dist-packages/manticore/ethereum/manticore.py", line 1757, in finalizer
    if only_alive_states and last_tx.result in {"REVERT", "THROW", "TXERROR"}:
AttributeError: 'NoneType' object has no attribute 'result'
2023-07-03 16:36:56,782: [136] m.c.manticore:INFO: Results in /mcore_rtoh26ky
2023-07-03 16:36:56,782: [136] m.c.manticore:WARNING: Manticore failed to run
2023-07-03 16:36:57,451: [161] m.main:INFO: Registered plugins: IntrospectionAPIPlugin, <class 'manticore.ethereum.plugins.SkipRevertBasicBlocks'>, <class 'manticore.ethereum.plugins.FilterFunctions'>
2023-07-03 16:36:57,452: [161] m.main:INFO: Beginning analysis
2023-07-03 16:36:57,454: [161] m.e.manticore:INFO: Starting symbolic create contract
2023-07-03 16:36:57,481: [161] m.e.manticore:INFO: Failed to build contract or Errors : Invalid solc compilation sb/TransferHelper_1.sol:71:47: Error: Member "transfer" not found or not visible after argument-dependent lookup in type(contract IERC20Minimal).
            token.call(abi.encodeWithSelector(IERC20Minimal.transfer.selector, to, value));
                                              ^--------------------^

. Solidity failed to generate bytecode for your contract. Check if all the abstract functions are implemented. 
Process Process-1:
Traceback (most recent call last):
  File "/usr/lib/python3.7/multiprocessing/process.py", line 297, in _bootstrap
    self.run()
  File "/usr/lib/python3.7/multiprocessing/process.py", line 99, in run
    self._target(*self._args, **self._kwargs)
  File "/usr/local/lib/python3.7/dist-packages/manticore/ethereum/manticore.py", line 1766, in worker_finalize
    finalizer(q.get_nowait())
  File "/usr/local/lib/python3.7/dist-packages/manticore/ethereum/manticore.py", line 1757, in finalizer
    if only_alive_states and last_tx.result in {"REVERT", "THROW", "TXERROR"}:
AttributeError: 'NoneType' object has no attribute 'result'
2023-07-03 16:36:57,544: [161] m.c.manticore:INFO: Results in /mcore_7yd4m0c2
2023-07-03 16:36:57,545: [161] m.c.manticore:WARNING: Manticore failed to run
2023-07-03 16:36:58,208: [186] m.main:INFO: Registered plugins: IntrospectionAPIPlugin, <class 'manticore.ethereum.plugins.SkipRevertBasicBlocks'>, <class 'manticore.ethereum.plugins.FilterFunctions'>
2023-07-03 16:36:58,208: [186] m.main:INFO: Beginning analysis
2023-07-03 16:36:58,211: [186] m.e.manticore:INFO: Starting symbolic create contract
2023-07-03 16:36:58,234: [186] m.e.manticore:INFO: Failed to build contract not Errors : Invalid solc compilation sb/TransferHelper_1.sol:71:47: Error: Member "transfer" not found or not visible after argument-dependent lookup in type(contract IERC20Minimal).
            token.call(abi.encodeWithSelector(IERC20Minimal.transfer.selector, to, value));
                                              ^--------------------^

. Solidity failed to generate bytecode for your contract. Check if all the abstract functions are implemented. 
Process Process-2:
Traceback (most recent call last):
  File "/usr/lib/python3.7/multiprocessing/process.py", line 297, in _bootstrap
    self.run()
  File "/usr/lib/python3.7/multiprocessing/process.py", line 99, in run
    self._target(*self._args, **self._kwargs)
  File "/usr/local/lib/python3.7/dist-packages/manticore/ethereum/manticore.py", line 1766, in worker_finalize
    finalizer(q.get_nowait())
  File "/usr/local/lib/python3.7/dist-packages/manticore/ethereum/manticore.py", line 1757, in finalizer
    if only_alive_states and last_tx.result in {"REVERT", "THROW", "TXERROR"}:
AttributeError: 'NoneType' object has no attribute 'result'
2023-07-03 16:36:58,308: [186] m.c.manticore:INFO: Results in /mcore_m8ak62_2
2023-07-03 16:36:58,308: [186] m.c.manticore:WARNING: Manticore failed to run
2023-07-03 16:36:58,976: [211] m.main:INFO: Registered plugins: IntrospectionAPIPlugin, <class 'manticore.ethereum.plugins.SkipRevertBasicBlocks'>, <class 'manticore.ethereum.plugins.FilterFunctions'>
2023-07-03 16:36:58,976: [211] m.main:INFO: Beginning analysis
2023-07-03 16:36:58,979: [211] m.e.manticore:INFO: Starting symbolic create contract
2023-07-03 16:36:59,009: [211] m.e.manticore:INFO: Failed to build contract visible Errors : Invalid solc compilation sb/TransferHelper_1.sol:71:47: Error: Member "transfer" not found or not visible after argument-dependent lookup in type(contract IERC20Minimal).
            token.call(abi.encodeWithSelector(IERC20Minimal.transfer.selector, to, value));
                                              ^--------------------^

. Solidity failed to generate bytecode for your contract. Check if all the abstract functions are implemented. 
Process Process-1:
Traceback (most recent call last):
  File "/usr/lib/python3.7/multiprocessing/process.py", line 297, in _bootstrap
    self.run()
  File "/usr/lib/python3.7/multiprocessing/process.py", line 99, in run
    self._target(*self._args, **self._kwargs)
  File "/usr/local/lib/python3.7/dist-packages/manticore/ethereum/manticore.py", line 1766, in worker_finalize
    finalizer(q.get_nowait())
  File "/usr/local/lib/python3.7/dist-packages/manticore/ethereum/manticore.py", line 1757, in finalizer
    if only_alive_states and last_tx.result in {"REVERT", "THROW", "TXERROR"}:
AttributeError: 'NoneType' object has no attribute 'result'
2023-07-03 16:36:59,064: [211] m.c.manticore:INFO: Results in /mcore_a09hx4t9
2023-07-03 16:36:59,064: [211] m.c.manticore:WARNING: Manticore failed to run
2023-07-03 16:36:59,732: [236] m.main:INFO: Registered plugins: IntrospectionAPIPlugin, <class 'manticore.ethereum.plugins.SkipRevertBasicBlocks'>, <class 'manticore.ethereum.plugins.FilterFunctions'>
2023-07-03 16:36:59,732: [236] m.main:INFO: Beginning analysis
2023-07-03 16:36:59,735: [236] m.e.manticore:INFO: Starting symbolic create contract
2023-07-03 16:36:59,772: [236] m.e.manticore:INFO: Failed to build contract after Errors : Invalid solc compilation sb/TransferHelper_1.sol:71:47: Error: Member "transfer" not found or not visible after argument-dependent lookup in type(contract IERC20Minimal).
            token.call(abi.encodeWithSelector(IERC20Minimal.transfer.selector, to, value));
                                              ^--------------------^

. Solidity failed to generate bytecode for your contract. Check if all the abstract functions are implemented. 
Process Process-1:
Traceback (most recent call last):
  File "/usr/lib/python3.7/multiprocessing/process.py", line 297, in _bootstrap
    self.run()
  File "/usr/lib/python3.7/multiprocessing/process.py", line 99, in run
    self._target(*self._args, **self._kwargs)
  File "/usr/local/lib/python3.7/dist-packages/manticore/ethereum/manticore.py", line 1766, in worker_finalize
    finalizer(q.get_nowait())
  File "/usr/local/lib/python3.7/dist-packages/manticore/ethereum/manticore.py", line 1757, in finalizer
    if only_alive_states and last_tx.result in {"REVERT", "THROW", "TXERROR"}:
AttributeError: 'NoneType' object has no attribute 'result'
2023-07-03 16:36:59,863: [236] m.c.manticore:INFO: Results in /mcore_b76_r35r
2023-07-03 16:36:59,863: [236] m.c.manticore:WARNING: Manticore failed to run
2023-07-03 16:37:00,480: [261] m.main:INFO: Registered plugins: IntrospectionAPIPlugin, <class 'manticore.ethereum.plugins.SkipRevertBasicBlocks'>, <class 'manticore.ethereum.plugins.FilterFunctions'>
2023-07-03 16:37:00,481: [261] m.main:INFO: Beginning analysis
2023-07-03 16:37:00,484: [261] m.e.manticore:INFO: Starting symbolic create contract
2023-07-03 16:37:00,507: [261] m.e.manticore:INFO: Failed to build contract argument-dependent Errors : Invalid solc compilation sb/TransferHelper_1.sol:71:47: Error: Member "transfer" not found or not visible after argument-dependent lookup in type(contract IERC20Minimal).
            token.call(abi.encodeWithSelector(IERC20Minimal.transfer.selector, to, value));
                                              ^--------------------^

. Solidity failed to generate bytecode for your contract. Check if all the abstract functions are implemented. 
Process Process-1:
Traceback (most recent call last):
  File "/usr/lib/python3.7/multiprocessing/process.py", line 297, in _bootstrap
    self.run()
  File "/usr/lib/python3.7/multiprocessing/process.py", line 99, in run
    self._target(*self._args, **self._kwargs)
  File "/usr/local/lib/python3.7/dist-packages/manticore/ethereum/manticore.py", line 1766, in worker_finalize
    finalizer(q.get_nowait())
  File "/usr/local/lib/python3.7/dist-packages/manticore/ethereum/manticore.py", line 1757, in finalizer
    if only_alive_states and last_tx.result in {"REVERT", "THROW", "TXERROR"}:
AttributeError: 'NoneType' object has no attribute 'result'
2023-07-03 16:37:00,573: [261] m.c.manticore:INFO: Results in /mcore_b_xhtrt5
2023-07-03 16:37:00,573: [261] m.c.manticore:WARNING: Manticore failed to run
2023-07-03 16:37:01,198: [286] m.main:INFO: Registered plugins: IntrospectionAPIPlugin, <class 'manticore.ethereum.plugins.SkipRevertBasicBlocks'>, <class 'manticore.ethereum.plugins.FilterFunctions'>
2023-07-03 16:37:01,198: [286] m.main:INFO: Beginning analysis
2023-07-03 16:37:01,200: [286] m.e.manticore:INFO: Starting symbolic create contract
2023-07-03 16:37:01,234: [286] m.e.manticore:INFO: Failed to build contract lookup Errors : Invalid solc compilation sb/TransferHelper_1.sol:71:47: Error: Member "transfer" not found or not visible after argument-dependent lookup in type(contract IERC20Minimal).
            token.call(abi.encodeWithSelector(IERC20Minimal.transfer.selector, to, value));
                                              ^--------------------^

. Solidity failed to generate bytecode for your contract. Check if all the abstract functions are implemented. 
Process Process-1:
Traceback (most recent call last):
  File "/usr/lib/python3.7/multiprocessing/process.py", line 297, in _bootstrap
    self.run()
  File "/usr/lib/python3.7/multiprocessing/process.py", line 99, in run
    self._target(*self._args, **self._kwargs)
  File "/usr/local/lib/python3.7/dist-packages/manticore/ethereum/manticore.py", line 1766, in worker_finalize
    finalizer(q.get_nowait())
  File "/usr/local/lib/python3.7/dist-packages/manticore/ethereum/manticore.py", line 1757, in finalizer
    if only_alive_states and last_tx.result in {"REVERT", "THROW", "TXERROR"}:
AttributeError: 'NoneType' object has no attribute 'result'
2023-07-03 16:37:01,356: [286] m.c.manticore:INFO: Results in /mcore_tmattiov
2023-07-03 16:37:01,356: [286] m.c.manticore:WARNING: Manticore failed to run
2023-07-03 16:37:02,049: [311] m.main:INFO: Registered plugins: IntrospectionAPIPlugin, <class 'manticore.ethereum.plugins.SkipRevertBasicBlocks'>, <class 'manticore.ethereum.plugins.FilterFunctions'>
2023-07-03 16:37:02,050: [311] m.main:INFO: Beginning analysis
2023-07-03 16:37:02,054: [311] m.e.manticore:INFO: Starting symbolic create contract
2023-07-03 16:37:02,087: [311] m.e.manticore:INFO: Failed to build contract in Errors : Invalid solc compilation sb/TransferHelper_1.sol:71:47: Error: Member "transfer" not found or not visible after argument-dependent lookup in type(contract IERC20Minimal).
            token.call(abi.encodeWithSelector(IERC20Minimal.transfer.selector, to, value));
                                              ^--------------------^

. Solidity failed to generate bytecode for your contract. Check if all the abstract functions are implemented. 
Process Process-1:
Traceback (most recent call last):
  File "/usr/lib/python3.7/multiprocessing/process.py", line 297, in _bootstrap
    self.run()
  File "/usr/lib/python3.7/multiprocessing/process.py", line 99, in run
    self._target(*self._args, **self._kwargs)
  File "/usr/local/lib/python3.7/dist-packages/manticore/ethereum/manticore.py", line 1766, in worker_finalize
    finalizer(q.get_nowait())
  File "/usr/local/lib/python3.7/dist-packages/manticore/ethereum/manticore.py", line 1757, in finalizer
    if only_alive_states and last_tx.result in {"REVERT", "THROW", "TXERROR"}:
AttributeError: 'NoneType' object has no attribute 'result'
2023-07-03 16:37:02,166: [311] m.c.manticore:INFO: Results in /mcore_dcfddaod
2023-07-03 16:37:02,166: [311] m.c.manticore:WARNING: Manticore failed to run
2023-07-03 16:37:02,817: [336] m.main:INFO: Registered plugins: IntrospectionAPIPlugin, <class 'manticore.ethereum.plugins.SkipRevertBasicBlocks'>, <class 'manticore.ethereum.plugins.FilterFunctions'>
2023-07-03 16:37:02,818: [336] m.main:INFO: Beginning analysis
2023-07-03 16:37:02,820: [336] m.e.manticore:INFO: Starting symbolic create contract
2023-07-03 16:37:02,843: [336] m.e.manticore:INFO: Failed to build contract type(contract Errors : Invalid solc compilation sb/TransferHelper_1.sol:71:47: Error: Member "transfer" not found or not visible after argument-dependent lookup in type(contract IERC20Minimal).
            token.call(abi.encodeWithSelector(IERC20Minimal.transfer.selector, to, value));
                                              ^--------------------^

. Solidity failed to generate bytecode for your contract. Check if all the abstract functions are implemented. 
Process Process-1:
Traceback (most recent call last):
  File "/usr/lib/python3.7/multiprocessing/process.py", line 297, in _bootstrap
    self.run()
  File "/usr/lib/python3.7/multiprocessing/process.py", line 99, in run
    self._target(*self._args, **self._kwargs)
  File "/usr/local/lib/python3.7/dist-packages/manticore/ethereum/manticore.py", line 1766, in worker_finalize
    finalizer(q.get_nowait())
  File "/usr/local/lib/python3.7/dist-packages/manticore/ethereum/manticore.py", line 1757, in finalizer
    if only_alive_states and last_tx.result in {"REVERT", "THROW", "TXERROR"}:
AttributeError: 'NoneType' object has no attribute 'result'
2023-07-03 16:37:02,912: [336] m.c.manticore:INFO: Results in /mcore_vtc8zh7i
2023-07-03 16:37:02,912: [336] m.c.manticore:WARNING: Manticore failed to run
2023-07-03 16:37:03,595: [361] m.main:INFO: Registered plugins: IntrospectionAPIPlugin, <class 'manticore.ethereum.plugins.SkipRevertBasicBlocks'>, <class 'manticore.ethereum.plugins.FilterFunctions'>
2023-07-03 16:37:03,595: [361] m.main:INFO: Beginning analysis
2023-07-03 16:37:03,598: [361] m.e.manticore:INFO: Starting symbolic create contract
2023-07-03 16:37:03,624: [361] m.e.manticore:INFO: Failed to build contract IERC20Minimal). Errors : Invalid solc compilation sb/TransferHelper_1.sol:71:47: Error: Member "transfer" not found or not visible after argument-dependent lookup in type(contract IERC20Minimal).
            token.call(abi.encodeWithSelector(IERC20Minimal.transfer.selector, to, value));
                                              ^--------------------^

. Solidity failed to generate bytecode for your contract. Check if all the abstract functions are implemented. 
Process Process-1:
Traceback (most recent call last):
  File "/usr/lib/python3.7/multiprocessing/process.py", line 297, in _bootstrap
    self.run()
  File "/usr/lib/python3.7/multiprocessing/process.py", line 99, in run
    self._target(*self._args, **self._kwargs)
  File "/usr/local/lib/python3.7/dist-packages/manticore/ethereum/manticore.py", line 1766, in worker_finalize
    finalizer(q.get_nowait())
  File "/usr/local/lib/python3.7/dist-packages/manticore/ethereum/manticore.py", line 1757, in finalizer
    if only_alive_states and last_tx.result in {"REVERT", "THROW", "TXERROR"}:
AttributeError: 'NoneType' object has no attribute 'result'
2023-07-03 16:37:03,696: [361] m.c.manticore:INFO: Results in /mcore_q6yyjbip
2023-07-03 16:37:03,696: [361] m.c.manticore:WARNING: Manticore failed to run
2023-07-03 16:37:04,445: [386] m.main:INFO: Registered plugins: IntrospectionAPIPlugin, <class 'manticore.ethereum.plugins.SkipRevertBasicBlocks'>, <class 'manticore.ethereum.plugins.FilterFunctions'>
2023-07-03 16:37:04,446: [386] m.main:INFO: Beginning analysis
2023-07-03 16:37:04,449: [386] m.e.manticore:INFO: Starting symbolic create contract
2023-07-03 16:37:04,478: [386] m.e.manticore:INFO: Failed to build contract token.call(abi.encodeWithSelector(IERC20Minimal.transfer.selector, Errors : Invalid solc compilation sb/TransferHelper_1.sol:71:47: Error: Member "transfer" not found or not visible after argument-dependent lookup in type(contract IERC20Minimal).
            token.call(abi.encodeWithSelector(IERC20Minimal.transfer.selector, to, value));
                                              ^--------------------^

. Solidity failed to generate bytecode for your contract. Check if all the abstract functions are implemented. 
Process Process-1:
Traceback (most recent call last):
  File "/usr/lib/python3.7/multiprocessing/process.py", line 297, in _bootstrap
    self.run()
  File "/usr/lib/python3.7/multiprocessing/process.py", line 99, in run
    self._target(*self._args, **self._kwargs)
  File "/usr/local/lib/python3.7/dist-packages/manticore/ethereum/manticore.py", line 1766, in worker_finalize
    finalizer(q.get_nowait())
  File "/usr/local/lib/python3.7/dist-packages/manticore/ethereum/manticore.py", line 1757, in finalizer
    if only_alive_states and last_tx.result in {"REVERT", "THROW", "TXERROR"}:
AttributeError: 'NoneType' object has no attribute 'result'
2023-07-03 16:37:04,578: [386] m.c.manticore:INFO: Results in /mcore_4zwox7az
2023-07-03 16:37:04,578: [386] m.c.manticore:WARNING: Manticore failed to run
2023-07-03 16:37:05,226: [411] m.main:INFO: Registered plugins: IntrospectionAPIPlugin, <class 'manticore.ethereum.plugins.SkipRevertBasicBlocks'>, <class 'manticore.ethereum.plugins.FilterFunctions'>
2023-07-03 16:37:05,226: [411] m.main:INFO: Beginning analysis
2023-07-03 16:37:05,228: [411] m.e.manticore:INFO: Starting symbolic create contract
2023-07-03 16:37:05,257: [411] m.e.manticore:INFO: Failed to build contract to, Errors : Invalid solc compilation sb/TransferHelper_1.sol:71:47: Error: Member "transfer" not found or not visible after argument-dependent lookup in type(contract IERC20Minimal).
            token.call(abi.encodeWithSelector(IERC20Minimal.transfer.selector, to, value));
                                              ^--------------------^

. Solidity failed to generate bytecode for your contract. Check if all the abstract functions are implemented. 
Process Process-1:
Traceback (most recent call last):
  File "/usr/lib/python3.7/multiprocessing/process.py", line 297, in _bootstrap
    self.run()
  File "/usr/lib/python3.7/multiprocessing/process.py", line 99, in run
    self._target(*self._args, **self._kwargs)
  File "/usr/local/lib/python3.7/dist-packages/manticore/ethereum/manticore.py", line 1766, in worker_finalize
    finalizer(q.get_nowait())
  File "/usr/local/lib/python3.7/dist-packages/manticore/ethereum/manticore.py", line 1757, in finalizer
    if only_alive_states and last_tx.result in {"REVERT", "THROW", "TXERROR"}:
AttributeError: 'NoneType' object has no attribute 'result'
2023-07-03 16:37:05,329: [411] m.c.manticore:INFO: Results in /mcore_12109c8j
2023-07-03 16:37:05,330: [411] m.c.manticore:WARNING: Manticore failed to run
2023-07-03 16:37:05,953: [436] m.main:INFO: Registered plugins: IntrospectionAPIPlugin, <class 'manticore.ethereum.plugins.SkipRevertBasicBlocks'>, <class 'manticore.ethereum.plugins.FilterFunctions'>
2023-07-03 16:37:05,954: [436] m.main:INFO: Beginning analysis
2023-07-03 16:37:05,956: [436] m.e.manticore:INFO: Starting symbolic create contract
2023-07-03 16:37:05,990: [436] m.e.manticore:INFO: Failed to build contract value)); Errors : Invalid solc compilation sb/TransferHelper_1.sol:71:47: Error: Member "transfer" not found or not visible after argument-dependent lookup in type(contract IERC20Minimal).
            token.call(abi.encodeWithSelector(IERC20Minimal.transfer.selector, to, value));
                                              ^--------------------^

. Solidity failed to generate bytecode for your contract. Check if all the abstract functions are implemented. 
Process Process-1:
Traceback (most recent call last):
  File "/usr/lib/python3.7/multiprocessing/process.py", line 297, in _bootstrap
    self.run()
  File "/usr/lib/python3.7/multiprocessing/process.py", line 99, in run
    self._target(*self._args, **self._kwargs)
  File "/usr/local/lib/python3.7/dist-packages/manticore/ethereum/manticore.py", line 1766, in worker_finalize
    finalizer(q.get_nowait())
  File "/usr/local/lib/python3.7/dist-packages/manticore/ethereum/manticore.py", line 1757, in finalizer
    if only_alive_states and last_tx.result in {"REVERT", "THROW", "TXERROR"}:
AttributeError: 'NoneType' object has no attribute 'result'
2023-07-03 16:37:06,061: [436] m.c.manticore:INFO: Results in /mcore_zq3ix7hf
2023-07-03 16:37:06,061: [436] m.c.manticore:WARNING: Manticore failed to run
2023-07-03 16:37:06,755: [461] m.main:INFO: Registered plugins: IntrospectionAPIPlugin, <class 'manticore.ethereum.plugins.SkipRevertBasicBlocks'>, <class 'manticore.ethereum.plugins.FilterFunctions'>
2023-07-03 16:37:06,756: [461] m.main:INFO: Beginning analysis
2023-07-03 16:37:06,758: [461] m.e.manticore:INFO: Starting symbolic create contract
2023-07-03 16:37:06,794: [461] m.e.manticore:INFO: Failed to build contract ^--------------------^ Errors : Invalid solc compilation sb/TransferHelper_1.sol:71:47: Error: Member "transfer" not found or not visible after argument-dependent lookup in type(contract IERC20Minimal).
            token.call(abi.encodeWithSelector(IERC20Minimal.transfer.selector, to, value));
                                              ^--------------------^

. Solidity failed to generate bytecode for your contract. Check if all the abstract functions are implemented. 
Process Process-1:
Traceback (most recent call last):
  File "/usr/lib/python3.7/multiprocessing/process.py", line 297, in _bootstrap
    self.run()
  File "/usr/lib/python3.7/multiprocessing/process.py", line 99, in run
    self._target(*self._args, **self._kwargs)
  File "/usr/local/lib/python3.7/dist-packages/manticore/ethereum/manticore.py", line 1766, in worker_finalize
    finalizer(q.get_nowait())
  File "/usr/local/lib/python3.7/dist-packages/manticore/ethereum/manticore.py", line 1757, in finalizer
    if only_alive_states and last_tx.result in {"REVERT", "THROW", "TXERROR"}:
AttributeError: 'NoneType' object has no attribute 'result'
2023-07-03 16:37:06,869: [461] m.c.manticore:INFO: Results in /mcore_n0ntraef
2023-07-03 16:37:06,869: [461] m.c.manticore:WARNING: Manticore failed to run
